#
# There is insufficient memory for the Java Runtime Environment to continue.
# Native memory allocation (mmap) failed to map 65536 bytes for Failed to commit metaspace.
# Possible reasons:
#   The system is out of physical RAM or swap space
#   The process is running with CompressedOops enabled, and the Java Heap may be blocking the growth of the native heap
# Possible solutions:
#   Reduce memory load on the system
#   Increase physical memory or swap space
#   Check if swap backing store is full
#   Decrease Java heap size (-Xmx/-Xms)
#   Decrease number of Java threads
#   Decrease Java thread stack sizes (-Xss)
#   Set larger code cache with -XX:ReservedCodeCacheSize=
#   JVM is running with Zero Based Compressed Oops mode in which the Java heap is
#     placed in the first 32GB address space. The Java Heap base address is the
#     maximum limit for the native heap growth. Please use -XX:HeapBaseMinAddress
#     to set the Java Heap base and to place the Java Heap above 32GB virtual address.
# This output file may be truncated or incomplete.
#
#  Out of Memory Error (virtualSpaceNode.cpp:110), pid=12880, tid=11244
#
# JRE version: OpenJDK Runtime Environment (17.0.6) (build 17.0.6+0-b2043.56-10027231)
# Java VM: OpenJDK 64-Bit Server VM (17.0.6+0-b2043.56-10027231, mixed mode, tiered, compressed oops, compressed class ptrs, g1 gc, windows-amd64)
# No core dump will be written. Minidumps are not enabled by default on client versions of Windows
#

---------------  S U M M A R Y ------------

Command Line: --add-opens=java.base/java.util=ALL-UNNAMED --add-opens=java.base/java.lang=ALL-UNNAMED --add-opens=java.base/java.lang.invoke=ALL-UNNAMED --add-opens=java.prefs/java.util.prefs=ALL-UNNAMED --add-opens=java.base/java.nio.charset=ALL-UNNAMED --add-opens=java.base/java.net=ALL-UNNAMED --add-opens=java.base/java.util.concurrent.atomic=ALL-UNNAMED -Xmx4096m -Dfile.encoding=UTF-8 -Duser.country=GB -Duser.language=en -Duser.variant org.gradle.launcher.daemon.bootstrap.GradleDaemon 8.0

Host: AMD Ryzen 3 3250U with Radeon Graphics         , 4 cores, 5G,  Windows 10 , 64 bit Build 19041 (10.0.19041.3636)
Time: Wed Dec 13 03:21:08 2023 Russia TZ 8 Standard Time elapsed time: 99.433432 seconds (0d 0h 1m 39s)

---------------  T H R E A D  ---------------

Current thread (0x000001f4de86a280):  JavaThread "WorkerExecutor Queue Thread 2" [_thread_in_vm, id=11244, stack(0x00000073f4b00000,0x00000073f4c00000)]

Stack: [0x00000073f4b00000,0x00000073f4c00000]
Native frames: (J=compiled Java code, j=interpreted, Vv=VM code, C=native code)
V  [jvm.dll+0x683c9a]
V  [jvm.dll+0x8427a4]
V  [jvm.dll+0x843f9e]
V  [jvm.dll+0x844603]
V  [jvm.dll+0x249b75]
V  [jvm.dll+0x83e7fb]
V  [jvm.dll+0x628006]
V  [jvm.dll+0x1c194e]
V  [jvm.dll+0x62a941]
V  [jvm.dll+0x6289a6]
V  [jvm.dll+0x23db6f]
V  [jvm.dll+0x632795]
V  [jvm.dll+0x1eda2b]
V  [jvm.dll+0x1edf65]
V  [jvm.dll+0x1ee884]
V  [jvm.dll+0x1e3dcc]
V  [jvm.dll+0x547fed]
V  [jvm.dll+0x7bd3d5]
V  [jvm.dll+0x7bd4ee]
V  [jvm.dll+0x41182a]
V  [jvm.dll+0x4179a9]
C  [java.dll+0x17ec]

Java frames: (J=compiled Java code, j=interpreted, Vv=VM code)
J 810  java.lang.ClassLoader.defineClass1(Ljava/lang/ClassLoader;Ljava/lang/String;[BIILjava/security/ProtectionDomain;Ljava/lang/String;)Ljava/lang/Class; java.base@17.0.6 (0 bytes) @ 0x000001f4c33c21e3 [0x000001f4c33c2120+0x00000000000000c3]
J 7738 c2 java.net.URLClassLoader$1.run()Ljava/lang/Class; java.base@17.0.6 (81 bytes) @ 0x000001f4c36f8f48 [0x000001f4c36f7340+0x0000000000001c08]
J 2498 c2 java.net.URLClassLoader.findClass(Ljava/lang/String;)Ljava/lang/Class; java.base@17.0.6 (47 bytes) @ 0x000001f4c34b7c4c [0x000001f4c34b7b80+0x00000000000000cc]
J 15359 c2 java.lang.ClassLoader.loadClass(Ljava/lang/String;Z)Ljava/lang/Class; java.base@17.0.6 (121 bytes) @ 0x000001f4c3a62adc [0x000001f4c3a62820+0x00000000000002bc]
J 3614 c2 java.lang.ClassLoader.loadClass(Ljava/lang/String;)Ljava/lang/Class; java.base@17.0.6 (7 bytes) @ 0x000001f4c35313c0 [0x000001f4c3531380+0x0000000000000040]
v  ~StubRoutines::call_stub
j  com.android.tools.r8.graph.Y3.a(Ljava/lang/String;Ljava/lang/String;Ljava/lang/String;Lcom/android/tools/r8/internal/xA;Lcom/android/tools/r8/internal/xA;I)V+13
j  com.android.tools.r8.internal.Ia.a(Lcom/android/tools/r8/internal/fF;Lcom/android/tools/r8/internal/jd;I)V+6020
J 15656 c1 com.android.tools.r8.internal.Ia.a(Lcom/android/tools/r8/internal/Qa;[Lcom/android/tools/r8/internal/T3;I)V (4479 bytes) @ 0x000001f4bd285194 [0x000001f4bd271660+0x0000000000013b34]
j  com.android.tools.r8.internal.Ia.a(ILcom/android/tools/r8/internal/Qa;)V+8
j  com.android.tools.r8.graph.Z3.a(Lcom/android/tools/r8/graph/S3;Z)V+220
j  com.android.tools.r8.graph.Z3.H0()V+55
j  com.android.tools.r8.graph.Z3$$Lambda$1665+0x0000000800ff5650.run()V+4
j  com.android.tools.r8.utils.R0.a(Ljava/lang/Runnable;)Ljava/lang/Object;+1
j  com.android.tools.r8.utils.R0$$Lambda$1577+0x0000000800f9e618.get()Ljava/lang/Object;+4
j  com.android.tools.r8.utils.R0.a(Lcom/android/tools/r8/origin/Origin;Lcom/android/tools/r8/position/Position;Ljava/util/function/Supplier;)Ljava/lang/Object;+1
j  com.android.tools.r8.utils.R0.a(Lcom/android/tools/r8/origin/Origin;Lcom/android/tools/r8/position/Position;Ljava/lang/Runnable;)V+9
j  com.android.tools.r8.graph.Z3.K()Lcom/android/tools/r8/graph/u;+21
j  com.android.tools.r8.internal.GQ.a(Lcom/android/tools/r8/internal/G7;Lcom/android/tools/r8/internal/vN;Lcom/android/tools/r8/graph/o5;)V+10
j  com.android.tools.r8.internal.vH.a(Lcom/android/tools/r8/graph/o5;Lcom/android/tools/r8/internal/G7;Lcom/android/tools/r8/internal/vN;Lcom/android/tools/r8/internal/C7;)V+4
j  com.android.tools.r8.internal.vH$$Lambda$1971+0x000000080105d4c0.accept(Ljava/lang/Object;)V+16
J 8966 c1 java.util.ArrayList.forEach(Ljava/util/function/Consumer;)V java.base@17.0.6 (74 bytes) @ 0x000001f4bc87b044 [0x000001f4bc87ae00+0x0000000000000244]
j  com.android.tools.r8.internal.vH.a(Lcom/android/tools/r8/internal/G7;Lcom/android/tools/r8/internal/vN;Lcom/android/tools/r8/graph/o5;)V+68
j  com.android.tools.r8.internal.QM.a(Lcom/android/tools/r8/internal/G7;Lcom/android/tools/r8/internal/vN;Lcom/android/tools/r8/graph/o5;)V+7
j  com.android.tools.r8.internal.QM$$Lambda$1961+0x000000080105bd40.accept(Ljava/lang/Object;)V+16
j  com.android.tools.r8.graph.q2.c(Ljava/util/function/Consumer;Lcom/android/tools/r8/graph/W0;)V+12
j  com.android.tools.r8.graph.q2$$Lambda$1965+0x000000080105c448.accept(Ljava/lang/Object;)V+12
j  com.android.tools.r8.graph.w4.b(Ljava/util/function/Predicate;Ljava/util/function/Consumer;Lcom/android/tools/r8/graph/W0;)V+12
j  com.android.tools.r8.graph.w4$$Lambda$1969+0x000000080105cda8.accept(Ljava/lang/Object;)V+12
j  com.android.tools.r8.graph.x4.a(Ljava/util/function/Predicate;Ljava/util/function/Consumer;Lcom/android/tools/r8/graph/W0;)Lcom/android/tools/r8/utils/D3;+12
j  com.android.tools.r8.graph.x4$$Lambda$1970+0x000000080105d258.apply(Ljava/lang/Object;)Ljava/lang/Object;+12
j  com.android.tools.r8.graph.v4.g(Ljava/util/function/Function;)Lcom/android/tools/r8/utils/D3;+22
j  com.android.tools.r8.graph.x4.a(Ljava/util/function/Consumer;Ljava/util/function/Predicate;)V+8
j  com.android.tools.r8.graph.w4.b(Ljava/util/function/Consumer;Ljava/util/function/Predicate;)V+22
j  com.android.tools.r8.graph.q2.g(Ljava/util/function/Consumer;Ljava/util/function/Predicate;)V+12
j  com.android.tools.r8.internal.QM.a(Lcom/android/tools/r8/internal/G7;Lcom/android/tools/r8/internal/vN;Lcom/android/tools/r8/graph/q2;)V+16
j  com.android.tools.r8.internal.QM$$Lambda$1956+0x000000080105b158.accept(Ljava/lang/Object;)V+16
j  com.android.tools.r8.utils.c3.a(Ljava/util/function/Consumer;Ljava/lang/Object;I)V+2
j  com.android.tools.r8.utils.c3$$Lambda$1652+0x0000000800fecee0.accept(Ljava/lang/Object;I)V+6
j  com.android.tools.r8.utils.c3.a(Ljava/util/Collection;Lcom/android/tools/r8/utils/U1;Ljava/util/concurrent/ExecutorService;Lcom/android/tools/r8/utils/c3$a;)V+70
j  com.android.tools.r8.utils.c3.a(Ljava/util/Collection;Ljava/util/function/Consumer;Ljava/util/concurrent/ExecutorService;)V+15
j  com.android.tools.r8.internal.QM.a(Lcom/android/tools/r8/internal/G7;Ljava/util/concurrent/ExecutorService;)V+29
j  com.android.tools.r8.internal.N9.a(Lcom/android/tools/r8/internal/O9;Ljava/util/concurrent/ExecutorService;)V+102
j  com.android.tools.r8.internal.N9.a(Ljava/util/concurrent/ExecutorService;)Lcom/android/tools/r8/internal/P9;+12
j  com.android.tools.r8.internal.QM.a(Lcom/android/tools/r8/internal/Bd;Lcom/android/tools/r8/internal/ns;Ljava/util/concurrent/ExecutorService;)V+53
j  com.android.tools.r8.internal.QM.a(Lcom/android/tools/r8/graph/m;Ljava/util/concurrent/ExecutorService;)V+81
j  com.android.tools.r8.D8.d(Lcom/android/tools/r8/utils/p;Lcom/android/tools/r8/utils/A1;Ljava/util/concurrent/ExecutorService;)V+278
j  com.android.tools.r8.D8.b(Lcom/android/tools/r8/utils/p;Lcom/android/tools/r8/utils/A1;Ljava/util/concurrent/ExecutorService;)V+3
j  com.android.tools.r8.D8$$Lambda$1560+0x0000000800f89ff8.run()V+12
j  com.android.tools.r8.utils.R0.a(Lcom/android/tools/r8/utils/O2;Lcom/android/tools/r8/utils/R0$a;)V+2
j  com.android.tools.r8.utils.R0.b(Lcom/android/tools/r8/utils/O2;Lcom/android/tools/r8/utils/R0$a;)V+2
j  com.android.tools.r8.D8.run(Lcom/android/tools/r8/D8Command;Ljava/util/concurrent/ExecutorService;)V+22
j  com.android.builder.dexing.D8DexArchiveBuilder.convert(Ljava/util/stream/Stream;Ljava/nio/file/Path;Ljava/nio/file/Path;Lcom/android/builder/dexing/DependencyGraphUpdater;)V+298
j  com.android.build.gradle.internal.dexing.DexWorkActionKt.process(Lcom/android/builder/dexing/DexArchiveBuilder;Lcom/android/builder/dexing/ClassBucket;Lkotlin/jvm/functions/Function2;Ljava/io/File;Ljava/io/File;Lcom/android/builder/dexing/DependencyGraphUpdater;)V+173
j  com.android.build.gradle.internal.dexing.DexWorkActionKt.processIncrementally(Lcom/android/builder/dexing/DexArchiveBuilder;Lcom/android/build/gradle/internal/dexing/DexWorkActionParams;)V+238
j  com.android.build.gradle.internal.dexing.DexWorkActionKt.launchProcessing(Lcom/android/build/gradle/internal/dexing/DexWorkActionParams;Lcom/android/ide/common/blame/MessageReceiver;)V+38
j  com.android.build.gradle.internal.dexing.DexWorkAction.run()V+62
j  com.android.build.gradle.internal.profile.ProfileAwareWorkAction.execute()V+70
j  org.gradle.workers.internal.DefaultWorkerServer.execute(Lorg/gradle/workers/internal/SimpleActionExecutionSpec;)Lorg/gradle/workers/internal/DefaultWorkResult;+128
j  org.gradle.workers.internal.NoIsolationWorkerFactory$1$1.create()Lorg/gradle/workers/internal/DefaultWorkResult;+29
j  org.gradle.workers.internal.NoIsolationWorkerFactory$1$1.create()Ljava/lang/Object;+1
j  org.gradle.internal.classloader.ClassLoaderUtils.executeInClassloader(Ljava/lang/ClassLoader;Lorg/gradle/internal/Factory;)Ljava/lang/Object;+15
j  org.gradle.workers.internal.NoIsolationWorkerFactory$1.lambda$execute$0(Ljava/lang/ClassLoader;Lorg/gradle/workers/WorkerExecutor;Lorg/gradle/workers/internal/IsolatedParametersActionExecutionSpec;)Lorg/gradle/workers/internal/DefaultWorkResult;+10
j  org.gradle.workers.internal.NoIsolationWorkerFactory$1$$Lambda$1193+0x0000000800cdaf20.execute(Lorg/gradle/workers/internal/IsolatedParametersActionExecutionSpec;)Lorg/gradle/workers/internal/DefaultWorkResult;+13
j  org.gradle.workers.internal.AbstractWorker$1.call(Lorg/gradle/internal/operations/BuildOperationContext;)Lorg/gradle/workers/internal/DefaultWorkResult;+8
j  org.gradle.workers.internal.AbstractWorker$1.call(Lorg/gradle/internal/operations/BuildOperationContext;)Ljava/lang/Object;+2
J 10161 c1 org.gradle.internal.operations.DefaultBuildOperationRunner$CallableBuildOperationWorker.execute(Lorg/gradle/internal/operations/BuildOperation;Lorg/gradle/internal/operations/BuildOperationContext;)V (10 bytes) @ 0x000001f4bcafb1ac [0x000001f4bcafaf40+0x000000000000026c]
J 7478 c1 org.gradle.internal.operations.DefaultBuildOperationRunner$2.execute(Lorg/gradle/internal/operations/BuildOperationDescriptor;Lorg/gradle/internal/operations/BuildOperationState;Lorg/gradle/internal/operations/BuildOperationState;Lorg/gradle/internal/operations/DefaultBuildOperationRunner$ReadableBuildOperationContext;Lorg/gradle/internal/operations/DefaultBuildOperationRunner$BuildOperationExecutionListener;)Lorg/gradle/internal/operations/BuildOperation; (110 bytes) @ 0x000001f4bc571a3c [0x000001f4bc571840+0x00000000000001fc]
J 7761 c1 org.gradle.internal.operations.DefaultBuildOperationRunner$2.execute(Lorg/gradle/internal/operations/BuildOperationDescriptor;Lorg/gradle/internal/operations/BuildOperationState;Lorg/gradle/internal/operations/BuildOperationState;Lorg/gradle/internal/operations/DefaultBuildOperationRunner$ReadableBuildOperationContext;Lorg/gradle/internal/operations/DefaultBuildOperationRunner$BuildOperationExecutionListener;)Ljava/lang/Object; (12 bytes) @ 0x000001f4bc61e694 [0x000001f4bc61e620+0x0000000000000074]
J 7475 c1 org.gradle.internal.operations.DefaultBuildOperationRunner.execute(Lorg/gradle/internal/operations/BuildOperationDescriptor$Builder;Lorg/gradle/internal/operations/BuildOperationState;Lorg/gradle/internal/operations/DefaultBuildOperationRunner$BuildOperationExecution;)Ljava/lang/Object; (147 bytes) @ 0x000001f4bc56fcb4 [0x000001f4bc56f0e0+0x0000000000000bd4]
J 7195 c1 org.gradle.internal.operations.DefaultBuildOperationRunner.execute(Lorg/gradle/internal/operations/BuildOperation;Lorg/gradle/internal/operations/BuildOperationWorker;Lorg/gradle/internal/operations/BuildOperationState;)V (23 bytes) @ 0x000001f4bbe65c0c [0x000001f4bbe65960+0x00000000000002ac]
J 10159 c1 org.gradle.internal.operations.DefaultBuildOperationRunner.call(Lorg/gradle/internal/operations/CallableBuildOperation;)Ljava/lang/Object; (24 bytes) @ 0x000001f4bcafa5dc [0x000001f4bcafa100+0x00000000000004dc]
J 10166 c1 org.gradle.internal.operations.DefaultBuildOperationExecutor.call(Lorg/gradle/internal/operations/CallableBuildOperation;)Ljava/lang/Object; (11 bytes) @ 0x000001f4bcafdf4c [0x000001f4bcafde40+0x000000000000010c]
j  org.gradle.workers.internal.AbstractWorker.executeWrappedInBuildOperation(Lorg/gradle/workers/internal/IsolatedParametersActionExecutionSpec;Lorg/gradle/internal/operations/BuildOperationRef;Lorg/gradle/workers/internal/AbstractWorker$Work;)Lorg/gradle/workers/internal/DefaultWorkResult;+15
j  org.gradle.workers.internal.NoIsolationWorkerFactory$1.execute(Lorg/gradle/workers/internal/IsolatedParametersActionExecutionSpec;Lorg/gradle/internal/operations/BuildOperationRef;)Lorg/gradle/workers/internal/DefaultWorkResult;+17
j  org.gradle.workers.internal.DefaultWorkerExecutor.lambda$submitWork$0(Lorg/gradle/workers/internal/WorkerFactory;Lorg/gradle/workers/internal/WorkerRequirement;Lorg/gradle/workers/internal/IsolatedParametersActionExecutionSpec;Lorg/gradle/internal/operations/BuildOperationRef;)Lorg/gradle/workers/internal/DefaultWorkResult;+13
j  org.gradle.workers.internal.DefaultWorkerExecutor$$Lambda$1191+0x0000000800cda1a0.call()Ljava/lang/Object;+16
J 6180 c1 java.util.concurrent.FutureTask.run()V java.base@17.0.6 (123 bytes) @ 0x000001f4bc4ad7d4 [0x000001f4bc4acfc0+0x0000000000000814]
j  org.gradle.internal.work.DefaultConditionalExecutionQueue$ExecutionRunner.runExecution(Lorg/gradle/internal/work/ConditionalExecution;)V+6
j  org.gradle.internal.work.DefaultConditionalExecutionQueue$ExecutionRunner.access$700(Lorg/gradle/internal/work/DefaultConditionalExecutionQueue$ExecutionRunner;Lorg/gradle/internal/work/ConditionalExecution;)V+2
j  org.gradle.internal.work.DefaultConditionalExecutionQueue$ExecutionRunner$1.run()V+14
j  org.gradle.internal.Factories$1.create()Ljava/lang/Object;+4
J 12524 c1 org.gradle.internal.work.DefaultWorkerLeaseService.withLocks(Ljava/util/Collection;Lorg/gradle/internal/Factory;)Ljava/lang/Object; (53 bytes) @ 0x000001f4bcddc9bc [0x000001f4bcddc540+0x000000000000047c]
J 12030 c1 org.gradle.internal.work.DefaultWorkerLeaseService.runAsWorkerThread(Lorg/gradle/internal/Factory;)Ljava/lang/Object; (37 bytes) @ 0x000001f4bccb545c [0x000001f4bccb4ec0+0x000000000000059c]
j  org.gradle.internal.work.DefaultWorkerLeaseService.runAsWorkerThread(Ljava/lang/Runnable;)V+5
j  org.gradle.internal.work.DefaultConditionalExecutionQueue$ExecutionRunner.runBatch(Lorg/gradle/internal/work/ConditionalExecution;)V+16
j  org.gradle.internal.work.DefaultConditionalExecutionQueue$ExecutionRunner.run()V+11
j  java.util.concurrent.Executors$RunnableAdapter.call()Ljava/lang/Object;+4 java.base@17.0.6
J 6180 c1 java.util.concurrent.FutureTask.run()V java.base@17.0.6 (123 bytes) @ 0x000001f4bc4ad7d4 [0x000001f4bc4acfc0+0x0000000000000814]
J 5947 c1 org.gradle.internal.concurrent.ExecutorPolicy$CatchAndRecordFailures.onExecute(Ljava/lang/Runnable;)V (29 bytes) @ 0x000001f4bc4356dc [0x000001f4bc4355c0+0x000000000000011c]
J 9172 c1 org.gradle.internal.concurrent.ManagedExecutorImpl$1.run()V (57 bytes) @ 0x000001f4bc909744 [0x000001f4bc909660+0x00000000000000e4]
j  java.util.concurrent.ThreadPoolExecutor.runWorker(Ljava/util/concurrent/ThreadPoolExecutor$Worker;)V+92 java.base@17.0.6
j  java.util.concurrent.ThreadPoolExecutor$Worker.run()V+5 java.base@17.0.6
j  java.lang.Thread.run()V+11 java.base@17.0.6
v  ~StubRoutines::call_stub

---------------  P R O C E S S  ---------------

Threads class SMR info:
_java_thread_list=0x000001f4deb59dc0, length=97, elements={
0x000001f4b83cb9a0, 0x000001f4d656d460, 0x000001f4d656e1e0, 0x000001f4d658e7b0,
0x000001f4d658f170, 0x000001f4d65c7010, 0x000001f4d65c78d0, 0x000001f4d65c84c0,
0x000001f4d7056fd0, 0x000001f4d65ce4f0, 0x000001f4d719f1d0, 0x000001f4d71a4ed0,
0x000001f4d946f6b0, 0x000001f4d822b5c0, 0x000001f4d9469190, 0x000001f4d8bce250,
0x000001f4d76339e0, 0x000001f4d7638a50, 0x000001f4d73ba030, 0x000001f4d73b6bb0,
0x000001f4d73b4060, 0x000001f4d73b4530, 0x000001f4d73b7080, 0x000001f4d73b7550,
0x000001f4d73b6210, 0x000001f4d73b7a20, 0x000001f4d73b4a00, 0x000001f4d73b4ed0,
0x000001f4d73b5870, 0x000001f4d7cab7b0, 0x000001f4d7cac620, 0x000001f4d7cacfc0,
0x000001f4d7cad490, 0x000001f4d7caeca0, 0x000001f4d7cacaf0, 0x000001f4d7cade30,
0x000001f4d7cae300, 0x000001f4dbf51260, 0x000001f4dbf54c20, 0x000001f4dbf55a90,
0x000001f4dbf55f60, 0x000001f4dbf54750, 0x000001f4dbf550f0, 0x000001f4dbf52a70,
0x000001f4dbf538e0, 0x000001f4dbf520d0, 0x000001f4dbf52f40, 0x000001f4dbf508c0,
0x000001f4dbf555c0, 0x000001f4dbf56430, 0x000001f4dbf4f580, 0x000001f4dbf56900,
0x000001f4dbf525a0, 0x000001f4dbf4fa50, 0x000001f4dbf4ff20, 0x000001f4dbf503f0,
0x000001f4dbf50d90, 0x000001f4dbf51730, 0x000001f4dbf51c00, 0x000001f4dbf53db0,
0x000001f4dbf54280, 0x000001f4d967a5b0, 0x000001f4d9678400, 0x000001f4d96753e0,
0x000001f4d9679270, 0x000001f4d9675d80, 0x000001f4d9677590, 0x000001f4d9676250,
0x000001f4d9676720, 0x000001f4d967bdc0, 0x000001f4d9677f30, 0x000001f4d967b420,
0x000001f4d96758b0, 0x000001f4d96788d0, 0x000001f4d96770c0, 0x000001f4d967b8f0,
0x000001f4d9676bf0, 0x000001f4d9677a60, 0x000001f4d9678da0, 0x000001f4d967aa80,
0x000001f4de8663f0, 0x000001f4de865580, 0x000001f4de868f40, 0x000001f4de8685a0,
0x000001f4de8668c0, 0x000001f4de865f20, 0x000001f4de86a280, 0x000001f4de86ba90,
0x000001f4de86bf60, 0x000001f4de86b5c0, 0x000001f4de868a70, 0x000001f4de8698e0,
0x000001f4de86b0f0, 0x000001f4de867c00, 0x000001f4de86ac20, 0x000001f4d967af50,
0x000001f4d967cc30
}

Java Threads: ( => current thread )
  0x000001f4b83cb9a0 JavaThread "main" [_thread_blocked, id=13168, stack(0x00000073ee700000,0x00000073ee800000)]
  0x000001f4d656d460 JavaThread "Reference Handler" daemon [_thread_blocked, id=13176, stack(0x00000073eee00000,0x00000073eef00000)]
  0x000001f4d656e1e0 JavaThread "Finalizer" daemon [_thread_blocked, id=13148, stack(0x00000073eef00000,0x00000073ef000000)]
  0x000001f4d658e7b0 JavaThread "Signal Dispatcher" daemon [_thread_blocked, id=13208, stack(0x00000073ef000000,0x00000073ef100000)]
  0x000001f4d658f170 JavaThread "Attach Listener" daemon [_thread_blocked, id=13264, stack(0x00000073ef100000,0x00000073ef200000)]
  0x000001f4d65c7010 JavaThread "Service Thread" daemon [_thread_blocked, id=13228, stack(0x00000073ef200000,0x00000073ef300000)]
  0x000001f4d65c78d0 JavaThread "Monitor Deflation Thread" daemon [_thread_blocked, id=11740, stack(0x00000073ef300000,0x00000073ef400000)]
  0x000001f4d65c84c0 JavaThread "C2 CompilerThread0" daemon [_thread_in_native, id=12036, stack(0x00000073ef400000,0x00000073ef500000)]
  0x000001f4d7056fd0 JavaThread "C1 CompilerThread0" daemon [_thread_in_vm, id=11272, stack(0x00000073ef500000,0x00000073ef600000)]
  0x000001f4d65ce4f0 JavaThread "Sweeper thread" daemon [_thread_blocked, id=6848, stack(0x00000073ef600000,0x00000073ef700000)]
  0x000001f4d719f1d0 JavaThread "Common-Cleaner" daemon [_thread_blocked, id=12896, stack(0x00000073ef700000,0x00000073ef800000)]
  0x000001f4d71a4ed0 JavaThread "Notification Thread" daemon [_thread_blocked, id=12244, stack(0x00000073ef800000,0x00000073ef900000)]
  0x000001f4d946f6b0 JavaThread "Daemon health stats" [_thread_blocked, id=12740, stack(0x00000073efd00000,0x00000073efe00000)]
  0x000001f4d822b5c0 JavaThread "Incoming local TCP Connector on port 51383" [_thread_in_native, id=8884, stack(0x00000073efe00000,0x00000073eff00000)]
  0x000001f4d9469190 JavaThread "Daemon periodic checks" [_thread_blocked, id=12560, stack(0x00000073eff00000,0x00000073f0000000)]
  0x000001f4d8bce250 JavaThread "Daemon" [_thread_blocked, id=12548, stack(0x00000073f0000000,0x00000073f0100000)]
  0x000001f4d76339e0 JavaThread "Handler for socket connection from /127.0.0.1:51383 to /127.0.0.1:51384" [_thread_in_native, id=12624, stack(0x00000073f0100000,0x00000073f0200000)]
  0x000001f4d7638a50 JavaThread "Cancel handler" [_thread_blocked, id=3600, stack(0x00000073f0200000,0x00000073f0300000)]
  0x000001f4d73ba030 JavaThread "Daemon worker" [_thread_blocked, id=12252, stack(0x00000073f0300000,0x00000073f0400000)]
  0x000001f4d73b6bb0 JavaThread "Asynchronous log dispatcher for DefaultDaemonConnection: socket connection from /127.0.0.1:51383 to /127.0.0.1:51384" [_thread_blocked, id=5884, stack(0x00000073f0400000,0x00000073f0500000)]
  0x000001f4d73b4060 JavaThread "Daemon client event forwarder" [_thread_blocked, id=12676, stack(0x00000073f0600000,0x00000073f0700000)]
  0x000001f4d73b4530 JavaThread "Cache worker for journal cache (E:\Apk Kuliah\Andro\jbr\caches\journal-1)" [_thread_blocked, id=10144, stack(0x00000073f0700000,0x00000073f0800000)]
  0x000001f4d73b7080 JavaThread "File lock request listener" [_thread_in_native, id=10060, stack(0x00000073f0800000,0x00000073f0900000)]
  0x000001f4d73b7550 JavaThread "Cache worker for file hash cache (E:\Apk Kuliah\Andro\jbr\caches\8.0\fileHashes)" [_thread_blocked, id=9504, stack(0x00000073f0900000,0x00000073f0a00000)]
  0x000001f4d73b6210 JavaThread "File watcher server" daemon [_thread_in_native, id=9768, stack(0x00000073f0a00000,0x00000073f0b00000)]
  0x000001f4d73b7a20 JavaThread "File watcher consumer" daemon [_thread_blocked, id=12632, stack(0x00000073f0b00000,0x00000073f0c00000)]
  0x000001f4d73b4a00 JavaThread "Cache worker for checksums cache (E:\Andro Projek\SispakKehamilan\.gradle\8.0\checksums)" [_thread_blocked, id=10920, stack(0x00000073f0c00000,0x00000073f0d00000)]
  0x000001f4d73b4ed0 JavaThread "Cache worker for cache directory md-rule (E:\Apk Kuliah\Andro\jbr\caches\8.0\md-rule)" [_thread_blocked, id=11016, stack(0x00000073f0d00000,0x00000073f0e00000)]
  0x000001f4d73b5870 JavaThread "Cache worker for file content cache (E:\Apk Kuliah\Andro\jbr\caches\8.0\fileContent)" [_thread_blocked, id=7640, stack(0x00000073f0e00000,0x00000073f0f00000)]
  0x000001f4d7cab7b0 JavaThread "Cache worker for file hash cache (E:\Andro Projek\SispakKehamilan\.gradle\8.0\fileHashes)" [_thread_blocked, id=13152, stack(0x00000073f0f00000,0x00000073f1000000)]
  0x000001f4d7cac620 JavaThread "Cache worker for cache directory md-supplier (E:\Apk Kuliah\Andro\jbr\caches\8.0\md-supplier)" [_thread_blocked, id=13164, stack(0x00000073f1000000,0x00000073f1100000)]
  0x000001f4d7cacfc0 JavaThread "Cache worker for execution history cache (E:\Apk Kuliah\Andro\jbr\caches\8.0\executionHistory)" [_thread_blocked, id=12872, stack(0x00000073f1100000,0x00000073f1200000)]
  0x000001f4d7cad490 JavaThread "jar transforms" [_thread_blocked, id=12600, stack(0x00000073f1200000,0x00000073f1300000)]
  0x000001f4d7caeca0 JavaThread "jar transforms Thread 2" [_thread_blocked, id=5920, stack(0x00000073f1300000,0x00000073f1400000)]
  0x000001f4d7cacaf0 JavaThread "jar transforms Thread 3" [_thread_blocked, id=404, stack(0x00000073f1500000,0x00000073f1600000)]
  0x000001f4d7cade30 JavaThread "jar transforms Thread 4" [_thread_blocked, id=7392, stack(0x00000073f1600000,0x00000073f1700000)]
  0x000001f4d7cae300 JavaThread "Cache worker for dependencies-accessors (E:\Andro Projek\SispakKehamilan\.gradle\8.0\dependencies-accessors)" [_thread_blocked, id=12112, stack(0x00000073f1700000,0x00000073f1800000)]
  0x000001f4dbf51260 JavaThread "Cache worker for Build Output Cleanup Cache (E:\Andro Projek\SispakKehamilan\.gradle\buildOutputCleanup)" [_thread_blocked, id=11864, stack(0x00000073f1800000,0x00000073f1900000)]
  0x000001f4dbf54c20 JavaThread "Unconstrained build operations" [_thread_blocked, id=12580, stack(0x00000073f1a00000,0x00000073f1b00000)]
  0x000001f4dbf55a90 JavaThread "Unconstrained build operations Thread 2" [_thread_blocked, id=10140, stack(0x00000073f1b00000,0x00000073f1c00000)]
  0x000001f4dbf55f60 JavaThread "Unconstrained build operations Thread 3" [_thread_blocked, id=2684, stack(0x00000073f1c00000,0x00000073f1d00000)]
  0x000001f4dbf54750 JavaThread "Unconstrained build operations Thread 4" [_thread_blocked, id=9408, stack(0x00000073f1d00000,0x00000073f1e00000)]
  0x000001f4dbf550f0 JavaThread "Unconstrained build operations Thread 5" [_thread_blocked, id=9824, stack(0x00000073f1e00000,0x00000073f1f00000)]
  0x000001f4dbf52a70 JavaThread "Unconstrained build operations Thread 6" [_thread_blocked, id=10624, stack(0x00000073f1f00000,0x00000073f2000000)]
  0x000001f4dbf538e0 JavaThread "Unconstrained build operations Thread 7" [_thread_blocked, id=10596, stack(0x00000073f2000000,0x00000073f2100000)]
  0x000001f4dbf520d0 JavaThread "Unconstrained build operations Thread 8" [_thread_blocked, id=7724, stack(0x00000073f2100000,0x00000073f2200000)]
  0x000001f4dbf52f40 JavaThread "Unconstrained build operations Thread 9" [_thread_blocked, id=12272, stack(0x00000073f2200000,0x00000073f2300000)]
  0x000001f4dbf508c0 JavaThread "Unconstrained build operations Thread 10" [_thread_blocked, id=5784, stack(0x00000073f2300000,0x00000073f2400000)]
  0x000001f4dbf555c0 JavaThread "Unconstrained build operations Thread 11" [_thread_blocked, id=6956, stack(0x00000073f2400000,0x00000073f2500000)]
  0x000001f4dbf56430 JavaThread "Unconstrained build operations Thread 12" [_thread_blocked, id=7648, stack(0x00000073f2500000,0x00000073f2600000)]
  0x000001f4dbf4f580 JavaThread "Unconstrained build operations Thread 13" [_thread_blocked, id=7720, stack(0x00000073f2600000,0x00000073f2700000)]
  0x000001f4dbf56900 JavaThread "Unconstrained build operations Thread 14" [_thread_blocked, id=11364, stack(0x00000073f2700000,0x00000073f2800000)]
  0x000001f4dbf525a0 JavaThread "Unconstrained build operations Thread 15" [_thread_blocked, id=9972, stack(0x00000073f2800000,0x00000073f2900000)]
  0x000001f4dbf4fa50 JavaThread "Unconstrained build operations Thread 16" [_thread_blocked, id=11588, stack(0x00000073f2900000,0x00000073f2a00000)]
  0x000001f4dbf4ff20 JavaThread "Unconstrained build operations Thread 17" [_thread_blocked, id=11768, stack(0x00000073f2a00000,0x00000073f2b00000)]
  0x000001f4dbf503f0 JavaThread "Unconstrained build operations Thread 18" [_thread_blocked, id=11668, stack(0x00000073f2b00000,0x00000073f2c00000)]
  0x000001f4dbf50d90 JavaThread "Unconstrained build operations Thread 19" [_thread_blocked, id=384, stack(0x00000073f2c00000,0x00000073f2d00000)]
  0x000001f4dbf51730 JavaThread "Unconstrained build operations Thread 20" [_thread_blocked, id=10236, stack(0x00000073f2d00000,0x00000073f2e00000)]
  0x000001f4dbf51c00 JavaThread "Unconstrained build operations Thread 21" [_thread_blocked, id=9528, stack(0x00000073f2e00000,0x00000073f2f00000)]
  0x000001f4dbf53db0 JavaThread "Unconstrained build operations Thread 22" [_thread_blocked, id=8836, stack(0x00000073f2f00000,0x00000073f3000000)]
  0x000001f4dbf54280 JavaThread "Unconstrained build operations Thread 23" [_thread_blocked, id=13136, stack(0x00000073f3000000,0x00000073f3100000)]
  0x000001f4d967a5b0 JavaThread "Unconstrained build operations Thread 24" [_thread_blocked, id=13248, stack(0x00000073f3100000,0x00000073f3200000)]
  0x000001f4d9678400 JavaThread "Unconstrained build operations Thread 25" [_thread_blocked, id=10940, stack(0x00000073f3200000,0x00000073f3300000)]
  0x000001f4d96753e0 JavaThread "Unconstrained build operations Thread 26" [_thread_blocked, id=13304, stack(0x00000073f3300000,0x00000073f3400000)]
  0x000001f4d9679270 JavaThread "Unconstrained build operations Thread 27" [_thread_blocked, id=2796, stack(0x00000073f3400000,0x00000073f3500000)]
  0x000001f4d9675d80 JavaThread "Unconstrained build operations Thread 28" [_thread_blocked, id=8596, stack(0x00000073f3500000,0x00000073f3600000)]
  0x000001f4d9677590 JavaThread "Unconstrained build operations Thread 29" [_thread_blocked, id=10924, stack(0x00000073f3600000,0x00000073f3700000)]
  0x000001f4d9676250 JavaThread "Unconstrained build operations Thread 30" [_thread_blocked, id=11280, stack(0x00000073f3700000,0x00000073f3800000)]
  0x000001f4d9676720 JavaThread "Unconstrained build operations Thread 31" [_thread_blocked, id=10748, stack(0x00000073f3800000,0x00000073f3900000)]
  0x000001f4d967bdc0 JavaThread "Unconstrained build operations Thread 32" [_thread_blocked, id=10072, stack(0x00000073f3900000,0x00000073f3a00000)]
  0x000001f4d9677f30 JavaThread "Unconstrained build operations Thread 33" [_thread_blocked, id=8912, stack(0x00000073f3a00000,0x00000073f3b00000)]
  0x000001f4d967b420 JavaThread "Unconstrained build operations Thread 34" [_thread_blocked, id=11716, stack(0x00000073f3b00000,0x00000073f3c00000)]
  0x000001f4d96758b0 JavaThread "Unconstrained build operations Thread 35" [_thread_blocked, id=11700, stack(0x00000073f3c00000,0x00000073f3d00000)]
  0x000001f4d96788d0 JavaThread "Unconstrained build operations Thread 36" [_thread_blocked, id=12168, stack(0x00000073f3d00000,0x00000073f3e00000)]
  0x000001f4d96770c0 JavaThread "Unconstrained build operations Thread 37" [_thread_blocked, id=12200, stack(0x00000073f3e00000,0x00000073f3f00000)]
  0x000001f4d967b8f0 JavaThread "Unconstrained build operations Thread 38" [_thread_blocked, id=5608, stack(0x00000073f3f00000,0x00000073f4000000)]
  0x000001f4d9676bf0 JavaThread "Unconstrained build operations Thread 39" [_thread_blocked, id=11400, stack(0x00000073f4000000,0x00000073f4100000)]
  0x000001f4d9677a60 JavaThread "Unconstrained build operations Thread 40" [_thread_blocked, id=9932, stack(0x00000073f4100000,0x00000073f4200000)]
  0x000001f4d9678da0 JavaThread "build event listener" [_thread_blocked, id=11664, stack(0x00000073f4400000,0x00000073f4500000)]
  0x000001f4d967aa80 JavaThread "Memory manager" [_thread_blocked, id=10184, stack(0x00000073f4500000,0x00000073f4600000)]
  0x000001f4de8663f0 JavaThread "included builds" [_thread_blocked, id=2640, stack(0x00000073f4600000,0x00000073f4700000)]
  0x000001f4de865580 JavaThread "Execution worker" [_thread_blocked, id=12616, stack(0x00000073f4700000,0x00000073f4800000)]
  0x000001f4de868f40 JavaThread "Execution worker Thread 2" [_thread_blocked, id=9608, stack(0x00000073f4800000,0x00000073f4900000)]
  0x000001f4de8685a0 JavaThread "Execution worker Thread 3" [_thread_blocked, id=12924, stack(0x00000073f4900000,0x00000073f4a00000)]
  0x000001f4de8668c0 JavaThread "Cache worker for execution history cache (E:\Andro Projek\SispakKehamilan\.gradle\8.0\executionHistory)" [_thread_blocked, id=4344, stack(0x00000073f4a00000,0x00000073f4b00000)]
  0x000001f4de865f20 JavaThread "WorkerExecutor Queue" [_thread_in_vm, id=10224, stack(0x00000073ee600000,0x00000073ee700000)]
=>0x000001f4de86a280 JavaThread "WorkerExecutor Queue Thread 2" [_thread_in_vm, id=11244, stack(0x00000073f4b00000,0x00000073f4c00000)]
  0x000001f4de86ba90 JavaThread "WorkerExecutor Queue Thread 3" [_thread_blocked, id=9716, stack(0x00000073f4c00000,0x00000073f4d00000)]
  0x000001f4de86bf60 JavaThread "WorkerExecutor Queue Thread 4" [_thread_in_vm, id=10004, stack(0x00000073f4d00000,0x00000073f4e00000)]
  0x000001f4de86b5c0 JavaThread "pool-3-thread-1" [_thread_blocked, id=11376, stack(0x00000073f0500000,0x00000073f0600000)]
  0x000001f4de868a70 JavaThread "stderr" [_thread_in_native, id=7288, stack(0x00000073f4f00000,0x00000073f5000000)]
  0x000001f4de8698e0 JavaThread "stdout" [_thread_in_native, id=12196, stack(0x00000073f5000000,0x00000073f5100000)]
  0x000001f4de86b0f0 JavaThread "Cache worker for Java compile cache (E:\Apk Kuliah\Andro\jbr\caches\8.0\javaCompile)" [_thread_blocked, id=12900, stack(0x00000073f5100000,0x00000073f5200000)]
  0x000001f4de867c00 JavaThread "Build operations" [_thread_blocked, id=11308, stack(0x00000073f5200000,0x00000073f5300000)]
  0x000001f4de86ac20 JavaThread "Build operations Thread 2" [_thread_blocked, id=11164, stack(0x00000073f5300000,0x00000073f5400000)]
  0x000001f4d967af50 JavaThread "Build operations Thread 3" [_thread_blocked, id=2204, stack(0x00000073f5400000,0x00000073f5500000)]
  0x000001f4d967cc30 JavaThread "Build operations Thread 4" [_thread_blocked, id=12916, stack(0x00000073f5500000,0x00000073f5600000)]

Other Threads:
  0x000001f4d6566900 VMThread "VM Thread" [stack: 0x00000073eed00000,0x00000073eee00000] [id=13180]
  0x000001f4d71a59b0 WatcherThread [stack: 0x00000073ef900000,0x00000073efa00000] [id=10204]
  0x000001f4b84376d0 GCTaskThread "GC Thread#0" [stack: 0x00000073ee800000,0x00000073ee900000] [id=13192]
  0x000001f4d759a060 GCTaskThread "GC Thread#1" [stack: 0x00000073efa00000,0x00000073efb00000] [id=12724]
  0x000001f4d765ccd0 GCTaskThread "GC Thread#2" [stack: 0x00000073efb00000,0x00000073efc00000] [id=12736]
  0x000001f4d77c5330 GCTaskThread "GC Thread#3" [stack: 0x00000073efc00000,0x00000073efd00000] [id=12688]
  0x000001f4b8448cc0 ConcurrentGCThread "G1 Main Marker" [stack: 0x00000073ee900000,0x00000073eea00000] [id=13188]
  0x000001f4b84495e0 ConcurrentGCThread "G1 Conc#0" [stack: 0x00000073eea00000,0x00000073eeb00000] [id=13184]
  0x000001f4b8483370 ConcurrentGCThread "G1 Refine#0" [stack: 0x00000073eeb00000,0x00000073eec00000] [id=13172]
  0x000001f4db8ad870 ConcurrentGCThread "G1 Refine#1" [stack: 0x00000073f1400000,0x00000073f1500000] [id=10264]
  0x000001f4dbf8e360 ConcurrentGCThread "G1 Refine#2" [stack: 0x00000073ee400000,0x00000073ee500000] [id=11476]
  0x000001f4dbf8e640 ConcurrentGCThread "G1 Refine#3" [stack: 0x00000073ee500000,0x00000073ee600000] [id=192]
  0x000001f4b8483ca0 ConcurrentGCThread "G1 Service" [stack: 0x00000073eec00000,0x00000073eed00000] [id=13144]

Threads with active compile tasks:
C2 CompilerThread0    99555 15690       4       sun.invoke.util.VerifyAccess::isClassAccessible (230 bytes)
C1 CompilerThread0    99555 15716       3       com.android.tools.r8.graph.T3::a (37 bytes)

VM state: not at safepoint (normal execution)

VM Mutex/Monitor currently owned by a thread:  ([mutex/lock_event])
[0x000001f4b83c2980] Metaspace_lock - owner thread: 0x000001f4de86a280
[0x000001f4b83c4e90] MethodData_lock - owner thread: 0x000001f4d7056fd0

Heap address: 0x0000000700000000, size: 4096 MB, Compressed Oops mode: Zero based, Oop shift amount: 3

CDS archive(s) not mapped
Compressed class space mapped at: 0x0000000800000000-0x0000000840000000, reserved size: 1073741824
Narrow klass base: 0x0000000800000000, Narrow klass shift: 0, Narrow klass range: 0x40000000

GC Precious Log:
 CPUs: 4 total, 4 available
 Memory: 6020M
 Large Page Support: Disabled
 NUMA Support: Disabled
 Compressed Oops: Enabled (Zero based)
 Heap Region Size: 2M
 Heap Min Capacity: 8M
 Heap Initial Capacity: 96M
 Heap Max Capacity: 4G
 Pre-touch: Disabled
 Parallel Workers: 4
 Concurrent Workers: 1
 Concurrent Refinement Workers: 4
 Periodic GC: Disabled

Heap:
 garbage-first heap   total 229376K, used 172408K [0x0000000700000000, 0x0000000800000000)
  region size 2048K, 28 young (57344K), 1 survivors (2048K)
 Metaspace       used 122473K, committed 123136K, reserved 1163264K
  class space    used 16387K, committed 16704K, reserved 1048576K

Heap Regions: E=young(eden), S=young(survivor), O=old, HS=humongous(starts), HC=humongous(continues), CS=collection set, F=free, OA=open archive, CA=closed archive, TAMS=top-at-mark-start (previous, next)
|   0|0x0000000700000000, 0x0000000700200000, 0x0000000700200000|100%| O|  |TAMS 0x0000000700200000, 0x0000000700000000| Untracked 
|   1|0x0000000700200000, 0x0000000700400000, 0x0000000700400000|100%|HS|  |TAMS 0x0000000700400000, 0x0000000700200000| Complete 
|   2|0x0000000700400000, 0x0000000700600000, 0x0000000700600000|100%|HC|  |TAMS 0x0000000700600000, 0x0000000700400000| Complete 
|   3|0x0000000700600000, 0x0000000700800000, 0x0000000700800000|100%| O|  |TAMS 0x0000000700800000, 0x0000000700600000| Untracked 
|   4|0x0000000700800000, 0x00000007009e1600, 0x0000000700a00000| 94%| O|  |TAMS 0x00000007009e1600, 0x0000000700800000| Untracked 
|   5|0x0000000700a00000, 0x0000000700c00000, 0x0000000700c00000|100%| O|  |TAMS 0x0000000700c00000, 0x0000000700a00000| Untracked 
|   6|0x0000000700c00000, 0x0000000700e00000, 0x0000000700e00000|100%| O|  |TAMS 0x0000000700e00000, 0x0000000700c00000| Untracked 
|   7|0x0000000700e00000, 0x0000000701000000, 0x0000000701000000|100%| O|  |TAMS 0x0000000701000000, 0x0000000700e00000| Untracked 
|   8|0x0000000701000000, 0x0000000701200000, 0x0000000701200000|100%| O|  |TAMS 0x0000000701200000, 0x0000000701000000| Untracked 
|   9|0x0000000701200000, 0x0000000701400000, 0x0000000701400000|100%| O|  |TAMS 0x0000000701400000, 0x0000000701200000| Untracked 
|  10|0x0000000701400000, 0x0000000701600000, 0x0000000701600000|100%| O|  |TAMS 0x0000000701600000, 0x0000000701400000| Untracked 
|  11|0x0000000701600000, 0x0000000701800000, 0x0000000701800000|100%| O|  |TAMS 0x0000000701800000, 0x0000000701600000| Untracked 
|  12|0x0000000701800000, 0x0000000701a00000, 0x0000000701a00000|100%| O|  |TAMS 0x0000000701a00000, 0x0000000701800000| Untracked 
|  13|0x0000000701a00000, 0x0000000701c00000, 0x0000000701c00000|100%| O|  |TAMS 0x0000000701c00000, 0x0000000701a00000| Untracked 
|  14|0x0000000701c00000, 0x0000000701e00000, 0x0000000701e00000|100%| O|  |TAMS 0x0000000701e00000, 0x0000000701c00000| Untracked 
|  15|0x0000000701e00000, 0x0000000702000000, 0x0000000702000000|100%| O|  |TAMS 0x0000000702000000, 0x0000000701e00000| Untracked 
|  16|0x0000000702000000, 0x0000000702200000, 0x0000000702200000|100%| O|  |TAMS 0x0000000702200000, 0x0000000702000000| Untracked 
|  17|0x0000000702200000, 0x0000000702400000, 0x0000000702400000|100%| O|  |TAMS 0x0000000702400000, 0x0000000702200000| Untracked 
|  18|0x0000000702400000, 0x0000000702600000, 0x0000000702600000|100%| O|  |TAMS 0x0000000702600000, 0x0000000702400000| Untracked 
|  19|0x0000000702600000, 0x0000000702800000, 0x0000000702800000|100%| O|  |TAMS 0x0000000702800000, 0x0000000702600000| Untracked 
|  20|0x0000000702800000, 0x0000000702a00000, 0x0000000702a00000|100%| O|  |TAMS 0x0000000702a00000, 0x0000000702800000| Untracked 
|  21|0x0000000702a00000, 0x0000000702c00000, 0x0000000702c00000|100%| O|  |TAMS 0x0000000702c00000, 0x0000000702a00000| Untracked 
|  22|0x0000000702c00000, 0x0000000702e00000, 0x0000000702e00000|100%|HS|  |TAMS 0x0000000702e00000, 0x0000000702c00000| Complete 
|  23|0x0000000702e00000, 0x0000000703000000, 0x0000000703000000|100%|HC|  |TAMS 0x0000000703000000, 0x0000000702e00000| Complete 
|  24|0x0000000703000000, 0x0000000703200000, 0x0000000703200000|100%| O|  |TAMS 0x0000000703200000, 0x0000000703000000| Untracked 
|  25|0x0000000703200000, 0x0000000703400000, 0x0000000703400000|100%| O|  |TAMS 0x0000000703400000, 0x0000000703200000| Untracked 
|  26|0x0000000703400000, 0x0000000703600000, 0x0000000703600000|100%| O|  |TAMS 0x0000000703600000, 0x0000000703400000| Untracked 
|  27|0x0000000703600000, 0x0000000703800000, 0x0000000703800000|100%| O|  |TAMS 0x0000000703800000, 0x0000000703600000| Untracked 
|  28|0x0000000703800000, 0x0000000703a00000, 0x0000000703a00000|100%| O|  |TAMS 0x0000000703a00000, 0x0000000703800000| Untracked 
|  29|0x0000000703a00000, 0x0000000703c00000, 0x0000000703c00000|100%| O|  |TAMS 0x0000000703c00000, 0x0000000703a00000| Untracked 
|  30|0x0000000703c00000, 0x0000000703e00000, 0x0000000703e00000|100%| O|  |TAMS 0x0000000703e00000, 0x0000000703c00000| Untracked 
|  31|0x0000000703e00000, 0x0000000704000000, 0x0000000704000000|100%| O|  |TAMS 0x0000000704000000, 0x0000000703e00000| Untracked 
|  32|0x0000000704000000, 0x0000000704200000, 0x0000000704200000|100%| O|  |TAMS 0x0000000704200000, 0x0000000704000000| Untracked 
|  33|0x0000000704200000, 0x0000000704400000, 0x0000000704400000|100%| O|  |TAMS 0x0000000704400000, 0x0000000704200000| Untracked 
|  34|0x0000000704400000, 0x0000000704600000, 0x0000000704600000|100%| O|  |TAMS 0x0000000704600000, 0x0000000704400000| Untracked 
|  35|0x0000000704600000, 0x0000000704800000, 0x0000000704800000|100%| O|  |TAMS 0x0000000704800000, 0x0000000704600000| Untracked 
|  36|0x0000000704800000, 0x0000000704a00000, 0x0000000704a00000|100%| O|  |TAMS 0x0000000704a00000, 0x0000000704800000| Untracked 
|  37|0x0000000704a00000, 0x0000000704c00000, 0x0000000704c00000|100%| O|  |TAMS 0x0000000704c00000, 0x0000000704a00000| Untracked 
|  38|0x0000000704c00000, 0x0000000704e00000, 0x0000000704e00000|100%| O|  |TAMS 0x0000000704e00000, 0x0000000704c00000| Untracked 
|  39|0x0000000704e00000, 0x0000000705000000, 0x0000000705000000|100%| O|  |TAMS 0x0000000705000000, 0x0000000704e00000| Untracked 
|  40|0x0000000705000000, 0x0000000705200000, 0x0000000705200000|100%| O|  |TAMS 0x0000000705200000, 0x0000000705000000| Untracked 
|  41|0x0000000705200000, 0x0000000705400000, 0x0000000705400000|100%| O|  |TAMS 0x0000000705400000, 0x0000000705200000| Untracked 
|  42|0x0000000705400000, 0x0000000705600000, 0x0000000705600000|100%| O|  |TAMS 0x0000000705600000, 0x0000000705400000| Untracked 
|  43|0x0000000705600000, 0x0000000705800000, 0x0000000705800000|100%| O|  |TAMS 0x0000000705800000, 0x0000000705600000| Untracked 
|  44|0x0000000705800000, 0x0000000705a00000, 0x0000000705a00000|100%| O|  |TAMS 0x0000000705a00000, 0x0000000705800000| Untracked 
|  45|0x0000000705a00000, 0x0000000705a00000, 0x0000000705c00000|  0%| F|  |TAMS 0x0000000705a00000, 0x0000000705a00000| Untracked 
|  46|0x0000000705c00000, 0x0000000705e00000, 0x0000000705e00000|100%| O|  |TAMS 0x0000000705e00000, 0x0000000705c00000| Untracked 
|  47|0x0000000705e00000, 0x0000000706000000, 0x0000000706000000|100%| O|  |TAMS 0x0000000706000000, 0x0000000705e00000| Untracked 
|  48|0x0000000706000000, 0x0000000706200000, 0x0000000706200000|100%| O|  |TAMS 0x0000000706200000, 0x0000000706000000| Untracked 
|  49|0x0000000706200000, 0x0000000706400000, 0x0000000706400000|100%| O|  |TAMS 0x0000000706400000, 0x0000000706200000| Untracked 
|  50|0x0000000706400000, 0x0000000706600000, 0x0000000706600000|100%| O|  |TAMS 0x0000000706600000, 0x0000000706400000| Untracked 
|  51|0x0000000706600000, 0x0000000706600000, 0x0000000706800000|  0%| F|  |TAMS 0x0000000706600000, 0x0000000706600000| Untracked 
|  52|0x0000000706800000, 0x0000000706800000, 0x0000000706a00000|  0%| F|  |TAMS 0x0000000706800000, 0x0000000706800000| Untracked 
|  53|0x0000000706a00000, 0x0000000706bb7000, 0x0000000706c00000| 85%| O|  |TAMS 0x0000000706a00000, 0x0000000706a00000| Untracked 
|  54|0x0000000706c00000, 0x0000000706c00000, 0x0000000706e00000|  0%| F|  |TAMS 0x0000000706c00000, 0x0000000706c00000| Untracked 
|  55|0x0000000706e00000, 0x0000000707000000, 0x0000000707000000|100%| O|  |TAMS 0x0000000707000000, 0x0000000706e00000| Untracked 
|  56|0x0000000707000000, 0x0000000707200000, 0x0000000707200000|100%| O|  |TAMS 0x0000000707200000, 0x0000000707000000| Untracked 
|  57|0x0000000707200000, 0x0000000707400000, 0x0000000707400000|100%| O|  |TAMS 0x0000000707400000, 0x0000000707200000| Untracked 
|  58|0x0000000707400000, 0x0000000707600000, 0x0000000707600000|100%| O|  |TAMS 0x0000000707600000, 0x0000000707400000| Untracked 
|  59|0x0000000707600000, 0x0000000707800000, 0x0000000707800000|100%| O|  |TAMS 0x0000000707800000, 0x0000000707600000| Untracked 
|  60|0x0000000707800000, 0x0000000707a00000, 0x0000000707a00000|100%| O|  |TAMS 0x00000007078fe800, 0x0000000707800000| Untracked 
|  61|0x0000000707a00000, 0x0000000707a00000, 0x0000000707c00000|  0%| F|  |TAMS 0x0000000707a00000, 0x0000000707a00000| Untracked 
|  62|0x0000000707c00000, 0x0000000707c00000, 0x0000000707e00000|  0%| F|  |TAMS 0x0000000707c00000, 0x0000000707c00000| Untracked 
|  63|0x0000000707e00000, 0x0000000707e00000, 0x0000000708000000|  0%| F|  |TAMS 0x0000000707e00000, 0x0000000707e00000| Untracked 
|  64|0x0000000708000000, 0x0000000708200000, 0x0000000708200000|100%| O|  |TAMS 0x0000000708200000, 0x0000000708000000| Untracked 
|  65|0x0000000708200000, 0x0000000708200000, 0x0000000708400000|  0%| F|  |TAMS 0x0000000708200000, 0x0000000708200000| Untracked 
|  66|0x0000000708400000, 0x0000000708400000, 0x0000000708600000|  0%| F|  |TAMS 0x0000000708400000, 0x0000000708400000| Untracked 
|  67|0x0000000708600000, 0x0000000708600000, 0x0000000708800000|  0%| F|  |TAMS 0x0000000708600000, 0x0000000708600000| Untracked 
|  68|0x0000000708800000, 0x0000000708800000, 0x0000000708a00000|  0%| F|  |TAMS 0x0000000708800000, 0x0000000708800000| Untracked 
|  69|0x0000000708a00000, 0x0000000708a00000, 0x0000000708c00000|  0%| F|  |TAMS 0x0000000708a00000, 0x0000000708a00000| Untracked 
|  70|0x0000000708c00000, 0x0000000708c00000, 0x0000000708e00000|  0%| F|  |TAMS 0x0000000708c00000, 0x0000000708c00000| Untracked 
|  71|0x0000000708e00000, 0x0000000708e00000, 0x0000000709000000|  0%| F|  |TAMS 0x0000000708e00000, 0x0000000708e00000| Untracked 
|  72|0x0000000709000000, 0x0000000709000000, 0x0000000709200000|  0%| F|  |TAMS 0x0000000709000000, 0x0000000709000000| Untracked 
|  73|0x0000000709200000, 0x0000000709200000, 0x0000000709400000|  0%| F|  |TAMS 0x0000000709200000, 0x0000000709200000| Untracked 
|  74|0x0000000709400000, 0x0000000709400000, 0x0000000709600000|  0%| F|  |TAMS 0x0000000709400000, 0x0000000709400000| Untracked 
|  75|0x0000000709600000, 0x0000000709600000, 0x0000000709800000|  0%| F|  |TAMS 0x0000000709600000, 0x0000000709600000| Untracked 
|  76|0x0000000709800000, 0x0000000709800000, 0x0000000709a00000|  0%| F|  |TAMS 0x0000000709800000, 0x0000000709800000| Untracked 
|  77|0x0000000709a00000, 0x0000000709a00000, 0x0000000709c00000|  0%| F|  |TAMS 0x0000000709a00000, 0x0000000709a00000| Untracked 
|  78|0x0000000709c00000, 0x0000000709c00000, 0x0000000709e00000|  0%| F|  |TAMS 0x0000000709c00000, 0x0000000709c00000| Untracked 
|  79|0x0000000709e00000, 0x0000000709e00000, 0x000000070a000000|  0%| F|  |TAMS 0x0000000709e00000, 0x0000000709e00000| Untracked 
|  80|0x000000070a000000, 0x000000070a000000, 0x000000070a200000|  0%| F|  |TAMS 0x000000070a000000, 0x000000070a000000| Untracked 
|  81|0x000000070a200000, 0x000000070a200000, 0x000000070a400000|  0%| F|  |TAMS 0x000000070a200000, 0x000000070a200000| Untracked 
|  82|0x000000070a400000, 0x000000070a400000, 0x000000070a600000|  0%| F|  |TAMS 0x000000070a400000, 0x000000070a400000| Untracked 
|  83|0x000000070a600000, 0x000000070a600000, 0x000000070a800000|  0%| F|  |TAMS 0x000000070a600000, 0x000000070a600000| Untracked 
|  84|0x000000070a800000, 0x000000070a8664a0, 0x000000070aa00000| 19%| E|  |TAMS 0x000000070a800000, 0x000000070a800000| Complete 
|  85|0x000000070aa00000, 0x000000070ac00000, 0x000000070ac00000|100%| E|CS|TAMS 0x000000070aa00000, 0x000000070aa00000| Complete 
|  86|0x000000070ac00000, 0x000000070ae00000, 0x000000070ae00000|100%| E|CS|TAMS 0x000000070ac00000, 0x000000070ac00000| Complete 
|  87|0x000000070ae00000, 0x000000070b000000, 0x000000070b000000|100%| E|CS|TAMS 0x000000070ae00000, 0x000000070ae00000| Complete 
|  88|0x000000070b000000, 0x000000070b200000, 0x000000070b200000|100%| E|CS|TAMS 0x000000070b000000, 0x000000070b000000| Complete 
|  89|0x000000070b200000, 0x000000070b400000, 0x000000070b400000|100%| E|CS|TAMS 0x000000070b200000, 0x000000070b200000| Complete 
|  90|0x000000070b400000, 0x000000070b600000, 0x000000070b600000|100%| E|CS|TAMS 0x000000070b400000, 0x000000070b400000| Complete 
|  91|0x000000070b600000, 0x000000070b800000, 0x000000070b800000|100%| E|CS|TAMS 0x000000070b600000, 0x000000070b600000| Complete 
|  92|0x000000070b800000, 0x000000070ba00000, 0x000000070ba00000|100%| E|CS|TAMS 0x000000070b800000, 0x000000070b800000| Complete 
|  93|0x000000070ba00000, 0x000000070bc00000, 0x000000070bc00000|100%| E|CS|TAMS 0x000000070ba00000, 0x000000070ba00000| Complete 
|  94|0x000000070bc00000, 0x000000070be00000, 0x000000070be00000|100%| E|CS|TAMS 0x000000070bc00000, 0x000000070bc00000| Complete 
|  95|0x000000070be00000, 0x000000070c000000, 0x000000070c000000|100%| E|CS|TAMS 0x000000070be00000, 0x000000070be00000| Complete 
|  96|0x000000070c000000, 0x000000070c200000, 0x000000070c200000|100%| E|CS|TAMS 0x000000070c000000, 0x000000070c000000| Complete 
|  97|0x000000070c200000, 0x000000070c400000, 0x000000070c400000|100%| E|CS|TAMS 0x000000070c200000, 0x000000070c200000| Complete 
|  98|0x000000070c400000, 0x000000070c600000, 0x000000070c600000|100%| E|CS|TAMS 0x000000070c400000, 0x000000070c400000| Complete 
|  99|0x000000070c600000, 0x000000070c800000, 0x000000070c800000|100%| E|CS|TAMS 0x000000070c600000, 0x000000070c600000| Complete 
| 100|0x000000070c800000, 0x000000070ca00000, 0x000000070ca00000|100%| E|CS|TAMS 0x000000070c800000, 0x000000070c800000| Complete 
| 101|0x000000070ca00000, 0x000000070cc00000, 0x000000070cc00000|100%| E|CS|TAMS 0x000000070ca00000, 0x000000070ca00000| Complete 
| 102|0x000000070cc00000, 0x000000070ce00000, 0x000000070ce00000|100%| E|CS|TAMS 0x000000070cc00000, 0x000000070cc00000| Complete 
| 103|0x000000070ce00000, 0x000000070d000000, 0x000000070d000000|100%| E|CS|TAMS 0x000000070ce00000, 0x000000070ce00000| Complete 
| 104|0x000000070d000000, 0x000000070d200000, 0x000000070d200000|100%| E|CS|TAMS 0x000000070d000000, 0x000000070d000000| Complete 
| 105|0x000000070d200000, 0x000000070d400000, 0x000000070d400000|100%| E|CS|TAMS 0x000000070d200000, 0x000000070d200000| Complete 
| 106|0x000000070d400000, 0x000000070d600000, 0x000000070d600000|100%| E|CS|TAMS 0x000000070d400000, 0x000000070d400000| Complete 
| 107|0x000000070d600000, 0x000000070d800000, 0x000000070d800000|100%| E|CS|TAMS 0x000000070d600000, 0x000000070d600000| Complete 
| 108|0x000000070d800000, 0x000000070d8c5ab0, 0x000000070da00000| 38%| S|CS|TAMS 0x000000070d800000, 0x000000070d800000| Complete 
| 109|0x000000070da00000, 0x000000070dc00000, 0x000000070dc00000|100%| E|CS|TAMS 0x000000070da00000, 0x000000070da00000| Complete 
| 110|0x000000070dc00000, 0x000000070de00000, 0x000000070de00000|100%| E|CS|TAMS 0x000000070dc00000, 0x000000070dc00000| Complete 
| 111|0x000000070de00000, 0x000000070e000000, 0x000000070e000000|100%| E|CS|TAMS 0x000000070de00000, 0x000000070de00000| Complete 

Card table byte_map: [0x000001f4cb0a0000,0x000001f4cb8a0000] _byte_map_base: 0x000001f4c78a0000

Marking Bits (Prev, Next): (CMBitMap*) 0x000001f4b8437bf0, (CMBitMap*) 0x000001f4b8437c30
 Prev Bits: [0x000001f4cc0a0000, 0x000001f4d00a0000)
 Next Bits: [0x000001f4d00a0000, 0x000001f4d40a0000)

Polling page: 0x000001f4b6570000

Metaspace:

Usage:
  Non-class:    103.60 MB used.
      Class:     16.00 MB used.
       Both:    119.60 MB used.

Virtual space:
  Non-class space:      112.00 MB reserved,     103.94 MB ( 93%) committed,  14 nodes.
      Class space:        1.00 GB reserved,      16.31 MB (  2%) committed,  1 nodes.
             Both:        1.11 GB reserved,     120.25 MB ( 11%) committed. 

Chunk freelists:
   Non-Class:  3.67 MB
       Class:  3.62 MB
        Both:  7.30 MB

MaxMetaspaceSize: unlimited
CompressedClassSpaceSize: 1.00 GB
Initial GC threshold: 21.00 MB
Current GC threshold: 182.94 MB
CDS: off
MetaspaceReclaimPolicy: balanced
 - commit_granule_bytes: 65536.
 - commit_granule_words: 8192.
 - virtual_space_node_default_size: 1048576.
 - enlarge_chunks_in_place: 1.
 - new_chunks_are_fully_committed: 0.
 - uncommit_free_chunks: 1.
 - use_allocation_guard: 0.
 - handle_deallocations: 1.


Internal statistics:

num_allocs_failed_limit: 6.
num_arena_births: 1076.
num_arena_deaths: 4.
num_vsnodes_births: 15.
num_vsnodes_deaths: 0.
num_space_committed: 1923.
num_space_uncommitted: 0.
num_chunks_returned_to_freelist: 12.
num_chunks_taken_from_freelist: 5511.
num_chunk_merges: 9.
num_chunk_splits: 3729.
num_chunks_enlarged: 2581.
num_purges: 2.
num_inconsistent_stats: 0.

CodeHeap 'non-profiled nmethods': size=120000Kb used=7362Kb max_used=7410Kb free=112637Kb
 bounds [0x000001f4c3370000, 0x000001f4c3ac0000, 0x000001f4ca8a0000]
CodeHeap 'profiled nmethods': size=120000Kb used=26404Kb max_used=26434Kb free=93596Kb
 bounds [0x000001f4bb8a0000, 0x000001f4bd2b0000, 0x000001f4c2dd0000]
CodeHeap 'non-nmethods': size=5760Kb used=2471Kb max_used=2508Kb free=3288Kb
 bounds [0x000001f4c2dd0000, 0x000001f4c3050000, 0x000001f4c3370000]
 total_blobs=14049 nmethods=13039 adapters=921
 compilation: enabled
              stopped_count=0, restarted_count=0
 full_count=0

Compilation events (20 events):
Event: 99.266 Thread 0x000001f4d7056fd0 15704       3       com.android.tools.r8.internal.a4::<init> (11 bytes)
Event: 99.267 Thread 0x000001f4d7056fd0 nmethod 15704 0x000001f4bd135510 code [0x000001f4bd1356c0, 0x000001f4bd135958]
Event: 99.296 Thread 0x000001f4d7056fd0 15707       3       com.android.tools.r8.internal.xt::a (12 bytes)
Event: 99.296 Thread 0x000001f4d7056fd0 nmethod 15707 0x000001f4bb988590 code [0x000001f4bb988720, 0x000001f4bb988858]
Event: 99.297 Thread 0x000001f4d7056fd0 15708       3       com.google.common.base.NullnessCasts::uncheckedCastNullableTToT (2 bytes)
Event: 99.297 Thread 0x000001f4d7056fd0 nmethod 15708 0x000001f4bc615610 code [0x000001f4bc6157a0, 0x000001f4bc615898]
Event: 99.297 Thread 0x000001f4d7056fd0 15709   !   3       com.android.tools.r8.utils.X::b (116 bytes)
Event: 99.298 Thread 0x000001f4d7056fd0 nmethod 15709 0x000001f4bd127890 code [0x000001f4bd127b60, 0x000001f4bd128f68]
Event: 99.298 Thread 0x000001f4d7056fd0 15710       3       com.android.tools.r8.internal.t::next (33 bytes)
Event: 99.299 Thread 0x000001f4d7056fd0 nmethod 15710 0x000001f4bd134e90 code [0x000001f4bd135060, 0x000001f4bd1353f8]
Event: 99.351 Thread 0x000001f4d65c84c0 nmethod 15682 0x000001f4c34f0390 code [0x000001f4c34f0720, 0x000001f4c34f3140]
Event: 99.351 Thread 0x000001f4d65c84c0 15690       4       sun.invoke.util.VerifyAccess::isClassAccessible (230 bytes)
Event: 99.354 Thread 0x000001f4d7056fd0 15711       1       com.android.tools.r8.graph.j2::H0 (5 bytes)
Event: 99.354 Thread 0x000001f4d7056fd0 nmethod 15711 0x000001f4c399e090 code [0x000001f4c399e220, 0x000001f4c399e2f8]
Event: 99.354 Thread 0x000001f4d7056fd0 15712       3       com.android.tools.r8.graph.j2::a (12 bytes)
Event: 99.354 Thread 0x000001f4d7056fd0 nmethod 15712 0x000001f4bd134890 code [0x000001f4bd134a40, 0x000001f4bd134d28]
Event: 99.354 Thread 0x000001f4d7056fd0 15713       3       com.android.tools.r8.graph.j2::b (51 bytes)
Event: 99.355 Thread 0x000001f4d7056fd0 nmethod 15713 0x000001f4bd13a990 code [0x000001f4bd13ab40, 0x000001f4bd13ae58]
Event: 99.355 Thread 0x000001f4d7056fd0 15714       3       com.android.tools.r8.graph.v4$$Lambda$1948/0x0000000801053fc0::<init> (10 bytes)
Event: 99.355 Thread 0x000001f4d7056fd0 nmethod 15714 0x000001f4bc46dd10 code [0x000001f4bc46dea0, 0x000001f4bc46e058]

GC Heap History (20 events):
Event: 67.485 GC heap before
{Heap before GC invocations=57 (full 0):
 garbage-first heap   total 229376K, used 144164K [0x0000000700000000, 0x0000000800000000)
  region size 2048K, 9 young (18432K), 2 survivors (4096K)
 Metaspace       used 96786K, committed 97472K, reserved 1138688K
  class space    used 13024K, committed 13376K, reserved 1048576K
}
Event: 67.497 GC heap after
{Heap after GC invocations=58 (full 0):
 garbage-first heap   total 229376K, used 116465K [0x0000000700000000, 0x0000000800000000)
  region size 2048K, 1 young (2048K), 1 survivors (2048K)
 Metaspace       used 96786K, committed 97472K, reserved 1138688K
  class space    used 13024K, committed 13376K, reserved 1048576K
}
Event: 70.681 GC heap before
{Heap before GC invocations=58 (full 0):
 garbage-first heap   total 229376K, used 173809K [0x0000000700000000, 0x0000000800000000)
  region size 2048K, 30 young (61440K), 1 survivors (2048K)
 Metaspace       used 98389K, committed 99072K, reserved 1138688K
  class space    used 13179K, committed 13504K, reserved 1048576K
}
Event: 70.745 GC heap after
{Heap after GC invocations=59 (full 0):
 garbage-first heap   total 229376K, used 120286K [0x0000000700000000, 0x0000000800000000)
  region size 2048K, 3 young (6144K), 3 survivors (6144K)
 Metaspace       used 98389K, committed 99072K, reserved 1138688K
  class space    used 13179K, committed 13504K, reserved 1048576K
}
Event: 73.604 GC heap before
{Heap before GC invocations=60 (full 0):
 garbage-first heap   total 229376K, used 175582K [0x0000000700000000, 0x0000000800000000)
  region size 2048K, 31 young (63488K), 3 survivors (6144K)
 Metaspace       used 101929K, committed 102592K, reserved 1138688K
  class space    used 13652K, committed 14016K, reserved 1048576K
}
Event: 73.622 GC heap after
{Heap after GC invocations=61 (full 0):
 garbage-first heap   total 229376K, used 124071K [0x0000000700000000, 0x0000000800000000)
  region size 2048K, 4 young (8192K), 4 survivors (8192K)
 Metaspace       used 101929K, committed 102592K, reserved 1138688K
  class space    used 13652K, committed 14016K, reserved 1048576K
}
Event: 73.688 GC heap before
{Heap before GC invocations=61 (full 0):
 garbage-first heap   total 229376K, used 124071K [0x0000000700000000, 0x0000000800000000)
  region size 2048K, 5 young (10240K), 4 survivors (8192K)
 Metaspace       used 102043K, committed 102720K, reserved 1138688K
  class space    used 13667K, committed 14016K, reserved 1048576K
}
Event: 73.705 GC heap after
{Heap after GC invocations=62 (full 0):
 garbage-first heap   total 229376K, used 118497K [0x0000000700000000, 0x0000000800000000)
  region size 2048K, 1 young (2048K), 1 survivors (2048K)
 Metaspace       used 102043K, committed 102720K, reserved 1138688K
  class space    used 13667K, committed 14016K, reserved 1048576K
}
Event: 82.630 GC heap before
{Heap before GC invocations=62 (full 0):
 garbage-first heap   total 229376K, used 177889K [0x0000000700000000, 0x0000000800000000)
  region size 2048K, 31 young (63488K), 1 survivors (2048K)
 Metaspace       used 103371K, committed 104064K, reserved 1146880K
  class space    used 13834K, committed 14144K, reserved 1048576K
}
Event: 82.649 GC heap after
{Heap after GC invocations=63 (full 0):
 garbage-first heap   total 229376K, used 126751K [0x0000000700000000, 0x0000000800000000)
  region size 2048K, 4 young (8192K), 4 survivors (8192K)
 Metaspace       used 103371K, committed 104064K, reserved 1146880K
  class space    used 13834K, committed 14144K, reserved 1048576K
}
Event: 84.616 GC heap before
{Heap before GC invocations=64 (full 0):
 garbage-first heap   total 229376K, used 175903K [0x0000000700000000, 0x0000000800000000)
  region size 2048K, 31 young (63488K), 4 survivors (8192K)
 Metaspace       used 104882K, committed 105600K, reserved 1146880K
  class space    used 14007K, committed 14336K, reserved 1048576K
}
Event: 84.648 GC heap after
{Heap after GC invocations=65 (full 0):
 garbage-first heap   total 229376K, used 125880K [0x0000000700000000, 0x0000000800000000)
  region size 2048K, 3 young (6144K), 3 survivors (6144K)
 Metaspace       used 104882K, committed 105600K, reserved 1146880K
  class space    used 14007K, committed 14336K, reserved 1048576K
}
Event: 84.778 GC heap before
{Heap before GC invocations=65 (full 0):
 garbage-first heap   total 229376K, used 129976K [0x0000000700000000, 0x0000000800000000)
  region size 2048K, 5 young (10240K), 3 survivors (6144K)
 Metaspace       used 104895K, committed 105600K, reserved 1146880K
  class space    used 14007K, committed 14336K, reserved 1048576K
}
Event: 84.800 GC heap after
{Heap after GC invocations=66 (full 0):
 garbage-first heap   total 229376K, used 120641K [0x0000000700000000, 0x0000000800000000)
  region size 2048K, 1 young (2048K), 1 survivors (2048K)
 Metaspace       used 104895K, committed 105600K, reserved 1146880K
  class space    used 14007K, committed 14336K, reserved 1048576K
}
Event: 91.280 GC heap before
{Heap before GC invocations=66 (full 0):
 garbage-first heap   total 229376K, used 153409K [0x0000000700000000, 0x0000000800000000)
  region size 2048K, 19 young (38912K), 1 survivors (2048K)
 Metaspace       used 111668K, committed 112320K, reserved 1146880K
  class space    used 14870K, committed 15168K, reserved 1048576K
}
Event: 91.291 GC heap after
{Heap after GC invocations=67 (full 0):
 garbage-first heap   total 229376K, used 123309K [0x0000000700000000, 0x0000000800000000)
  region size 2048K, 2 young (4096K), 2 survivors (4096K)
 Metaspace       used 111668K, committed 112320K, reserved 1146880K
  class space    used 14870K, committed 15168K, reserved 1048576K
}
Event: 96.916 GC heap before
{Heap before GC invocations=68 (full 0):
 garbage-first heap   total 229376K, used 184749K [0x0000000700000000, 0x0000000800000000)
  region size 2048K, 31 young (63488K), 2 survivors (4096K)
 Metaspace       used 113995K, committed 114752K, reserved 1155072K
  class space    used 15163K, committed 15488K, reserved 1048576K
}
Event: 96.924 GC heap after
{Heap after GC invocations=69 (full 0):
 garbage-first heap   total 229376K, used 125799K [0x0000000700000000, 0x0000000800000000)
  region size 2048K, 2 young (4096K), 2 survivors (4096K)
 Metaspace       used 113995K, committed 114752K, reserved 1155072K
  class space    used 15163K, committed 15488K, reserved 1048576K
}
Event: 97.360 GC heap before
{Heap before GC invocations=69 (full 0):
 garbage-first heap   total 229376K, used 129895K [0x0000000700000000, 0x0000000800000000)
  region size 2048K, 5 young (10240K), 2 survivors (4096K)
 Metaspace       used 114886K, committed 115584K, reserved 1155072K
  class space    used 15296K, committed 15616K, reserved 1048576K
}
Event: 97.377 GC heap after
{Heap after GC invocations=70 (full 0):
 garbage-first heap   total 229376K, used 119160K [0x0000000700000000, 0x0000000800000000)
  region size 2048K, 1 young (2048K), 1 survivors (2048K)
 Metaspace       used 114886K, committed 115584K, reserved 1155072K
  class space    used 15296K, committed 15616K, reserved 1048576K
}

Dll operation events (2 events):
Event: 0.231 Loaded shared library E:\Apk Kuliah\Andro\jbr\bin\java.dll
Event: 1.612 Loaded shared library E:\Apk Kuliah\Andro\jbr\bin\verify.dll

Deoptimization events (20 events):
Event: 98.240 Thread 0x000001f4d967aa80 Uncommon trap: trap_request=0xffffffde fr.pc=0x000001f4c3a6ad24 relative=0x0000000000000184
Event: 98.240 Thread 0x000001f4d967aa80 Uncommon trap: reason=class_check action=maybe_recompile pc=0x000001f4c3a6ad24 method=java.util.concurrent.locks.AbstractQueuedSynchronizer.acquireShared(I)V @ 2 c2
Event: 98.240 Thread 0x000001f4d967aa80 DEOPT PACKING pc=0x000001f4c3a6ad24 sp=0x00000073f45fe930
Event: 98.240 Thread 0x000001f4d967aa80 DEOPT UNPACKING pc=0x000001f4c2e269a3 sp=0x00000073f45fe8f8 mode 2
Event: 98.240 Thread 0x000001f4d967aa80 Uncommon trap: trap_request=0xffffffde fr.pc=0x000001f4c3a6b330 relative=0x0000000000000190
Event: 98.240 Thread 0x000001f4d967aa80 Uncommon trap: reason=class_check action=maybe_recompile pc=0x000001f4c3a6b330 method=java.util.concurrent.locks.ReentrantReadWriteLock$Sync.tryAcquireShared(I)I @ 33 c2
Event: 98.240 Thread 0x000001f4d967aa80 DEOPT PACKING pc=0x000001f4c3a6b330 sp=0x00000073f45fe8c0
Event: 98.240 Thread 0x000001f4d967aa80 DEOPT UNPACKING pc=0x000001f4c2e269a3 sp=0x00000073f45fe870 mode 2
Event: 98.952 Thread 0x000001f4de86a280 Uncommon trap: trap_request=0xffffff45 fr.pc=0x000001f4c34c2b80 relative=0x0000000000000c20
Event: 98.952 Thread 0x000001f4de86a280 Uncommon trap: reason=unstable_if action=reinterpret pc=0x000001f4c34c2b80 method=java.util.WeakHashMap.remove(Ljava/lang/Object;)Ljava/lang/Object; @ 92 c2
Event: 98.952 Thread 0x000001f4de86a280 DEOPT PACKING pc=0x000001f4c34c2b80 sp=0x00000073f4bf7a20
Event: 98.952 Thread 0x000001f4de86a280 DEOPT UNPACKING pc=0x000001f4c2e269a3 sp=0x00000073f4bf79d0 mode 2
Event: 99.260 Thread 0x000001f4de86bf60 Uncommon trap: trap_request=0xffffff45 fr.pc=0x000001f4c38e3dc0 relative=0x00000000000000a0
Event: 99.260 Thread 0x000001f4de86a280 Uncommon trap: trap_request=0xffffff45 fr.pc=0x000001f4c38e3dc0 relative=0x00000000000000a0
Event: 99.260 Thread 0x000001f4de86bf60 Uncommon trap: reason=unstable_if action=reinterpret pc=0x000001f4c38e3dc0 method=com.android.tools.r8.utils.structural.s.a(Lcom/android/tools/r8/utils/structural/s;)Z @ 7 c2
Event: 99.260 Thread 0x000001f4de86a280 Uncommon trap: reason=unstable_if action=reinterpret pc=0x000001f4c38e3dc0 method=com.android.tools.r8.utils.structural.s.a(Lcom/android/tools/r8/utils/structural/s;)Z @ 7 c2
Event: 99.260 Thread 0x000001f4de86a280 DEOPT PACKING pc=0x000001f4c38e3dc0 sp=0x00000073f4bfd710
Event: 99.260 Thread 0x000001f4de86a280 DEOPT UNPACKING pc=0x000001f4c2e269a3 sp=0x00000073f4bfd648 mode 2
Event: 99.260 Thread 0x000001f4de86bf60 DEOPT PACKING pc=0x000001f4c38e3dc0 sp=0x00000073f4dfd740
Event: 99.260 Thread 0x000001f4de86bf60 DEOPT UNPACKING pc=0x000001f4c2e269a3 sp=0x00000073f4dfd678 mode 2

Classes unloaded (2 events):
Event: 62.816 Thread 0x000001f4d6566900 Unloading class 0x0000000800c6c000 'java/lang/invoke/LambdaForm$DMH+0x0000000800c6c000'
Event: 62.816 Thread 0x000001f4d6566900 Unloading class 0x0000000800c6c400 'java/lang/invoke/LambdaForm$DMH+0x0000000800c6c400'

Classes redefined (0 events):
No events

Internal exceptions (20 events):
Event: 96.356 Thread 0x000001f4de8663f0 Implicit null exception at 0x000001f4c390937c to 0x000001f4c390961c
Event: 96.733 Thread 0x000001f4d73b4060 Exception <a 'java/lang/NoSuchMethodError'{0x000000070a60baa0}: static Lorg/gradle/internal/build/event/types/DefaultJavaCompileTaskSuccessResult;.<clinit>()V> (0x000000070a60baa0) 
thrown [s\src\hotspot\share\prims\jni.cpp, line 1108]
Event: 97.085 Thread 0x000001f4de8663f0 Exception <a 'sun/nio/fs/WindowsException'{0x000000070dfa1918}> (0x000000070dfa1918) 
thrown [s\src\hotspot\share\prims\jni.cpp, line 517]
Event: 97.148 Thread 0x000001f4de8663f0 Exception <a 'java/lang/NoSuchMethodError'{0x000000070dc5c370}: static Lcom/android/build/gradle/internal/tasks/DexArchiveBuilderTaskDelegate$ClasspathServiceKey;.<clinit>()V> (0x000000070dc5c370) 
thrown [s\src\hotspot\share\prims\jni.cpp, line 1108]
Event: 97.436 Thread 0x000001f4de86a280 Exception <a 'sun/nio/fs/WindowsException'{0x000000070d60b588}> (0x000000070d60b588) 
thrown [s\src\hotspot\share\prims\jni.cpp, line 517]
Event: 98.062 Thread 0x000001f4de865f20 Exception <a 'java/lang/NoSuchMethodError'{0x000000070d0fe460}: 'java.lang.Object java.lang.invoke.DirectMethodHandle$Holder.invokeStaticInit(java.lang.Object, java.lang.Object, java.lang.Object, java.lang.Object, java.lang.Object, java.lang.Object, java.lang.Object, java.lang.Object, java.lang.Object, java.lang.Object, java.lang.Object, java.lang.Object, java.lang.Object, java.lang.Object, java.lang.Object, java.lang.Object, java.lang.Object, java.lang.Object, java.lang.Object, java.lang.Object, int, java
Event: 98.124 Thread 0x000001f4de86a280 Exception <a 'java/lang/IncompatibleClassChangeError'{0x000000070ce41ee0}: Found class java.lang.Object, but interface was expected> (0x000000070ce41ee0) 
thrown [s\src\hotspot\share\interpreter\linkResolver.cpp, line 838]
Event: 98.124 Thread 0x000001f4de86bf60 Exception <a 'java/lang/IncompatibleClassChangeError'{0x000000070ce68f60}: Found class java.lang.Object, but interface was expected> (0x000000070ce68f60) 
thrown [s\src\hotspot\share\interpreter\linkResolver.cpp, line 838]
Event: 98.124 Thread 0x000001f4de865f20 Exception <a 'java/lang/IncompatibleClassChangeError'{0x000000070d1c0500}: Found class java.lang.Object, but interface was expected> (0x000000070d1c0500) 
thrown [s\src\hotspot\share\interpreter\linkResolver.cpp, line 838]
Event: 98.854 Thread 0x000001f4de865f20 Exception <a 'java/lang/NoSuchMethodError'{0x000000070b9969c8}: 'void java.lang.invoke.DirectMethodHandle$Holder.invokeStatic(java.lang.Object, java.lang.Object, java.lang.Object, int)'> (0x000000070b9969c8) 
thrown [s\src\hotspot\share\interpreter\linkResolver.cpp, line 771]
Event: 98.855 Thread 0x000001f4de86bf60 Exception <a 'java/lang/NoSuchMethodError'{0x000000070b818ad8}: 'void java.lang.invoke.DirectMethodHandle$Holder.invokeStatic(java.lang.Object, java.lang.Object, java.lang.Object, int)'> (0x000000070b818ad8) 
thrown [s\src\hotspot\share\interpreter\linkResolver.cpp, line 771]
Event: 98.857 Thread 0x000001f4de86bf60 Exception <a 'java/lang/IncompatibleClassChangeError'{0x000000070b9fee90}: Found class java.lang.Object, but interface was expected> (0x000000070b9fee90) 
thrown [s\src\hotspot\share\interpreter\linkResolver.cpp, line 838]
Event: 98.857 Thread 0x000001f4de865f20 Exception <a 'java/lang/IncompatibleClassChangeError'{0x000000070b9a1b50}: Found class java.lang.Object, but interface was expected> (0x000000070b9a1b50) 
thrown [s\src\hotspot\share\interpreter\linkResolver.cpp, line 838]
Event: 98.864 Thread 0x000001f4de865f20 Exception <a 'java/lang/NoSuchMethodError'{0x000000070b9a5bc0}: 'void java.lang.invoke.DirectMethodHandle$Holder.invokeInterface(java.lang.Object, java.lang.Object, java.lang.Object, int)'> (0x000000070b9a5bc0) 
thrown [s\src\hotspot\share\interpreter\linkResolver.cpp, line 771]
Event: 98.864 Thread 0x000001f4de86bf60 Exception <a 'java/lang/NoSuchMethodError'{0x000000070b605228}: 'void java.lang.invoke.DirectMethodHandle$Holder.invokeInterface(java.lang.Object, java.lang.Object, java.lang.Object, int)'> (0x000000070b605228) 
thrown [s\src\hotspot\share\interpreter\linkResolver.cpp, line 771]
Event: 99.229 Thread 0x000001f4de86a280 Exception <a 'java/lang/NoSuchMethodError'{0x000000070aed6608}: 'java.lang.Object java.lang.invoke.DirectMethodHandle$Holder.invokeStatic(java.lang.Object, int, java.lang.Object, java.lang.Object)'> (0x000000070aed6608) 
thrown [s\src\hotspot\share\interpreter\linkResolver.cpp, line 771]
Event: 99.229 Thread 0x000001f4de86bf60 Exception <a 'java/lang/NoSuchMethodError'{0x000000070ae5c608}: 'java.lang.Object java.lang.invoke.DirectMethodHandle$Holder.invokeStatic(java.lang.Object, int, java.lang.Object, java.lang.Object)'> (0x000000070ae5c608) 
thrown [s\src\hotspot\share\interpreter\linkResolver.cpp, line 771]
Event: 99.233 Thread 0x000001f4de86bf60 Exception <a 'java/lang/NoSuchMethodError'{0x000000070aef2318}: 'java.lang.Object java.lang.invoke.DirectMethodHandle$Holder.invokeStatic(java.lang.Object, java.lang.Object, int, java.lang.Object, java.lang.Object)'> (0x000000070aef2318) 
thrown [s\src\hotspot\share\interpreter\linkResolver.cpp, line 771]
Event: 99.233 Thread 0x000001f4de865f20 Exception <a 'java/lang/NoSuchMethodError'{0x000000070ae80f68}: 'java.lang.Object java.lang.invoke.DirectMethodHandle$Holder.invokeStatic(java.lang.Object, java.lang.Object, int, java.lang.Object, java.lang.Object)'> (0x000000070ae80f68) 
thrown [s\src\hotspot\share\interpreter\linkResolver.cpp, line 771]
Event: 99.233 Thread 0x000001f4de86a280 Exception <a 'java/lang/NoSuchMethodError'{0x000000070aee47c8}: 'java.lang.Object java.lang.invoke.DirectMethodHandle$Holder.invokeStatic(java.lang.Object, java.lang.Object, int, java.lang.Object, java.lang.Object)'> (0x000000070aee47c8) 
thrown [s\src\hotspot\share\interpreter\linkResolver.cpp, line 771]

VM Operations (20 events):
Event: 97.360 Executing VM operation: G1CollectForAllocation
Event: 97.378 Executing VM operation: G1CollectForAllocation done
Event: 97.465 Executing VM operation: HandshakeAllThreads
Event: 97.465 Executing VM operation: HandshakeAllThreads done
Event: 97.601 Executing VM operation: HandshakeAllThreads
Event: 97.602 Executing VM operation: HandshakeAllThreads done
Event: 98.081 Executing VM operation: HandshakeAllThreads
Event: 98.081 Executing VM operation: HandshakeAllThreads done
Event: 98.279 Executing VM operation: HandshakeAllThreads
Event: 98.280 Executing VM operation: HandshakeAllThreads done
Event: 98.891 Executing VM operation: HandshakeAllThreads
Event: 98.891 Executing VM operation: HandshakeAllThreads done
Event: 98.891 Executing VM operation: Cleanup
Event: 98.894 Executing VM operation: Cleanup done
Event: 99.041 Executing VM operation: HandshakeAllThreads
Event: 99.042 Executing VM operation: HandshakeAllThreads done
Event: 99.369 Executing VM operation: HandshakeAllThreads
Event: 99.370 Executing VM operation: HandshakeAllThreads done
Event: 99.370 Executing VM operation: HandshakeAllThreads
Event: 99.370 Executing VM operation: HandshakeAllThreads done

Events (20 events):
Event: 99.407 Thread 0x000001f4d65ce4f0 flushing nmethod 0x000001f4bcb26990
Event: 99.422 Thread 0x000001f4d65ce4f0 flushing nmethod 0x000001f4bd16ea10
Event: 99.422 Thread 0x000001f4d65ce4f0 flushing nmethod 0x000001f4bd172390
Event: 99.422 Thread 0x000001f4d65ce4f0 flushing nmethod 0x000001f4bd176010
Event: 99.422 Thread 0x000001f4d65ce4f0 flushing nmethod 0x000001f4bd176490
Event: 99.422 Thread 0x000001f4d65ce4f0 flushing nmethod 0x000001f4bd19e090
Event: 99.422 Thread 0x000001f4d65ce4f0 flushing nmethod 0x000001f4bd1a0a90
Event: 99.423 Thread 0x000001f4d65ce4f0 flushing nmethod 0x000001f4bd1ad390
Event: 99.423 Thread 0x000001f4d65ce4f0 flushing nmethod 0x000001f4bd1bd010
Event: 99.423 Thread 0x000001f4d65ce4f0 flushing nmethod 0x000001f4bd1d8f90
Event: 99.423 Thread 0x000001f4d65ce4f0 flushing nmethod 0x000001f4bd1e9f10
Event: 99.423 Thread 0x000001f4d65ce4f0 flushing nmethod 0x000001f4bd1eb290
Event: 99.423 Thread 0x000001f4d65ce4f0 flushing nmethod 0x000001f4bd1f1090
Event: 99.423 Thread 0x000001f4d65ce4f0 flushing nmethod 0x000001f4bd1f1510
Event: 99.423 Thread 0x000001f4d65ce4f0 flushing nmethod 0x000001f4bd1fae10
Event: 99.423 Thread 0x000001f4d65ce4f0 flushing nmethod 0x000001f4bd208b90
Event: 99.423 Thread 0x000001f4d65ce4f0 flushing nmethod 0x000001f4bd20e490
Event: 99.423 Thread 0x000001f4d65ce4f0 flushing nmethod 0x000001f4bd212610
Event: 99.423 Thread 0x000001f4d65ce4f0 flushing nmethod 0x000001f4bd220610
Event: 99.423 Thread 0x000001f4d65ce4f0 flushing nmethod 0x000001f4bd220990


Dynamic libraries:
0x00007ff7d4d50000 - 0x00007ff7d4d5a000 	E:\Apk Kuliah\Andro\jbr\bin\java.exe
0x00007ffe71d50000 - 0x00007ffe71f48000 	C:\WINDOWS\SYSTEM32\ntdll.dll
0x00007ffe71210000 - 0x00007ffe712cd000 	C:\WINDOWS\System32\KERNEL32.DLL
0x00007ffe6f640000 - 0x00007ffe6f936000 	C:\WINDOWS\System32\KERNELBASE.dll
0x00007ffe6fa30000 - 0x00007ffe6fb30000 	C:\WINDOWS\System32\ucrtbase.dll
0x00007ffe40320000 - 0x00007ffe4033b000 	E:\Apk Kuliah\Andro\jbr\bin\VCRUNTIME140.dll
0x00007ffe4e6c0000 - 0x00007ffe4e6d7000 	E:\Apk Kuliah\Andro\jbr\bin\jli.dll
0x00007ffe71b00000 - 0x00007ffe71c9e000 	C:\WINDOWS\System32\USER32.dll
0x00007ffe6f9d0000 - 0x00007ffe6f9f2000 	C:\WINDOWS\System32\win32u.dll
0x00007ffe71400000 - 0x00007ffe7142c000 	C:\WINDOWS\System32\GDI32.dll
0x00007ffe5fda0000 - 0x00007ffe6003a000 	C:\WINDOWS\WinSxS\amd64_microsoft.windows.common-controls_6595b64144ccf1df_6.0.19041.3636_none_60b6a03d71f818d5\COMCTL32.dll
0x00007ffe6fb30000 - 0x00007ffe6fc4a000 	C:\WINDOWS\System32\gdi32full.dll
0x00007ffe6f480000 - 0x00007ffe6f51d000 	C:\WINDOWS\System32\msvcp_win.dll
0x00007ffe70160000 - 0x00007ffe701fe000 	C:\WINDOWS\System32\msvcrt.dll
0x00007ffe6fe60000 - 0x00007ffe6fe90000 	C:\WINDOWS\System32\IMM32.DLL
0x00007ffe48760000 - 0x00007ffe4876c000 	E:\Apk Kuliah\Andro\jbr\bin\vcruntime140_1.dll
0x00007ffe20980000 - 0x00007ffe20a0d000 	E:\Apk Kuliah\Andro\jbr\bin\msvcp140.dll
0x00007ffe47270000 - 0x00007ffe47ede000 	E:\Apk Kuliah\Andro\jbr\bin\server\jvm.dll
0x00007ffe6fdb0000 - 0x00007ffe6fe5f000 	C:\WINDOWS\System32\ADVAPI32.dll
0x00007ffe71090000 - 0x00007ffe7112c000 	C:\WINDOWS\System32\sechost.dll
0x00007ffe719d0000 - 0x00007ffe71af6000 	C:\WINDOWS\System32\RPCRT4.dll
0x00007ffe67330000 - 0x00007ffe67357000 	C:\WINDOWS\SYSTEM32\WINMM.dll
0x00007ffe5e030000 - 0x00007ffe5e039000 	C:\WINDOWS\SYSTEM32\WSOCK32.dll
0x00007ffe67320000 - 0x00007ffe6732a000 	C:\WINDOWS\SYSTEM32\VERSION.dll
0x00007ffe71ca0000 - 0x00007ffe71d0b000 	C:\WINDOWS\System32\WS2_32.dll
0x00007ffe6d2f0000 - 0x00007ffe6d302000 	C:\WINDOWS\SYSTEM32\kernel.appcore.dll
0x00007ffe5e020000 - 0x00007ffe5e02a000 	E:\Apk Kuliah\Andro\jbr\bin\jimage.dll
0x00007ffe63c00000 - 0x00007ffe63de4000 	C:\WINDOWS\SYSTEM32\DBGHELP.DLL
0x00007ffe5b6a0000 - 0x00007ffe5b6d4000 	C:\WINDOWS\SYSTEM32\dbgcore.DLL
0x00007ffe6f940000 - 0x00007ffe6f9c2000 	C:\WINDOWS\System32\bcryptPrimitives.dll
0x00007ffe4f280000 - 0x00007ffe4f2a5000 	E:\Apk Kuliah\Andro\jbr\bin\java.dll
0x00007ffe4ebd0000 - 0x00007ffe4ebe8000 	E:\Apk Kuliah\Andro\jbr\bin\zip.dll
0x00007ffe70200000 - 0x00007ffe70944000 	C:\WINDOWS\System32\SHELL32.dll
0x00007ffe6d4f0000 - 0x00007ffe6dc8b000 	C:\WINDOWS\SYSTEM32\windows.storage.dll
0x00007ffe70960000 - 0x00007ffe70cb4000 	C:\WINDOWS\System32\combase.dll
0x00007ffe6eda0000 - 0x00007ffe6edcd000 	C:\WINDOWS\SYSTEM32\Wldp.dll
0x00007ffe70cd0000 - 0x00007ffe70d7d000 	C:\WINDOWS\System32\SHCORE.dll
0x00007ffe70d80000 - 0x00007ffe70dd5000 	C:\WINDOWS\System32\shlwapi.dll
0x00007ffe6f360000 - 0x00007ffe6f385000 	C:\WINDOWS\SYSTEM32\profapi.dll
0x00007ffe4ebb0000 - 0x00007ffe4ebc9000 	E:\Apk Kuliah\Andro\jbr\bin\net.dll
0x00007ffe63930000 - 0x00007ffe63a3a000 	C:\WINDOWS\SYSTEM32\WINHTTP.dll
0x00007ffe6eb00000 - 0x00007ffe6eb6a000 	C:\WINDOWS\system32\mswsock.dll
0x00007ffe4eb90000 - 0x00007ffe4eba6000 	E:\Apk Kuliah\Andro\jbr\bin\nio.dll
0x00007ffe5e010000 - 0x00007ffe5e020000 	E:\Apk Kuliah\Andro\jbr\bin\verify.dll
0x00007ffe0a930000 - 0x00007ffe0a957000 	E:\Apk Kuliah\Andro\jbr\native\68d5fa5c4cc2d200863cafc0d521ce42e7d3e7ee720ec0a83991735586a16f82\windows-amd64\native-platform.dll
0x00007ffe12630000 - 0x00007ffe12774000 	E:\Apk Kuliah\Andro\jbr\native\e376f236ea51e6404a007f0833ffe2c6e607c4080706a723a18a27aeea778392\windows-amd64\native-platform-file-events.dll
0x00007ffe5ded0000 - 0x00007ffe5ded9000 	E:\Apk Kuliah\Andro\jbr\bin\management.dll
0x00007ffe5dea0000 - 0x00007ffe5deab000 	E:\Apk Kuliah\Andro\jbr\bin\management_ext.dll
0x00007ffe70950000 - 0x00007ffe70958000 	C:\WINDOWS\System32\PSAPI.DLL
0x00007ffe6ecf0000 - 0x00007ffe6ed08000 	C:\WINDOWS\SYSTEM32\CRYPTSP.dll
0x00007ffe6e430000 - 0x00007ffe6e464000 	C:\WINDOWS\system32\rsaenh.dll
0x00007ffe6fa00000 - 0x00007ffe6fa27000 	C:\WINDOWS\System32\bcrypt.dll
0x00007ffe6f320000 - 0x00007ffe6f34e000 	C:\WINDOWS\SYSTEM32\USERENV.dll
0x00007ffe6ed10000 - 0x00007ffe6ed1c000 	C:\WINDOWS\SYSTEM32\CRYPTBASE.dll
0x00007ffe6e7f0000 - 0x00007ffe6e82b000 	C:\WINDOWS\SYSTEM32\IPHLPAPI.DLL
0x00007ffe700c0000 - 0x00007ffe700c8000 	C:\WINDOWS\System32\NSI.dll
0x00007ffe63bc0000 - 0x00007ffe63bd7000 	C:\WINDOWS\SYSTEM32\dhcpcsvc6.DLL
0x00007ffe64e60000 - 0x00007ffe64e7d000 	C:\WINDOWS\SYSTEM32\dhcpcsvc.DLL
0x00007ffe6e830000 - 0x00007ffe6e8fa000 	C:\WINDOWS\SYSTEM32\DNSAPI.dll
0x00007ffe5a630000 - 0x00007ffe5a637000 	C:\WINDOWS\system32\wshunix.dll
0x00007ffe5d970000 - 0x00007ffe5d97a000 	C:\Windows\System32\rasadhlp.dll
0x00007ffe5ddc0000 - 0x00007ffe5de40000 	C:\WINDOWS\System32\fwpuclnt.dll
0x00007ffe6e550000 - 0x00007ffe6e583000 	C:\WINDOWS\SYSTEM32\ntmarta.dll

dbghelp: loaded successfully - version: 4.0.5 - missing functions: none
symbol engine: initialized successfully - sym options: 0x614 - pdb path: .;E:\Apk Kuliah\Andro\jbr\bin;C:\WINDOWS\SYSTEM32;C:\WINDOWS\WinSxS\amd64_microsoft.windows.common-controls_6595b64144ccf1df_6.0.19041.3636_none_60b6a03d71f818d5;E:\Apk Kuliah\Andro\jbr\bin\server;E:\Apk Kuliah\Andro\jbr\native\68d5fa5c4cc2d200863cafc0d521ce42e7d3e7ee720ec0a83991735586a16f82\windows-amd64;E:\Apk Kuliah\Andro\jbr\native\e376f236ea51e6404a007f0833ffe2c6e607c4080706a723a18a27aeea778392\windows-amd64

VM Arguments:
jvm_args: --add-opens=java.base/java.util=ALL-UNNAMED --add-opens=java.base/java.lang=ALL-UNNAMED --add-opens=java.base/java.lang.invoke=ALL-UNNAMED --add-opens=java.prefs/java.util.prefs=ALL-UNNAMED --add-opens=java.base/java.nio.charset=ALL-UNNAMED --add-opens=java.base/java.net=ALL-UNNAMED --add-opens=java.base/java.util.concurrent.atomic=ALL-UNNAMED -Xmx4096m -Dfile.encoding=UTF-8 -Duser.country=GB -Duser.language=en -Duser.variant 
java_command: org.gradle.launcher.daemon.bootstrap.GradleDaemon 8.0
java_class_path (initial): E:\Apk Kuliah\Andro\jbr\wrapper\dists\gradle-8.0-bin\ca5e32bp14vu59qr306oxotwh\gradle-8.0\lib\gradle-launcher-8.0.jar
Launcher Type: SUN_STANDARD

[Global flags]
     intx CICompilerCount                          = 3                                         {product} {ergonomic}
     uint ConcGCThreads                            = 1                                         {product} {ergonomic}
     uint G1ConcRefinementThreads                  = 4                                         {product} {ergonomic}
   size_t G1HeapRegionSize                         = 2097152                                   {product} {ergonomic}
    uintx GCDrainStackTargetSize                   = 64                                        {product} {ergonomic}
   size_t InitialHeapSize                          = 100663296                                 {product} {ergonomic}
   size_t MarkStackSize                            = 4194304                                   {product} {ergonomic}
   size_t MaxHeapSize                              = 4294967296                                {product} {command line}
   size_t MaxNewSize                               = 2575302656                                {product} {ergonomic}
   size_t MinHeapDeltaBytes                        = 2097152                                   {product} {ergonomic}
   size_t MinHeapSize                              = 8388608                                   {product} {ergonomic}
    uintx NonNMethodCodeHeapSize                   = 5832780                                {pd product} {ergonomic}
    uintx NonProfiledCodeHeapSize                  = 122912730                              {pd product} {ergonomic}
    uintx ProfiledCodeHeapSize                     = 122912730                              {pd product} {ergonomic}
    uintx ReservedCodeCacheSize                    = 251658240                              {pd product} {ergonomic}
     bool SegmentedCodeCache                       = true                                      {product} {ergonomic}
   size_t SoftMaxHeapSize                          = 4294967296                             {manageable} {ergonomic}
     bool UseCompressedClassPointers               = true                           {product lp64_product} {ergonomic}
     bool UseCompressedOops                        = true                           {product lp64_product} {ergonomic}
     bool UseG1GC                                  = true                                      {product} {ergonomic}
     bool UseLargePagesIndividualAllocation        = false                                  {pd product} {ergonomic}

Logging:
Log output configuration:
 #0: stdout all=warning uptime,level,tags
 #1: stderr all=off uptime,level,tags

Environment Variables:
PATH=C:\ProgramData\Oracle\Java\javapath;C:\WINDOWS\system32;C:\WINDOWS;C:\WINDOWS\System32\Wbem;C:\WINDOWS\System32\WindowsPowerShell\v1.0\;C:\WINDOWS\System32\OpenSSH\;C:\Program Files\dotnet\;C:\Program Files\Git\cmd;C:\Program Files\GitHub CLI\;C:\Program Files\Java\jdk1.8.0_111\bin;C:\Users\LENOVO\AppData\Local\Programs\Python\Python310\Scripts\;C:\Users\LENOVO\AppData\Local\Programs\Python\Python310\;C:\Users\LENOVO\AppData\Local\Microsoft\WindowsApps;C:\Users\LENOVO\AppData\Local\Programs\Microsoft VS Code\bin;C:\Users\LENOVO\.dotnet\tools;C:\Users\LENOVO\AppData\Local\GitHubDesktop\bin
USERNAME=YEOVIL
OS=Windows_NT
PROCESSOR_IDENTIFIER=AMD64 Family 23 Model 24 Stepping 1, AuthenticAMD
TMP=C:\Users\LENOVO\AppData\Local\Temp
TEMP=C:\Users\LENOVO\AppData\Local\Temp


JNI global refs:
JNI global refs: 26, weak refs: 5

JNI global refs memory usage: 843, weak refs: 841


---------------  S Y S T E M  ---------------

OS:
 Windows 10 , 64 bit Build 19041 (10.0.19041.3636)
OS uptime: 0 days 6:22 hours

CPU: total 4 (initial active 4) (4 cores per cpu, 2 threads per core) family 23 model 24 stepping 1 microcode 0x0, cx8, cmov, fxsr, ht, mmx, 3dnowpref, sse, sse2, sse3, ssse3, sse4a, sse4.1, sse4.2, popcnt, lzcnt, tsc, tscinvbit, avx, avx2, aes, clmul, bmi1, bmi2, adx, sha, fma, vzeroupper, clflush, clflushopt

Memory: 4k page, system-wide physical 6020M (123M free)
TotalPageFile size 14212M (AvailPageFile size 2M)
current process WorkingSet (physical memory assigned to process): 356M, peak: 398M
current process commit charge ("private bytes"): 545M, peak: 546M

vm_info: OpenJDK 64-Bit Server VM (17.0.6+0-b2043.56-10027231) for windows-amd64 JRE (17.0.6+0-b2043.56-10027231), built on Apr 28 2023 00:43:19 by "androidbuild" with MS VC++ 16.10 / 16.11 (VS2019)

END.
