#
# There is insufficient memory for the Java Runtime Environment to continue.
# Native memory allocation (mmap) failed to map 65536 bytes for Failed to commit metaspace.
# Possible reasons:
#   The system is out of physical RAM or swap space
#   The process is running with CompressedOops enabled, and the Java Heap may be blocking the growth of the native heap
# Possible solutions:
#   Reduce memory load on the system
#   Increase physical memory or swap space
#   Check if swap backing store is full
#   Decrease Java heap size (-Xmx/-Xms)
#   Decrease number of Java threads
#   Decrease Java thread stack sizes (-Xss)
#   Set larger code cache with -XX:ReservedCodeCacheSize=
#   JVM is running with Zero Based Compressed Oops mode in which the Java heap is
#     placed in the first 32GB address space. The Java Heap base address is the
#     maximum limit for the native heap growth. Please use -XX:HeapBaseMinAddress
#     to set the Java Heap base and to place the Java Heap above 32GB virtual address.
# This output file may be truncated or incomplete.
#
#  Out of Memory Error (virtualSpaceNode.cpp:110), pid=6592, tid=9864
#
# JRE version: OpenJDK Runtime Environment (17.0.6) (build 17.0.6+0-b2043.56-10027231)
# Java VM: OpenJDK 64-Bit Server VM (17.0.6+0-b2043.56-10027231, mixed mode, tiered, compressed oops, compressed class ptrs, g1 gc, windows-amd64)
# No core dump will be written. Minidumps are not enabled by default on client versions of Windows
#

---------------  S U M M A R Y ------------

Command Line: --add-opens=java.base/java.util=ALL-UNNAMED --add-opens=java.base/java.lang=ALL-UNNAMED --add-opens=java.base/java.lang.invoke=ALL-UNNAMED --add-opens=java.prefs/java.util.prefs=ALL-UNNAMED --add-opens=java.base/java.nio.charset=ALL-UNNAMED --add-opens=java.base/java.net=ALL-UNNAMED --add-opens=java.base/java.util.concurrent.atomic=ALL-UNNAMED -Xmx4096m -Dfile.encoding=UTF-8 -Duser.country=GB -Duser.language=en -Duser.variant org.gradle.launcher.daemon.bootstrap.GradleDaemon 8.0

Host: AMD Ryzen 3 3250U with Radeon Graphics         , 4 cores, 5G,  Windows 10 , 64 bit Build 19041 (10.0.19041.3636)
Time: Sun Dec 17 19:38:25 2023 Russia TZ 8 Standard Time elapsed time: 48.011750 seconds (0d 0h 0m 48s)

---------------  T H R E A D  ---------------

Current thread (0x00000233d5882080):  JavaThread "Execution worker Thread 3" [_thread_in_vm, id=9864, stack(0x000000e929100000,0x000000e929200000)]

Stack: [0x000000e929100000,0x000000e929200000]
Native frames: (J=compiled Java code, j=interpreted, Vv=VM code, C=native code)
V  [jvm.dll+0x683c9a]
V  [jvm.dll+0x8427a4]
V  [jvm.dll+0x843f9e]
V  [jvm.dll+0x844603]
V  [jvm.dll+0x249b75]
V  [jvm.dll+0x83e7fb]
V  [jvm.dll+0x628006]
V  [jvm.dll+0x1c194e]
V  [jvm.dll+0x62a941]
V  [jvm.dll+0x6289a6]
V  [jvm.dll+0x3707f2]
V  [jvm.dll+0x1e565b]
V  [jvm.dll+0x548016]
V  [jvm.dll+0x7bd3d5]
V  [jvm.dll+0x7bd4ee]
V  [jvm.dll+0x41182a]
V  [jvm.dll+0x4179a9]
C  [java.dll+0x17ec]

Java frames: (J=compiled Java code, j=interpreted, Vv=VM code)
J 799  java.lang.ClassLoader.defineClass1(Ljava/lang/ClassLoader;Ljava/lang/String;[BIILjava/security/ProtectionDomain;Ljava/lang/String;)Ljava/lang/Class; java.base@17.0.6 (0 bytes) @ 0x00000233c1023563 [0x00000233c10234a0+0x00000000000000c3]
J 1203 c1 java.lang.ClassLoader.defineClass(Ljava/lang/String;[BIILjava/security/ProtectionDomain;)Ljava/lang/Class; java.base@17.0.6 (43 bytes) @ 0x00000233b978b35c [0x00000233b978b000+0x000000000000035c]
J 6979 c1 java.security.SecureClassLoader.defineClass(Ljava/lang/String;[BIILjava/security/CodeSource;)Ljava/lang/Class; java.base@17.0.6 (16 bytes) @ 0x00000233b9e39e0c [0x00000233b9e39d40+0x00000000000000cc]
J 7573 c2 java.net.URLClassLoader.findClass(Ljava/lang/String;)Ljava/lang/Class; java.base@17.0.6 (47 bytes) @ 0x00000233c1320fd4 [0x00000233c13208e0+0x00000000000006f4]
J 9105 c1 java.lang.ClassLoader.loadClass(Ljava/lang/String;Z)Ljava/lang/Class; java.base@17.0.6 (121 bytes) @ 0x00000233ba5407f4 [0x00000233ba540240+0x00000000000005b4]
J 9105 c1 java.lang.ClassLoader.loadClass(Ljava/lang/String;Z)Ljava/lang/Class; java.base@17.0.6 (121 bytes) @ 0x00000233ba5405c4 [0x00000233ba540240+0x0000000000000384]
J 6461 c2 java.lang.ClassLoader.loadClass(Ljava/lang/String;)Ljava/lang/Class; java.base@17.0.6 (7 bytes) @ 0x00000233c1310b40 [0x00000233c1310b00+0x0000000000000040]
v  ~StubRoutines::call_stub
j  org.gradle.tooling.internal.provider.runner.TaskOperationMapper.toTaskResult(Lorg/gradle/api/internal/TaskInternal;Lorg/gradle/internal/operations/OperationFinishEvent;)Lorg/gradle/internal/build/event/types/AbstractTaskResult;+165
j  org.gradle.tooling.internal.provider.runner.TaskOperationMapper.createFinishedEvent(Lorg/gradle/internal/build/event/types/DefaultTaskDescriptor;Lorg/gradle/api/internal/tasks/execution/ExecuteTaskBuildOperationDetails;Lorg/gradle/internal/operations/OperationFinishEvent;)Lorg/gradle/tooling/internal/protocol/events/InternalOperationFinishedProgressEvent;+13
j  org.gradle.tooling.internal.provider.runner.TaskOperationMapper.createFinishedEvent(Lorg/gradle/tooling/internal/protocol/events/InternalOperationDescriptor;Ljava/lang/Object;Lorg/gradle/internal/operations/OperationFinishEvent;)Lorg/gradle/tooling/internal/protocol/events/InternalOperationFinishedProgressEvent;+10
j  org.gradle.tooling.internal.provider.runner.ClientBuildEventGenerator$EnabledOperation.generateFinishEvent(Lorg/gradle/internal/operations/BuildOperationDescriptor;Lorg/gradle/internal/operations/OperationFinishEvent;)V+17
J 12519 c2 org.gradle.tooling.internal.provider.runner.ClientBuildEventGenerator.finished(Lorg/gradle/internal/operations/BuildOperationDescriptor;Lorg/gradle/internal/operations/OperationFinishEvent;)V (128 bytes) @ 0x00000233c1506968 [0x00000233c1506720+0x0000000000000248]
J 5851 c1 org.gradle.internal.operations.DefaultBuildOperationListenerManager$ProgressShieldingBuildOperationListener.finished(Lorg/gradle/internal/operations/BuildOperationDescriptor;Lorg/gradle/internal/operations/OperationFinishEvent;)V (26 bytes) @ 0x00000233ba0506c4 [0x00000233ba0504c0+0x0000000000000204]
J 7159 c1 org.gradle.internal.operations.DefaultBuildOperationListenerManager$1.finished(Lorg/gradle/internal/operations/BuildOperationDescriptor;Lorg/gradle/internal/operations/OperationFinishEvent;)V (48 bytes) @ 0x00000233b99a60c4 [0x00000233b99a5d00+0x00000000000003c4]
J 7156 c1 org.gradle.internal.operations.DefaultBuildOperationExecutor$ListenerAdapter.stop(Lorg/gradle/internal/operations/BuildOperationDescriptor;Lorg/gradle/internal/operations/BuildOperationState;Lorg/gradle/internal/operations/BuildOperationState;Lorg/gradle/internal/operations/DefaultBuildOperationRunner$ReadableBuildOperationContext;)V (92 bytes) @ 0x00000233b99a771c [0x00000233b99a7040+0x00000000000006dc]
J 7155 c1 org.gradle.internal.operations.DefaultBuildOperationRunner$BuildOperationTrackingListener.stop(Lorg/gradle/internal/operations/BuildOperationDescriptor;Lorg/gradle/internal/operations/BuildOperationState;Lorg/gradle/internal/operations/BuildOperationState;Lorg/gradle/internal/operations/DefaultBuildOperationRunner$ReadableBuildOperationContext;)V (36 bytes) @ 0x00000233b9b6fb1c [0x00000233b9b6fa00+0x000000000000011c]
J 7752 c1 org.gradle.internal.operations.DefaultBuildOperationRunner$2.execute(Lorg/gradle/internal/operations/BuildOperationDescriptor;Lorg/gradle/internal/operations/BuildOperationState;Lorg/gradle/internal/operations/BuildOperationState;Lorg/gradle/internal/operations/DefaultBuildOperationRunner$ReadableBuildOperationContext;Lorg/gradle/internal/operations/DefaultBuildOperationRunner$BuildOperationExecutionListener;)Lorg/gradle/internal/operations/BuildOperation; (110 bytes) @ 0x00000233ba246bf4 [0x00000233ba2467c0+0x0000000000000434]
J 7751 c1 org.gradle.internal.operations.DefaultBuildOperationRunner$2.execute(Lorg/gradle/internal/operations/BuildOperationDescriptor;Lorg/gradle/internal/operations/BuildOperationState;Lorg/gradle/internal/operations/BuildOperationState;Lorg/gradle/internal/operations/DefaultBuildOperationRunner$ReadableBuildOperationContext;Lorg/gradle/internal/operations/DefaultBuildOperationRunner$BuildOperationExecutionListener;)Ljava/lang/Object; (12 bytes) @ 0x00000233ba246414 [0x00000233ba2463a0+0x0000000000000074]
J 7461 c1 org.gradle.internal.operations.DefaultBuildOperationRunner.execute(Lorg/gradle/internal/operations/BuildOperationDescriptor$Builder;Lorg/gradle/internal/operations/BuildOperationState;Lorg/gradle/internal/operations/DefaultBuildOperationRunner$BuildOperationExecution;)Ljava/lang/Object; (147 bytes) @ 0x00000233b9544934 [0x00000233b9543d60+0x0000000000000bd4]
J 7152 c1 org.gradle.internal.operations.DefaultBuildOperationRunner.execute(Lorg/gradle/internal/operations/BuildOperation;Lorg/gradle/internal/operations/BuildOperationWorker;Lorg/gradle/internal/operations/BuildOperationState;)V (23 bytes) @ 0x00000233b9b7098c [0x00000233b9b706e0+0x00000000000002ac]
J 10127 c1 org.gradle.internal.operations.DefaultBuildOperationRunner.call(Lorg/gradle/internal/operations/CallableBuildOperation;)Ljava/lang/Object; (24 bytes) @ 0x00000233ba73465c [0x00000233ba734180+0x00000000000004dc]
J 10126 c1 org.gradle.internal.operations.DefaultBuildOperationExecutor.call(Lorg/gradle/internal/operations/CallableBuildOperation;)Ljava/lang/Object; (11 bytes) @ 0x00000233ba733dcc [0x00000233ba733cc0+0x000000000000010c]
j  org.gradle.api.internal.tasks.execution.EventFiringTaskExecuter.execute(Lorg/gradle/api/internal/TaskInternal;Lorg/gradle/api/internal/tasks/TaskStateInternal;Lorg/gradle/api/internal/tasks/TaskExecutionContext;)Lorg/gradle/api/internal/tasks/TaskExecuterResult;+15
j  org.gradle.execution.plan.LocalTaskNodeExecutor.execute(Lorg/gradle/execution/plan/Node;Lorg/gradle/api/internal/tasks/NodeExecutionContext;)Z+87
j  org.gradle.execution.taskgraph.DefaultTaskExecutionGraph$InvokeNodeExecutorsAction.execute(Lorg/gradle/execution/plan/Node;)V+46
j  org.gradle.execution.taskgraph.DefaultTaskExecutionGraph$InvokeNodeExecutorsAction.execute(Ljava/lang/Object;)V+5
j  org.gradle.execution.taskgraph.DefaultTaskExecutionGraph$BuildOperationAwareExecutionAction.execute(Lorg/gradle/execution/plan/Node;)V+22
j  org.gradle.execution.taskgraph.DefaultTaskExecutionGraph$BuildOperationAwareExecutionAction.execute(Ljava/lang/Object;)V+5
j  org.gradle.execution.plan.DefaultPlanExecutor$ExecutorWorker.execute(Ljava/lang/Object;Lorg/gradle/execution/plan/WorkSource;Lorg/gradle/api/Action;)V+14
j  org.gradle.execution.plan.DefaultPlanExecutor$ExecutorWorker.run()V+75
J 5894 c1 org.gradle.internal.concurrent.ExecutorPolicy$CatchAndRecordFailures.onExecute(Ljava/lang/Runnable;)V (29 bytes) @ 0x00000233ba06505c [0x00000233ba064f40+0x000000000000011c]
J 6097 c1 org.gradle.internal.concurrent.ManagedExecutorImpl$1.run()V (57 bytes) @ 0x00000233ba0aab44 [0x00000233ba0aaa60+0x00000000000000e4]
j  java.util.concurrent.ThreadPoolExecutor.runWorker(Ljava/util/concurrent/ThreadPoolExecutor$Worker;)V+92 java.base@17.0.6
j  java.util.concurrent.ThreadPoolExecutor$Worker.run()V+5 java.base@17.0.6
j  java.lang.Thread.run()V+11 java.base@17.0.6
v  ~StubRoutines::call_stub

---------------  P R O C E S S  ---------------

Threads class SMR info:
_java_thread_list=0x00000233d5b6ab20, length=90, elements={
0x00000233b603bc90, 0x00000233d4c13a20, 0x00000233d4c16a30, 0x00000233d4c214c0,
0x00000233d423dc80, 0x00000233d423e540, 0x00000233d4c33010, 0x00000233d4c34940,
0x00000233d4c35240, 0x00000233d4c35f40, 0x00000233d4ddb010, 0x00000233d4ddc900,
0x00000233d67bfed0, 0x00000233d59003d0, 0x00000233d60710a0, 0x00000233d66d5840,
0x00000233d716a950, 0x00000233d701c2c0, 0x00000233d701c790, 0x00000233d701b920,
0x00000233d701cc60, 0x00000233d701af80, 0x00000233d701d130, 0x00000233d701bdf0,
0x00000233d701aab0, 0x00000233d701a5e0, 0x00000233d701b450, 0x00000233d701d600,
0x00000233d701dad0, 0x00000233d701a110, 0x00000233d7584650, 0x00000233d7584b20,
0x00000233d75807c0, 0x00000233d7580c90, 0x00000233d7581b00, 0x00000233d757eae0,
0x00000233d7584180, 0x00000233d7581fd0, 0x00000233d7585e60, 0x00000233d757f950,
0x00000233d7582e40, 0x00000233d7584ff0, 0x00000233d7583310, 0x00000233d757e610,
0x00000233d75837e0, 0x00000233d75854c0, 0x00000233d7585990, 0x00000233d757fe20,
0x00000233d757efb0, 0x00000233d56ef3c0, 0x00000233d56ed6e0, 0x00000233d56edbb0,
0x00000233d56ef890, 0x00000233d56eb530, 0x00000233d56ee550, 0x00000233d56f0230,
0x00000233d56ed210, 0x00000233d56ec3a0, 0x00000233d56f1f10, 0x00000233d56eea20,
0x00000233d56ebed0, 0x00000233d56ec870, 0x00000233d56efd60, 0x00000233d56ecd40,
0x00000233d56ea6c0, 0x00000233d56ee080, 0x00000233d56f10a0, 0x00000233d56eeef0,
0x00000233d56f1570, 0x00000233d56eab90, 0x00000233d56f0700, 0x00000233d56f0bd0,
0x00000233d56f1a40, 0x00000233d56eb060, 0x00000233d56eba00, 0x00000233d5883890,
0x00000233d5882550, 0x00000233d5880d40, 0x00000233d587d850, 0x00000233d58833c0,
0x00000233d5880870, 0x00000233d587f530, 0x00000233d5881bb0, 0x00000233d5881210,
0x00000233d5882080, 0x00000233d5883d60, 0x00000233d58816e0, 0x00000233d5882ef0,
0x00000233d587c510, 0x00000233d587c9e0
}

Java Threads: ( => current thread )
  0x00000233b603bc90 JavaThread "main" [_thread_blocked, id=10328, stack(0x000000e923100000,0x000000e923200000)]
  0x00000233d4c13a20 JavaThread "Reference Handler" daemon [_thread_blocked, id=10288, stack(0x000000e923800000,0x000000e923900000)]
  0x00000233d4c16a30 JavaThread "Finalizer" daemon [_thread_blocked, id=5552, stack(0x000000e923900000,0x000000e923a00000)]
  0x00000233d4c214c0 JavaThread "Signal Dispatcher" daemon [_thread_blocked, id=9704, stack(0x000000e923a00000,0x000000e923b00000)]
  0x00000233d423dc80 JavaThread "Attach Listener" daemon [_thread_blocked, id=1856, stack(0x000000e923b00000,0x000000e923c00000)]
  0x00000233d423e540 JavaThread "Service Thread" daemon [_thread_blocked, id=2848, stack(0x000000e923c00000,0x000000e923d00000)]
  0x00000233d4c33010 JavaThread "Monitor Deflation Thread" daemon [_thread_blocked, id=9448, stack(0x000000e923d00000,0x000000e923e00000)]
  0x00000233d4c34940 JavaThread "C2 CompilerThread0" daemon [_thread_blocked, id=5992, stack(0x000000e923e00000,0x000000e923f00000)]
  0x00000233d4c35240 JavaThread "C1 CompilerThread0" daemon [_thread_in_vm, id=10676, stack(0x000000e923f00000,0x000000e924000000)]
  0x00000233d4c35f40 JavaThread "Sweeper thread" daemon [_thread_blocked, id=11136, stack(0x000000e924000000,0x000000e924100000)]
  0x00000233d4ddb010 JavaThread "Common-Cleaner" daemon [_thread_blocked, id=11080, stack(0x000000e924100000,0x000000e924200000)]
  0x00000233d4ddc900 JavaThread "Notification Thread" daemon [_thread_blocked, id=12084, stack(0x000000e924200000,0x000000e924300000)]
  0x00000233d67bfed0 JavaThread "Daemon health stats" [_thread_blocked, id=10516, stack(0x000000e924700000,0x000000e924800000)]
  0x00000233d59003d0 JavaThread "Incoming local TCP Connector on port 50996" [_thread_in_native, id=4048, stack(0x000000e924800000,0x000000e924900000)]
  0x00000233d60710a0 JavaThread "Daemon periodic checks" [_thread_blocked, id=9812, stack(0x000000e924900000,0x000000e924a00000)]
  0x00000233d66d5840 JavaThread "Daemon" [_thread_blocked, id=10492, stack(0x000000e924a00000,0x000000e924b00000)]
  0x00000233d716a950 JavaThread "Handler for socket connection from /127.0.0.1:50996 to /127.0.0.1:50997" [_thread_in_native, id=8148, stack(0x000000e924b00000,0x000000e924c00000)]
  0x00000233d701c2c0 JavaThread "Cancel handler" [_thread_blocked, id=1408, stack(0x000000e924c00000,0x000000e924d00000)]
  0x00000233d701c790 JavaThread "Daemon worker" [_thread_blocked, id=10416, stack(0x000000e924d00000,0x000000e924e00000)]
  0x00000233d701b920 JavaThread "Asynchronous log dispatcher for DefaultDaemonConnection: socket connection from /127.0.0.1:50996 to /127.0.0.1:50997" [_thread_blocked, id=10332, stack(0x000000e924e00000,0x000000e924f00000)]
  0x00000233d701cc60 JavaThread "Stdin handler" [_thread_blocked, id=2620, stack(0x000000e924f00000,0x000000e925000000)]
  0x00000233d701af80 JavaThread "Daemon client event forwarder" [_thread_blocked, id=10432, stack(0x000000e925000000,0x000000e925100000)]
  0x00000233d701d130 JavaThread "Cache worker for journal cache (E:\Apk Kuliah\Andro\jbr\caches\journal-1)" [_thread_blocked, id=10524, stack(0x000000e925100000,0x000000e925200000)]
  0x00000233d701bdf0 JavaThread "File lock request listener" [_thread_in_native, id=9364, stack(0x000000e925200000,0x000000e925300000)]
  0x00000233d701aab0 JavaThread "Cache worker for file hash cache (E:\Apk Kuliah\Andro\jbr\caches\8.0\fileHashes)" [_thread_blocked, id=9696, stack(0x000000e925300000,0x000000e925400000)]
  0x00000233d701a5e0 JavaThread "File watcher server" daemon [_thread_in_native, id=12280, stack(0x000000e925400000,0x000000e925500000)]
  0x00000233d701b450 JavaThread "File watcher consumer" daemon [_thread_blocked, id=8444, stack(0x000000e925500000,0x000000e925600000)]
  0x00000233d701d600 JavaThread "Cache worker for checksums cache (E:\Andro Projek\SispakKehamilan\.gradle\8.0\checksums)" [_thread_blocked, id=12500, stack(0x000000e925600000,0x000000e925700000)]
  0x00000233d701dad0 JavaThread "Cache worker for cache directory md-rule (E:\Apk Kuliah\Andro\jbr\caches\8.0\md-rule)" [_thread_blocked, id=10396, stack(0x000000e925700000,0x000000e925800000)]
  0x00000233d701a110 JavaThread "Cache worker for file content cache (E:\Apk Kuliah\Andro\jbr\caches\8.0\fileContent)" [_thread_blocked, id=11232, stack(0x000000e925800000,0x000000e925900000)]
  0x00000233d7584650 JavaThread "Cache worker for file hash cache (E:\Andro Projek\SispakKehamilan\.gradle\8.0\fileHashes)" [_thread_blocked, id=4428, stack(0x000000e925900000,0x000000e925a00000)]
  0x00000233d7584b20 JavaThread "Cache worker for cache directory md-supplier (E:\Apk Kuliah\Andro\jbr\caches\8.0\md-supplier)" [_thread_blocked, id=10916, stack(0x000000e925a00000,0x000000e925b00000)]
  0x00000233d75807c0 JavaThread "Cache worker for execution history cache (E:\Apk Kuliah\Andro\jbr\caches\8.0\executionHistory)" [_thread_blocked, id=12572, stack(0x000000e925b00000,0x000000e925c00000)]
  0x00000233d7580c90 JavaThread "jar transforms" [_thread_blocked, id=5704, stack(0x000000e925c00000,0x000000e925d00000)]
  0x00000233d7581b00 JavaThread "jar transforms Thread 2" [_thread_blocked, id=2984, stack(0x000000e925d00000,0x000000e925e00000)]
  0x00000233d757eae0 JavaThread "jar transforms Thread 3" [_thread_blocked, id=2016, stack(0x000000e925e00000,0x000000e925f00000)]
  0x00000233d7584180 JavaThread "jar transforms Thread 4" [_thread_blocked, id=12676, stack(0x000000e925f00000,0x000000e926000000)]
  0x00000233d7581fd0 JavaThread "Cache worker for dependencies-accessors (E:\Andro Projek\SispakKehamilan\.gradle\8.0\dependencies-accessors)" [_thread_blocked, id=11236, stack(0x000000e926000000,0x000000e926100000)]
  0x00000233d7585e60 JavaThread "Cache worker for Build Output Cleanup Cache (E:\Andro Projek\SispakKehamilan\.gradle\buildOutputCleanup)" [_thread_blocked, id=12884, stack(0x000000e926100000,0x000000e926200000)]
  0x00000233d757f950 JavaThread "Unconstrained build operations" [_thread_blocked, id=13196, stack(0x000000e926300000,0x000000e926400000)]
  0x00000233d7582e40 JavaThread "Unconstrained build operations Thread 2" [_thread_blocked, id=6604, stack(0x000000e926400000,0x000000e926500000)]
  0x00000233d7584ff0 JavaThread "Unconstrained build operations Thread 3" [_thread_blocked, id=10632, stack(0x000000e926500000,0x000000e926600000)]
  0x00000233d7583310 JavaThread "Unconstrained build operations Thread 4" [_thread_blocked, id=13288, stack(0x000000e926600000,0x000000e926700000)]
  0x00000233d757e610 JavaThread "Unconstrained build operations Thread 5" [_thread_blocked, id=10892, stack(0x000000e926700000,0x000000e926800000)]
  0x00000233d75837e0 JavaThread "Unconstrained build operations Thread 6" [_thread_blocked, id=11040, stack(0x000000e926800000,0x000000e926900000)]
  0x00000233d75854c0 JavaThread "Unconstrained build operations Thread 7" [_thread_blocked, id=6264, stack(0x000000e926900000,0x000000e926a00000)]
  0x00000233d7585990 JavaThread "Unconstrained build operations Thread 8" [_thread_blocked, id=10268, stack(0x000000e926a00000,0x000000e926b00000)]
  0x00000233d757fe20 JavaThread "Unconstrained build operations Thread 9" [_thread_blocked, id=10936, stack(0x000000e926b00000,0x000000e926c00000)]
  0x00000233d757efb0 JavaThread "Unconstrained build operations Thread 10" [_thread_blocked, id=11016, stack(0x000000e926c00000,0x000000e926d00000)]
  0x00000233d56ef3c0 JavaThread "Unconstrained build operations Thread 11" [_thread_blocked, id=8216, stack(0x000000e926d00000,0x000000e926e00000)]
  0x00000233d56ed6e0 JavaThread "Unconstrained build operations Thread 12" [_thread_blocked, id=11860, stack(0x000000e926e00000,0x000000e926f00000)]
  0x00000233d56edbb0 JavaThread "Unconstrained build operations Thread 13" [_thread_blocked, id=11832, stack(0x000000e926f00000,0x000000e927000000)]
  0x00000233d56ef890 JavaThread "Unconstrained build operations Thread 14" [_thread_blocked, id=5836, stack(0x000000e927000000,0x000000e927100000)]
  0x00000233d56eb530 JavaThread "Unconstrained build operations Thread 15" [_thread_blocked, id=10324, stack(0x000000e927100000,0x000000e927200000)]
  0x00000233d56ee550 JavaThread "Unconstrained build operations Thread 16" [_thread_blocked, id=6244, stack(0x000000e927200000,0x000000e927300000)]
  0x00000233d56f0230 JavaThread "Unconstrained build operations Thread 17" [_thread_blocked, id=1468, stack(0x000000e927300000,0x000000e927400000)]
  0x00000233d56ed210 JavaThread "Unconstrained build operations Thread 18" [_thread_blocked, id=12508, stack(0x000000e927400000,0x000000e927500000)]
  0x00000233d56ec3a0 JavaThread "Unconstrained build operations Thread 19" [_thread_blocked, id=12440, stack(0x000000e927500000,0x000000e927600000)]
  0x00000233d56f1f10 JavaThread "Unconstrained build operations Thread 20" [_thread_blocked, id=9612, stack(0x000000e927600000,0x000000e927700000)]
  0x00000233d56eea20 JavaThread "Unconstrained build operations Thread 21" [_thread_blocked, id=11104, stack(0x000000e927700000,0x000000e927800000)]
  0x00000233d56ebed0 JavaThread "Unconstrained build operations Thread 22" [_thread_blocked, id=11096, stack(0x000000e927800000,0x000000e927900000)]
  0x00000233d56ec870 JavaThread "Unconstrained build operations Thread 23" [_thread_blocked, id=7936, stack(0x000000e927900000,0x000000e927a00000)]
  0x00000233d56efd60 JavaThread "Unconstrained build operations Thread 24" [_thread_blocked, id=12444, stack(0x000000e927a00000,0x000000e927b00000)]
  0x00000233d56ecd40 JavaThread "Unconstrained build operations Thread 25" [_thread_blocked, id=12408, stack(0x000000e927b00000,0x000000e927c00000)]
  0x00000233d56ea6c0 JavaThread "Unconstrained build operations Thread 26" [_thread_blocked, id=12308, stack(0x000000e927c00000,0x000000e927d00000)]
  0x00000233d56ee080 JavaThread "Unconstrained build operations Thread 27" [_thread_blocked, id=12404, stack(0x000000e927d00000,0x000000e927e00000)]
  0x00000233d56f10a0 JavaThread "Unconstrained build operations Thread 28" [_thread_blocked, id=12392, stack(0x000000e927e00000,0x000000e927f00000)]
  0x00000233d56eeef0 JavaThread "Unconstrained build operations Thread 29" [_thread_blocked, id=12436, stack(0x000000e927f00000,0x000000e928000000)]
  0x00000233d56f1570 JavaThread "Unconstrained build operations Thread 30" [_thread_blocked, id=10644, stack(0x000000e928000000,0x000000e928100000)]
  0x00000233d56eab90 JavaThread "Unconstrained build operations Thread 31" [_thread_blocked, id=256, stack(0x000000e928100000,0x000000e928200000)]
  0x00000233d56f0700 JavaThread "Unconstrained build operations Thread 32" [_thread_blocked, id=12600, stack(0x000000e928200000,0x000000e928300000)]
  0x00000233d56f0bd0 JavaThread "Unconstrained build operations Thread 33" [_thread_blocked, id=12564, stack(0x000000e928300000,0x000000e928400000)]
  0x00000233d56f1a40 JavaThread "Unconstrained build operations Thread 34" [_thread_blocked, id=12532, stack(0x000000e928400000,0x000000e928500000)]
  0x00000233d56eb060 JavaThread "Unconstrained build operations Thread 35" [_thread_blocked, id=12468, stack(0x000000e928500000,0x000000e928600000)]
  0x00000233d56eba00 JavaThread "Unconstrained build operations Thread 36" [_thread_blocked, id=6340, stack(0x000000e928600000,0x000000e928700000)]
  0x00000233d5883890 JavaThread "Unconstrained build operations Thread 37" [_thread_blocked, id=4764, stack(0x000000e928700000,0x000000e928800000)]
  0x00000233d5882550 JavaThread "Unconstrained build operations Thread 38" [_thread_blocked, id=10992, stack(0x000000e928800000,0x000000e928900000)]
  0x00000233d5880d40 JavaThread "Unconstrained build operations Thread 39" [_thread_blocked, id=3120, stack(0x000000e928900000,0x000000e928a00000)]
  0x00000233d587d850 JavaThread "Unconstrained build operations Thread 40" [_thread_blocked, id=4964, stack(0x000000e928a00000,0x000000e928b00000)]
  0x00000233d58833c0 JavaThread "build event listener" [_thread_blocked, id=11944, stack(0x000000e928b00000,0x000000e928c00000)]
  0x00000233d5880870 JavaThread "Memory manager" [_thread_blocked, id=13180, stack(0x000000e928c00000,0x000000e928d00000)]
  0x00000233d587f530 JavaThread "included builds" [_thread_blocked, id=8700, stack(0x000000e928e00000,0x000000e928f00000)]
  0x00000233d5881bb0 JavaThread "Execution worker" [_thread_blocked, id=10648, stack(0x000000e928f00000,0x000000e929000000)]
  0x00000233d5881210 JavaThread "Execution worker Thread 2" [_thread_blocked, id=3052, stack(0x000000e929000000,0x000000e929100000)]
=>0x00000233d5882080 JavaThread "Execution worker Thread 3" [_thread_in_vm, id=9864, stack(0x000000e929100000,0x000000e929200000)]
  0x00000233d5883d60 JavaThread "Cache worker for execution history cache (E:\Andro Projek\SispakKehamilan\.gradle\8.0\executionHistory)" [_thread_blocked, id=12608, stack(0x000000e929200000,0x000000e929300000)]
  0x00000233d58816e0 JavaThread "WorkerExecutor Queue" [_thread_blocked, id=12692, stack(0x000000e929600000,0x000000e929700000)]
  0x00000233d5882ef0 JavaThread "WorkerExecutor Queue Thread 2" [_thread_blocked, id=12192, stack(0x000000e929700000,0x000000e929800000)]
  0x00000233d587c510 JavaThread "WorkerExecutor Queue Thread 3" [_thread_blocked, id=12424, stack(0x000000e929800000,0x000000e929900000)]
  0x00000233d587c9e0 JavaThread "WorkerExecutor Queue Thread 4" [_thread_blocked, id=12428, stack(0x000000e929900000,0x000000e929a00000)]

Other Threads:
  0x00000233d4225890 VMThread "VM Thread" [stack: 0x000000e923700000,0x000000e923800000] [id=10744]
  0x00000233b60c0c30 WatcherThread [stack: 0x000000e924300000,0x000000e924400000] [id=12716]
  0x00000233b60a7760 GCTaskThread "GC Thread#0" [stack: 0x000000e923200000,0x000000e923300000] [id=11044]
  0x00000233d51e1b60 GCTaskThread "GC Thread#1" [stack: 0x000000e924400000,0x000000e924500000] [id=10908]
  0x00000233d5056a90 GCTaskThread "GC Thread#2" [stack: 0x000000e924500000,0x000000e924600000] [id=11956]
  0x00000233d5c0cd50 GCTaskThread "GC Thread#3" [stack: 0x000000e924600000,0x000000e924700000] [id=9900]
  0x00000233b60b8d50 ConcurrentGCThread "G1 Main Marker" [stack: 0x000000e923300000,0x000000e923400000] [id=12008]
  0x00000233b60b9670 ConcurrentGCThread "G1 Conc#0" [stack: 0x000000e923400000,0x000000e923500000] [id=12132]
  0x00000233d407b120 ConcurrentGCThread "G1 Refine#0" [stack: 0x000000e923500000,0x000000e923600000] [id=5724]
  0x00000233d5145c90 ConcurrentGCThread "G1 Refine#1" [stack: 0x000000e929300000,0x000000e929400000] [id=12528]
  0x00000233d5146250 ConcurrentGCThread "G1 Refine#2" [stack: 0x000000e929400000,0x000000e929500000] [id=12420]
  0x00000233d51425f0 ConcurrentGCThread "G1 Refine#3" [stack: 0x000000e929500000,0x000000e929600000] [id=12696]
  0x00000233d407ca60 ConcurrentGCThread "G1 Service" [stack: 0x000000e923600000,0x000000e923700000] [id=7020]

Threads with active compile tasks:
C1 CompilerThread0    48067 13083       3       com.google.common.collect.RegularImmutableMap::createKeySet (9 bytes)

VM state: not at safepoint (normal execution)

VM Mutex/Monitor currently owned by a thread:  ([mutex/lock_event])
[0x00000233b60330e0] Metaspace_lock - owner thread: 0x00000233d5882080
[0x00000233b6036010] MethodData_lock - owner thread: 0x00000233d4c35240

Heap address: 0x0000000700000000, size: 4096 MB, Compressed Oops mode: Zero based, Oop shift amount: 3

CDS archive(s) not mapped
Compressed class space mapped at: 0x0000000800000000-0x0000000840000000, reserved size: 1073741824
Narrow klass base: 0x0000000800000000, Narrow klass shift: 0, Narrow klass range: 0x40000000

GC Precious Log:
 CPUs: 4 total, 4 available
 Memory: 6020M
 Large Page Support: Disabled
 NUMA Support: Disabled
 Compressed Oops: Enabled (Zero based)
 Heap Region Size: 2M
 Heap Min Capacity: 8M
 Heap Initial Capacity: 96M
 Heap Max Capacity: 4G
 Pre-touch: Disabled
 Parallel Workers: 4
 Concurrent Workers: 1
 Concurrent Refinement Workers: 4
 Periodic GC: Disabled

Heap:
 garbage-first heap   total 331776K, used 226316K [0x0000000700000000, 0x0000000800000000)
  region size 2048K, 56 young (114688K), 2 survivors (4096K)
 Metaspace       used 102959K, committed 103616K, reserved 1146880K
  class space    used 13785K, committed 14080K, reserved 1048576K

Heap Regions: E=young(eden), S=young(survivor), O=old, HS=humongous(starts), HC=humongous(continues), CS=collection set, F=free, OA=open archive, CA=closed archive, TAMS=top-at-mark-start (previous, next)
|   0|0x0000000700000000, 0x0000000700200000, 0x0000000700200000|100%| O|  |TAMS 0x0000000700200000, 0x0000000700000000| Untracked 
|   1|0x0000000700200000, 0x0000000700400000, 0x0000000700400000|100%|HS|  |TAMS 0x0000000700400000, 0x0000000700200000| Complete 
|   2|0x0000000700400000, 0x0000000700600000, 0x0000000700600000|100%|HC|  |TAMS 0x0000000700600000, 0x0000000700400000| Complete 
|   3|0x0000000700600000, 0x0000000700800000, 0x0000000700800000|100%| O|  |TAMS 0x0000000700800000, 0x0000000700600000| Untracked 
|   4|0x0000000700800000, 0x0000000700a00000, 0x0000000700a00000|100%| O|  |TAMS 0x0000000700a00000, 0x0000000700800000| Untracked 
|   5|0x0000000700a00000, 0x0000000700c00000, 0x0000000700c00000|100%| O|  |TAMS 0x0000000700c00000, 0x0000000700a00000| Untracked 
|   6|0x0000000700c00000, 0x0000000700e00000, 0x0000000700e00000|100%| O|  |TAMS 0x0000000700e00000, 0x0000000700c00000| Untracked 
|   7|0x0000000700e00000, 0x0000000701000000, 0x0000000701000000|100%| O|  |TAMS 0x0000000701000000, 0x0000000700e00000| Untracked 
|   8|0x0000000701000000, 0x0000000701200000, 0x0000000701200000|100%| O|  |TAMS 0x0000000701200000, 0x0000000701000000| Untracked 
|   9|0x0000000701200000, 0x0000000701400000, 0x0000000701400000|100%| O|  |TAMS 0x0000000701400000, 0x0000000701200000| Untracked 
|  10|0x0000000701400000, 0x0000000701600000, 0x0000000701600000|100%| O|  |TAMS 0x0000000701600000, 0x0000000701400000| Untracked 
|  11|0x0000000701600000, 0x0000000701800000, 0x0000000701800000|100%| O|  |TAMS 0x0000000701800000, 0x0000000701600000| Untracked 
|  12|0x0000000701800000, 0x0000000701a00000, 0x0000000701a00000|100%| O|  |TAMS 0x0000000701a00000, 0x0000000701800000| Untracked 
|  13|0x0000000701a00000, 0x0000000701c00000, 0x0000000701c00000|100%| O|  |TAMS 0x0000000701c00000, 0x0000000701a00000| Untracked 
|  14|0x0000000701c00000, 0x0000000701e00000, 0x0000000701e00000|100%| O|  |TAMS 0x0000000701e00000, 0x0000000701c00000| Untracked 
|  15|0x0000000701e00000, 0x0000000702000000, 0x0000000702000000|100%| O|  |TAMS 0x0000000702000000, 0x0000000701e00000| Untracked 
|  16|0x0000000702000000, 0x0000000702200000, 0x0000000702200000|100%| O|  |TAMS 0x0000000702200000, 0x0000000702000000| Untracked 
|  17|0x0000000702200000, 0x0000000702400000, 0x0000000702400000|100%| O|  |TAMS 0x0000000702400000, 0x0000000702200000| Untracked 
|  18|0x0000000702400000, 0x0000000702600000, 0x0000000702600000|100%| O|  |TAMS 0x0000000702600000, 0x0000000702400000| Untracked 
|  19|0x0000000702600000, 0x0000000702800000, 0x0000000702800000|100%| O|  |TAMS 0x0000000702800000, 0x0000000702600000| Untracked 
|  20|0x0000000702800000, 0x0000000702a00000, 0x0000000702a00000|100%| O|  |TAMS 0x0000000702a00000, 0x0000000702800000| Untracked 
|  21|0x0000000702a00000, 0x0000000702c00000, 0x0000000702c00000|100%| O|  |TAMS 0x0000000702c00000, 0x0000000702a00000| Untracked 
|  22|0x0000000702c00000, 0x0000000702e00000, 0x0000000702e00000|100%|HS|  |TAMS 0x0000000702e00000, 0x0000000702c00000| Complete 
|  23|0x0000000702e00000, 0x0000000703000000, 0x0000000703000000|100%|HC|  |TAMS 0x0000000703000000, 0x0000000702e00000| Complete 
|  24|0x0000000703000000, 0x0000000703200000, 0x0000000703200000|100%| O|  |TAMS 0x0000000703200000, 0x0000000703000000| Untracked 
|  25|0x0000000703200000, 0x0000000703400000, 0x0000000703400000|100%| O|  |TAMS 0x0000000703400000, 0x0000000703200000| Untracked 
|  26|0x0000000703400000, 0x0000000703600000, 0x0000000703600000|100%| O|  |TAMS 0x0000000703600000, 0x0000000703400000| Untracked 
|  27|0x0000000703600000, 0x0000000703800000, 0x0000000703800000|100%| O|  |TAMS 0x0000000703600000, 0x0000000703600000| Untracked 
|  28|0x0000000703800000, 0x00000007039ffff8, 0x0000000703a00000| 99%| O|  |TAMS 0x0000000703800000, 0x0000000703800000| Untracked 
|  29|0x0000000703a00000, 0x0000000703c00000, 0x0000000703c00000|100%| O|  |TAMS 0x0000000703c00000, 0x0000000703a00000| Untracked 
|  30|0x0000000703c00000, 0x0000000703e00000, 0x0000000703e00000|100%| O|  |TAMS 0x0000000703e00000, 0x0000000703c00000| Untracked 
|  31|0x0000000703e00000, 0x0000000704000000, 0x0000000704000000|100%| O|  |TAMS 0x0000000704000000, 0x0000000703e00000| Untracked 
|  32|0x0000000704000000, 0x0000000704200000, 0x0000000704200000|100%| O|  |TAMS 0x0000000704200000, 0x0000000704000000| Untracked 
|  33|0x0000000704200000, 0x0000000704400000, 0x0000000704400000|100%| O|  |TAMS 0x0000000704400000, 0x0000000704200000| Untracked 
|  34|0x0000000704400000, 0x0000000704600000, 0x0000000704600000|100%| O|  |TAMS 0x0000000704469c00, 0x0000000704400000| Untracked 
|  35|0x0000000704600000, 0x0000000704800000, 0x0000000704800000|100%| O|  |TAMS 0x0000000704600000, 0x0000000704600000| Untracked 
|  36|0x0000000704800000, 0x0000000704a00000, 0x0000000704a00000|100%| O|  |TAMS 0x0000000704800000, 0x0000000704800000| Untracked 
|  37|0x0000000704a00000, 0x0000000704c00000, 0x0000000704c00000|100%| O|  |TAMS 0x0000000704a00000, 0x0000000704a00000| Untracked 
|  38|0x0000000704c00000, 0x0000000704e00000, 0x0000000704e00000|100%| O|  |TAMS 0x0000000704c00000, 0x0000000704c00000| Untracked 
|  39|0x0000000704e00000, 0x0000000705000000, 0x0000000705000000|100%| O|  |TAMS 0x0000000704e00000, 0x0000000704e00000| Untracked 
|  40|0x0000000705000000, 0x0000000705200000, 0x0000000705200000|100%| O|  |TAMS 0x0000000705000000, 0x0000000705000000| Untracked 
|  41|0x0000000705200000, 0x0000000705400000, 0x0000000705400000|100%| O|  |TAMS 0x0000000705200000, 0x0000000705200000| Untracked 
|  42|0x0000000705400000, 0x0000000705600000, 0x0000000705600000|100%| O|  |TAMS 0x0000000705400000, 0x0000000705400000| Untracked 
|  43|0x0000000705600000, 0x0000000705600000, 0x0000000705800000|  0%| F|  |TAMS 0x0000000705600000, 0x0000000705600000| Untracked 
|  44|0x0000000705800000, 0x0000000705a00000, 0x0000000705a00000|100%| O|  |TAMS 0x0000000705800000, 0x0000000705800000| Untracked 
|  45|0x0000000705a00000, 0x0000000705c00000, 0x0000000705c00000|100%| O|  |TAMS 0x0000000705a00000, 0x0000000705a00000| Untracked 
|  46|0x0000000705c00000, 0x0000000705e00000, 0x0000000705e00000|100%| O|  |TAMS 0x0000000705c00000, 0x0000000705c00000| Untracked 
|  47|0x0000000705e00000, 0x0000000706000000, 0x0000000706000000|100%| O|  |TAMS 0x0000000705e00000, 0x0000000705e00000| Untracked 
|  48|0x0000000706000000, 0x0000000706200000, 0x0000000706200000|100%| O|  |TAMS 0x0000000706000000, 0x0000000706000000| Untracked 
|  49|0x0000000706200000, 0x0000000706400000, 0x0000000706400000|100%| O|  |TAMS 0x0000000706200000, 0x0000000706200000| Untracked 
|  50|0x0000000706400000, 0x0000000706600000, 0x0000000706600000|100%| O|  |TAMS 0x0000000706400000, 0x0000000706400000| Untracked 
|  51|0x0000000706600000, 0x0000000706800000, 0x0000000706800000|100%| O|  |TAMS 0x0000000706600000, 0x0000000706600000| Untracked 
|  52|0x0000000706800000, 0x0000000706a00000, 0x0000000706a00000|100%| O|  |TAMS 0x0000000706800000, 0x0000000706800000| Untracked 
|  53|0x0000000706a00000, 0x0000000706a00000, 0x0000000706c00000|  0%| F|  |TAMS 0x0000000706a00000, 0x0000000706a00000| Untracked 
|  54|0x0000000706c00000, 0x0000000706c00000, 0x0000000706e00000|  0%| F|  |TAMS 0x0000000706c00000, 0x0000000706c00000| Untracked 
|  55|0x0000000706e00000, 0x0000000706e00000, 0x0000000707000000|  0%| F|  |TAMS 0x0000000706e00000, 0x0000000706e00000| Untracked 
|  56|0x0000000707000000, 0x0000000707200000, 0x0000000707200000|100%| O|  |TAMS 0x0000000707000000, 0x0000000707000000| Untracked 
|  57|0x0000000707200000, 0x0000000707200000, 0x0000000707400000|  0%| F|  |TAMS 0x0000000707200000, 0x0000000707200000| Untracked 
|  58|0x0000000707400000, 0x0000000707400000, 0x0000000707600000|  0%| F|  |TAMS 0x0000000707400000, 0x0000000707400000| Untracked 
|  59|0x0000000707600000, 0x0000000707600000, 0x0000000707800000|  0%| F|  |TAMS 0x0000000707600000, 0x0000000707600000| Untracked 
|  60|0x0000000707800000, 0x0000000707800000, 0x0000000707a00000|  0%| F|  |TAMS 0x0000000707800000, 0x0000000707800000| Untracked 
|  61|0x0000000707a00000, 0x0000000707a00000, 0x0000000707c00000|  0%| F|  |TAMS 0x0000000707a00000, 0x0000000707a00000| Untracked 
|  62|0x0000000707c00000, 0x0000000707e00000, 0x0000000707e00000|100%| O|  |TAMS 0x0000000707c00000, 0x0000000707c00000| Untracked 
|  63|0x0000000707e00000, 0x0000000707e00000, 0x0000000708000000|  0%| F|  |TAMS 0x0000000707e00000, 0x0000000707e00000| Untracked 
|  64|0x0000000708000000, 0x0000000708000000, 0x0000000708200000|  0%| F|  |TAMS 0x0000000708000000, 0x0000000708000000| Untracked 
|  65|0x0000000708200000, 0x0000000708200000, 0x0000000708400000|  0%| F|  |TAMS 0x0000000708200000, 0x0000000708200000| Untracked 
|  66|0x0000000708400000, 0x0000000708600000, 0x0000000708600000|100%| O|  |TAMS 0x0000000708400000, 0x0000000708400000| Untracked 
|  67|0x0000000708600000, 0x0000000708800000, 0x0000000708800000|100%| O|  |TAMS 0x0000000708600000, 0x0000000708600000| Untracked 
|  68|0x0000000708800000, 0x0000000708990a00, 0x0000000708a00000| 78%| O|  |TAMS 0x0000000708800000, 0x0000000708800000| Untracked 
|  69|0x0000000708a00000, 0x0000000708a00000, 0x0000000708c00000|  0%| F|  |TAMS 0x0000000708a00000, 0x0000000708a00000| Untracked 
|  70|0x0000000708c00000, 0x0000000708c00000, 0x0000000708e00000|  0%| F|  |TAMS 0x0000000708c00000, 0x0000000708c00000| Untracked 
|  71|0x0000000708e00000, 0x0000000708e00000, 0x0000000709000000|  0%| F|  |TAMS 0x0000000708e00000, 0x0000000708e00000| Untracked 
|  72|0x0000000709000000, 0x0000000709000000, 0x0000000709200000|  0%| F|  |TAMS 0x0000000709000000, 0x0000000709000000| Untracked 
|  73|0x0000000709200000, 0x0000000709372638, 0x0000000709400000| 72%| S|CS|TAMS 0x0000000709200000, 0x0000000709200000| Complete 
|  74|0x0000000709400000, 0x0000000709400000, 0x0000000709600000|  0%| F|  |TAMS 0x0000000709400000, 0x0000000709400000| Untracked 
|  75|0x0000000709600000, 0x0000000709600000, 0x0000000709800000|  0%| F|  |TAMS 0x0000000709600000, 0x0000000709600000| Untracked 
|  76|0x0000000709800000, 0x0000000709a00000, 0x0000000709a00000|100%| S|CS|TAMS 0x0000000709800000, 0x0000000709800000| Complete 
|  77|0x0000000709a00000, 0x0000000709a00000, 0x0000000709c00000|  0%| F|  |TAMS 0x0000000709a00000, 0x0000000709a00000| Untracked 
|  78|0x0000000709c00000, 0x0000000709c00000, 0x0000000709e00000|  0%| F|  |TAMS 0x0000000709c00000, 0x0000000709c00000| Untracked 
|  79|0x0000000709e00000, 0x0000000709e00000, 0x000000070a000000|  0%| F|  |TAMS 0x0000000709e00000, 0x0000000709e00000| Untracked 
|  80|0x000000070a000000, 0x000000070a000000, 0x000000070a200000|  0%| F|  |TAMS 0x000000070a000000, 0x000000070a000000| Untracked 
|  81|0x000000070a200000, 0x000000070a200000, 0x000000070a400000|  0%| F|  |TAMS 0x000000070a200000, 0x000000070a200000| Untracked 
|  82|0x000000070a400000, 0x000000070a400000, 0x000000070a600000|  0%| F|  |TAMS 0x000000070a400000, 0x000000070a400000| Untracked 
|  83|0x000000070a600000, 0x000000070a600000, 0x000000070a800000|  0%| F|  |TAMS 0x000000070a600000, 0x000000070a600000| Untracked 
|  84|0x000000070a800000, 0x000000070a800000, 0x000000070aa00000|  0%| F|  |TAMS 0x000000070a800000, 0x000000070a800000| Untracked 
|  85|0x000000070aa00000, 0x000000070aa00000, 0x000000070ac00000|  0%| F|  |TAMS 0x000000070aa00000, 0x000000070aa00000| Untracked 
|  86|0x000000070ac00000, 0x000000070ac00000, 0x000000070ae00000|  0%| F|  |TAMS 0x000000070ac00000, 0x000000070ac00000| Untracked 
|  87|0x000000070ae00000, 0x000000070ae00000, 0x000000070b000000|  0%| F|  |TAMS 0x000000070ae00000, 0x000000070ae00000| Untracked 
|  88|0x000000070b000000, 0x000000070b000000, 0x000000070b200000|  0%| F|  |TAMS 0x000000070b000000, 0x000000070b000000| Untracked 
|  89|0x000000070b200000, 0x000000070b200000, 0x000000070b400000|  0%| F|  |TAMS 0x000000070b200000, 0x000000070b200000| Untracked 
|  90|0x000000070b400000, 0x000000070b400000, 0x000000070b600000|  0%| F|  |TAMS 0x000000070b400000, 0x000000070b400000| Untracked 
|  91|0x000000070b600000, 0x000000070b600000, 0x000000070b800000|  0%| F|  |TAMS 0x000000070b600000, 0x000000070b600000| Untracked 
|  92|0x000000070b800000, 0x000000070b800000, 0x000000070ba00000|  0%| F|  |TAMS 0x000000070b800000, 0x000000070b800000| Untracked 
|  93|0x000000070ba00000, 0x000000070ba00000, 0x000000070bc00000|  0%| F|  |TAMS 0x000000070ba00000, 0x000000070ba00000| Untracked 
|  94|0x000000070bc00000, 0x000000070bc00000, 0x000000070be00000|  0%| F|  |TAMS 0x000000070bc00000, 0x000000070bc00000| Untracked 
|  95|0x000000070be00000, 0x000000070be00000, 0x000000070c000000|  0%| F|  |TAMS 0x000000070be00000, 0x000000070be00000| Untracked 
|  96|0x000000070c000000, 0x000000070c000000, 0x000000070c200000|  0%| F|  |TAMS 0x000000070c000000, 0x000000070c000000| Untracked 
|  97|0x000000070c200000, 0x000000070c200000, 0x000000070c400000|  0%| F|  |TAMS 0x000000070c200000, 0x000000070c200000| Untracked 
|  98|0x000000070c400000, 0x000000070c400000, 0x000000070c600000|  0%| F|  |TAMS 0x000000070c400000, 0x000000070c400000| Untracked 
|  99|0x000000070c600000, 0x000000070c600000, 0x000000070c800000|  0%| F|  |TAMS 0x000000070c600000, 0x000000070c600000| Untracked 
| 100|0x000000070c800000, 0x000000070c800000, 0x000000070ca00000|  0%| F|  |TAMS 0x000000070c800000, 0x000000070c800000| Untracked 
| 101|0x000000070ca00000, 0x000000070ca00000, 0x000000070cc00000|  0%| F|  |TAMS 0x000000070ca00000, 0x000000070ca00000| Untracked 
| 102|0x000000070cc00000, 0x000000070cc00000, 0x000000070ce00000|  0%| F|  |TAMS 0x000000070cc00000, 0x000000070cc00000| Untracked 
| 103|0x000000070ce00000, 0x000000070ce00000, 0x000000070d000000|  0%| F|  |TAMS 0x000000070ce00000, 0x000000070ce00000| Untracked 
| 104|0x000000070d000000, 0x000000070d000000, 0x000000070d200000|  0%| F|  |TAMS 0x000000070d000000, 0x000000070d000000| Untracked 
| 105|0x000000070d200000, 0x000000070d200000, 0x000000070d400000|  0%| F|  |TAMS 0x000000070d200000, 0x000000070d200000| Untracked 
| 106|0x000000070d400000, 0x000000070d400000, 0x000000070d600000|  0%| F|  |TAMS 0x000000070d400000, 0x000000070d400000| Untracked 
| 107|0x000000070d600000, 0x000000070d600000, 0x000000070d800000|  0%| F|  |TAMS 0x000000070d600000, 0x000000070d600000| Untracked 
| 108|0x000000070d800000, 0x000000070d953430, 0x000000070da00000| 66%| E|  |TAMS 0x000000070d800000, 0x000000070d800000| Complete 
| 109|0x000000070da00000, 0x000000070dc00000, 0x000000070dc00000|100%| E|CS|TAMS 0x000000070da00000, 0x000000070da00000| Complete 
| 110|0x000000070dc00000, 0x000000070de00000, 0x000000070de00000|100%| E|CS|TAMS 0x000000070dc00000, 0x000000070dc00000| Complete 
| 111|0x000000070de00000, 0x000000070e000000, 0x000000070e000000|100%| E|CS|TAMS 0x000000070de00000, 0x000000070de00000| Complete 
| 112|0x000000070e000000, 0x000000070e200000, 0x000000070e200000|100%| E|CS|TAMS 0x000000070e000000, 0x000000070e000000| Complete 
| 113|0x000000070e200000, 0x000000070e400000, 0x000000070e400000|100%| E|CS|TAMS 0x000000070e200000, 0x000000070e200000| Complete 
| 114|0x000000070e400000, 0x000000070e600000, 0x000000070e600000|100%| E|CS|TAMS 0x000000070e400000, 0x000000070e400000| Complete 
| 115|0x000000070e600000, 0x000000070e800000, 0x000000070e800000|100%| E|CS|TAMS 0x000000070e600000, 0x000000070e600000| Complete 
| 116|0x000000070e800000, 0x000000070ea00000, 0x000000070ea00000|100%| E|CS|TAMS 0x000000070e800000, 0x000000070e800000| Complete 
| 117|0x000000070ea00000, 0x000000070ec00000, 0x000000070ec00000|100%| E|CS|TAMS 0x000000070ea00000, 0x000000070ea00000| Complete 
| 118|0x000000070ec00000, 0x000000070ee00000, 0x000000070ee00000|100%| E|CS|TAMS 0x000000070ec00000, 0x000000070ec00000| Complete 
| 119|0x000000070ee00000, 0x000000070f000000, 0x000000070f000000|100%| E|CS|TAMS 0x000000070ee00000, 0x000000070ee00000| Complete 
| 120|0x000000070f000000, 0x000000070f200000, 0x000000070f200000|100%| E|CS|TAMS 0x000000070f000000, 0x000000070f000000| Complete 
| 121|0x000000070f200000, 0x000000070f400000, 0x000000070f400000|100%| E|CS|TAMS 0x000000070f200000, 0x000000070f200000| Complete 
| 122|0x000000070f400000, 0x000000070f600000, 0x000000070f600000|100%| E|CS|TAMS 0x000000070f400000, 0x000000070f400000| Complete 
| 123|0x000000070f600000, 0x000000070f800000, 0x000000070f800000|100%| E|CS|TAMS 0x000000070f600000, 0x000000070f600000| Complete 
| 124|0x000000070f800000, 0x000000070fa00000, 0x000000070fa00000|100%| E|CS|TAMS 0x000000070f800000, 0x000000070f800000| Complete 
| 125|0x000000070fa00000, 0x000000070fc00000, 0x000000070fc00000|100%| E|CS|TAMS 0x000000070fa00000, 0x000000070fa00000| Complete 
| 126|0x000000070fc00000, 0x000000070fe00000, 0x000000070fe00000|100%| E|  |TAMS 0x000000070fc00000, 0x000000070fc00000| Complete 
| 127|0x000000070fe00000, 0x0000000710000000, 0x0000000710000000|100%| E|CS|TAMS 0x000000070fe00000, 0x000000070fe00000| Complete 
| 128|0x0000000710000000, 0x0000000710200000, 0x0000000710200000|100%| E|CS|TAMS 0x0000000710000000, 0x0000000710000000| Complete 
| 129|0x0000000710200000, 0x0000000710400000, 0x0000000710400000|100%| E|CS|TAMS 0x0000000710200000, 0x0000000710200000| Complete 
| 130|0x0000000710400000, 0x0000000710600000, 0x0000000710600000|100%| E|CS|TAMS 0x0000000710400000, 0x0000000710400000| Complete 
| 131|0x0000000710600000, 0x0000000710800000, 0x0000000710800000|100%| E|CS|TAMS 0x0000000710600000, 0x0000000710600000| Complete 
| 132|0x0000000710800000, 0x0000000710a00000, 0x0000000710a00000|100%| E|CS|TAMS 0x0000000710800000, 0x0000000710800000| Complete 
| 133|0x0000000710a00000, 0x0000000710c00000, 0x0000000710c00000|100%| E|CS|TAMS 0x0000000710a00000, 0x0000000710a00000| Complete 
| 134|0x0000000710c00000, 0x0000000710e00000, 0x0000000710e00000|100%| E|CS|TAMS 0x0000000710c00000, 0x0000000710c00000| Complete 
| 135|0x0000000710e00000, 0x0000000711000000, 0x0000000711000000|100%| E|CS|TAMS 0x0000000710e00000, 0x0000000710e00000| Complete 
| 136|0x0000000711000000, 0x0000000711200000, 0x0000000711200000|100%| E|CS|TAMS 0x0000000711000000, 0x0000000711000000| Complete 
| 137|0x0000000711200000, 0x0000000711400000, 0x0000000711400000|100%| E|CS|TAMS 0x0000000711200000, 0x0000000711200000| Complete 
| 138|0x0000000711400000, 0x0000000711600000, 0x0000000711600000|100%| E|CS|TAMS 0x0000000711400000, 0x0000000711400000| Complete 
| 139|0x0000000711600000, 0x0000000711800000, 0x0000000711800000|100%| E|CS|TAMS 0x0000000711600000, 0x0000000711600000| Complete 
| 140|0x0000000711800000, 0x0000000711a00000, 0x0000000711a00000|100%| E|CS|TAMS 0x0000000711800000, 0x0000000711800000| Complete 
| 141|0x0000000711a00000, 0x0000000711c00000, 0x0000000711c00000|100%| E|CS|TAMS 0x0000000711a00000, 0x0000000711a00000| Complete 
| 142|0x0000000711c00000, 0x0000000711e00000, 0x0000000711e00000|100%| E|CS|TAMS 0x0000000711c00000, 0x0000000711c00000| Complete 
| 143|0x0000000711e00000, 0x0000000712000000, 0x0000000712000000|100%| E|CS|TAMS 0x0000000711e00000, 0x0000000711e00000| Complete 
| 144|0x0000000712000000, 0x0000000712200000, 0x0000000712200000|100%| E|CS|TAMS 0x0000000712000000, 0x0000000712000000| Complete 
| 145|0x0000000712200000, 0x0000000712400000, 0x0000000712400000|100%| E|CS|TAMS 0x0000000712200000, 0x0000000712200000| Complete 
| 146|0x0000000712400000, 0x0000000712600000, 0x0000000712600000|100%| E|CS|TAMS 0x0000000712400000, 0x0000000712400000| Complete 
| 147|0x0000000712600000, 0x0000000712800000, 0x0000000712800000|100%| E|CS|TAMS 0x0000000712600000, 0x0000000712600000| Complete 
| 148|0x0000000712800000, 0x0000000712a00000, 0x0000000712a00000|100%| E|CS|TAMS 0x0000000712800000, 0x0000000712800000| Complete 
| 149|0x0000000712a00000, 0x0000000712c00000, 0x0000000712c00000|100%| E|CS|TAMS 0x0000000712a00000, 0x0000000712a00000| Complete 
| 150|0x0000000712c00000, 0x0000000712e00000, 0x0000000712e00000|100%| E|CS|TAMS 0x0000000712c00000, 0x0000000712c00000| Complete 
| 151|0x0000000712e00000, 0x0000000713000000, 0x0000000713000000|100%| E|CS|TAMS 0x0000000712e00000, 0x0000000712e00000| Complete 
| 152|0x0000000713000000, 0x0000000713200000, 0x0000000713200000|100%| E|CS|TAMS 0x0000000713000000, 0x0000000713000000| Complete 
| 153|0x0000000713200000, 0x0000000713400000, 0x0000000713400000|100%| E|CS|TAMS 0x0000000713200000, 0x0000000713200000| Complete 
| 154|0x0000000713400000, 0x0000000713600000, 0x0000000713600000|100%| E|CS|TAMS 0x0000000713400000, 0x0000000713400000| Complete 
| 155|0x0000000713600000, 0x0000000713800000, 0x0000000713800000|100%| E|CS|TAMS 0x0000000713600000, 0x0000000713600000| Complete 
| 156|0x0000000713800000, 0x0000000713a00000, 0x0000000713a00000|100%| E|CS|TAMS 0x0000000713800000, 0x0000000713800000| Complete 
| 157|0x0000000713a00000, 0x0000000713c00000, 0x0000000713c00000|100%| E|CS|TAMS 0x0000000713a00000, 0x0000000713a00000| Complete 
| 158|0x0000000713c00000, 0x0000000713e00000, 0x0000000713e00000|100%| E|CS|TAMS 0x0000000713c00000, 0x0000000713c00000| Complete 
| 159|0x0000000713e00000, 0x0000000714000000, 0x0000000714000000|100%| E|CS|TAMS 0x0000000713e00000, 0x0000000713e00000| Complete 
| 160|0x0000000714000000, 0x0000000714200000, 0x0000000714200000|100%| E|CS|TAMS 0x0000000714000000, 0x0000000714000000| Complete 
| 161|0x0000000714200000, 0x0000000714400000, 0x0000000714400000|100%| E|CS|TAMS 0x0000000714200000, 0x0000000714200000| Complete 

Card table byte_map: [0x00000233c8d10000,0x00000233c9510000] _byte_map_base: 0x00000233c5510000

Marking Bits (Prev, Next): (CMBitMap*) 0x00000233b60a7c80, (CMBitMap*) 0x00000233b60a7cc0
 Prev Bits: [0x00000233c9d10000, 0x00000233cdd10000)
 Next Bits: [0x00000233cdd10000, 0x00000233d1d10000)

Polling page: 0x00000233b4020000

Metaspace:

Usage:
  Non-class:     87.08 MB used.
      Class:     13.46 MB used.
       Both:    100.55 MB used.

Virtual space:
  Non-class space:       96.00 MB reserved,      87.44 MB ( 91%) committed,  12 nodes.
      Class space:        1.00 GB reserved,      13.75 MB (  1%) committed,  1 nodes.
             Both:        1.09 GB reserved,     101.19 MB (  9%) committed. 

Chunk freelists:
   Non-Class:  3.84 MB
       Class:  2.17 MB
        Both:  6.02 MB

MaxMetaspaceSize: unlimited
CompressedClassSpaceSize: 1.00 GB
Initial GC threshold: 21.00 MB
Current GC threshold: 121.19 MB
CDS: off
MetaspaceReclaimPolicy: balanced
 - commit_granule_bytes: 65536.
 - commit_granule_words: 8192.
 - virtual_space_node_default_size: 1048576.
 - enlarge_chunks_in_place: 1.
 - new_chunks_are_fully_committed: 0.
 - uncommit_free_chunks: 1.
 - use_allocation_guard: 0.
 - handle_deallocations: 1.


Internal statistics:

num_allocs_failed_limit: 6.
num_arena_births: 990.
num_arena_deaths: 0.
num_vsnodes_births: 13.
num_vsnodes_deaths: 0.
num_space_committed: 1618.
num_space_uncommitted: 0.
num_chunks_returned_to_freelist: 6.
num_chunks_taken_from_freelist: 4640.
num_chunk_merges: 6.
num_chunk_splits: 3066.
num_chunks_enlarged: 2072.
num_purges: 0.
num_inconsistent_stats: 0.

CodeHeap 'non-profiled nmethods': size=120000Kb used=5692Kb max_used=5692Kb free=114308Kb
 bounds [0x00000233c0fe0000, 0x00000233c1570000, 0x00000233c8510000]
CodeHeap 'profiled nmethods': size=120000Kb used=22486Kb max_used=22486Kb free=97513Kb
 bounds [0x00000233b9510000, 0x00000233bab10000, 0x00000233c0a40000]
CodeHeap 'non-nmethods': size=5760Kb used=2447Kb max_used=2473Kb free=3312Kb
 bounds [0x00000233c0a40000, 0x00000233c0cc0000, 0x00000233c0fe0000]
 total_blobs=12262 nmethods=11279 adapters=895
 compilation: enabled
              stopped_count=0, restarted_count=0
 full_count=0

Compilation events (20 events):
Event: 47.868 Thread 0x00000233d4c34940 13068       4       java.io.File::isInvalid (47 bytes)
Event: 47.869 Thread 0x00000233d4c35240 13069       3       org.slf4j.LoggerFactory::getLogger (65 bytes)
Event: 47.871 Thread 0x00000233d4c35240 nmethod 13069 0x00000233bab01390 code [0x00000233bab01780, 0x00000233bab03018]
Event: 47.871 Thread 0x00000233d4c34940 nmethod 13068 0x00000233c156b090 code [0x00000233c156b220, 0x00000233c156b4b8]
Event: 47.910 Thread 0x00000233d4c34940 13070       4       java.lang.ClassLoader::compareCerts (197 bytes)
Event: 47.915 Thread 0x00000233d4c34940 nmethod 13070 0x00000233c156b690 code [0x00000233c156b820, 0x00000233c156bad8]
Event: 47.965 Thread 0x00000233d4c35240 13072       3       java.lang.invoke.MethodTypeForm::<init> (322 bytes)
Event: 47.967 Thread 0x00000233d4c35240 nmethod 13072 0x00000233bab03890 code [0x00000233bab03b80, 0x00000233bab05328]
Event: 47.968 Thread 0x00000233d4c34940 13074       4       java.lang.invoke.MethodHandleNatives::refKindIsField (32 bytes)
Event: 47.969 Thread 0x00000233d4c34940 nmethod 13074 0x00000233c156c690 code [0x00000233c156c800, 0x00000233c156c878]
Event: 47.989 Thread 0x00000233d4c34940 13076       4       org.gradle.api.internal.tasks.compile.tooling.JavaCompileTaskSuccessResultPostProcessor::finished (56 bytes)
Event: 47.990 Thread 0x00000233d4c35240 13078       1       org.gradle.internal.snapshot.AbstractListChildMap::isEmpty (2 bytes)
Event: 47.990 Thread 0x00000233d4c35240 nmethod 13078 0x00000233c156c990 code [0x00000233c156cb20, 0x00000233c156cbf8]
Event: 47.990 Thread 0x00000233d4c35240 13079       1       org.gradle.internal.snapshot.AbstractListChildMap$1::getChildMap (5 bytes)
Event: 47.990 Thread 0x00000233d4c35240 nmethod 13079 0x00000233c156cc90 code [0x00000233c156ce20, 0x00000233c156cef8]
Event: 47.991 Thread 0x00000233d4c34940 nmethod 13076 0x00000233c156cf90 code [0x00000233c156d120, 0x00000233c156d288]
Event: 47.991 Thread 0x00000233d4c34940 13077       4       org.gradle.tooling.internal.provider.runner.TaskOperationMapper$PostProcessors::finished (43 bytes)
Event: 47.997 Thread 0x00000233d4c34940 nmethod 13077 0x00000233c156d410 code [0x00000233c156d5c0, 0x00000233c156d9a8]
Event: 48.001 Thread 0x00000233d4c34940 13080       4       org.gradle.internal.serialize.kryo.KryoBackedEncoder::writeByte (9 bytes)
Event: 48.002 Thread 0x00000233d4c35240 13083       3       com.google.common.collect.RegularImmutableMap::createKeySet (9 bytes)

GC Heap History (20 events):
Event: 30.966 GC heap before
{Heap before GC invocations=35 (full 0):
 garbage-first heap   total 120832K, used 71575K [0x0000000700000000, 0x0000000800000000)
  region size 2048K, 3 young (6144K), 2 survivors (4096K)
 Metaspace       used 73116K, committed 73600K, reserved 1114112K
  class space    used 9633K, committed 9856K, reserved 1048576K
}
Event: 30.971 GC heap after
{Heap after GC invocations=36 (full 0):
 garbage-first heap   total 120832K, used 68579K [0x0000000700000000, 0x0000000800000000)
  region size 2048K, 1 young (2048K), 1 survivors (2048K)
 Metaspace       used 73116K, committed 73600K, reserved 1114112K
  class space    used 9633K, committed 9856K, reserved 1048576K
}
Event: 31.423 GC heap before
{Heap before GC invocations=36 (full 0):
 garbage-first heap   total 120832K, used 91107K [0x0000000700000000, 0x0000000800000000)
  region size 2048K, 12 young (24576K), 1 survivors (2048K)
 Metaspace       used 73542K, committed 74112K, reserved 1114112K
  class space    used 9686K, committed 9920K, reserved 1048576K
}
Event: 31.428 GC heap after
{Heap after GC invocations=37 (full 0):
 garbage-first heap   total 184320K, used 70209K [0x0000000700000000, 0x0000000800000000)
  region size 2048K, 2 young (4096K), 2 survivors (4096K)
 Metaspace       used 73542K, committed 74112K, reserved 1114112K
  class space    used 9686K, committed 9920K, reserved 1048576K
}
Event: 34.133 GC heap before
{Heap before GC invocations=38 (full 0):
 garbage-first heap   total 184320K, used 129601K [0x0000000700000000, 0x0000000800000000)
  region size 2048K, 32 young (65536K), 2 survivors (4096K)
 Metaspace       used 80254K, committed 80768K, reserved 1122304K
  class space    used 10800K, committed 11008K, reserved 1048576K
}
Event: 34.152 GC heap after
{Heap after GC invocations=39 (full 0):
 garbage-first heap   total 184320K, used 74329K [0x0000000700000000, 0x0000000800000000)
  region size 2048K, 4 young (8192K), 4 survivors (8192K)
 Metaspace       used 80254K, committed 80768K, reserved 1122304K
  class space    used 10800K, committed 11008K, reserved 1048576K
}
Event: 34.270 GC heap before
{Heap before GC invocations=39 (full 0):
 garbage-first heap   total 184320K, used 76377K [0x0000000700000000, 0x0000000800000000)
  region size 2048K, 5 young (10240K), 4 survivors (8192K)
 Metaspace       used 80468K, committed 81024K, reserved 1122304K
  class space    used 10832K, committed 11072K, reserved 1048576K
}
Event: 34.307 GC heap after
{Heap after GC invocations=40 (full 0):
 garbage-first heap   total 184320K, used 73683K [0x0000000700000000, 0x0000000800000000)
  region size 2048K, 1 young (2048K), 1 survivors (2048K)
 Metaspace       used 80468K, committed 81024K, reserved 1122304K
  class space    used 10832K, committed 11072K, reserved 1048576K
}
Event: 36.615 GC heap before
{Heap before GC invocations=40 (full 0):
 garbage-first heap   total 184320K, used 139219K [0x0000000700000000, 0x0000000800000000)
  region size 2048K, 33 young (67584K), 1 survivors (2048K)
 Metaspace       used 87534K, committed 88128K, reserved 1130496K
  class space    used 11849K, committed 12096K, reserved 1048576K
}
Event: 36.626 GC heap after
{Heap after GC invocations=41 (full 0):
 garbage-first heap   total 184320K, used 77634K [0x0000000700000000, 0x0000000800000000)
  region size 2048K, 3 young (6144K), 3 survivors (6144K)
 Metaspace       used 87534K, committed 88128K, reserved 1130496K
  class space    used 11849K, committed 12096K, reserved 1048576K
}
Event: 39.486 GC heap before
{Heap before GC invocations=41 (full 0):
 garbage-first heap   total 184320K, used 141122K [0x0000000700000000, 0x0000000800000000)
  region size 2048K, 34 young (69632K), 3 survivors (6144K)
 Metaspace       used 89967K, committed 90624K, reserved 1130496K
  class space    used 12271K, committed 12608K, reserved 1048576K
}
Event: 39.511 GC heap after
{Heap after GC invocations=42 (full 0):
 garbage-first heap   total 184320K, used 86552K [0x0000000700000000, 0x0000000800000000)
  region size 2048K, 5 young (10240K), 5 survivors (10240K)
 Metaspace       used 89967K, committed 90624K, reserved 1130496K
  class space    used 12271K, committed 12608K, reserved 1048576K
}
Event: 41.100 GC heap before
{Heap before GC invocations=42 (full 0):
 garbage-first heap   total 184320K, used 139800K [0x0000000700000000, 0x0000000800000000)
  region size 2048K, 32 young (65536K), 5 survivors (10240K)
 Metaspace       used 91699K, committed 92352K, reserved 1130496K
  class space    used 12430K, committed 12736K, reserved 1048576K
}
Event: 41.132 GC heap after
{Heap after GC invocations=43 (full 0):
 garbage-first heap   total 184320K, used 92341K [0x0000000700000000, 0x0000000800000000)
  region size 2048K, 3 young (6144K), 3 survivors (6144K)
 Metaspace       used 91699K, committed 92352K, reserved 1130496K
  class space    used 12430K, committed 12736K, reserved 1048576K
}
Event: 42.874 GC heap before
{Heap before GC invocations=43 (full 0):
 garbage-first heap   total 184320K, used 147637K [0x0000000700000000, 0x0000000800000000)
  region size 2048K, 29 young (59392K), 3 survivors (6144K)
 Metaspace       used 94711K, committed 95296K, reserved 1138688K
  class space    used 12803K, committed 13120K, reserved 1048576K
}
Event: 42.903 GC heap after
{Heap after GC invocations=44 (full 0):
 garbage-first heap   total 184320K, used 114687K [0x0000000700000000, 0x0000000800000000)
  region size 2048K, 4 young (8192K), 4 survivors (8192K)
 Metaspace       used 94711K, committed 95296K, reserved 1138688K
  class space    used 12803K, committed 13120K, reserved 1048576K
}
Event: 44.064 GC heap before
{Heap before GC invocations=44 (full 0):
 garbage-first heap   total 184320K, used 157695K [0x0000000700000000, 0x0000000800000000)
  region size 2048K, 18 young (36864K), 4 survivors (8192K)
 Metaspace       used 97485K, committed 98176K, reserved 1138688K
  class space    used 13092K, committed 13440K, reserved 1048576K
}
Event: 44.081 GC heap after
{Heap after GC invocations=45 (full 0):
 garbage-first heap   total 184320K, used 119082K [0x0000000700000000, 0x0000000800000000)
  region size 2048K, 2 young (4096K), 2 survivors (4096K)
 Metaspace       used 97485K, committed 98176K, reserved 1138688K
  class space    used 13092K, committed 13440K, reserved 1048576K
}
Event: 44.650 GC heap before
{Heap before GC invocations=45 (full 0):
 garbage-first heap   total 184320K, used 143658K [0x0000000700000000, 0x0000000800000000)
  region size 2048K, 15 young (30720K), 2 survivors (4096K)
 Metaspace       used 97774K, committed 98432K, reserved 1138688K
  class space    used 13122K, committed 13440K, reserved 1048576K
}
Event: 44.658 GC heap after
{Heap after GC invocations=46 (full 0):
 garbage-first heap   total 331776K, used 119820K [0x0000000700000000, 0x0000000800000000)
  region size 2048K, 2 young (4096K), 2 survivors (4096K)
 Metaspace       used 97774K, committed 98432K, reserved 1138688K
  class space    used 13122K, committed 13440K, reserved 1048576K
}

Dll operation events (2 events):
Event: 0.028 Loaded shared library E:\Apk Kuliah\Andro\jbr\bin\java.dll
Event: 0.592 Loaded shared library E:\Apk Kuliah\Andro\jbr\bin\verify.dll

Deoptimization events (20 events):
Event: 46.274 Thread 0x00000233d56ec870 Uncommon trap: trap_request=0xffffffd6 fr.pc=0x00000233c15134f0 relative=0x0000000000001b70
Event: 46.274 Thread 0x00000233d56ec870 Uncommon trap: reason=array_check action=maybe_recompile pc=0x00000233c15134f0 method=java.util.TimSort.reverseRange([Ljava/lang/Object;II)V @ 20 c2
Event: 46.274 Thread 0x00000233d56ec870 DEOPT PACKING pc=0x00000233c15134f0 sp=0x000000e9279fcac0
Event: 46.274 Thread 0x00000233d56ec870 DEOPT UNPACKING pc=0x00000233c0a969a3 sp=0x000000e9279fc900 mode 2
Event: 46.306 Thread 0x00000233d587c510 Uncommon trap: trap_request=0xffffff45 fr.pc=0x00000233c136a010 relative=0x0000000000000ab0
Event: 46.306 Thread 0x00000233d587c510 Uncommon trap: reason=unstable_if action=reinterpret pc=0x00000233c136a010 method=java.util.jar.JarFile.getVersionedEntry(Ljava/lang/String;Ljava/util/jar/JarEntry;)Ljava/util/jar/JarEntry; @ 26 c2
Event: 46.306 Thread 0x00000233d587c510 DEOPT PACKING pc=0x00000233c136a010 sp=0x000000e9298f8cc0
Event: 46.306 Thread 0x00000233d587c510 DEOPT UNPACKING pc=0x00000233c0a969a3 sp=0x000000e9298f8c80 mode 2
Event: 46.499 Thread 0x00000233d75854c0 Uncommon trap: trap_request=0xffffffd6 fr.pc=0x00000233c1522da0 relative=0x0000000000001b20
Event: 46.499 Thread 0x00000233d75854c0 Uncommon trap: reason=array_check action=maybe_recompile pc=0x00000233c1522da0 method=java.util.TimSort.reverseRange([Ljava/lang/Object;II)V @ 27 c2
Event: 46.499 Thread 0x00000233d75854c0 DEOPT PACKING pc=0x00000233c1522da0 sp=0x000000e9269fde90
Event: 46.499 Thread 0x00000233d75854c0 DEOPT UNPACKING pc=0x00000233c0a969a3 sp=0x000000e9269fdcf0 mode 2
Event: 46.501 Thread 0x00000233d56ee080 Uncommon trap: trap_request=0xffffffd6 fr.pc=0x00000233c1522da0 relative=0x0000000000001b20
Event: 46.501 Thread 0x00000233d56ee080 Uncommon trap: reason=array_check action=maybe_recompile pc=0x00000233c1522da0 method=java.util.TimSort.reverseRange([Ljava/lang/Object;II)V @ 27 c2
Event: 46.501 Thread 0x00000233d56ee080 DEOPT PACKING pc=0x00000233c1522da0 sp=0x000000e927dfcd10
Event: 46.501 Thread 0x00000233d56ee080 DEOPT UNPACKING pc=0x00000233c0a969a3 sp=0x000000e927dfcb70 mode 2
Event: 47.230 Thread 0x00000233d587f530 Uncommon trap: trap_request=0xffffffc6 fr.pc=0x00000233c141f98c relative=0x00000000000000ec
Event: 47.230 Thread 0x00000233d587f530 Uncommon trap: reason=bimorphic_or_optimized_type_check action=maybe_recompile pc=0x00000233c141f98c method=com.google.common.collect.RegularImmutableMap.checkNoConflictInKeyBucket(Ljava/lang/Object;Ljava/lang/Object;Lcom/google/common/collect/ImmutableMa
Event: 47.230 Thread 0x00000233d587f530 DEOPT PACKING pc=0x00000233c141f98c sp=0x000000e928efbff0
Event: 47.230 Thread 0x00000233d587f530 DEOPT UNPACKING pc=0x00000233c0a969a3 sp=0x000000e928efbf88 mode 2

Classes unloaded (0 events):
No events

Classes redefined (0 events):
No events

Internal exceptions (20 events):
Event: 44.310 Thread 0x00000233d5882080 Exception <a 'java/lang/NoSuchMethodError'{0x000000070ab763c8}: static Ljava/lang/Object;.<clinit>()V> (0x000000070ab763c8) 
thrown [s\src\hotspot\share\prims\jni.cpp, line 1108]
Event: 44.312 Thread 0x00000233d5882080 Exception <a 'java/lang/NoSuchMethodError'{0x000000070ab8cb40}: static Lcom/android/build/api/artifact/ArtifactKind;.<clinit>()V> (0x000000070ab8cb40) 
thrown [s\src\hotspot\share\prims\jni.cpp, line 1108]
Event: 44.312 Thread 0x00000233d5882080 Exception <a 'java/lang/NoSuchMethodError'{0x000000070ab8dd00}: static Lcom/android/build/api/artifact/ArtifactKind;.<clinit>()V> (0x000000070ab8dd00) 
thrown [s\src\hotspot\share\prims\jni.cpp, line 1108]
Event: 45.221 Thread 0x00000233d5882080 Exception <a 'java/lang/NoSuchMethodError'{0x00000007137c3248}: static Lcom/android/builder/internal/aapt/AaptOptions;.<clinit>()V> (0x00000007137c3248) 
thrown [s\src\hotspot\share\prims\jni.cpp, line 1108]
Event: 45.223 Thread 0x00000233d5882080 Exception <a 'java/lang/NoSuchMethodError'{0x00000007137d6ac0}: static Ljava/lang/Object;.<clinit>()V> (0x00000007137d6ac0) 
thrown [s\src\hotspot\share\prims\jni.cpp, line 1108]
Event: 45.226 Thread 0x00000233d5882080 Exception <a 'java/lang/NoSuchMethodError'{0x00000007137f26b0}: static Lcom/android/build/api/variant/impl/SerializableApplicationMultiOutputHandler;.<clinit>()V> (0x00000007137f26b0) 
thrown [s\src\hotspot\share\prims\jni.cpp, line 1108]
Event: 45.233 Thread 0x00000233d5882080 Exception <a 'java/lang/NoSuchMethodError'{0x0000000713408498}: static Lcom/android/build/api/variant/impl/VariantOutputImpl$SerializedForm;.<clinit>()V> (0x0000000713408498) 
thrown [s\src\hotspot\share\prims\jni.cpp, line 1108]
Event: 45.235 Thread 0x00000233d5882080 Exception <a 'java/lang/NoSuchMethodError'{0x000000071341c148}: static Lcom/android/build/api/variant/impl/VariantOutputConfigurationImpl;.<clinit>()V> (0x000000071341c148) 
thrown [s\src\hotspot\share\prims\jni.cpp, line 1108]
Event: 45.427 Thread 0x00000233d5881bb0 Exception <a 'sun/nio/fs/WindowsException'{0x0000000712ce5a50}> (0x0000000712ce5a50) 
thrown [s\src\hotspot\share\prims\jni.cpp, line 517]
Event: 47.235 Thread 0x00000233d587f530 Exception <a 'sun/nio/fs/WindowsException'{0x000000070eb878e8}> (0x000000070eb878e8) 
thrown [s\src\hotspot\share\prims\jni.cpp, line 517]
Event: 47.488 Thread 0x00000233d5881bb0 Exception <a 'sun/nio/fs/WindowsException'{0x0000000712d1daf0}> (0x0000000712d1daf0) 
thrown [s\src\hotspot\share\prims\jni.cpp, line 517]
Event: 47.607 Thread 0x00000233d587c510 Exception <a 'sun/nio/fs/WindowsException'{0x000000070da11c48}> (0x000000070da11c48) 
thrown [s\src\hotspot\share\prims\jni.cpp, line 517]
Event: 47.607 Thread 0x00000233d587c510 Exception <a 'sun/nio/fs/WindowsException'{0x000000070da11fd8}> (0x000000070da11fd8) 
thrown [s\src\hotspot\share\prims\jni.cpp, line 517]
Event: 47.612 Thread 0x00000233d587c510 Exception <a 'sun/nio/fs/WindowsException'{0x000000070da12f50}> (0x000000070da12f50) 
thrown [s\src\hotspot\share\prims\jni.cpp, line 517]
Event: 47.612 Thread 0x00000233d587c510 Exception <a 'sun/nio/fs/WindowsException'{0x000000070da132d8}> (0x000000070da132d8) 
thrown [s\src\hotspot\share\prims\jni.cpp, line 517]
Event: 47.964 Thread 0x00000233d587c510 Exception <a 'java/lang/NoSuchMethodError'{0x000000070dbb4c58}: 'void java.lang.invoke.DirectMethodHandle$Holder.invokeStatic(java.lang.Object, long)'> (0x000000070dbb4c58) 
thrown [s\src\hotspot\share\interpreter\linkResolver.cpp, line 771]
Event: 47.965 Thread 0x00000233d587c510 Exception <a 'java/lang/NoSuchMethodError'{0x000000070dbba558}: 'java.lang.Object java.lang.invoke.DirectMethodHandle$Holder.newInvokeSpecial(java.lang.Object, long)'> (0x000000070dbba558) 
thrown [s\src\hotspot\share\interpreter\linkResolver.cpp, line 771]
Event: 47.969 Thread 0x00000233d587c510 Exception <a 'java/lang/NoSuchMethodError'{0x000000070dbc1880}: 'java.lang.Object java.lang.invoke.DirectMethodHandle$Holder.invokeStatic(java.lang.Object, java.lang.Object, long, java.lang.Object)'> (0x000000070dbc1880) 
thrown [s\src\hotspot\share\interpreter\linkResolver.cpp, line 771]
Event: 47.969 Thread 0x00000233d587c510 Exception <a 'java/lang/NoSuchMethodError'{0x000000070dbc5300}: 'java.lang.Object java.lang.invoke.DirectMethodHandle$Holder.invokeStaticInit(java.lang.Object, java.lang.Object, long, java.lang.Object)'> (0x000000070dbc5300) 
thrown [s\src\hotspot\share\interpreter\linkResolver.cpp, line 771]
Event: 47.987 Thread 0x00000233d587c510 Exception <a 'java/io/IOException'{0x000000070dbe9eb8}> (0x000000070dbe9eb8) 
thrown [s\src\hotspot\share\prims\jni.cpp, line 517]

VM Operations (20 events):
Event: 44.339 Executing VM operation: HandshakeAllThreads
Event: 44.339 Executing VM operation: HandshakeAllThreads done
Event: 44.602 Executing VM operation: ICBufferFull
Event: 44.602 Executing VM operation: ICBufferFull done
Event: 44.650 Executing VM operation: G1CollectForAllocation
Event: 44.658 Executing VM operation: G1CollectForAllocation done
Event: 45.101 Executing VM operation: HandshakeAllThreads
Event: 45.102 Executing VM operation: HandshakeAllThreads done
Event: 45.151 Executing VM operation: ICBufferFull
Event: 45.151 Executing VM operation: ICBufferFull done
Event: 45.797 Executing VM operation: ICBufferFull
Event: 45.798 Executing VM operation: ICBufferFull done
Event: 46.806 Executing VM operation: Cleanup
Event: 46.807 Executing VM operation: Cleanup done
Event: 47.809 Executing VM operation: Cleanup
Event: 47.810 Executing VM operation: Cleanup done
Event: 47.894 Executing VM operation: HandshakeAllThreads
Event: 47.894 Executing VM operation: HandshakeAllThreads done
Event: 47.973 Executing VM operation: HandshakeAllThreads
Event: 47.973 Executing VM operation: HandshakeAllThreads done

Events (20 events):
Event: 47.905 loading class java/util/concurrent/Executors$DelegatedScheduledExecutorService
Event: 47.905 loading class java/util/concurrent/Executors$DelegatedExecutorService
Event: 47.906 loading class java/util/concurrent/Executors$DelegatedExecutorService done
Event: 47.906 loading class java/util/concurrent/Executors$DelegatedScheduledExecutorService done
Event: 47.907 Thread 0x00000233de4ab820 Thread added: 0x00000233de4ab820
Event: 47.913 loading class java/lang/ProcessImpl
Event: 47.914 loading class java/lang/ProcessImpl done
Event: 47.966 loading class java/lang/ProcessHandleImpl
Event: 47.967 loading class java/lang/ProcessHandleImpl done
Event: 47.971 loading class java/lang/ProcessImpl$2
Event: 47.971 loading class java/lang/ProcessImpl$2 done
Event: 47.971 loading class java/lang/Process$PipeInputStream
Event: 47.971 loading class java/lang/Process$PipeInputStream done
Event: 47.973 loading class jdk/internal/event/ProcessStartEvent
Event: 47.973 loading class jdk/internal/event/ProcessStartEvent done
Event: 47.975 Thread 0x00000233de4acb60 Thread added: 0x00000233de4acb60
Event: 47.975 Thread 0x00000233de4ac690 Thread added: 0x00000233de4ac690
Event: 47.987 Thread 0x00000233de4acb60 Thread exited: 0x00000233de4acb60
Event: 47.987 Thread 0x00000233de4ac690 Thread exited: 0x00000233de4ac690
Event: 47.988 Thread 0x00000233de4ab820 Thread exited: 0x00000233de4ab820


Dynamic libraries:
0x00007ff6d0eb0000 - 0x00007ff6d0eba000 	E:\Apk Kuliah\Andro\jbr\bin\java.exe
0x00007ff889e50000 - 0x00007ff88a048000 	C:\WINDOWS\SYSTEM32\ntdll.dll
0x00007ff889b40000 - 0x00007ff889bfd000 	C:\WINDOWS\System32\KERNEL32.DLL
0x00007ff8878c0000 - 0x00007ff887bb6000 	C:\WINDOWS\System32\KERNELBASE.dll
0x00007ff887750000 - 0x00007ff887850000 	C:\WINDOWS\System32\ucrtbase.dll
0x00007ff862930000 - 0x00007ff862947000 	E:\Apk Kuliah\Andro\jbr\bin\jli.dll
0x00007ff882ed0000 - 0x00007ff882eeb000 	E:\Apk Kuliah\Andro\jbr\bin\VCRUNTIME140.dll
0x00007ff888f70000 - 0x00007ff88910e000 	C:\WINDOWS\System32\USER32.dll
0x00007ff8876f0000 - 0x00007ff887712000 	C:\WINDOWS\System32\win32u.dll
0x00007ff888e90000 - 0x00007ff888ebc000 	C:\WINDOWS\System32\GDI32.dll
0x00007ff876760000 - 0x00007ff8769fa000 	C:\WINDOWS\WinSxS\amd64_microsoft.windows.common-controls_6595b64144ccf1df_6.0.19041.3636_none_60b6a03d71f818d5\COMCTL32.dll
0x00007ff887530000 - 0x00007ff88764a000 	C:\WINDOWS\System32\gdi32full.dll
0x00007ff887650000 - 0x00007ff8876ed000 	C:\WINDOWS\System32\msvcp_win.dll
0x00007ff889470000 - 0x00007ff88950e000 	C:\WINDOWS\System32\msvcrt.dll
0x00007ff888d30000 - 0x00007ff888d60000 	C:\WINDOWS\System32\IMM32.DLL
0x00007ff8828b0000 - 0x00007ff8828bc000 	E:\Apk Kuliah\Andro\jbr\bin\vcruntime140_1.dll
0x00007ff877e70000 - 0x00007ff877efd000 	E:\Apk Kuliah\Andro\jbr\bin\msvcp140.dll
0x00007ff836660000 - 0x00007ff8372ce000 	E:\Apk Kuliah\Andro\jbr\bin\server\jvm.dll
0x00007ff888ec0000 - 0x00007ff888f6f000 	C:\WINDOWS\System32\ADVAPI32.dll
0x00007ff889630000 - 0x00007ff8896cc000 	C:\WINDOWS\System32\sechost.dll
0x00007ff888d60000 - 0x00007ff888e86000 	C:\WINDOWS\System32\RPCRT4.dll
0x00007ff87f0c0000 - 0x00007ff87f0e7000 	C:\WINDOWS\SYSTEM32\WINMM.dll
0x00007ff882e70000 - 0x00007ff882e79000 	C:\WINDOWS\SYSTEM32\WSOCK32.dll
0x00007ff87f0f0000 - 0x00007ff87f0fa000 	C:\WINDOWS\SYSTEM32\VERSION.dll
0x00007ff888cc0000 - 0x00007ff888d2b000 	C:\WINDOWS\System32\WS2_32.dll
0x00007ff8853f0000 - 0x00007ff885402000 	C:\WINDOWS\SYSTEM32\kernel.appcore.dll
0x00007ff86ea60000 - 0x00007ff86ea6a000 	E:\Apk Kuliah\Andro\jbr\bin\jimage.dll
0x00007ff87b9c0000 - 0x00007ff87bba4000 	C:\WINDOWS\SYSTEM32\DBGHELP.DLL
0x00007ff873b20000 - 0x00007ff873b54000 	C:\WINDOWS\SYSTEM32\dbgcore.DLL
0x00007ff887bc0000 - 0x00007ff887c42000 	C:\WINDOWS\System32\bcryptPrimitives.dll
0x00007ff8637a0000 - 0x00007ff8637c5000 	E:\Apk Kuliah\Andro\jbr\bin\java.dll
0x00007ff863450000 - 0x00007ff863468000 	E:\Apk Kuliah\Andro\jbr\bin\zip.dll
0x00007ff887eb0000 - 0x00007ff8885f5000 	C:\WINDOWS\System32\SHELL32.dll
0x00007ff8855f0000 - 0x00007ff885d8b000 	C:\WINDOWS\SYSTEM32\windows.storage.dll
0x00007ff889760000 - 0x00007ff889ab4000 	C:\WINDOWS\System32\combase.dll
0x00007ff886ea0000 - 0x00007ff886ecd000 	C:\WINDOWS\SYSTEM32\Wldp.dll
0x00007ff8893c0000 - 0x00007ff88946d000 	C:\WINDOWS\System32\SHCORE.dll
0x00007ff888ab0000 - 0x00007ff888b05000 	C:\WINDOWS\System32\shlwapi.dll
0x00007ff887460000 - 0x00007ff887485000 	C:\WINDOWS\SYSTEM32\profapi.dll
0x00007ff8629e0000 - 0x00007ff8629f9000 	E:\Apk Kuliah\Andro\jbr\bin\net.dll
0x00007ff87c3d0000 - 0x00007ff87c4da000 	C:\WINDOWS\SYSTEM32\WINHTTP.dll
0x00007ff886c00000 - 0x00007ff886c6a000 	C:\WINDOWS\system32\mswsock.dll
0x00007ff8629c0000 - 0x00007ff8629d6000 	E:\Apk Kuliah\Andro\jbr\bin\nio.dll
0x00007ff86ba30000 - 0x00007ff86ba40000 	E:\Apk Kuliah\Andro\jbr\bin\verify.dll
0x00007ff853330000 - 0x00007ff853357000 	E:\Apk Kuliah\Andro\jbr\native\68d5fa5c4cc2d200863cafc0d521ce42e7d3e7ee720ec0a83991735586a16f82\windows-amd64\native-platform.dll
0x00007ff813450000 - 0x00007ff813594000 	E:\Apk Kuliah\Andro\jbr\native\e376f236ea51e6404a007f0833ffe2c6e607c4080706a723a18a27aeea778392\windows-amd64\native-platform-file-events.dll
0x00007ff864da0000 - 0x00007ff864da9000 	E:\Apk Kuliah\Andro\jbr\bin\management.dll
0x00007ff863790000 - 0x00007ff86379b000 	E:\Apk Kuliah\Andro\jbr\bin\management_ext.dll
0x00007ff888a70000 - 0x00007ff888a78000 	C:\WINDOWS\System32\PSAPI.DLL
0x00007ff886df0000 - 0x00007ff886e08000 	C:\WINDOWS\SYSTEM32\CRYPTSP.dll
0x00007ff886530000 - 0x00007ff886564000 	C:\WINDOWS\system32\rsaenh.dll
0x00007ff887720000 - 0x00007ff887747000 	C:\WINDOWS\System32\bcrypt.dll
0x00007ff887420000 - 0x00007ff88744e000 	C:\WINDOWS\SYSTEM32\USERENV.dll
0x00007ff886e10000 - 0x00007ff886e1c000 	C:\WINDOWS\SYSTEM32\CRYPTBASE.dll
0x00007ff8868f0000 - 0x00007ff88692b000 	C:\WINDOWS\SYSTEM32\IPHLPAPI.DLL
0x00007ff888a80000 - 0x00007ff888a88000 	C:\WINDOWS\System32\NSI.dll
0x00007ff87c690000 - 0x00007ff87c6a7000 	C:\WINDOWS\SYSTEM32\dhcpcsvc6.DLL
0x00007ff87cef0000 - 0x00007ff87cf0d000 	C:\WINDOWS\SYSTEM32\dhcpcsvc.DLL
0x00007ff886930000 - 0x00007ff8869fa000 	C:\WINDOWS\SYSTEM32\DNSAPI.dll
0x00007ff8630a0000 - 0x00007ff8630a7000 	C:\WINDOWS\system32\wshunix.dll
0x00007ff876ba0000 - 0x00007ff876baa000 	C:\Windows\System32\rasadhlp.dll
0x00007ff877230000 - 0x00007ff8772b0000 	C:\WINDOWS\System32\fwpuclnt.dll
0x00007ff886650000 - 0x00007ff886683000 	C:\WINDOWS\SYSTEM32\ntmarta.dll

dbghelp: loaded successfully - version: 4.0.5 - missing functions: none
symbol engine: initialized successfully - sym options: 0x614 - pdb path: .;E:\Apk Kuliah\Andro\jbr\bin;C:\WINDOWS\SYSTEM32;C:\WINDOWS\WinSxS\amd64_microsoft.windows.common-controls_6595b64144ccf1df_6.0.19041.3636_none_60b6a03d71f818d5;E:\Apk Kuliah\Andro\jbr\bin\server;E:\Apk Kuliah\Andro\jbr\native\68d5fa5c4cc2d200863cafc0d521ce42e7d3e7ee720ec0a83991735586a16f82\windows-amd64;E:\Apk Kuliah\Andro\jbr\native\e376f236ea51e6404a007f0833ffe2c6e607c4080706a723a18a27aeea778392\windows-amd64

VM Arguments:
jvm_args: --add-opens=java.base/java.util=ALL-UNNAMED --add-opens=java.base/java.lang=ALL-UNNAMED --add-opens=java.base/java.lang.invoke=ALL-UNNAMED --add-opens=java.prefs/java.util.prefs=ALL-UNNAMED --add-opens=java.base/java.nio.charset=ALL-UNNAMED --add-opens=java.base/java.net=ALL-UNNAMED --add-opens=java.base/java.util.concurrent.atomic=ALL-UNNAMED -Xmx4096m -Dfile.encoding=UTF-8 -Duser.country=GB -Duser.language=en -Duser.variant 
java_command: org.gradle.launcher.daemon.bootstrap.GradleDaemon 8.0
java_class_path (initial): E:\Apk Kuliah\Andro\jbr\wrapper\dists\gradle-8.0-bin\ca5e32bp14vu59qr306oxotwh\gradle-8.0\lib\gradle-launcher-8.0.jar
Launcher Type: SUN_STANDARD

[Global flags]
     intx CICompilerCount                          = 3                                         {product} {ergonomic}
     uint ConcGCThreads                            = 1                                         {product} {ergonomic}
     uint G1ConcRefinementThreads                  = 4                                         {product} {ergonomic}
   size_t G1HeapRegionSize                         = 2097152                                   {product} {ergonomic}
    uintx GCDrainStackTargetSize                   = 64                                        {product} {ergonomic}
   size_t InitialHeapSize                          = 100663296                                 {product} {ergonomic}
   size_t MarkStackSize                            = 4194304                                   {product} {ergonomic}
   size_t MaxHeapSize                              = 4294967296                                {product} {command line}
   size_t MaxNewSize                               = 2575302656                                {product} {ergonomic}
   size_t MinHeapDeltaBytes                        = 2097152                                   {product} {ergonomic}
   size_t MinHeapSize                              = 8388608                                   {product} {ergonomic}
    uintx NonNMethodCodeHeapSize                   = 5832780                                {pd product} {ergonomic}
    uintx NonProfiledCodeHeapSize                  = 122912730                              {pd product} {ergonomic}
    uintx ProfiledCodeHeapSize                     = 122912730                              {pd product} {ergonomic}
    uintx ReservedCodeCacheSize                    = 251658240                              {pd product} {ergonomic}
     bool SegmentedCodeCache                       = true                                      {product} {ergonomic}
   size_t SoftMaxHeapSize                          = 4294967296                             {manageable} {ergonomic}
     bool UseCompressedClassPointers               = true                           {product lp64_product} {ergonomic}
     bool UseCompressedOops                        = true                           {product lp64_product} {ergonomic}
     bool UseG1GC                                  = true                                      {product} {ergonomic}
     bool UseLargePagesIndividualAllocation        = false                                  {pd product} {ergonomic}

Logging:
Log output configuration:
 #0: stdout all=warning uptime,level,tags
 #1: stderr all=off uptime,level,tags

Environment Variables:
PATH=C:\ProgramData\Oracle\Java\javapath;C:\WINDOWS\system32;C:\WINDOWS;C:\WINDOWS\System32\Wbem;C:\WINDOWS\System32\WindowsPowerShell\v1.0\;C:\WINDOWS\System32\OpenSSH\;C:\Program Files\dotnet\;C:\Program Files\Git\cmd;C:\Program Files\GitHub CLI\;C:\Program Files\Java\jdk1.8.0_111\bin;C:\Users\LENOVO\AppData\Local\Programs\Python\Python310\Scripts\;C:\Users\LENOVO\AppData\Local\Programs\Python\Python310\;C:\Users\LENOVO\AppData\Local\Microsoft\WindowsApps;C:\Users\LENOVO\AppData\Local\Programs\Microsoft VS Code\bin;C:\Users\LENOVO\.dotnet\tools;C:\Users\LENOVO\AppData\Local\GitHubDesktop\bin
USERNAME=YEOVIL
OS=Windows_NT
PROCESSOR_IDENTIFIER=AMD64 Family 23 Model 24 Stepping 1, AuthenticAMD
TMP=C:\Users\LENOVO\AppData\Local\Temp
TEMP=C:\Users\LENOVO\AppData\Local\Temp


JNI global refs:
JNI global refs: 26, weak refs: 1

JNI global refs memory usage: 843, weak refs: 841


---------------  S Y S T E M  ---------------

OS:
 Windows 10 , 64 bit Build 19041 (10.0.19041.3636)
OS uptime: 0 days 1:00 hours

CPU: total 4 (initial active 4) (4 cores per cpu, 2 threads per core) family 23 model 24 stepping 1 microcode 0x0, cx8, cmov, fxsr, ht, mmx, 3dnowpref, sse, sse2, sse3, ssse3, sse4a, sse4.1, sse4.2, popcnt, lzcnt, tsc, tscinvbit, avx, avx2, aes, clmul, bmi1, bmi2, adx, sha, fma, vzeroupper, clflush, clflushopt

Memory: 4k page, system-wide physical 6020M (76M free)
TotalPageFile size 14212M (AvailPageFile size 4M)
current process WorkingSet (physical memory assigned to process): 432M, peak: 432M
current process commit charge ("private bytes"): 607M, peak: 608M

vm_info: OpenJDK 64-Bit Server VM (17.0.6+0-b2043.56-10027231) for windows-amd64 JRE (17.0.6+0-b2043.56-10027231), built on Apr 28 2023 00:43:19 by "androidbuild" with MS VC++ 16.10 / 16.11 (VS2019)

END.
