#
# There is insufficient memory for the Java Runtime Environment to continue.
# Native memory allocation (mmap) failed to map 421527552 bytes for G1 virtual space
# Possible reasons:
#   The system is out of physical RAM or swap space
#   The process is running with CompressedOops enabled, and the Java Heap may be blocking the growth of the native heap
# Possible solutions:
#   Reduce memory load on the system
#   Increase physical memory or swap space
#   Check if swap backing store is full
#   Decrease Java heap size (-Xmx/-Xms)
#   Decrease number of Java threads
#   Decrease Java thread stack sizes (-Xss)
#   Set larger code cache with -XX:ReservedCodeCacheSize=
#   JVM is running with Unscaled Compressed Oops mode in which the Java heap is
#     placed in the first 4GB address space. The Java Heap base address is the
#     maximum limit for the native heap growth. Please use -XX:HeapBaseMinAddress
#     to set the Java Heap base and to place the Java Heap above 4GB virtual address.
# This output file may be truncated or incomplete.
#
#  Out of Memory Error (os_windows.cpp:3769), pid=2164, tid=19352
#
# JRE version: OpenJDK Runtime Environment (17.0.6) (build 17.0.6+0-b2043.56-10027231)
# Java VM: OpenJDK 64-Bit Server VM (17.0.6+0-b2043.56-10027231, mixed mode, tiered, compressed oops, compressed class ptrs, g1 gc, windows-amd64)
# No core dump will be written. Minidumps are not enabled by default on client versions of Windows
#

---------------  S U M M A R Y ------------

Command Line: --add-opens=java.base/java.util=ALL-UNNAMED --add-opens=java.base/java.lang=ALL-UNNAMED --add-opens=java.base/java.lang.invoke=ALL-UNNAMED --add-opens=java.prefs/java.util.prefs=ALL-UNNAMED --add-opens=java.base/java.nio.charset=ALL-UNNAMED --add-opens=java.base/java.net=ALL-UNNAMED --add-opens=java.base/java.util.concurrent.atomic=ALL-UNNAMED -Xmx2048m -Dfile.encoding=UTF-8 -Duser.country=GB -Duser.language=en -Duser.variant org.gradle.launcher.daemon.bootstrap.GradleDaemon 8.0

Host: AMD Ryzen 3 3250U with Radeon Graphics         , 4 cores, 5G,  Windows 10 , 64 bit Build 19041 (10.0.19041.3636)
Time: Sun Nov 26 19:04:56 2023 Russia TZ 8 Standard Time elapsed time: 24.908377 seconds (0d 0h 0m 24s)

---------------  T H R E A D  ---------------

Current thread (0x00000272a7eb7630):  VMThread "VM Thread" [stack: 0x000000d55ad00000,0x000000d55ae00000] [id=19352]

Stack: [0x000000d55ad00000,0x000000d55ae00000]
Native frames: (J=compiled Java code, j=interpreted, Vv=VM code, C=native code)
V  [jvm.dll+0x683c9a]
V  [jvm.dll+0x8427a4]
V  [jvm.dll+0x843f9e]
V  [jvm.dll+0x844603]
V  [jvm.dll+0x249b75]
V  [jvm.dll+0x680b69]
V  [jvm.dll+0x67505a]
V  [jvm.dll+0x309acb]
V  [jvm.dll+0x310f86]
V  [jvm.dll+0x3608ee]
V  [jvm.dll+0x360b1f]
V  [jvm.dll+0x2dfbf8]
V  [jvm.dll+0x2ddec4]
V  [jvm.dll+0x2dd4cc]
V  [jvm.dll+0x321f3b]
V  [jvm.dll+0x848ccb]
V  [jvm.dll+0x849a04]
V  [jvm.dll+0x849f1d]
V  [jvm.dll+0x84a2f4]
V  [jvm.dll+0x84a3c0]
V  [jvm.dll+0x7f274a]
V  [jvm.dll+0x682ad5]
C  [ucrtbase.dll+0x21bb2]
C  [KERNEL32.DLL+0x17344]
C  [ntdll.dll+0x526b1]

VM_Operation (0x000000d5605f5380): G1CollectForAllocation, mode: safepoint, requested by thread 0x00000272abe86970


---------------  P R O C E S S  ---------------

Threads class SMR info:
_java_thread_list=0x00000272ad6fe0e0, length=88, elements={
0x000002728e90bc60, 0x00000272a7edb260, 0x00000272a7edcff0, 0x00000272a7f03290,
0x00000272a7f03f50, 0x00000272a7f04810, 0x00000272a8902480, 0x00000272a8906570,
0x00000272a890f330, 0x00000272a891a410, 0x00000272a8aa3780, 0x00000272a8a92b20,
0x00000272a99f7b40, 0x00000272aa013a90, 0x00000272a971cfc0, 0x00000272aa045460,
0x00000272a9c61100, 0x00000272a9ee9360, 0x00000272a9c615d0, 0x00000272aa181f30,
0x00000272aa1840e0, 0x00000272aa183740, 0x00000272aa181a60, 0x00000272aa183c10,
0x00000272aa182400, 0x00000272aa183270, 0x00000272aa184a80, 0x00000272aa1810c0,
0x00000272aa181590, 0x00000272a989edc0, 0x00000272a98a0aa0, 0x00000272a98a1440,
0x00000272a989f290, 0x00000272a98a0f70, 0x00000272a98a1910, 0x00000272a98a05d0,
0x00000272a98a2c50, 0x00000272a989c740, 0x00000272a98a3120, 0x00000272a989fc30,
0x00000272a98a0100, 0x00000272a989bda0, 0x00000272a989c270, 0x00000272a989cc10,
0x00000272a989d0e0, 0x00000272a989df50, 0x00000272a989d5b0, 0x00000272a989da80,
0x00000272ab889fc0, 0x00000272ab88bca0, 0x00000272ab88f190, 0x00000272ab88c170,
0x00000272ab889620, 0x00000272ab887e10, 0x00000272ab88a490, 0x00000272ab88a960,
0x00000272ab88de50, 0x00000272ab88cfe0, 0x00000272ab889af0, 0x00000272ab88cb10,
0x00000272ab8887b0, 0x00000272ab88ecc0, 0x00000272ab88f660, 0x00000272ab88d4b0,
0x00000272ab8882e0, 0x00000272ab88d980, 0x00000272ab88e320, 0x00000272ab88ae30,
0x00000272ab88b300, 0x00000272ab888c80, 0x00000272ab88c640, 0x00000272ab889150,
0x00000272ab88b7d0, 0x00000272ab88e7f0, 0x00000272abe88b20, 0x00000272abe82ae0,
0x00000272abe88ff0, 0x00000272abe842f0, 0x00000272abe83480, 0x00000272abe82610,
0x00000272abe85fd0, 0x00000272abe83e20, 0x00000272abe864a0, 0x00000272abe86970,
0x00000272abe89990, 0x00000272abe847c0, 0x00000272abe86e40, 0x00000272abe87cb0
}

Java Threads: ( => current thread )
  0x000002728e90bc60 JavaThread "main" [_thread_blocked, id=14840, stack(0x000000d55a700000,0x000000d55a800000)]
  0x00000272a7edb260 JavaThread "Reference Handler" daemon [_thread_blocked, id=17492, stack(0x000000d55ae00000,0x000000d55af00000)]
  0x00000272a7edcff0 JavaThread "Finalizer" daemon [_thread_blocked, id=16552, stack(0x000000d55af00000,0x000000d55b000000)]
  0x00000272a7f03290 JavaThread "Signal Dispatcher" daemon [_thread_blocked, id=18860, stack(0x000000d55b000000,0x000000d55b100000)]
  0x00000272a7f03f50 JavaThread "Attach Listener" daemon [_thread_blocked, id=17560, stack(0x000000d55b100000,0x000000d55b200000)]
  0x00000272a7f04810 JavaThread "Service Thread" daemon [_thread_blocked, id=16488, stack(0x000000d55b200000,0x000000d55b300000)]
  0x00000272a8902480 JavaThread "Monitor Deflation Thread" daemon [_thread_blocked, id=18380, stack(0x000000d55b300000,0x000000d55b400000)]
  0x00000272a8906570 JavaThread "C2 CompilerThread0" daemon [_thread_blocked, id=1820, stack(0x000000d55b400000,0x000000d55b500000)]
  0x00000272a890f330 JavaThread "C1 CompilerThread0" daemon [_thread_blocked, id=6388, stack(0x000000d55b500000,0x000000d55b600000)]
  0x00000272a891a410 JavaThread "Sweeper thread" daemon [_thread_blocked, id=10996, stack(0x000000d55b600000,0x000000d55b700000)]
  0x00000272a8aa3780 JavaThread "Common-Cleaner" daemon [_thread_blocked, id=8564, stack(0x000000d55b700000,0x000000d55b800000)]
  0x00000272a8a92b20 JavaThread "Notification Thread" daemon [_thread_blocked, id=2736, stack(0x000000d55b800000,0x000000d55b900000)]
  0x00000272a99f7b40 JavaThread "Daemon health stats" [_thread_blocked, id=11020, stack(0x000000d55bd00000,0x000000d55be00000)]
  0x00000272aa013a90 JavaThread "Incoming local TCP Connector on port 53684" [_thread_in_native, id=12568, stack(0x000000d55be00000,0x000000d55bf00000)]
  0x00000272a971cfc0 JavaThread "Daemon periodic checks" [_thread_blocked, id=5440, stack(0x000000d55bf00000,0x000000d55c000000)]
  0x00000272aa045460 JavaThread "Daemon" [_thread_blocked, id=10028, stack(0x000000d55c000000,0x000000d55c100000)]
  0x00000272a9c61100 JavaThread "Handler for socket connection from /127.0.0.1:53684 to /127.0.0.1:53685" [_thread_in_native, id=3780, stack(0x000000d55c100000,0x000000d55c200000)]
  0x00000272a9ee9360 JavaThread "Cancel handler" [_thread_blocked, id=10372, stack(0x000000d55c200000,0x000000d55c300000)]
  0x00000272a9c615d0 JavaThread "Daemon worker" [_thread_blocked, id=17420, stack(0x000000d55c300000,0x000000d55c400000)]
  0x00000272aa181f30 JavaThread "Asynchronous log dispatcher for DefaultDaemonConnection: socket connection from /127.0.0.1:53684 to /127.0.0.1:53685" [_thread_blocked, id=17280, stack(0x000000d55c400000,0x000000d55c500000)]
  0x00000272aa1840e0 JavaThread "Stdin handler" [_thread_blocked, id=17448, stack(0x000000d55c500000,0x000000d55c600000)]
  0x00000272aa183740 JavaThread "Daemon client event forwarder" [_thread_blocked, id=15280, stack(0x000000d55c600000,0x000000d55c700000)]
  0x00000272aa181a60 JavaThread "Cache worker for journal cache (E:\Apk Kuliah\Andro\jbr\caches\journal-1)" [_thread_blocked, id=3284, stack(0x000000d55c700000,0x000000d55c800000)]
  0x00000272aa183c10 JavaThread "File lock request listener" [_thread_in_native, id=4392, stack(0x000000d55c800000,0x000000d55c900000)]
  0x00000272aa182400 JavaThread "Cache worker for file hash cache (E:\Apk Kuliah\Andro\jbr\caches\8.0\fileHashes)" [_thread_blocked, id=13516, stack(0x000000d55c900000,0x000000d55ca00000)]
  0x00000272aa183270 JavaThread "File watcher server" daemon [_thread_blocked, id=11368, stack(0x000000d55ca00000,0x000000d55cb00000)]
  0x00000272aa184a80 JavaThread "File watcher consumer" daemon [_thread_blocked, id=11372, stack(0x000000d55cb00000,0x000000d55cc00000)]
  0x00000272aa1810c0 JavaThread "Cache worker for checksums cache (E:\Andro Projek\SispakKehamilan\.gradle\8.0\checksums)" [_thread_blocked, id=11360, stack(0x000000d55cc00000,0x000000d55cd00000)]
  0x00000272aa181590 JavaThread "Cache worker for cache directory md-rule (E:\Apk Kuliah\Andro\jbr\caches\8.0\md-rule)" [_thread_blocked, id=3412, stack(0x000000d55cd00000,0x000000d55ce00000)]
  0x00000272a989edc0 JavaThread "Cache worker for file content cache (E:\Apk Kuliah\Andro\jbr\caches\8.0\fileContent)" [_thread_blocked, id=2140, stack(0x000000d55ce00000,0x000000d55cf00000)]
  0x00000272a98a0aa0 JavaThread "Cache worker for file hash cache (E:\Andro Projek\SispakKehamilan\.gradle\8.0\fileHashes)" [_thread_blocked, id=10368, stack(0x000000d55cf00000,0x000000d55d000000)]
  0x00000272a98a1440 JavaThread "Cache worker for cache directory md-supplier (E:\Apk Kuliah\Andro\jbr\caches\8.0\md-supplier)" [_thread_blocked, id=11344, stack(0x000000d55d000000,0x000000d55d100000)]
  0x00000272a989f290 JavaThread "Cache worker for execution history cache (E:\Apk Kuliah\Andro\jbr\caches\8.0\executionHistory)" [_thread_blocked, id=10224, stack(0x000000d55d100000,0x000000d55d200000)]
  0x00000272a98a0f70 JavaThread "jar transforms" [_thread_blocked, id=16620, stack(0x000000d55d200000,0x000000d55d300000)]
  0x00000272a98a1910 JavaThread "jar transforms Thread 2" [_thread_blocked, id=14936, stack(0x000000d55d300000,0x000000d55d400000)]
  0x00000272a98a05d0 JavaThread "jar transforms Thread 3" [_thread_blocked, id=16948, stack(0x000000d55d500000,0x000000d55d600000)]
  0x00000272a98a2c50 JavaThread "jar transforms Thread 4" [_thread_blocked, id=11816, stack(0x000000d55d600000,0x000000d55d700000)]
  0x00000272a989c740 JavaThread "Cache worker for dependencies-accessors (E:\Andro Projek\SispakKehamilan\.gradle\8.0\dependencies-accessors)" [_thread_blocked, id=18372, stack(0x000000d55d700000,0x000000d55d800000)]
  0x00000272a98a3120 JavaThread "Cache worker for Build Output Cleanup Cache (E:\Andro Projek\SispakKehamilan\.gradle\buildOutputCleanup)" [_thread_blocked, id=8188, stack(0x000000d55d800000,0x000000d55d900000)]
  0x00000272a989fc30 JavaThread "Unconstrained build operations" [_thread_blocked, id=17588, stack(0x000000d55d900000,0x000000d55da00000)]
  0x00000272a98a0100 JavaThread "Unconstrained build operations Thread 2" [_thread_blocked, id=17248, stack(0x000000d55da00000,0x000000d55db00000)]
  0x00000272a989bda0 JavaThread "Unconstrained build operations Thread 3" [_thread_blocked, id=18984, stack(0x000000d55db00000,0x000000d55dc00000)]
  0x00000272a989c270 JavaThread "Unconstrained build operations Thread 4" [_thread_blocked, id=14568, stack(0x000000d55dc00000,0x000000d55dd00000)]
  0x00000272a989cc10 JavaThread "Unconstrained build operations Thread 5" [_thread_blocked, id=14156, stack(0x000000d55dd00000,0x000000d55de00000)]
  0x00000272a989d0e0 JavaThread "Unconstrained build operations Thread 6" [_thread_blocked, id=14548, stack(0x000000d55de00000,0x000000d55df00000)]
  0x00000272a989df50 JavaThread "Unconstrained build operations Thread 7" [_thread_blocked, id=17080, stack(0x000000d55df00000,0x000000d55e000000)]
  0x00000272a989d5b0 JavaThread "Unconstrained build operations Thread 8" [_thread_blocked, id=11700, stack(0x000000d55e000000,0x000000d55e100000)]
  0x00000272a989da80 JavaThread "Unconstrained build operations Thread 9" [_thread_blocked, id=18500, stack(0x000000d55e100000,0x000000d55e200000)]
  0x00000272ab889fc0 JavaThread "Unconstrained build operations Thread 10" [_thread_blocked, id=17596, stack(0x000000d55e200000,0x000000d55e300000)]
  0x00000272ab88bca0 JavaThread "Unconstrained build operations Thread 11" [_thread_blocked, id=17428, stack(0x000000d55e300000,0x000000d55e400000)]
  0x00000272ab88f190 JavaThread "Unconstrained build operations Thread 12" [_thread_blocked, id=8720, stack(0x000000d55e400000,0x000000d55e500000)]
  0x00000272ab88c170 JavaThread "Unconstrained build operations Thread 13" [_thread_blocked, id=17236, stack(0x000000d55e500000,0x000000d55e600000)]
  0x00000272ab889620 JavaThread "Unconstrained build operations Thread 14" [_thread_blocked, id=17824, stack(0x000000d55e600000,0x000000d55e700000)]
  0x00000272ab887e10 JavaThread "Unconstrained build operations Thread 15" [_thread_blocked, id=18164, stack(0x000000d55e700000,0x000000d55e800000)]
  0x00000272ab88a490 JavaThread "Unconstrained build operations Thread 16" [_thread_blocked, id=18904, stack(0x000000d55e800000,0x000000d55e900000)]
  0x00000272ab88a960 JavaThread "Unconstrained build operations Thread 17" [_thread_blocked, id=14468, stack(0x000000d55e900000,0x000000d55ea00000)]
  0x00000272ab88de50 JavaThread "Unconstrained build operations Thread 18" [_thread_blocked, id=8224, stack(0x000000d55ea00000,0x000000d55eb00000)]
  0x00000272ab88cfe0 JavaThread "Unconstrained build operations Thread 19" [_thread_blocked, id=17628, stack(0x000000d55eb00000,0x000000d55ec00000)]
  0x00000272ab889af0 JavaThread "Unconstrained build operations Thread 20" [_thread_blocked, id=15020, stack(0x000000d55ec00000,0x000000d55ed00000)]
  0x00000272ab88cb10 JavaThread "Unconstrained build operations Thread 21" [_thread_blocked, id=17668, stack(0x000000d55ed00000,0x000000d55ee00000)]
  0x00000272ab8887b0 JavaThread "Unconstrained build operations Thread 22" [_thread_blocked, id=14820, stack(0x000000d55ee00000,0x000000d55ef00000)]
  0x00000272ab88ecc0 JavaThread "Unconstrained build operations Thread 23" [_thread_blocked, id=14756, stack(0x000000d55ef00000,0x000000d55f000000)]
  0x00000272ab88f660 JavaThread "Unconstrained build operations Thread 24" [_thread_blocked, id=15872, stack(0x000000d55f000000,0x000000d55f100000)]
  0x00000272ab88d4b0 JavaThread "Unconstrained build operations Thread 25" [_thread_blocked, id=18404, stack(0x000000d55f100000,0x000000d55f200000)]
  0x00000272ab8882e0 JavaThread "Unconstrained build operations Thread 26" [_thread_blocked, id=13656, stack(0x000000d55f200000,0x000000d55f300000)]
  0x00000272ab88d980 JavaThread "Unconstrained build operations Thread 27" [_thread_blocked, id=15548, stack(0x000000d55f300000,0x000000d55f400000)]
  0x00000272ab88e320 JavaThread "Unconstrained build operations Thread 28" [_thread_blocked, id=15952, stack(0x000000d55f400000,0x000000d55f500000)]
  0x00000272ab88ae30 JavaThread "Unconstrained build operations Thread 29" [_thread_blocked, id=1708, stack(0x000000d55f500000,0x000000d55f600000)]
  0x00000272ab88b300 JavaThread "Unconstrained build operations Thread 30" [_thread_blocked, id=16752, stack(0x000000d55f600000,0x000000d55f700000)]
  0x00000272ab888c80 JavaThread "Unconstrained build operations Thread 31" [_thread_blocked, id=13856, stack(0x000000d55f700000,0x000000d55f800000)]
  0x00000272ab88c640 JavaThread "Unconstrained build operations Thread 32" [_thread_blocked, id=17172, stack(0x000000d55f800000,0x000000d55f900000)]
  0x00000272ab889150 JavaThread "Unconstrained build operations Thread 33" [_thread_blocked, id=14836, stack(0x000000d55f900000,0x000000d55fa00000)]
  0x00000272ab88b7d0 JavaThread "Unconstrained build operations Thread 34" [_thread_blocked, id=14228, stack(0x000000d55fa00000,0x000000d55fb00000)]
  0x00000272ab88e7f0 JavaThread "Unconstrained build operations Thread 35" [_thread_blocked, id=16612, stack(0x000000d55fb00000,0x000000d55fc00000)]
  0x00000272abe88b20 JavaThread "Unconstrained build operations Thread 36" [_thread_blocked, id=15972, stack(0x000000d55fc00000,0x000000d55fd00000)]
  0x00000272abe82ae0 JavaThread "Unconstrained build operations Thread 37" [_thread_blocked, id=10912, stack(0x000000d55fd00000,0x000000d55fe00000)]
  0x00000272abe88ff0 JavaThread "Unconstrained build operations Thread 38" [_thread_blocked, id=16548, stack(0x000000d55fe00000,0x000000d55ff00000)]
  0x00000272abe842f0 JavaThread "Unconstrained build operations Thread 39" [_thread_blocked, id=14752, stack(0x000000d55ff00000,0x000000d560000000)]
  0x00000272abe83480 JavaThread "Unconstrained build operations Thread 40" [_thread_blocked, id=16304, stack(0x000000d560000000,0x000000d560100000)]
  0x00000272abe82610 JavaThread "build event listener" [_thread_blocked, id=16540, stack(0x000000d560100000,0x000000d560200000)]
  0x00000272abe85fd0 JavaThread "Memory manager" [_thread_blocked, id=10980, stack(0x000000d560200000,0x000000d560300000)]
  0x00000272abe83e20 JavaThread "included builds" [_thread_blocked, id=11096, stack(0x000000d560300000,0x000000d560400000)]
  0x00000272abe864a0 JavaThread "Execution worker" [_thread_blocked, id=2792, stack(0x000000d560400000,0x000000d560500000)]
  0x00000272abe86970 JavaThread "Execution worker Thread 2" [_thread_blocked, id=4336, stack(0x000000d560500000,0x000000d560600000)]
  0x00000272abe89990 JavaThread "Execution worker Thread 3" [_thread_blocked, id=15784, stack(0x000000d560600000,0x000000d560700000)]
  0x00000272abe847c0 JavaThread "Cache worker for execution history cache (E:\Andro Projek\SispakKehamilan\.gradle\8.0\executionHistory)" [_thread_blocked, id=10276, stack(0x000000d560700000,0x000000d560800000)]
  0x00000272abe86e40 JavaThread "WorkerExecutor Queue" [_thread_blocked, id=10848, stack(0x000000d560800000,0x000000d560900000)]
  0x00000272abe87cb0 JavaThread "WorkerExecutor Queue Thread 2" [_thread_blocked, id=13900, stack(0x000000d560900000,0x000000d560a00000)]

Other Threads:
=>0x00000272a7eb7630 VMThread "VM Thread" [stack: 0x000000d55ad00000,0x000000d55ae00000] [id=19352]
  0x00000272a8a92ff0 WatcherThread [stack: 0x000000d55b900000,0x000000d55ba00000] [id=14340]
  0x000002728e967250 GCTaskThread "GC Thread#0" [stack: 0x000000d55a800000,0x000000d55a900000] [id=7872]
  0x00000272a8d7d240 GCTaskThread "GC Thread#1" [stack: 0x000000d55ba00000,0x000000d55bb00000] [id=17352]
  0x00000272a8ddee80 GCTaskThread "GC Thread#2" [stack: 0x000000d55bb00000,0x000000d55bc00000] [id=11092]
  0x00000272a9555050 GCTaskThread "GC Thread#3" [stack: 0x000000d55bc00000,0x000000d55bd00000] [id=3964]
  0x000002728e978840 ConcurrentGCThread "G1 Main Marker" [stack: 0x000000d55a900000,0x000000d55aa00000] [id=1608]
  0x000002728e979160 ConcurrentGCThread "G1 Conc#0" [stack: 0x000000d55aa00000,0x000000d55ab00000] [id=16164]
  0x000002728e9d9c50 ConcurrentGCThread "G1 Refine#0" [stack: 0x000000d55ab00000,0x000000d55ac00000] [id=18052]
  0x00000272ab458a80 ConcurrentGCThread "G1 Refine#1" [stack: 0x000000d55d400000,0x000000d55d500000] [id=14104]
  0x000002728e9db990 ConcurrentGCThread "G1 Service" [stack: 0x000000d55ac00000,0x000000d55ad00000] [id=9884]

Threads with active compile tasks:
C2 CompilerThread0    24970 12062       4       com.android.tools.r8.internal.lp::a (998 bytes)

VM state: at safepoint (normal execution)

VM Mutex/Monitor currently owned by a thread:  ([mutex/lock_event])
[0x000002728e905300] Threads_lock - owner thread: 0x00000272a7eb7630
[0x000002728e9061a0] Heap_lock - owner thread: 0x00000272abe86970

Heap address: 0x0000000080000000, size: 2048 MB, Compressed Oops mode: 32-bit

CDS archive(s) not mapped
Compressed class space mapped at: 0x0000000100000000-0x0000000140000000, reserved size: 1073741824
Narrow klass base: 0x0000000000000000, Narrow klass shift: 3, Narrow klass range: 0x140000000

GC Precious Log:
 CPUs: 4 total, 4 available
 Memory: 6020M
 Large Page Support: Disabled
 NUMA Support: Disabled
 Compressed Oops: Enabled (32-bit)
 Heap Region Size: 1M
 Heap Min Capacity: 8M
 Heap Initial Capacity: 96M
 Heap Max Capacity: 2G
 Pre-touch: Disabled
 Parallel Workers: 4
 Concurrent Workers: 1
 Concurrent Refinement Workers: 4
 Periodic GC: Disabled

Heap:
 garbage-first heap   total 205824K, used 124928K [0x0000000080000000, 0x0000000100000000)
  region size 1024K, 6 young (6144K), 6 survivors (6144K)
 Metaspace       used 100628K, committed 101248K, reserved 1138688K
  class space    used 13664K, committed 13952K, reserved 1048576K

Heap Regions: E=young(eden), S=young(survivor), O=old, HS=humongous(starts), HC=humongous(continues), CS=collection set, F=free, OA=open archive, CA=closed archive, TAMS=top-at-mark-start (previous, next)
|   0|0x0000000080000000, 0x0000000080100000, 0x0000000080100000|100%| O|  |TAMS 0x0000000080100000, 0x0000000080100000| Untracked 
|   1|0x0000000080100000, 0x0000000080200000, 0x0000000080200000|100%| O|  |TAMS 0x0000000080200000, 0x0000000080200000| Untracked 
|   2|0x0000000080200000, 0x0000000080300000, 0x0000000080300000|100%|HS|  |TAMS 0x0000000080300000, 0x0000000080300000| Complete 
|   3|0x0000000080300000, 0x0000000080400000, 0x0000000080400000|100%|HC|  |TAMS 0x0000000080400000, 0x0000000080400000| Complete 
|   4|0x0000000080400000, 0x0000000080500000, 0x0000000080500000|100%|HC|  |TAMS 0x0000000080500000, 0x0000000080500000| Complete 
|   5|0x0000000080500000, 0x0000000080600000, 0x0000000080600000|100%|HC|  |TAMS 0x0000000080600000, 0x0000000080600000| Complete 
|   6|0x0000000080600000, 0x0000000080700000, 0x0000000080700000|100%| O|  |TAMS 0x0000000080700000, 0x0000000080700000| Untracked 
|   7|0x0000000080700000, 0x0000000080800000, 0x0000000080800000|100%| O|  |TAMS 0x0000000080800000, 0x0000000080800000| Untracked 
|   8|0x0000000080800000, 0x0000000080900000, 0x0000000080900000|100%| O|  |TAMS 0x0000000080900000, 0x0000000080900000| Untracked 
|   9|0x0000000080900000, 0x0000000080a00000, 0x0000000080a00000|100%| O|  |TAMS 0x0000000080a00000, 0x0000000080a00000| Untracked 
|  10|0x0000000080a00000, 0x0000000080b00000, 0x0000000080b00000|100%| O|  |TAMS 0x0000000080b00000, 0x0000000080b00000| Untracked 
|  11|0x0000000080b00000, 0x0000000080c00000, 0x0000000080c00000|100%| O|  |TAMS 0x0000000080c00000, 0x0000000080c00000| Untracked 
|  12|0x0000000080c00000, 0x0000000080d00000, 0x0000000080d00000|100%| O|  |TAMS 0x0000000080d00000, 0x0000000080d00000| Untracked 
|  13|0x0000000080d00000, 0x0000000080e00000, 0x0000000080e00000|100%| O|  |TAMS 0x0000000080e00000, 0x0000000080e00000| Untracked 
|  14|0x0000000080e00000, 0x0000000080f00000, 0x0000000080f00000|100%| O|  |TAMS 0x0000000080f00000, 0x0000000080f00000| Untracked 
|  15|0x0000000080f00000, 0x0000000081000000, 0x0000000081000000|100%| O|  |TAMS 0x0000000081000000, 0x0000000081000000| Untracked 
|  16|0x0000000081000000, 0x0000000081100000, 0x0000000081100000|100%| O|  |TAMS 0x0000000081100000, 0x0000000081100000| Untracked 
|  17|0x0000000081100000, 0x0000000081200000, 0x0000000081200000|100%| O|  |TAMS 0x0000000081200000, 0x0000000081200000| Untracked 
|  18|0x0000000081200000, 0x0000000081300000, 0x0000000081300000|100%| O|  |TAMS 0x0000000081300000, 0x0000000081300000| Untracked 
|  19|0x0000000081300000, 0x0000000081400000, 0x0000000081400000|100%| O|  |TAMS 0x0000000081400000, 0x0000000081400000| Untracked 
|  20|0x0000000081400000, 0x0000000081500000, 0x0000000081500000|100%| O|  |TAMS 0x0000000081500000, 0x0000000081500000| Untracked 
|  21|0x0000000081500000, 0x0000000081600000, 0x0000000081600000|100%| O|  |TAMS 0x0000000081600000, 0x0000000081600000| Untracked 
|  22|0x0000000081600000, 0x0000000081700000, 0x0000000081700000|100%| O|  |TAMS 0x0000000081700000, 0x0000000081700000| Untracked 
|  23|0x0000000081700000, 0x0000000081800000, 0x0000000081800000|100%| O|  |TAMS 0x0000000081700000, 0x0000000081800000| Untracked 
|  24|0x0000000081800000, 0x0000000081900000, 0x0000000081900000|100%| O|  |TAMS 0x0000000081900000, 0x0000000081900000| Untracked 
|  25|0x0000000081900000, 0x0000000081a00000, 0x0000000081a00000|100%| O|  |TAMS 0x0000000081a00000, 0x0000000081a00000| Untracked 
|  26|0x0000000081a00000, 0x0000000081b00000, 0x0000000081b00000|100%| O|  |TAMS 0x0000000081b00000, 0x0000000081b00000| Untracked 
|  27|0x0000000081b00000, 0x0000000081c00000, 0x0000000081c00000|100%| O|  |TAMS 0x0000000081c00000, 0x0000000081c00000| Untracked 
|  28|0x0000000081c00000, 0x0000000081d00000, 0x0000000081d00000|100%| O|  |TAMS 0x0000000081d00000, 0x0000000081d00000| Untracked 
|  29|0x0000000081d00000, 0x0000000081e00000, 0x0000000081e00000|100%| O|  |TAMS 0x0000000081e00000, 0x0000000081e00000| Untracked 
|  30|0x0000000081e00000, 0x0000000081f00000, 0x0000000081f00000|100%| O|  |TAMS 0x0000000081f00000, 0x0000000081f00000| Untracked 
|  31|0x0000000081f00000, 0x0000000082000000, 0x0000000082000000|100%| O|  |TAMS 0x0000000082000000, 0x0000000082000000| Untracked 
|  32|0x0000000082000000, 0x0000000082100000, 0x0000000082100000|100%| O|  |TAMS 0x0000000082100000, 0x0000000082100000| Untracked 
|  33|0x0000000082100000, 0x0000000082200000, 0x0000000082200000|100%|HS|  |TAMS 0x0000000082200000, 0x0000000082200000| Complete 
|  34|0x0000000082200000, 0x0000000082300000, 0x0000000082300000|100%|HS|  |TAMS 0x0000000082300000, 0x0000000082300000| Complete 
|  35|0x0000000082300000, 0x0000000082400000, 0x0000000082400000|100%|HS|  |TAMS 0x0000000082400000, 0x0000000082400000| Complete 
|  36|0x0000000082400000, 0x0000000082500000, 0x0000000082500000|100%| O|  |TAMS 0x0000000082500000, 0x0000000082500000| Untracked 
|  37|0x0000000082500000, 0x0000000082600000, 0x0000000082600000|100%|HS|  |TAMS 0x0000000082600000, 0x0000000082600000| Complete 
|  38|0x0000000082600000, 0x0000000082700000, 0x0000000082700000|100%| O|  |TAMS 0x0000000082700000, 0x0000000082700000| Untracked 
|  39|0x0000000082700000, 0x0000000082800000, 0x0000000082800000|100%| O|  |TAMS 0x0000000082800000, 0x0000000082800000| Untracked 
|  40|0x0000000082800000, 0x0000000082900000, 0x0000000082900000|100%| O|  |TAMS 0x0000000082900000, 0x0000000082900000| Untracked 
|  41|0x0000000082900000, 0x0000000082a00000, 0x0000000082a00000|100%|HS|  |TAMS 0x0000000082a00000, 0x0000000082a00000| Complete 
|  42|0x0000000082a00000, 0x0000000082b00000, 0x0000000082b00000|100%|HC|  |TAMS 0x0000000082b00000, 0x0000000082b00000| Complete 
|  43|0x0000000082b00000, 0x0000000082c00000, 0x0000000082c00000|100%|HC|  |TAMS 0x0000000082c00000, 0x0000000082c00000| Complete 
|  44|0x0000000082c00000, 0x0000000082d00000, 0x0000000082d00000|100%| O|  |TAMS 0x0000000082d00000, 0x0000000082d00000| Untracked 
|  45|0x0000000082d00000, 0x0000000082e00000, 0x0000000082e00000|100%| O|  |TAMS 0x0000000082e00000, 0x0000000082e00000| Untracked 
|  46|0x0000000082e00000, 0x0000000082f00000, 0x0000000082f00000|100%| O|  |TAMS 0x0000000082f00000, 0x0000000082f00000| Untracked 
|  47|0x0000000082f00000, 0x0000000083000000, 0x0000000083000000|100%| O|  |TAMS 0x0000000083000000, 0x0000000083000000| Untracked 
|  48|0x0000000083000000, 0x0000000083100000, 0x0000000083100000|100%| O|  |TAMS 0x0000000083100000, 0x0000000083100000| Untracked 
|  49|0x0000000083100000, 0x0000000083200000, 0x0000000083200000|100%| O|  |TAMS 0x0000000083200000, 0x0000000083200000| Untracked 
|  50|0x0000000083200000, 0x0000000083300000, 0x0000000083300000|100%| O|  |TAMS 0x0000000083300000, 0x0000000083300000| Untracked 
|  51|0x0000000083300000, 0x0000000083400000, 0x0000000083400000|100%| O|  |TAMS 0x0000000083400000, 0x0000000083400000| Untracked 
|  52|0x0000000083400000, 0x0000000083500000, 0x0000000083500000|100%| O|  |TAMS 0x0000000083500000, 0x0000000083500000| Untracked 
|  53|0x0000000083500000, 0x0000000083600000, 0x0000000083600000|100%| O|  |TAMS 0x0000000083600000, 0x0000000083600000| Untracked 
|  54|0x0000000083600000, 0x0000000083700000, 0x0000000083700000|100%| O|  |TAMS 0x0000000083700000, 0x0000000083700000| Untracked 
|  55|0x0000000083700000, 0x0000000083800000, 0x0000000083800000|100%| O|  |TAMS 0x0000000083800000, 0x0000000083800000| Untracked 
|  56|0x0000000083800000, 0x0000000083900000, 0x0000000083900000|100%| O|  |TAMS 0x0000000083900000, 0x0000000083900000| Untracked 
|  57|0x0000000083900000, 0x0000000083a00000, 0x0000000083a00000|100%| O|  |TAMS 0x0000000083a00000, 0x0000000083a00000| Untracked 
|  58|0x0000000083a00000, 0x0000000083b00000, 0x0000000083b00000|100%| O|  |TAMS 0x0000000083b00000, 0x0000000083b00000| Untracked 
|  59|0x0000000083b00000, 0x0000000083c00000, 0x0000000083c00000|100%| O|  |TAMS 0x0000000083c00000, 0x0000000083c00000| Untracked 
|  60|0x0000000083c00000, 0x0000000083d00000, 0x0000000083d00000|100%| O|  |TAMS 0x0000000083d00000, 0x0000000083d00000| Untracked 
|  61|0x0000000083d00000, 0x0000000083e00000, 0x0000000083e00000|100%| O|  |TAMS 0x0000000083e00000, 0x0000000083e00000| Untracked 
|  62|0x0000000083e00000, 0x0000000083f00000, 0x0000000083f00000|100%| O|  |TAMS 0x0000000083f00000, 0x0000000083f00000| Untracked 
|  63|0x0000000083f00000, 0x0000000084000000, 0x0000000084000000|100%| O|  |TAMS 0x0000000084000000, 0x0000000084000000| Untracked 
|  64|0x0000000084000000, 0x0000000084100000, 0x0000000084100000|100%| O|  |TAMS 0x0000000084100000, 0x0000000084100000| Untracked 
|  65|0x0000000084100000, 0x0000000084200000, 0x0000000084200000|100%| O|  |TAMS 0x0000000084200000, 0x0000000084200000| Untracked 
|  66|0x0000000084200000, 0x0000000084300000, 0x0000000084300000|100%| O|  |TAMS 0x0000000084300000, 0x0000000084300000| Untracked 
|  67|0x0000000084300000, 0x0000000084400000, 0x0000000084400000|100%| O|  |TAMS 0x0000000084400000, 0x0000000084400000| Untracked 
|  68|0x0000000084400000, 0x0000000084500000, 0x0000000084500000|100%| O|  |TAMS 0x0000000084500000, 0x0000000084500000| Untracked 
|  69|0x0000000084500000, 0x0000000084600000, 0x0000000084600000|100%| O|  |TAMS 0x0000000084600000, 0x0000000084600000| Untracked 
|  70|0x0000000084600000, 0x0000000084700000, 0x0000000084700000|100%| O|  |TAMS 0x0000000084700000, 0x0000000084700000| Untracked 
|  71|0x0000000084700000, 0x0000000084800000, 0x0000000084800000|100%| O|  |TAMS 0x0000000084800000, 0x0000000084800000| Untracked 
|  72|0x0000000084800000, 0x0000000084900000, 0x0000000084900000|100%| O|  |TAMS 0x0000000084900000, 0x0000000084900000| Untracked 
|  73|0x0000000084900000, 0x0000000084a00000, 0x0000000084a00000|100%| O|  |TAMS 0x0000000084a00000, 0x0000000084a00000| Untracked 
|  74|0x0000000084a00000, 0x0000000084b00000, 0x0000000084b00000|100%| O|  |TAMS 0x0000000084b00000, 0x0000000084b00000| Untracked 
|  75|0x0000000084b00000, 0x0000000084c00000, 0x0000000084c00000|100%| O|  |TAMS 0x0000000084c00000, 0x0000000084c00000| Untracked 
|  76|0x0000000084c00000, 0x0000000084d00000, 0x0000000084d00000|100%| O|  |TAMS 0x0000000084d00000, 0x0000000084d00000| Untracked 
|  77|0x0000000084d00000, 0x0000000084e00000, 0x0000000084e00000|100%| O|  |TAMS 0x0000000084e00000, 0x0000000084e00000| Untracked 
|  78|0x0000000084e00000, 0x0000000084f00000, 0x0000000084f00000|100%| O|  |TAMS 0x0000000084f00000, 0x0000000084f00000| Untracked 
|  79|0x0000000084f00000, 0x0000000085000000, 0x0000000085000000|100%| O|  |TAMS 0x0000000085000000, 0x0000000085000000| Untracked 
|  80|0x0000000085000000, 0x0000000085100000, 0x0000000085100000|100%| O|  |TAMS 0x0000000085000000, 0x0000000085000000| Untracked 
|  81|0x0000000085100000, 0x0000000085200000, 0x0000000085200000|100%| O|  |TAMS 0x0000000085200000, 0x0000000085200000| Untracked 
|  82|0x0000000085200000, 0x0000000085300000, 0x0000000085300000|100%| O|  |TAMS 0x0000000085300000, 0x0000000085300000| Untracked 
|  83|0x0000000085300000, 0x0000000085400000, 0x0000000085400000|100%| O|  |TAMS 0x0000000085400000, 0x0000000085400000| Untracked 
|  84|0x0000000085400000, 0x0000000085500000, 0x0000000085500000|100%| O|  |TAMS 0x0000000085500000, 0x0000000085500000| Untracked 
|  85|0x0000000085500000, 0x0000000085600000, 0x0000000085600000|100%| O|  |TAMS 0x0000000085600000, 0x0000000085600000| Untracked 
|  86|0x0000000085600000, 0x0000000085700000, 0x0000000085700000|100%| O|  |TAMS 0x0000000085700000, 0x0000000085700000| Untracked 
|  87|0x0000000085700000, 0x0000000085800000, 0x0000000085800000|100%| O|  |TAMS 0x0000000085800000, 0x0000000085800000| Untracked 
|  88|0x0000000085800000, 0x0000000085900000, 0x0000000085900000|100%| O|  |TAMS 0x0000000085900000, 0x0000000085900000| Untracked 
|  89|0x0000000085900000, 0x0000000085a00000, 0x0000000085a00000|100%| O|  |TAMS 0x0000000085a00000, 0x0000000085a00000| Untracked 
|  90|0x0000000085a00000, 0x0000000085b00000, 0x0000000085b00000|100%| O|  |TAMS 0x0000000085b00000, 0x0000000085b00000| Untracked 
|  91|0x0000000085b00000, 0x0000000085c00000, 0x0000000085c00000|100%| O|  |TAMS 0x0000000085c00000, 0x0000000085c00000| Untracked 
|  92|0x0000000085c00000, 0x0000000085d00000, 0x0000000085d00000|100%| O|  |TAMS 0x0000000085c84c00, 0x0000000085d00000| Untracked 
|  93|0x0000000085d00000, 0x0000000085e00000, 0x0000000085e00000|100%| O|  |TAMS 0x0000000085d00000, 0x0000000085e00000| Untracked 
|  94|0x0000000085e00000, 0x0000000085f00000, 0x0000000085f00000|100%| O|  |TAMS 0x0000000085e00000, 0x0000000085f00000| Untracked 
|  95|0x0000000085f00000, 0x0000000086000000, 0x0000000086000000|100%| O|  |TAMS 0x0000000085f00000, 0x0000000086000000| Untracked 
|  96|0x0000000086000000, 0x0000000086100000, 0x0000000086100000|100%| O|  |TAMS 0x0000000086000000, 0x0000000086100000| Untracked 
|  97|0x0000000086100000, 0x0000000086200000, 0x0000000086200000|100%| O|  |TAMS 0x0000000086100000, 0x0000000086200000| Untracked 
|  98|0x0000000086200000, 0x0000000086300000, 0x0000000086300000|100%| O|  |TAMS 0x0000000086200000, 0x0000000086300000| Untracked 
|  99|0x0000000086300000, 0x0000000086400000, 0x0000000086400000|100%| O|  |TAMS 0x0000000086300000, 0x0000000086400000| Untracked 
| 100|0x0000000086400000, 0x0000000086500000, 0x0000000086500000|100%| O|  |TAMS 0x0000000086400000, 0x0000000086500000| Untracked 
| 101|0x0000000086500000, 0x0000000086600000, 0x0000000086600000|100%| O|  |TAMS 0x0000000086500000, 0x0000000086600000| Untracked 
| 102|0x0000000086600000, 0x0000000086700000, 0x0000000086700000|100%| O|  |TAMS 0x0000000086600000, 0x0000000086700000| Untracked 
| 103|0x0000000086700000, 0x0000000086800000, 0x0000000086800000|100%| O|  |TAMS 0x0000000086700000, 0x0000000086800000| Untracked 
| 104|0x0000000086800000, 0x0000000086900000, 0x0000000086900000|100%| O|  |TAMS 0x0000000086800000, 0x0000000086900000| Untracked 
| 105|0x0000000086900000, 0x0000000086a00000, 0x0000000086a00000|100%| O|  |TAMS 0x0000000086900000, 0x0000000086a00000| Untracked 
| 106|0x0000000086a00000, 0x0000000086b00000, 0x0000000086b00000|100%| O|  |TAMS 0x0000000086a00000, 0x0000000086b00000| Untracked 
| 107|0x0000000086b00000, 0x0000000086c00000, 0x0000000086c00000|100%| O|  |TAMS 0x0000000086b00000, 0x0000000086c00000| Untracked 
| 108|0x0000000086c00000, 0x0000000086d00000, 0x0000000086d00000|100%| O|  |TAMS 0x0000000086c00000, 0x0000000086d00000| Untracked 
| 109|0x0000000086d00000, 0x0000000086e00000, 0x0000000086e00000|100%| O|  |TAMS 0x0000000086d00000, 0x0000000086e00000| Untracked 
| 110|0x0000000086e00000, 0x0000000086f00000, 0x0000000086f00000|100%| O|  |TAMS 0x0000000086e00000, 0x0000000086f00000| Untracked 
| 111|0x0000000086f00000, 0x0000000087000000, 0x0000000087000000|100%| O|  |TAMS 0x0000000086f00000, 0x0000000087000000| Untracked 
| 112|0x0000000087000000, 0x0000000087100000, 0x0000000087100000|100%| O|  |TAMS 0x0000000087000000, 0x0000000087100000| Untracked 
| 113|0x0000000087100000, 0x0000000087200000, 0x0000000087200000|100%| O|  |TAMS 0x0000000087100000, 0x0000000087200000| Untracked 
| 114|0x0000000087200000, 0x0000000087300000, 0x0000000087300000|100%| O|  |TAMS 0x0000000087200000, 0x000000008726ce00| Untracked 
| 115|0x0000000087300000, 0x0000000087400000, 0x0000000087400000|100%| O|  |TAMS 0x0000000087300000, 0x0000000087300000| Untracked 
| 116|0x0000000087400000, 0x0000000087400000, 0x0000000087500000|  0%| F|  |TAMS 0x0000000087400000, 0x0000000087400000| Untracked 
| 117|0x0000000087500000, 0x0000000087500000, 0x0000000087600000|  0%| F|  |TAMS 0x0000000087500000, 0x0000000087500000| Untracked 
| 118|0x0000000087600000, 0x0000000087600000, 0x0000000087700000|  0%| F|  |TAMS 0x0000000087600000, 0x0000000087600000| Untracked 
| 119|0x0000000087700000, 0x0000000087700000, 0x0000000087800000|  0%| F|  |TAMS 0x0000000087700000, 0x0000000087700000| Untracked 
| 120|0x0000000087800000, 0x0000000087800000, 0x0000000087900000|  0%| F|  |TAMS 0x0000000087800000, 0x0000000087800000| Untracked 
| 121|0x0000000087900000, 0x0000000087900000, 0x0000000087a00000|  0%| F|  |TAMS 0x0000000087900000, 0x0000000087900000| Untracked 
| 122|0x0000000087a00000, 0x0000000087a00000, 0x0000000087b00000|  0%| F|  |TAMS 0x0000000087a00000, 0x0000000087a00000| Untracked 
| 123|0x0000000087b00000, 0x0000000087b00000, 0x0000000087c00000|  0%| F|  |TAMS 0x0000000087b00000, 0x0000000087b00000| Untracked 
| 124|0x0000000087c00000, 0x0000000087c00000, 0x0000000087d00000|  0%| F|  |TAMS 0x0000000087c00000, 0x0000000087c00000| Untracked 
| 125|0x0000000087d00000, 0x0000000087d00000, 0x0000000087e00000|  0%| F|  |TAMS 0x0000000087d00000, 0x0000000087d00000| Untracked 
| 126|0x0000000087e00000, 0x0000000087e00000, 0x0000000087f00000|  0%| F|  |TAMS 0x0000000087e00000, 0x0000000087e00000| Untracked 
| 127|0x0000000087f00000, 0x0000000087f00000, 0x0000000088000000|  0%| F|  |TAMS 0x0000000087f00000, 0x0000000087f00000| Untracked 
| 128|0x0000000088000000, 0x0000000088000000, 0x0000000088100000|  0%| F|  |TAMS 0x0000000088000000, 0x0000000088000000| Untracked 
| 129|0x0000000088100000, 0x0000000088100000, 0x0000000088200000|  0%| F|  |TAMS 0x0000000088100000, 0x0000000088100000| Untracked 
| 130|0x0000000088200000, 0x0000000088200000, 0x0000000088300000|  0%| F|  |TAMS 0x0000000088200000, 0x0000000088200000| Untracked 
| 131|0x0000000088300000, 0x0000000088300000, 0x0000000088400000|  0%| F|  |TAMS 0x0000000088300000, 0x0000000088300000| Untracked 
| 132|0x0000000088400000, 0x0000000088400000, 0x0000000088500000|  0%| F|  |TAMS 0x0000000088400000, 0x0000000088400000| Untracked 
| 133|0x0000000088500000, 0x0000000088500000, 0x0000000088600000|  0%| F|  |TAMS 0x0000000088500000, 0x0000000088500000| Untracked 
| 134|0x0000000088600000, 0x0000000088600000, 0x0000000088700000|  0%| F|  |TAMS 0x0000000088600000, 0x0000000088600000| Untracked 
| 135|0x0000000088700000, 0x0000000088700000, 0x0000000088800000|  0%| F|  |TAMS 0x0000000088700000, 0x0000000088700000| Untracked 
| 136|0x0000000088800000, 0x0000000088800000, 0x0000000088900000|  0%| F|  |TAMS 0x0000000088800000, 0x0000000088800000| Untracked 
| 137|0x0000000088900000, 0x0000000088900000, 0x0000000088a00000|  0%| F|  |TAMS 0x0000000088900000, 0x0000000088900000| Untracked 
| 138|0x0000000088a00000, 0x0000000088a00000, 0x0000000088b00000|  0%| F|  |TAMS 0x0000000088a00000, 0x0000000088a00000| Untracked 
| 139|0x0000000088b00000, 0x0000000088b00000, 0x0000000088c00000|  0%| F|  |TAMS 0x0000000088b00000, 0x0000000088b00000| Untracked 
| 140|0x0000000088c00000, 0x0000000088c00000, 0x0000000088d00000|  0%| F|  |TAMS 0x0000000088c00000, 0x0000000088c00000| Untracked 
| 141|0x0000000088d00000, 0x0000000088d00000, 0x0000000088e00000|  0%| F|  |TAMS 0x0000000088d00000, 0x0000000088d00000| Untracked 
| 142|0x0000000088e00000, 0x0000000088e00000, 0x0000000088f00000|  0%| F|  |TAMS 0x0000000088e00000, 0x0000000088e00000| Untracked 
| 143|0x0000000088f00000, 0x0000000088f00000, 0x0000000089000000|  0%| F|  |TAMS 0x0000000088f00000, 0x0000000088f00000| Untracked 
| 144|0x0000000089000000, 0x0000000089000000, 0x0000000089100000|  0%| F|  |TAMS 0x0000000089000000, 0x0000000089000000| Untracked 
| 145|0x0000000089100000, 0x0000000089100000, 0x0000000089200000|  0%| F|  |TAMS 0x0000000089100000, 0x0000000089100000| Untracked 
| 146|0x0000000089200000, 0x0000000089200000, 0x0000000089300000|  0%| F|  |TAMS 0x0000000089200000, 0x0000000089200000| Untracked 
| 147|0x0000000089300000, 0x0000000089400000, 0x0000000089400000|100%| S|CS|TAMS 0x0000000089300000, 0x0000000089300000| Complete 
| 148|0x0000000089400000, 0x0000000089500000, 0x0000000089500000|100%| S|CS|TAMS 0x0000000089400000, 0x0000000089400000| Complete 
| 149|0x0000000089500000, 0x0000000089600000, 0x0000000089600000|100%| S|CS|TAMS 0x0000000089500000, 0x0000000089500000| Complete 
| 150|0x0000000089600000, 0x0000000089700000, 0x0000000089700000|100%| S|CS|TAMS 0x0000000089600000, 0x0000000089600000| Complete 
| 151|0x0000000089700000, 0x0000000089800000, 0x0000000089800000|100%| S|CS|TAMS 0x0000000089700000, 0x0000000089700000| Complete 
| 152|0x0000000089800000, 0x0000000089900000, 0x0000000089900000|100%| S|CS|TAMS 0x0000000089800000, 0x0000000089800000| Complete 
| 153|0x0000000089900000, 0x0000000089900000, 0x0000000089a00000|  0%| F|  |TAMS 0x0000000089900000, 0x0000000089900000| Untracked 
| 154|0x0000000089a00000, 0x0000000089a00000, 0x0000000089b00000|  0%| F|  |TAMS 0x0000000089a00000, 0x0000000089a00000| Untracked 
| 155|0x0000000089b00000, 0x0000000089b00000, 0x0000000089c00000|  0%| F|  |TAMS 0x0000000089b00000, 0x0000000089b00000| Untracked 
| 156|0x0000000089c00000, 0x0000000089c00000, 0x0000000089d00000|  0%| F|  |TAMS 0x0000000089c00000, 0x0000000089c00000| Untracked 
| 157|0x0000000089d00000, 0x0000000089d00000, 0x0000000089e00000|  0%| F|  |TAMS 0x0000000089d00000, 0x0000000089d00000| Untracked 
| 158|0x0000000089e00000, 0x0000000089e00000, 0x0000000089f00000|  0%| F|  |TAMS 0x0000000089e00000, 0x0000000089e00000| Untracked 
| 159|0x0000000089f00000, 0x0000000089f00000, 0x000000008a000000|  0%| F|  |TAMS 0x0000000089f00000, 0x0000000089f00000| Untracked 
| 160|0x000000008a000000, 0x000000008a000000, 0x000000008a100000|  0%| F|  |TAMS 0x000000008a000000, 0x000000008a000000| Untracked 
| 161|0x000000008a100000, 0x000000008a100000, 0x000000008a200000|  0%| F|  |TAMS 0x000000008a100000, 0x000000008a100000| Untracked 
| 162|0x000000008a200000, 0x000000008a200000, 0x000000008a300000|  0%| F|  |TAMS 0x000000008a200000, 0x000000008a200000| Untracked 
| 163|0x000000008a300000, 0x000000008a300000, 0x000000008a400000|  0%| F|  |TAMS 0x000000008a300000, 0x000000008a300000| Untracked 
| 164|0x000000008a400000, 0x000000008a400000, 0x000000008a500000|  0%| F|  |TAMS 0x000000008a400000, 0x000000008a400000| Untracked 
| 165|0x000000008a500000, 0x000000008a500000, 0x000000008a600000|  0%| F|  |TAMS 0x000000008a500000, 0x000000008a500000| Untracked 
| 166|0x000000008a600000, 0x000000008a600000, 0x000000008a700000|  0%| F|  |TAMS 0x000000008a600000, 0x000000008a600000| Untracked 
| 167|0x000000008a700000, 0x000000008a700000, 0x000000008a800000|  0%| F|  |TAMS 0x000000008a700000, 0x000000008a700000| Untracked 
| 168|0x000000008a800000, 0x000000008a800000, 0x000000008a900000|  0%| F|  |TAMS 0x000000008a800000, 0x000000008a800000| Untracked 
| 169|0x000000008a900000, 0x000000008a900000, 0x000000008aa00000|  0%| F|  |TAMS 0x000000008a900000, 0x000000008a900000| Untracked 
| 170|0x000000008aa00000, 0x000000008aa00000, 0x000000008ab00000|  0%| F|  |TAMS 0x000000008aa00000, 0x000000008aa00000| Untracked 
| 171|0x000000008ab00000, 0x000000008ab00000, 0x000000008ac00000|  0%| F|  |TAMS 0x000000008ab00000, 0x000000008ab00000| Untracked 
| 172|0x000000008ac00000, 0x000000008ac00000, 0x000000008ad00000|  0%| F|  |TAMS 0x000000008ac00000, 0x000000008ac00000| Untracked 
| 173|0x000000008ad00000, 0x000000008ad00000, 0x000000008ae00000|  0%| F|  |TAMS 0x000000008ad00000, 0x000000008ad00000| Untracked 
| 174|0x000000008ae00000, 0x000000008ae00000, 0x000000008af00000|  0%| F|  |TAMS 0x000000008ae00000, 0x000000008ae00000| Untracked 
| 175|0x000000008af00000, 0x000000008af00000, 0x000000008b000000|  0%| F|  |TAMS 0x000000008af00000, 0x000000008af00000| Untracked 
| 176|0x000000008b000000, 0x000000008b000000, 0x000000008b100000|  0%| F|  |TAMS 0x000000008b000000, 0x000000008b000000| Untracked 
| 177|0x000000008b100000, 0x000000008b100000, 0x000000008b200000|  0%| F|  |TAMS 0x000000008b100000, 0x000000008b100000| Untracked 
| 178|0x000000008b200000, 0x000000008b200000, 0x000000008b300000|  0%| F|  |TAMS 0x000000008b200000, 0x000000008b200000| Untracked 
| 179|0x000000008b300000, 0x000000008b300000, 0x000000008b400000|  0%| F|  |TAMS 0x000000008b300000, 0x000000008b300000| Untracked 
| 180|0x000000008b400000, 0x000000008b400000, 0x000000008b500000|  0%| F|  |TAMS 0x000000008b400000, 0x000000008b400000| Untracked 
| 181|0x000000008b500000, 0x000000008b500000, 0x000000008b600000|  0%| F|  |TAMS 0x000000008b500000, 0x000000008b500000| Untracked 
| 182|0x000000008b600000, 0x000000008b600000, 0x000000008b700000|  0%| F|  |TAMS 0x000000008b600000, 0x000000008b600000| Untracked 
| 183|0x000000008b700000, 0x000000008b700000, 0x000000008b800000|  0%| F|  |TAMS 0x000000008b700000, 0x000000008b700000| Untracked 
| 184|0x000000008b800000, 0x000000008b800000, 0x000000008b900000|  0%| F|  |TAMS 0x000000008b800000, 0x000000008b800000| Untracked 
| 185|0x000000008b900000, 0x000000008b900000, 0x000000008ba00000|  0%| F|  |TAMS 0x000000008b900000, 0x000000008b900000| Untracked 
| 186|0x000000008ba00000, 0x000000008ba00000, 0x000000008bb00000|  0%| F|  |TAMS 0x000000008ba00000, 0x000000008ba00000| Untracked 
| 187|0x000000008bb00000, 0x000000008bb00000, 0x000000008bc00000|  0%| F|  |TAMS 0x000000008bb00000, 0x000000008bb00000| Untracked 
| 188|0x000000008bc00000, 0x000000008bc00000, 0x000000008bd00000|  0%| F|  |TAMS 0x000000008bc00000, 0x000000008bc00000| Untracked 
| 189|0x000000008bd00000, 0x000000008bd00000, 0x000000008be00000|  0%| F|  |TAMS 0x000000008bd00000, 0x000000008bd00000| Untracked 
| 190|0x000000008be00000, 0x000000008be00000, 0x000000008bf00000|  0%| F|  |TAMS 0x000000008be00000, 0x000000008be00000| Untracked 
| 191|0x000000008bf00000, 0x000000008bf00000, 0x000000008c000000|  0%| F|  |TAMS 0x000000008bf00000, 0x000000008bf00000| Untracked 
| 192|0x000000008c000000, 0x000000008c000000, 0x000000008c100000|  0%| F|  |TAMS 0x000000008c000000, 0x000000008c000000| Untracked 
| 193|0x000000008c100000, 0x000000008c100000, 0x000000008c200000|  0%| F|  |TAMS 0x000000008c100000, 0x000000008c100000| Untracked 
| 194|0x000000008c200000, 0x000000008c200000, 0x000000008c300000|  0%| F|  |TAMS 0x000000008c200000, 0x000000008c200000| Untracked 
| 195|0x000000008c300000, 0x000000008c300000, 0x000000008c400000|  0%| F|  |TAMS 0x000000008c300000, 0x000000008c300000| Untracked 
| 196|0x000000008c400000, 0x000000008c400000, 0x000000008c500000|  0%| F|  |TAMS 0x000000008c400000, 0x000000008c400000| Untracked 
| 197|0x000000008c500000, 0x000000008c500000, 0x000000008c600000|  0%| F|  |TAMS 0x000000008c500000, 0x000000008c500000| Untracked 
| 198|0x000000008c600000, 0x000000008c600000, 0x000000008c700000|  0%| F|  |TAMS 0x000000008c600000, 0x000000008c600000| Untracked 
| 199|0x000000008c700000, 0x000000008c700000, 0x000000008c800000|  0%| F|  |TAMS 0x000000008c700000, 0x000000008c700000| Untracked 
| 200|0x000000008c800000, 0x000000008c800000, 0x000000008c900000|  0%| F|  |TAMS 0x000000008c800000, 0x000000008c800000| Untracked 

Card table byte_map: [0x00000272a11e0000,0x00000272a15e0000] _byte_map_base: 0x00000272a0de0000

Marking Bits (Prev, Next): (CMBitMap*) 0x000002728e9677b0, (CMBitMap*) 0x000002728e967770
 Prev Bits: [0x00000272a39e0000, 0x00000272a59e0000)
 Next Bits: [0x00000272a19e0000, 0x00000272a39e0000)

Polling page: 0x000002728c840000

Metaspace:

Usage:
  Non-class:     84.93 MB used.
      Class:     13.34 MB used.
       Both:     98.27 MB used.

Virtual space:
  Non-class space:       88.00 MB reserved,      85.25 MB ( 97%) committed,  11 nodes.
      Class space:        1.00 GB reserved,      13.62 MB (  1%) committed,  1 nodes.
             Both:        1.09 GB reserved,      98.88 MB (  9%) committed. 

Chunk freelists:
   Non-Class:  2.77 MB
       Class:  2.39 MB
        Both:  5.16 MB

MaxMetaspaceSize: unlimited
CompressedClassSpaceSize: 1.00 GB
Initial GC threshold: 21.00 MB
Current GC threshold: 160.00 MB
CDS: off
MetaspaceReclaimPolicy: balanced
 - commit_granule_bytes: 65536.
 - commit_granule_words: 8192.
 - virtual_space_node_default_size: 1048576.
 - enlarge_chunks_in_place: 1.
 - new_chunks_are_fully_committed: 0.
 - uncommit_free_chunks: 1.
 - use_allocation_guard: 0.
 - handle_deallocations: 1.


Internal statistics:

num_allocs_failed_limit: 6.
num_arena_births: 976.
num_arena_deaths: 6.
num_vsnodes_births: 12.
num_vsnodes_deaths: 0.
num_space_committed: 1581.
num_space_uncommitted: 0.
num_chunks_returned_to_freelist: 13.
num_chunks_taken_from_freelist: 4702.
num_chunk_merges: 8.
num_chunk_splits: 3130.
num_chunks_enlarged: 2128.
num_purges: 2.
num_inconsistent_stats: 0.

CodeHeap 'non-profiled nmethods': size=120000Kb used=4042Kb max_used=4457Kb free=115957Kb
 bounds [0x00000272998b0000, 0x0000027299d10000, 0x00000272a0de0000]
CodeHeap 'profiled nmethods': size=120000Kb used=19940Kb max_used=20979Kb free=100059Kb
 bounds [0x0000027291de0000, 0x00000272932d0000, 0x0000027299310000]
CodeHeap 'non-nmethods': size=5760Kb used=2393Kb max_used=2436Kb free=3366Kb
 bounds [0x0000027299310000, 0x0000027299580000, 0x00000272998b0000]
 total_blobs=11346 nmethods=10417 adapters=841
 compilation: enabled
              stopped_count=0, restarted_count=0
 full_count=0

Compilation events (20 events):
Event: 24.837 Thread 0x00000272a890f330 12057       2       com.android.tools.r8.D8$$Lambda$1412/0x0000000100d4f8d8::accept (12 bytes)
Event: 24.837 Thread 0x00000272a890f330 nmethod 12057 0x00000272922c7d90 code [0x00000272922c7f20, 0x00000272922c8068]
Event: 24.837 Thread 0x00000272a890f330 12058       2       com.android.tools.r8.D8::a (17 bytes)
Event: 24.838 Thread 0x00000272a890f330 nmethod 12058 0x00000272922d2590 code [0x00000272922d2740, 0x00000272922d2898]
Event: 24.838 Thread 0x00000272a890f330 12059       2       com.android.tools.r8.graph.q2::X1 (26 bytes)
Event: 24.838 Thread 0x00000272a890f330 nmethod 12059 0x00000272925bcf10 code [0x00000272925bd0c0, 0x00000272925bd2b8]
Event: 24.839 Thread 0x00000272a890f330 12060       2       com.android.tools.r8.internal.fF::a (18 bytes)
Event: 24.839 Thread 0x00000272a890f330 nmethod 12060 0x0000027292312690 code [0x0000027292312840, 0x00000272923129a8]
Event: 24.839 Thread 0x00000272a890f330 12061       2       com.android.tools.r8.internal.tV::F (2 bytes)
Event: 24.839 Thread 0x00000272a890f330 nmethod 12061 0x0000027292314610 code [0x00000272923147a0, 0x00000272923148b8]
Event: 24.841 Thread 0x00000272a8906570 nmethod 11849 0x000002729991f190 code [0x000002729991f340, 0x000002729991f568]
Event: 24.842 Thread 0x00000272a8906570 12012       4       com.android.tools.r8.graph.r2::c (62 bytes)
Event: 24.843 Thread 0x00000272a890f330 12063       3       com.android.tools.r8.graph.Y3::a (174 bytes)
Event: 24.845 Thread 0x00000272a890f330 nmethod 12063 0x0000027293151810 code [0x0000027293151b60, 0x00000272931531c8]
Event: 24.850 Thread 0x00000272a890f330 12065       2       com.android.tools.r8.utils.c3$$Lambda$1416/0x0000000100d54b38::accept (12 bytes)
Event: 24.850 Thread 0x00000272a890f330 nmethod 12065 0x000002729236ee90 code [0x000002729236f040, 0x000002729236f1a8]
Event: 24.850 Thread 0x00000272a890f330 12064       2       com.android.tools.r8.internal.x0::<init> (5 bytes)
Event: 24.850 Thread 0x00000272a890f330 nmethod 12064 0x0000027292410510 code [0x00000272924106a0, 0x0000027292410798]
Event: 24.851 Thread 0x00000272a8906570 nmethod 12012 0x0000027299a3e090 code [0x0000027299a3e220, 0x0000027299a3e878]
Event: 24.852 Thread 0x00000272a8906570 12062       4       com.android.tools.r8.internal.lp::a (998 bytes)

GC Heap History (20 events):
Event: 18.936 GC heap after
{Heap after GC invocations=41 (full 0):
 garbage-first heap   total 150528K, used 75278K [0x0000000080000000, 0x0000000100000000)
  region size 1024K, 7 young (7168K), 7 survivors (7168K)
 Metaspace       used 82140K, committed 82752K, reserved 1122304K
  class space    used 11159K, committed 11456K, reserved 1048576K
}
Event: 19.842 GC heap before
{Heap before GC invocations=41 (full 0):
 garbage-first heap   total 150528K, used 117262K [0x0000000080000000, 0x0000000100000000)
  region size 1024K, 49 young (50176K), 7 survivors (7168K)
 Metaspace       used 84458K, committed 85120K, reserved 1122304K
  class space    used 11599K, committed 11904K, reserved 1048576K
}
Event: 19.859 GC heap after
{Heap after GC invocations=42 (full 0):
 garbage-first heap   total 150528K, used 81143K [0x0000000080000000, 0x0000000100000000)
  region size 1024K, 6 young (6144K), 6 survivors (6144K)
 Metaspace       used 84458K, committed 85120K, reserved 1122304K
  class space    used 11599K, committed 11904K, reserved 1048576K
}
Event: 20.642 GC heap before
{Heap before GC invocations=43 (full 0):
 garbage-first heap   total 153600K, used 120055K [0x0000000080000000, 0x0000000100000000)
  region size 1024K, 44 young (45056K), 6 survivors (6144K)
 Metaspace       used 85801K, committed 86464K, reserved 1130496K
  class space    used 11688K, committed 11968K, reserved 1048576K
}
Event: 20.653 GC heap after
{Heap after GC invocations=44 (full 0):
 garbage-first heap   total 153600K, used 83925K [0x0000000080000000, 0x0000000100000000)
  region size 1024K, 3 young (3072K), 3 survivors (3072K)
 Metaspace       used 85801K, committed 86464K, reserved 1130496K
  class space    used 11688K, committed 11968K, reserved 1048576K
}
Event: 20.741 GC heap before
{Heap before GC invocations=44 (full 0):
 garbage-first heap   total 153600K, used 88021K [0x0000000080000000, 0x0000000100000000)
  region size 1024K, 7 young (7168K), 3 survivors (3072K)
 Metaspace       used 85999K, committed 86720K, reserved 1130496K
  class space    used 11713K, committed 12032K, reserved 1048576K
}
Event: 20.750 GC heap after
{Heap after GC invocations=45 (full 0):
 garbage-first heap   total 153600K, used 84075K [0x0000000080000000, 0x0000000100000000)
  region size 1024K, 1 young (1024K), 1 survivors (1024K)
 Metaspace       used 85999K, committed 86720K, reserved 1130496K
  class space    used 11713K, committed 12032K, reserved 1048576K
}
Event: 21.480 GC heap before
{Heap before GC invocations=45 (full 0):
 garbage-first heap   total 153600K, used 124011K [0x0000000080000000, 0x0000000100000000)
  region size 1024K, 41 young (41984K), 1 survivors (1024K)
 Metaspace       used 88334K, committed 89024K, reserved 1130496K
  class space    used 12045K, committed 12352K, reserved 1048576K
}
Event: 21.487 GC heap after
{Heap after GC invocations=46 (full 0):
 garbage-first heap   total 205824K, used 86404K [0x0000000080000000, 0x0000000100000000)
  region size 1024K, 3 young (3072K), 3 survivors (3072K)
 Metaspace       used 88334K, committed 89024K, reserved 1130496K
  class space    used 12045K, committed 12352K, reserved 1048576K
}
Event: 22.774 GC heap before
{Heap before GC invocations=47 (full 0):
 garbage-first heap   total 205824K, used 165252K [0x0000000080000000, 0x0000000100000000)
  region size 1024K, 81 young (82944K), 3 survivors (3072K)
 Metaspace       used 93248K, committed 93888K, reserved 1130496K
  class space    used 12656K, committed 12928K, reserved 1048576K
}
Event: 22.798 GC heap after
{Heap after GC invocations=48 (full 0):
 garbage-first heap   total 205824K, used 94384K [0x0000000080000000, 0x0000000100000000)
  region size 1024K, 11 young (11264K), 11 survivors (11264K)
 Metaspace       used 93248K, committed 93888K, reserved 1130496K
  class space    used 12656K, committed 12928K, reserved 1048576K
}
Event: 22.799 GC heap before
{Heap before GC invocations=48 (full 0):
 garbage-first heap   total 205824K, used 94384K [0x0000000080000000, 0x0000000100000000)
  region size 1024K, 12 young (12288K), 11 survivors (11264K)
 Metaspace       used 93252K, committed 93888K, reserved 1130496K
  class space    used 12656K, committed 12928K, reserved 1048576K
}
Event: 22.812 GC heap after
{Heap after GC invocations=49 (full 0):
 garbage-first heap   total 205824K, used 95142K [0x0000000080000000, 0x0000000100000000)
  region size 1024K, 2 young (2048K), 2 survivors (2048K)
 Metaspace       used 93252K, committed 93888K, reserved 1130496K
  class space    used 12656K, committed 12928K, reserved 1048576K
}
Event: 23.600 GC heap before
{Heap before GC invocations=49 (full 0):
 garbage-first heap   total 205824K, used 158630K [0x0000000080000000, 0x0000000100000000)
  region size 1024K, 65 young (66560K), 2 survivors (2048K)
 Metaspace       used 97330K, committed 97984K, reserved 1138688K
  class space    used 13214K, committed 13504K, reserved 1048576K
}
Event: 23.609 GC heap after
{Heap after GC invocations=50 (full 0):
 garbage-first heap   total 205824K, used 104448K [0x0000000080000000, 0x0000000100000000)
  region size 1024K, 9 young (9216K), 9 survivors (9216K)
 Metaspace       used 97330K, committed 97984K, reserved 1138688K
  class space    used 13214K, committed 13504K, reserved 1048576K
}
Event: 24.316 GC heap before
{Heap before GC invocations=51 (full 0):
 garbage-first heap   total 205824K, used 162816K [0x0000000080000000, 0x0000000100000000)
  region size 1024K, 66 young (67584K), 9 survivors (9216K)
 Metaspace       used 99221K, committed 99840K, reserved 1138688K
  class space    used 13520K, committed 13824K, reserved 1048576K
}
Event: 24.349 GC heap after
{Heap after GC invocations=52 (full 0):
 garbage-first heap   total 205824K, used 116215K [0x0000000080000000, 0x0000000100000000)
  region size 1024K, 9 young (9216K), 9 survivors (9216K)
 Metaspace       used 99221K, committed 99840K, reserved 1138688K
  class space    used 13520K, committed 13824K, reserved 1048576K
}
Event: 24.362 GC heap before
{Heap before GC invocations=52 (full 0):
 garbage-first heap   total 205824K, used 117239K [0x0000000080000000, 0x0000000100000000)
  region size 1024K, 10 young (10240K), 9 survivors (9216K)
 Metaspace       used 99236K, committed 99904K, reserved 1138688K
  class space    used 13523K, committed 13824K, reserved 1048576K
}
Event: 24.387 GC heap after
{Heap after GC invocations=53 (full 0):
 garbage-first heap   total 205824K, used 117599K [0x0000000080000000, 0x0000000100000000)
  region size 1024K, 2 young (2048K), 2 survivors (2048K)
 Metaspace       used 99236K, committed 99904K, reserved 1138688K
  class space    used 13523K, committed 13824K, reserved 1048576K
}
Event: 24.866 GC heap before
{Heap before GC invocations=53 (full 0):
 garbage-first heap   total 205824K, used 164703K [0x0000000080000000, 0x0000000100000000)
  region size 1024K, 48 young (49152K), 2 survivors (2048K)
 Metaspace       used 100628K, committed 101248K, reserved 1138688K
  class space    used 13664K, committed 13952K, reserved 1048576K
}

Dll operation events (2 events):
Event: 0.031 Loaded shared library E:\Apk Kuliah\Andro\jbr\bin\java.dll
Event: 0.806 Loaded shared library E:\Apk Kuliah\Andro\jbr\bin\verify.dll

Deoptimization events (20 events):
Event: 23.480 Thread 0x00000272ab889150 DEOPT PACKING pc=0x0000027299ac12b8 sp=0x000000d55f9fa090
Event: 23.480 Thread 0x00000272ab889150 DEOPT UNPACKING pc=0x00000272993669a3 sp=0x000000d55f9f9f58 mode 2
Event: 23.497 Thread 0x00000272ab889150 DEOPT PACKING pc=0x0000027293152387 sp=0x000000d55f9fa7d0
Event: 23.497 Thread 0x00000272ab889150 DEOPT UNPACKING pc=0x0000027299367143 sp=0x000000d55f9f9cb8 mode 0
Event: 23.707 Thread 0x00000272ab88cfe0 DEOPT PACKING pc=0x0000027293153429 sp=0x000000d55ebf97b0
Event: 23.707 Thread 0x00000272ab88cfe0 DEOPT UNPACKING pc=0x0000027299367143 sp=0x000000d55ebf8cf8 mode 0
Event: 23.976 Thread 0x00000272abe86970 DEOPT PACKING pc=0x000002729316c902 sp=0x000000d5605f73a0
Event: 23.976 Thread 0x00000272abe86970 DEOPT UNPACKING pc=0x0000027299367143 sp=0x000000d5605f6cc8 mode 0
Event: 24.138 Thread 0x00000272ab889150 DEOPT PACKING pc=0x0000027293181766 sp=0x000000d55f9fa850
Event: 24.138 Thread 0x00000272ab889150 DEOPT UNPACKING pc=0x0000027299367143 sp=0x000000d55f9f9d30 mode 0
Event: 24.256 Thread 0x00000272ab889150 DEOPT PACKING pc=0x0000027293189843 sp=0x000000d55f9fa990
Event: 24.256 Thread 0x00000272ab889150 DEOPT UNPACKING pc=0x0000027299367143 sp=0x000000d55f9f9e70 mode 0
Event: 24.557 Thread 0x00000272abe86970 DEOPT PACKING pc=0x000002729326a6c0 sp=0x000000d5605f6d60
Event: 24.557 Thread 0x00000272abe86970 DEOPT UNPACKING pc=0x0000027299367143 sp=0x000000d5605f6698 mode 0
Event: 24.756 Thread 0x00000272ab88cfe0 DEOPT PACKING pc=0x000002729317107a sp=0x000000d55ebf9840
Event: 24.757 Thread 0x00000272ab88cfe0 DEOPT UNPACKING pc=0x0000027299367143 sp=0x000000d55ebf8fa0 mode 0
Event: 24.825 Thread 0x00000272ab889150 Uncommon trap: trap_request=0xffffff45 fr.pc=0x0000027299b7b9dc relative=0x00000000000011dc
Event: 24.825 Thread 0x00000272ab889150 Uncommon trap: reason=unstable_if action=reinterpret pc=0x0000027299b7b9dc method=java.util.HashMap.computeIfAbsent(Ljava/lang/Object;Ljava/util/function/Function;)Ljava/lang/Object; @ 145 c2
Event: 24.825 Thread 0x00000272ab889150 DEOPT PACKING pc=0x0000027299b7b9dc sp=0x000000d55f9f97e0
Event: 24.825 Thread 0x00000272ab889150 DEOPT UNPACKING pc=0x00000272993669a3 sp=0x000000d55f9f9798 mode 2

Classes unloaded (3 events):
Event: 21.651 Thread 0x00000272a7eb7630 Unloading class 0x0000000100b8cc00 'java/lang/invoke/LambdaForm$DMH+0x0000000100b8cc00'
Event: 21.651 Thread 0x00000272a7eb7630 Unloading class 0x0000000100b8c800 'java/lang/invoke/LambdaForm$DMH+0x0000000100b8c800'
Event: 21.651 Thread 0x00000272a7eb7630 Unloading class 0x0000000100b8c400 'java/lang/invoke/LambdaForm$DMH+0x0000000100b8c400'

Classes redefined (0 events):
No events

Internal exceptions (20 events):
Event: 21.990 Thread 0x00000272abe86970 Exception <a 'java/lang/NoSuchMethodError'{0x000000008b0fd5a0}: 'int java.lang.invoke.DirectMethodHandle$Holder.invokeSpecial(java.lang.Object, java.lang.Object, java.lang.Object, java.lang.Object, java.lang.Object)'> (0x000000008b0fd5a0) 
thrown [s\src\hotspot\share\interpreter\linkResolver.cpp, line 771]
Event: 22.089 Thread 0x00000272abe86970 Exception <a 'sun/nio/fs/WindowsException'{0x000000008a753b90}> (0x000000008a753b90) 
thrown [s\src\hotspot\share\prims\jni.cpp, line 517]
Event: 22.604 Thread 0x00000272abe86970 Exception <a 'sun/nio/fs/WindowsException'{0x00000000889245b0}> (0x00000000889245b0) 
thrown [s\src\hotspot\share\prims\jni.cpp, line 517]
Event: 22.846 Thread 0x00000272ab8887b0 Exception <a 'sun/nio/fs/WindowsException'{0x000000008af955f0}> (0x000000008af955f0) 
thrown [s\src\hotspot\share\prims\jni.cpp, line 517]
Event: 22.847 Thread 0x00000272ab88cfe0 Exception <a 'sun/nio/fs/WindowsException'{0x000000008bad65e0}> (0x000000008bad65e0) 
thrown [s\src\hotspot\share\prims\jni.cpp, line 517]
Event: 22.851 Thread 0x00000272abe86970 Exception <a 'sun/nio/fs/WindowsException'{0x000000008aa44248}> (0x000000008aa44248) 
thrown [s\src\hotspot\share\prims\jni.cpp, line 517]
Event: 22.858 Thread 0x00000272ab889150 Exception <a 'sun/nio/fs/WindowsException'{0x000000008a6b7720}> (0x000000008a6b7720) 
thrown [s\src\hotspot\share\prims\jni.cpp, line 517]
Event: 23.111 Thread 0x00000272ab889150 Exception <a 'java/lang/NoSuchMethodError'{0x0000000089b98fc0}: 'java.lang.Object java.lang.invoke.DirectMethodHandle$Holder.invokeStaticInit(java.lang.Object, java.lang.Object, java.lang.Object, java.lang.Object, java.lang.Object, java.lang.Object, java.lang.Object, java.lang.Object, java.lang.Object, java.lang.Object, java.lang.Object, java.lang.Object, java.lang.Object, java.lang.Object, java.lang.Object, java.lang.Object, java.lang.Object, java.lang.Object, java.lang.Object, java.lang.Object, int, java
Event: 23.172 Thread 0x00000272ab88cfe0 Exception <a 'java/lang/IncompatibleClassChangeError'{0x000000008990b040}: Found class java.lang.Object, but interface was expected> (0x000000008990b040) 
thrown [s\src\hotspot\share\interpreter\linkResolver.cpp, line 838]
Event: 23.172 Thread 0x00000272ab889150 Exception <a 'java/lang/IncompatibleClassChangeError'{0x0000000089a16dd8}: Found class java.lang.Object, but interface was expected> (0x0000000089a16dd8) 
thrown [s\src\hotspot\share\interpreter\linkResolver.cpp, line 838]
Event: 23.172 Thread 0x00000272ab8887b0 Exception <a 'java/lang/IncompatibleClassChangeError'{0x0000000089908388}: Found class java.lang.Object, but interface was expected> (0x0000000089908388) 
thrown [s\src\hotspot\share\interpreter\linkResolver.cpp, line 838]
Event: 23.226 Thread 0x00000272ab88cfe0 Exception <a 'java/lang/NoSuchMethodError'{0x00000000897f4ff0}: 'java.lang.Object java.lang.invoke.DirectMethodHandle$Holder.newInvokeSpecial(java.lang.Object, long)'> (0x00000000897f4ff0) 
thrown [s\src\hotspot\share\interpreter\linkResolver.cpp, line 771]
Event: 23.226 Thread 0x00000272ab889150 Exception <a 'java/lang/NoSuchMethodError'{0x000000008964c028}: 'java.lang.Object java.lang.invoke.DirectMethodHandle$Holder.newInvokeSpecial(java.lang.Object, long)'> (0x000000008964c028) 
thrown [s\src\hotspot\share\interpreter\linkResolver.cpp, line 771]
Event: 23.226 Thread 0x00000272abe86970 Exception <a 'java/lang/NoSuchMethodError'{0x00000000898796d8}: 'java.lang.Object java.lang.invoke.DirectMethodHandle$Holder.newInvokeSpecial(java.lang.Object, long)'> (0x00000000898796d8) 
thrown [s\src\hotspot\share\interpreter\linkResolver.cpp, line 771]
Event: 23.226 Thread 0x00000272ab8887b0 Exception <a 'java/lang/NoSuchMethodError'{0x0000000089684cc0}: 'java.lang.Object java.lang.invoke.DirectMethodHandle$Holder.newInvokeSpecial(java.lang.Object, long)'> (0x0000000089684cc0) 
thrown [s\src\hotspot\share\interpreter\linkResolver.cpp, line 771]
Event: 24.075 Thread 0x00000272ab8887b0 Exception <a 'java/lang/NoSuchMethodError'{0x000000008a1722a8}: 'void java.lang.invoke.DirectMethodHandle$Holder.invokeStatic(java.lang.Object, java.lang.Object, java.lang.Object, int)'> (0x000000008a1722a8) 
thrown [s\src\hotspot\share\interpreter\linkResolver.cpp, line 771]
Event: 24.077 Thread 0x00000272ab88cfe0 Exception <a 'java/lang/IncompatibleClassChangeError'{0x000000008a454758}: Found class java.lang.Object, but interface was expected> (0x000000008a454758) 
thrown [s\src\hotspot\share\interpreter\linkResolver.cpp, line 838]
Event: 24.077 Thread 0x00000272ab8887b0 Exception <a 'java/lang/IncompatibleClassChangeError'{0x000000008a1810b8}: Found class java.lang.Object, but interface was expected> (0x000000008a1810b8) 
thrown [s\src\hotspot\share\interpreter\linkResolver.cpp, line 838]
Event: 24.078 Thread 0x00000272ab88cfe0 Exception <a 'java/lang/NoSuchMethodError'{0x000000008a45c7c8}: 'void java.lang.invoke.DirectMethodHandle$Holder.invokeInterface(java.lang.Object, java.lang.Object, java.lang.Object, int)'> (0x000000008a45c7c8) 
thrown [s\src\hotspot\share\interpreter\linkResolver.cpp, line 771]
Event: 24.078 Thread 0x00000272ab8887b0 Exception <a 'java/lang/NoSuchMethodError'{0x000000008a1cf0a0}: 'void java.lang.invoke.DirectMethodHandle$Holder.invokeInterface(java.lang.Object, java.lang.Object, java.lang.Object, int)'> (0x000000008a1cf0a0) 
thrown [s\src\hotspot\share\interpreter\linkResolver.cpp, line 771]

VM Operations (20 events):
Event: 24.172 Executing VM operation: HandshakeAllThreads done
Event: 24.179 Executing VM operation: HandshakeAllThreads
Event: 24.184 Executing VM operation: HandshakeAllThreads done
Event: 24.213 Executing VM operation: HandshakeAllThreads
Event: 24.221 Executing VM operation: HandshakeAllThreads done
Event: 24.250 Executing VM operation: HandshakeAllThreads
Event: 24.251 Executing VM operation: HandshakeAllThreads done
Event: 24.254 Executing VM operation: HandshakeAllThreads
Event: 24.254 Executing VM operation: HandshakeAllThreads done
Event: 24.264 Executing VM operation: HandshakeAllThreads
Event: 24.265 Executing VM operation: HandshakeAllThreads done
Event: 24.307 Executing VM operation: G1CollectForAllocation
Event: 24.353 Executing VM operation: G1CollectForAllocation done
Event: 24.361 Executing VM operation: G1CollectForAllocation
Event: 24.390 Executing VM operation: G1CollectForAllocation done
Event: 24.557 Executing VM operation: HandshakeAllThreads
Event: 24.569 Executing VM operation: HandshakeAllThreads done
Event: 24.766 Executing VM operation: HandshakeAllThreads
Event: 24.772 Executing VM operation: HandshakeAllThreads done
Event: 24.852 Executing VM operation: G1CollectForAllocation

Events (20 events):
Event: 24.245 Thread 0x00000272a891a410 flushing nmethod 0x00000272930ce690
Event: 24.245 Thread 0x00000272a891a410 flushing nmethod 0x00000272930dfd10
Event: 24.245 Thread 0x00000272a891a410 flushing nmethod 0x00000272930e7890
Event: 24.245 Thread 0x00000272a891a410 flushing nmethod 0x00000272930e7f90
Event: 24.245 Thread 0x00000272a891a410 flushing nmethod 0x00000272930f6190
Event: 24.245 Thread 0x00000272a891a410 flushing nmethod 0x0000027293102990
Event: 24.245 Thread 0x00000272a891a410 flushing nmethod 0x0000027293118790
Event: 24.245 Thread 0x00000272a891a410 flushing nmethod 0x0000027293119690
Event: 24.245 Thread 0x00000272a891a410 flushing nmethod 0x000002729311b390
Event: 24.245 Thread 0x00000272a891a410 flushing nmethod 0x0000027293120490
Event: 24.245 Thread 0x00000272a891a410 flushing nmethod 0x0000027293122e10
Event: 24.245 Thread 0x00000272a891a410 flushing nmethod 0x0000027293127d90
Event: 24.246 Thread 0x00000272a891a410 flushing nmethod 0x0000027293140690
Event: 24.246 Thread 0x00000272a891a410 flushing nmethod 0x000002729314b010
Event: 24.246 Thread 0x00000272a891a410 flushing nmethod 0x0000027293151810
Event: 24.246 Thread 0x00000272a891a410 flushing nmethod 0x0000027293152b10
Event: 24.246 Thread 0x00000272a891a410 flushing nmethod 0x0000027293160490
Event: 24.246 Thread 0x00000272a891a410 flushing nmethod 0x000002729319ec90
Event: 24.246 Thread 0x00000272a891a410 flushing nmethod 0x00000272931e3d90
Event: 24.246 Thread 0x00000272a891a410 flushing nmethod 0x0000027293231210


Dynamic libraries:
0x00007ff7cded0000 - 0x00007ff7cdeda000 	E:\Apk Kuliah\Andro\jbr\bin\java.exe
0x00007ff8ee730000 - 0x00007ff8ee928000 	C:\WINDOWS\SYSTEM32\ntdll.dll
0x00007ff8ed2e0000 - 0x00007ff8ed39d000 	C:\WINDOWS\System32\KERNEL32.DLL
0x00007ff8ec090000 - 0x00007ff8ec386000 	C:\WINDOWS\System32\KERNELBASE.dll
0x00007ff8ebf90000 - 0x00007ff8ec090000 	C:\WINDOWS\System32\ucrtbase.dll
0x00007ff8db7c0000 - 0x00007ff8db7d7000 	E:\Apk Kuliah\Andro\jbr\bin\jli.dll
0x00007ff8cda30000 - 0x00007ff8cda4b000 	E:\Apk Kuliah\Andro\jbr\bin\VCRUNTIME140.dll
0x00007ff8ee550000 - 0x00007ff8ee6ee000 	C:\WINDOWS\System32\USER32.dll
0x00007ff8ec390000 - 0x00007ff8ec3b2000 	C:\WINDOWS\System32\win32u.dll
0x00007ff8ee500000 - 0x00007ff8ee52c000 	C:\WINDOWS\System32\GDI32.dll
0x00007ff8ec570000 - 0x00007ff8ec68a000 	C:\WINDOWS\System32\gdi32full.dll
0x00007ff8ebe10000 - 0x00007ff8ebead000 	C:\WINDOWS\System32\msvcp_win.dll
0x00007ff8dc770000 - 0x00007ff8dca0a000 	C:\WINDOWS\WinSxS\amd64_microsoft.windows.common-controls_6595b64144ccf1df_6.0.19041.3636_none_60b6a03d71f818d5\COMCTL32.dll
0x00007ff8edc40000 - 0x00007ff8edcde000 	C:\WINDOWS\System32\msvcrt.dll
0x00007ff8ecd30000 - 0x00007ff8ecd60000 	C:\WINDOWS\System32\IMM32.DLL
0x00007ff8d2f30000 - 0x00007ff8d2f3c000 	E:\Apk Kuliah\Andro\jbr\bin\vcruntime140_1.dll
0x00007ff8bdcf0000 - 0x00007ff8bdd7d000 	E:\Apk Kuliah\Andro\jbr\bin\msvcp140.dll
0x00007ff8a3de0000 - 0x00007ff8a4a4e000 	E:\Apk Kuliah\Andro\jbr\bin\server\jvm.dll
0x00007ff8ed1d0000 - 0x00007ff8ed27f000 	C:\WINDOWS\System32\ADVAPI32.dll
0x00007ff8ed0d0000 - 0x00007ff8ed16c000 	C:\WINDOWS\System32\sechost.dll
0x00007ff8ecfa0000 - 0x00007ff8ed0c6000 	C:\WINDOWS\System32\RPCRT4.dll
0x00007ff8e39d0000 - 0x00007ff8e39f7000 	C:\WINDOWS\SYSTEM32\WINMM.dll
0x00007ff8e39c0000 - 0x00007ff8e39ca000 	C:\WINDOWS\SYSTEM32\VERSION.dll
0x00007ff8e6860000 - 0x00007ff8e6869000 	C:\WINDOWS\SYSTEM32\WSOCK32.dll
0x00007ff8edbc0000 - 0x00007ff8edc2b000 	C:\WINDOWS\System32\ws2_32.DLL
0x00007ff8e9cd0000 - 0x00007ff8e9ce2000 	C:\WINDOWS\SYSTEM32\kernel.appcore.dll
0x00007ff8e6130000 - 0x00007ff8e613a000 	E:\Apk Kuliah\Andro\jbr\bin\jimage.dll
0x00007ff8e06c0000 - 0x00007ff8e08a4000 	C:\WINDOWS\SYSTEM32\DBGHELP.DLL
0x00007ff8d7e80000 - 0x00007ff8d7eb4000 	C:\WINDOWS\SYSTEM32\dbgcore.DLL
0x00007ff8ec690000 - 0x00007ff8ec712000 	C:\WINDOWS\System32\bcryptPrimitives.dll
0x00007ff8e5110000 - 0x00007ff8e5135000 	E:\Apk Kuliah\Andro\jbr\bin\java.dll
0x00007ff8e10a0000 - 0x00007ff8e10b8000 	E:\Apk Kuliah\Andro\jbr\bin\zip.dll
0x00007ff8ed470000 - 0x00007ff8edbb4000 	C:\WINDOWS\System32\SHELL32.dll
0x00007ff8e9ed0000 - 0x00007ff8ea66b000 	C:\WINDOWS\SYSTEM32\windows.storage.dll
0x00007ff8ec8a0000 - 0x00007ff8ecbf4000 	C:\WINDOWS\System32\combase.dll
0x00007ff8eb780000 - 0x00007ff8eb7ad000 	C:\WINDOWS\SYSTEM32\Wldp.dll
0x00007ff8ec7f0000 - 0x00007ff8ec89d000 	C:\WINDOWS\System32\SHCORE.dll
0x00007ff8ed170000 - 0x00007ff8ed1c5000 	C:\WINDOWS\System32\shlwapi.dll
0x00007ff8ebd40000 - 0x00007ff8ebd65000 	C:\WINDOWS\SYSTEM32\profapi.dll
0x00007ff8dbac0000 - 0x00007ff8dbad9000 	E:\Apk Kuliah\Andro\jbr\bin\net.dll
0x00007ff8e02a0000 - 0x00007ff8e03aa000 	C:\WINDOWS\SYSTEM32\WINHTTP.dll
0x00007ff8eb4e0000 - 0x00007ff8eb54a000 	C:\WINDOWS\system32\mswsock.dll
0x00007ff8db9d0000 - 0x00007ff8db9e6000 	E:\Apk Kuliah\Andro\jbr\bin\nio.dll
0x00007ff8e4c00000 - 0x00007ff8e4c10000 	E:\Apk Kuliah\Andro\jbr\bin\verify.dll
0x00007ff8db300000 - 0x00007ff8db327000 	E:\Apk Kuliah\Andro\jbr\native\68d5fa5c4cc2d200863cafc0d521ce42e7d3e7ee720ec0a83991735586a16f82\windows-amd64\native-platform.dll
0x00007ff8aa240000 - 0x00007ff8aa384000 	E:\Apk Kuliah\Andro\jbr\native\e376f236ea51e6404a007f0833ffe2c6e607c4080706a723a18a27aeea778392\windows-amd64\native-platform-file-events.dll
0x00007ff8dbcf0000 - 0x00007ff8dbcf9000 	E:\Apk Kuliah\Andro\jbr\bin\management.dll
0x00007ff8db9c0000 - 0x00007ff8db9cb000 	E:\Apk Kuliah\Andro\jbr\bin\management_ext.dll
0x00007ff8edc30000 - 0x00007ff8edc38000 	C:\WINDOWS\System32\PSAPI.DLL
0x00007ff8eb6d0000 - 0x00007ff8eb6e8000 	C:\WINDOWS\SYSTEM32\CRYPTSP.dll
0x00007ff8eae10000 - 0x00007ff8eae44000 	C:\WINDOWS\system32\rsaenh.dll
0x00007ff8ebf60000 - 0x00007ff8ebf87000 	C:\WINDOWS\System32\bcrypt.dll
0x00007ff8ebcc0000 - 0x00007ff8ebcee000 	C:\WINDOWS\SYSTEM32\USERENV.dll
0x00007ff8eb6f0000 - 0x00007ff8eb6fc000 	C:\WINDOWS\SYSTEM32\CRYPTBASE.dll
0x00007ff8eb1d0000 - 0x00007ff8eb20b000 	C:\WINDOWS\SYSTEM32\IPHLPAPI.DLL
0x00007ff8eddc0000 - 0x00007ff8eddc8000 	C:\WINDOWS\System32\NSI.dll
0x00007ff8e05a0000 - 0x00007ff8e05b7000 	C:\WINDOWS\SYSTEM32\dhcpcsvc6.DLL
0x00007ff8e1040000 - 0x00007ff8e105d000 	C:\WINDOWS\SYSTEM32\dhcpcsvc.DLL
0x00007ff8eb210000 - 0x00007ff8eb2da000 	C:\WINDOWS\SYSTEM32\DNSAPI.dll
0x00007ff8db9b0000 - 0x00007ff8db9b7000 	C:\WINDOWS\system32\wshunix.dll

dbghelp: loaded successfully - version: 4.0.5 - missing functions: none
symbol engine: initialized successfully - sym options: 0x614 - pdb path: .;E:\Apk Kuliah\Andro\jbr\bin;C:\WINDOWS\SYSTEM32;C:\WINDOWS\WinSxS\amd64_microsoft.windows.common-controls_6595b64144ccf1df_6.0.19041.3636_none_60b6a03d71f818d5;E:\Apk Kuliah\Andro\jbr\bin\server;E:\Apk Kuliah\Andro\jbr\native\68d5fa5c4cc2d200863cafc0d521ce42e7d3e7ee720ec0a83991735586a16f82\windows-amd64;E:\Apk Kuliah\Andro\jbr\native\e376f236ea51e6404a007f0833ffe2c6e607c4080706a723a18a27aeea778392\windows-amd64

VM Arguments:
jvm_args: --add-opens=java.base/java.util=ALL-UNNAMED --add-opens=java.base/java.lang=ALL-UNNAMED --add-opens=java.base/java.lang.invoke=ALL-UNNAMED --add-opens=java.prefs/java.util.prefs=ALL-UNNAMED --add-opens=java.base/java.nio.charset=ALL-UNNAMED --add-opens=java.base/java.net=ALL-UNNAMED --add-opens=java.base/java.util.concurrent.atomic=ALL-UNNAMED -Xmx2048m -Dfile.encoding=UTF-8 -Duser.country=GB -Duser.language=en -Duser.variant 
java_command: org.gradle.launcher.daemon.bootstrap.GradleDaemon 8.0
java_class_path (initial): E:\Apk Kuliah\Andro\jbr\wrapper\dists\gradle-8.0-bin\ca5e32bp14vu59qr306oxotwh\gradle-8.0\lib\gradle-launcher-8.0.jar
Launcher Type: SUN_STANDARD

[Global flags]
     intx CICompilerCount                          = 3                                         {product} {ergonomic}
     uint ConcGCThreads                            = 1                                         {product} {ergonomic}
     uint G1ConcRefinementThreads                  = 4                                         {product} {ergonomic}
   size_t G1HeapRegionSize                         = 1048576                                   {product} {ergonomic}
    uintx GCDrainStackTargetSize                   = 64                                        {product} {ergonomic}
   size_t InitialHeapSize                          = 100663296                                 {product} {ergonomic}
   size_t MarkStackSize                            = 4194304                                   {product} {ergonomic}
   size_t MaxHeapSize                              = 2147483648                                {product} {command line}
   size_t MaxNewSize                               = 1287651328                                {product} {ergonomic}
   size_t MinHeapDeltaBytes                        = 1048576                                   {product} {ergonomic}
   size_t MinHeapSize                              = 8388608                                   {product} {ergonomic}
    uintx NonNMethodCodeHeapSize                   = 5832780                                {pd product} {ergonomic}
    uintx NonProfiledCodeHeapSize                  = 122912730                              {pd product} {ergonomic}
    uintx ProfiledCodeHeapSize                     = 122912730                              {pd product} {ergonomic}
    uintx ReservedCodeCacheSize                    = 251658240                              {pd product} {ergonomic}
     bool SegmentedCodeCache                       = true                                      {product} {ergonomic}
   size_t SoftMaxHeapSize                          = 2147483648                             {manageable} {ergonomic}
     bool UseCompressedClassPointers               = true                           {product lp64_product} {ergonomic}
     bool UseCompressedOops                        = true                           {product lp64_product} {ergonomic}
     bool UseG1GC                                  = true                                      {product} {ergonomic}
     bool UseLargePagesIndividualAllocation        = false                                  {pd product} {ergonomic}

Logging:
Log output configuration:
 #0: stdout all=warning uptime,level,tags
 #1: stderr all=off uptime,level,tags

Environment Variables:
PATH=C:\ProgramData\Oracle\Java\javapath;C:\WINDOWS\system32;C:\WINDOWS;C:\WINDOWS\System32\Wbem;C:\WINDOWS\System32\WindowsPowerShell\v1.0\;C:\WINDOWS\System32\OpenSSH\;C:\Program Files\dotnet\;C:\Program Files\Git\cmd;C:\Program Files\GitHub CLI\;C:\Program Files\Java\jdk1.8.0_111\bin;C:\Users\LENOVO\AppData\Local\Programs\Python\Python310\Scripts\;C:\Users\LENOVO\AppData\Local\Programs\Python\Python310\;C:\Users\LENOVO\AppData\Local\Microsoft\WindowsApps;C:\Users\LENOVO\AppData\Local\Programs\Microsoft VS Code\bin;C:\Users\LENOVO\.dotnet\tools;C:\Users\LENOVO\AppData\Local\GitHubDesktop\bin
USERNAME=YEOVIL
OS=Windows_NT
PROCESSOR_IDENTIFIER=AMD64 Family 23 Model 24 Stepping 1, AuthenticAMD
TMP=C:\Users\LENOVO\AppData\Local\Temp
TEMP=C:\Users\LENOVO\AppData\Local\Temp


JNI global refs:
JNI global refs: 24, weak refs: 12

JNI global refs memory usage: 843, weak refs: 841


---------------  S Y S T E M  ---------------

OS:
 Windows 10 , 64 bit Build 19041 (10.0.19041.3636)
OS uptime: 0 days 4:47 hours

CPU: total 4 (initial active 4) (4 cores per cpu, 2 threads per core) family 23 model 24 stepping 1 microcode 0x0, cx8, cmov, fxsr, ht, mmx, 3dnowpref, sse, sse2, sse3, ssse3, sse4a, sse4.1, sse4.2, popcnt, lzcnt, tsc, tscinvbit, avx, avx2, aes, clmul, bmi1, bmi2, adx, sha, fma, vzeroupper, clflush, clflushopt

Memory: 4k page, system-wide physical 6020M (126M free)
TotalPageFile size 14212M (AvailPageFile size 168M)
current process WorkingSet (physical memory assigned to process): 417M, peak: 417M
current process commit charge ("private bytes"): 480M, peak: 882M

vm_info: OpenJDK 64-Bit Server VM (17.0.6+0-b2043.56-10027231) for windows-amd64 JRE (17.0.6+0-b2043.56-10027231), built on Apr 28 2023 00:43:19 by "androidbuild" with MS VC++ 16.10 / 16.11 (VS2019)

END.
