#
# There is insufficient memory for the Java Runtime Environment to continue.
# Native memory allocation (malloc) failed to allocate 32744 bytes for ChunkPool::allocate
# Possible reasons:
#   The system is out of physical RAM or swap space
#   The process is running with CompressedOops enabled, and the Java Heap may be blocking the growth of the native heap
# Possible solutions:
#   Reduce memory load on the system
#   Increase physical memory or swap space
#   Check if swap backing store is full
#   Decrease Java heap size (-Xmx/-Xms)
#   Decrease number of Java threads
#   Decrease Java thread stack sizes (-Xss)
#   Set larger code cache with -XX:ReservedCodeCacheSize=
#   JVM is running with Zero Based Compressed Oops mode in which the Java heap is
#     placed in the first 32GB address space. The Java Heap base address is the
#     maximum limit for the native heap growth. Please use -XX:HeapBaseMinAddress
#     to set the Java Heap base and to place the Java Heap above 32GB virtual address.
# This output file may be truncated or incomplete.
#
#  Out of Memory Error (arena.cpp:78), pid=3712, tid=5240
#
# JRE version: OpenJDK Runtime Environment (17.0.6) (build 17.0.6+0-b2043.56-10027231)
# Java VM: OpenJDK 64-Bit Server VM (17.0.6+0-b2043.56-10027231, mixed mode, tiered, compressed oops, compressed class ptrs, g1 gc, windows-amd64)
# No core dump will be written. Minidumps are not enabled by default on client versions of Windows
#

---------------  S U M M A R Y ------------

Command Line: --add-opens=java.base/java.util=ALL-UNNAMED --add-opens=java.base/java.lang=ALL-UNNAMED --add-opens=java.base/java.lang.invoke=ALL-UNNAMED --add-opens=java.prefs/java.util.prefs=ALL-UNNAMED --add-opens=java.base/java.nio.charset=ALL-UNNAMED --add-opens=java.base/java.net=ALL-UNNAMED --add-opens=java.base/java.util.concurrent.atomic=ALL-UNNAMED -Xmx4096m -Dfile.encoding=UTF-8 -Duser.country=GB -Duser.language=en -Duser.variant org.gradle.launcher.daemon.bootstrap.GradleDaemon 8.0

Host: AMD Ryzen 3 3250U with Radeon Graphics         , 4 cores, 5G,  Windows 10 , 64 bit Build 19041 (10.0.19041.3636)
Time: Sun Dec 17 03:32:19 2023 Russia TZ 8 Standard Time elapsed time: 1697.412964 seconds (0d 0h 28m 17s)

---------------  T H R E A D  ---------------

Current thread (0x00000163360007a0):  JavaThread "C2 CompilerThread0" daemon [_thread_in_native, id=5240, stack(0x0000006149900000,0x0000006149a00000)]


Current CompileTask:
C2:1697413 21597       4       org.gradle.api.internal.artifacts.ivyservice.resolveengine.graph.builder.DependencyGraphBuilder::resolveEdges (43 bytes)

Stack: [0x0000006149900000,0x0000006149a00000]
Native frames: (J=compiled Java code, j=interpreted, Vv=VM code, C=native code)
V  [jvm.dll+0x683c9a]
V  [jvm.dll+0x8427a4]
V  [jvm.dll+0x843f9e]
V  [jvm.dll+0x844603]
V  [jvm.dll+0x249b75]
V  [jvm.dll+0xabecc]
V  [jvm.dll+0xac27c]
V  [jvm.dll+0x36e380]
V  [jvm.dll+0x36d8d1]
V  [jvm.dll+0x36d914]
V  [jvm.dll+0x1bfc8e]
V  [jvm.dll+0x368a1b]
V  [jvm.dll+0x367995]
V  [jvm.dll+0x1bd0ec]
V  [jvm.dll+0x21c359]
V  [jvm.dll+0x21b621]
V  [jvm.dll+0x1a4fdd]
V  [jvm.dll+0x22b098]
V  [jvm.dll+0x229159]
V  [jvm.dll+0x7f81ec]
V  [jvm.dll+0x7f274a]
V  [jvm.dll+0x682ad5]
C  [ucrtbase.dll+0x21bb2]
C  [KERNEL32.DLL+0x17344]
C  [ntdll.dll+0x526b1]


---------------  P R O C E S S  ---------------

Threads class SMR info:
_java_thread_list=0x000001634272bea0, length=87, elements={
0x00000163172bb0b0, 0x0000016335490620, 0x00000163354923b0, 0x00000163354b8020,
0x00000163354b88e0, 0x00000163354b91a0, 0x00000163354b9a60, 0x00000163360007a0,
0x00000163360672f0, 0x000001633606d820, 0x0000016336193010, 0x00000163361b38f0,
0x000001633710e5d0, 0x0000016337ac5570, 0x0000016337ac7250, 0x0000016337ac80c0,
0x0000016337ac5f10, 0x0000016337ac5a40, 0x0000016337ac63e0, 0x0000016338759a10,
0x000001633875d8a0, 0x000001633875e710, 0x000001633875c090, 0x000001633875a3b0,
0x000001633875ad50, 0x000001633875bbc0, 0x000001633a7b0810, 0x000001633d9971a0,
0x000001633a7b6380, 0x000001633a6645e0, 0x000001633a665450, 0x000001633a664ab0,
0x000001633d570580, 0x000001633d56fbe0, 0x000001633d56f710, 0x000001633a7b3d00,
0x000001633d570a50, 0x000001633d56f240, 0x000001633d570f20, 0x000001633a664110,
0x000001633d5713f0, 0x000001633d56ed70, 0x000001633d5718c0, 0x000001633d571d90,
0x000001633d572730, 0x000001633d572260, 0x0000016338fc2950, 0x0000016338fc1140,
0x0000016338fc07a0, 0x0000016338fbf460, 0x000001633d9989b0, 0x0000016338fc1610,
0x0000016338fc1ae0, 0x0000016338fc1fb0, 0x000001633a7b3360, 0x000001633a7b0ce0,
0x000001633a7b1680, 0x0000016338fc2480, 0x0000016338fc0c70, 0x0000016338fbf930,
0x0000016338fbfe00, 0x0000016338fc02d0, 0x000001633d335360, 0x000001633d3349c0,
0x000001633d334e90, 0x000001633d335830, 0x000001633d335d00, 0x000001633d03bd40,
0x000001633d03b3a0, 0x000001633d03c210, 0x000001633d03aed0, 0x000001633a6662c0,
0x000001633a666790, 0x000001633a663770, 0x000001633a664f80, 0x000001633a663c40,
0x000001633acf3880, 0x000001633d997b40, 0x000001633d9984e0, 0x000001633a7b41d0,
0x000001633a7b1b50, 0x000001633a7b2020, 0x000001633d03d080, 0x000001633a7b46a0,
0x000001633a7b24f0, 0x000001633a7b6d20, 0x000001633acf3d50
}

Java Threads: ( => current thread )
  0x00000163172bb0b0 JavaThread "main" [_thread_blocked, id=9236, stack(0x0000006148c00000,0x0000006148d00000)]
  0x0000016335490620 JavaThread "Reference Handler" daemon [_thread_blocked, id=4712, stack(0x0000006149300000,0x0000006149400000)]
  0x00000163354923b0 JavaThread "Finalizer" daemon [_thread_blocked, id=7216, stack(0x0000006149400000,0x0000006149500000)]
  0x00000163354b8020 JavaThread "Signal Dispatcher" daemon [_thread_blocked, id=9724, stack(0x0000006149500000,0x0000006149600000)]
  0x00000163354b88e0 JavaThread "Attach Listener" daemon [_thread_blocked, id=4284, stack(0x0000006149600000,0x0000006149700000)]
  0x00000163354b91a0 JavaThread "Service Thread" daemon [_thread_blocked, id=11416, stack(0x0000006149700000,0x0000006149800000)]
  0x00000163354b9a60 JavaThread "Monitor Deflation Thread" daemon [_thread_blocked, id=12068, stack(0x0000006149800000,0x0000006149900000)]
=>0x00000163360007a0 JavaThread "C2 CompilerThread0" daemon [_thread_in_native, id=5240, stack(0x0000006149900000,0x0000006149a00000)]
  0x00000163360672f0 JavaThread "C1 CompilerThread0" daemon [_thread_blocked, id=11272, stack(0x0000006149a00000,0x0000006149b00000)]
  0x000001633606d820 JavaThread "Sweeper thread" daemon [_thread_blocked, id=9600, stack(0x0000006149b00000,0x0000006149c00000)]
  0x0000016336193010 JavaThread "Common-Cleaner" daemon [_thread_blocked, id=9628, stack(0x0000006149c00000,0x0000006149d00000)]
  0x00000163361b38f0 JavaThread "Notification Thread" daemon [_thread_blocked, id=1760, stack(0x0000006149d00000,0x0000006149e00000)]
  0x000001633710e5d0 JavaThread "Daemon health stats" [_thread_blocked, id=5420, stack(0x000000614a200000,0x000000614a300000)]
  0x0000016337ac5570 JavaThread "Incoming local TCP Connector on port 49846" [_thread_in_native, id=2900, stack(0x000000614a300000,0x000000614a400000)]
  0x0000016337ac7250 JavaThread "Daemon periodic checks" [_thread_blocked, id=4708, stack(0x000000614a400000,0x000000614a500000)]
  0x0000016337ac80c0 JavaThread "Cache worker for journal cache (E:\Apk Kuliah\Andro\jbr\caches\journal-1)" [_thread_blocked, id=7372, stack(0x000000614ac00000,0x000000614ad00000)]
  0x0000016337ac5f10 JavaThread "File lock request listener" [_thread_in_native, id=1772, stack(0x000000614ad00000,0x000000614ae00000)]
  0x0000016337ac5a40 JavaThread "Cache worker for file hash cache (E:\Apk Kuliah\Andro\jbr\caches\8.0\fileHashes)" [_thread_blocked, id=8824, stack(0x000000614ae00000,0x000000614af00000)]
  0x0000016337ac63e0 JavaThread "File watcher server" daemon [_thread_in_native, id=1116, stack(0x000000614af00000,0x000000614b000000)]
  0x0000016338759a10 JavaThread "File watcher consumer" daemon [_thread_in_Java, id=6728, stack(0x000000614b000000,0x000000614b100000)]
  0x000001633875d8a0 JavaThread "Cache worker for file content cache (E:\Apk Kuliah\Andro\jbr\caches\8.0\fileContent)" [_thread_blocked, id=7164, stack(0x000000614b300000,0x000000614b400000)]
  0x000001633875e710 JavaThread "Cache worker for execution history cache (E:\Apk Kuliah\Andro\jbr\caches\8.0\executionHistory)" [_thread_blocked, id=9092, stack(0x000000614b600000,0x000000614b700000)]
  0x000001633875c090 JavaThread "jar transforms" [_thread_blocked, id=6424, stack(0x000000614b700000,0x000000614b800000)]
  0x000001633875a3b0 JavaThread "jar transforms Thread 2" [_thread_blocked, id=4756, stack(0x000000614b800000,0x000000614b900000)]
  0x000001633875ad50 JavaThread "jar transforms Thread 3" [_thread_blocked, id=5000, stack(0x000000614b900000,0x000000614ba00000)]
  0x000001633875bbc0 JavaThread "jar transforms Thread 4" [_thread_blocked, id=3020, stack(0x000000614ba00000,0x000000614bb00000)]
  0x000001633a7b0810 JavaThread "Memory manager" [_thread_blocked, id=6976, stack(0x000000614e600000,0x000000614e700000)]
  0x000001633d9971a0 JavaThread "Cache worker for Java compile cache (E:\Apk Kuliah\Andro\jbr\caches\8.0\javaCompile)" [_thread_blocked, id=12072, stack(0x000000614f200000,0x000000614f300000)]
  0x000001633a7b6380 JavaThread "Daemon Thread 6" [_thread_blocked, id=8244, stack(0x0000006148900000,0x0000006148a00000)]
  0x000001633a6645e0 JavaThread "Handler for socket connection from /127.0.0.1:49846 to /127.0.0.1:50758" [_thread_in_native, id=5168, stack(0x0000006148a00000,0x0000006148b00000)]
  0x000001633a665450 JavaThread "Cancel handler" [_thread_blocked, id=3632, stack(0x0000006148b00000,0x0000006148c00000)]
  0x000001633a664ab0 JavaThread "Daemon worker Thread 6" [_thread_blocked, id=7320, stack(0x000000614a500000,0x000000614a600000)]
  0x000001633d570580 JavaThread "Asynchronous log dispatcher for DefaultDaemonConnection: socket connection from /127.0.0.1:49846 to /127.0.0.1:50758" [_thread_in_vm, id=5836, stack(0x000000614a600000,0x000000614a700000)]
  0x000001633d56fbe0 JavaThread "Stdin handler" [_thread_blocked, id=10668, stack(0x000000614a700000,0x000000614a800000)]
  0x000001633d56f710 JavaThread "Daemon client event forwarder" [_thread_blocked, id=3544, stack(0x000000614a800000,0x000000614a900000)]
  0x000001633a7b3d00 JavaThread "Cache worker for checksums cache (E:\Andro Projek\SispakKehamilan\.gradle\8.0\checksums)" [_thread_blocked, id=5860, stack(0x000000614a900000,0x000000614aa00000)]
  0x000001633d570a50 JavaThread "Cache worker for cache directory md-rule (E:\Apk Kuliah\Andro\jbr\caches\8.0\md-rule)" [_thread_blocked, id=12128, stack(0x000000614aa00000,0x000000614ab00000)]
  0x000001633d56f240 JavaThread "Cache worker for file hash cache (E:\Andro Projek\SispakKehamilan\.gradle\8.0\fileHashes)" [_thread_blocked, id=6916, stack(0x000000614ab00000,0x000000614ac00000)]
  0x000001633d570f20 JavaThread "Cache worker for cache directory md-supplier (E:\Apk Kuliah\Andro\jbr\caches\8.0\md-supplier)" [_thread_blocked, id=6808, stack(0x000000614b100000,0x000000614b200000)]
  0x000001633a664110 JavaThread "Cache worker for dependencies-accessors (E:\Andro Projek\SispakKehamilan\.gradle\8.0\dependencies-accessors)" [_thread_blocked, id=4120, stack(0x000000614b200000,0x000000614b300000)]
  0x000001633d5713f0 JavaThread "Cache worker for Build Output Cleanup Cache (E:\Andro Projek\SispakKehamilan\.gradle\buildOutputCleanup)" [_thread_blocked, id=11652, stack(0x000000614b400000,0x000000614b500000)]
  0x000001633d56ed70 JavaThread "Unconstrained build operations" [_thread_blocked, id=1052, stack(0x000000614b500000,0x000000614b600000)]
  0x000001633d5718c0 JavaThread "Unconstrained build operations Thread 2" [_thread_blocked, id=8308, stack(0x000000614bb00000,0x000000614bc00000)]
  0x000001633d571d90 JavaThread "Unconstrained build operations Thread 3" [_thread_blocked, id=10248, stack(0x000000614bc00000,0x000000614bd00000)]
  0x000001633d572730 JavaThread "Unconstrained build operations Thread 4" [_thread_blocked, id=128, stack(0x000000614bd00000,0x000000614be00000)]
  0x000001633d572260 JavaThread "Unconstrained build operations Thread 5" [_thread_blocked, id=5020, stack(0x000000614be00000,0x000000614bf00000)]
  0x0000016338fc2950 JavaThread "Unconstrained build operations Thread 6" [_thread_blocked, id=10784, stack(0x000000614bf00000,0x000000614c000000)]
  0x0000016338fc1140 JavaThread "Unconstrained build operations Thread 7" [_thread_blocked, id=8780, stack(0x000000614c000000,0x000000614c100000)]
  0x0000016338fc07a0 JavaThread "Unconstrained build operations Thread 8" [_thread_blocked, id=11124, stack(0x000000614c100000,0x000000614c200000)]
  0x0000016338fbf460 JavaThread "Unconstrained build operations Thread 9" [_thread_blocked, id=5588, stack(0x000000614c200000,0x000000614c300000)]
  0x000001633d9989b0 JavaThread "Unconstrained build operations Thread 10" [_thread_blocked, id=7820, stack(0x000000614c300000,0x000000614c400000)]
  0x0000016338fc1610 JavaThread "Unconstrained build operations Thread 11" [_thread_blocked, id=6824, stack(0x000000614c400000,0x000000614c500000)]
  0x0000016338fc1ae0 JavaThread "Unconstrained build operations Thread 12" [_thread_blocked, id=5868, stack(0x000000614c500000,0x000000614c600000)]
  0x0000016338fc1fb0 JavaThread "Unconstrained build operations Thread 13" [_thread_blocked, id=7692, stack(0x000000614c600000,0x000000614c700000)]
  0x000001633a7b3360 JavaThread "Unconstrained build operations Thread 14" [_thread_blocked, id=8568, stack(0x000000614c700000,0x000000614c800000)]
  0x000001633a7b0ce0 JavaThread "Unconstrained build operations Thread 15" [_thread_blocked, id=1872, stack(0x000000614c800000,0x000000614c900000)]
  0x000001633a7b1680 JavaThread "Unconstrained build operations Thread 16" [_thread_blocked, id=5716, stack(0x000000614c900000,0x000000614ca00000)]
  0x0000016338fc2480 JavaThread "Unconstrained build operations Thread 17" [_thread_blocked, id=8024, stack(0x000000614ca00000,0x000000614cb00000)]
  0x0000016338fc0c70 JavaThread "Unconstrained build operations Thread 18" [_thread_blocked, id=396, stack(0x000000614cb00000,0x000000614cc00000)]
  0x0000016338fbf930 JavaThread "Unconstrained build operations Thread 19" [_thread_blocked, id=10984, stack(0x000000614cc00000,0x000000614cd00000)]
  0x0000016338fbfe00 JavaThread "Unconstrained build operations Thread 20" [_thread_blocked, id=780, stack(0x000000614cd00000,0x000000614ce00000)]
  0x0000016338fc02d0 JavaThread "Unconstrained build operations Thread 21" [_thread_blocked, id=2320, stack(0x000000614ce00000,0x000000614cf00000)]
  0x000001633d335360 JavaThread "Unconstrained build operations Thread 22" [_thread_blocked, id=7912, stack(0x000000614cf00000,0x000000614d000000)]
  0x000001633d3349c0 JavaThread "Unconstrained build operations Thread 23" [_thread_blocked, id=1768, stack(0x000000614d000000,0x000000614d100000)]
  0x000001633d334e90 JavaThread "Unconstrained build operations Thread 24" [_thread_blocked, id=11588, stack(0x000000614d100000,0x000000614d200000)]
  0x000001633d335830 JavaThread "Unconstrained build operations Thread 25" [_thread_blocked, id=10944, stack(0x000000614d200000,0x000000614d300000)]
  0x000001633d335d00 JavaThread "Unconstrained build operations Thread 26" [_thread_blocked, id=6736, stack(0x000000614d300000,0x000000614d400000)]
  0x000001633d03bd40 JavaThread "Unconstrained build operations Thread 27" [_thread_blocked, id=7300, stack(0x000000614d400000,0x000000614d500000)]
  0x000001633d03b3a0 JavaThread "Unconstrained build operations Thread 28" [_thread_blocked, id=11772, stack(0x000000614d500000,0x000000614d600000)]
  0x000001633d03c210 JavaThread "Unconstrained build operations Thread 29" [_thread_blocked, id=11472, stack(0x000000614d600000,0x000000614d700000)]
  0x000001633d03aed0 JavaThread "Unconstrained build operations Thread 30" [_thread_blocked, id=5048, stack(0x000000614d700000,0x000000614d800000)]
  0x000001633a6662c0 JavaThread "Unconstrained build operations Thread 31" [_thread_blocked, id=3676, stack(0x000000614d800000,0x000000614d900000)]
  0x000001633a666790 JavaThread "Unconstrained build operations Thread 32" [_thread_blocked, id=784, stack(0x000000614d900000,0x000000614da00000)]
  0x000001633a663770 JavaThread "Unconstrained build operations Thread 33" [_thread_blocked, id=1284, stack(0x000000614da00000,0x000000614db00000)]
  0x000001633a664f80 JavaThread "Unconstrained build operations Thread 34" [_thread_blocked, id=8796, stack(0x000000614db00000,0x000000614dc00000)]
  0x000001633a663c40 JavaThread "Unconstrained build operations Thread 35" [_thread_blocked, id=10520, stack(0x000000614dc00000,0x000000614dd00000)]
  0x000001633acf3880 JavaThread "Unconstrained build operations Thread 36" [_thread_blocked, id=2892, stack(0x000000614dd00000,0x000000614de00000)]
  0x000001633d997b40 JavaThread "Unconstrained build operations Thread 37" [_thread_blocked, id=8648, stack(0x000000614de00000,0x000000614df00000)]
  0x000001633d9984e0 JavaThread "Unconstrained build operations Thread 38" [_thread_blocked, id=7624, stack(0x000000614df00000,0x000000614e000000)]
  0x000001633a7b41d0 JavaThread "Unconstrained build operations Thread 39" [_thread_blocked, id=8584, stack(0x000000614e000000,0x000000614e100000)]
  0x000001633a7b1b50 JavaThread "Unconstrained build operations Thread 40" [_thread_blocked, id=8624, stack(0x000000614e100000,0x000000614e200000)]
  0x000001633a7b2020 JavaThread "build event listener" [_thread_blocked, id=4972, stack(0x000000614e200000,0x000000614e300000)]
  0x000001633d03d080 JavaThread "included builds" [_thread_blocked, id=10896, stack(0x000000614e300000,0x000000614e400000)]
  0x000001633a7b46a0 JavaThread "Execution worker" [_thread_in_native, id=10920, stack(0x000000614e400000,0x000000614e500000)]
  0x000001633a7b24f0 JavaThread "Execution worker Thread 2" [_thread_blocked, id=10880, stack(0x000000614e500000,0x000000614e600000)]
  0x000001633a7b6d20 JavaThread "Execution worker Thread 3" [_thread_blocked, id=12200, stack(0x000000614e700000,0x000000614e800000)]
  0x000001633acf3d50 JavaThread "Cache worker for execution history cache (E:\Andro Projek\SispakKehamilan\.gradle\8.0\executionHistory)" [_thread_blocked, id=10860, stack(0x000000614e800000,0x000000614e900000)]

Other Threads:
  0x000001633546a950 VMThread "VM Thread" [stack: 0x0000006149200000,0x0000006149300000] [id=7360]
  0x00000163361b61e0 WatcherThread [stack: 0x0000006149e00000,0x0000006149f00000] [id=9928]
  0x0000016317326de0 GCTaskThread "GC Thread#0" [stack: 0x0000006148d00000,0x0000006148e00000] [id=3216]
  0x0000016336678320 GCTaskThread "GC Thread#1" [stack: 0x0000006149f00000,0x000000614a000000] [id=9620]
  0x0000016336667390 GCTaskThread "GC Thread#2" [stack: 0x000000614a000000,0x000000614a100000] [id=4740]
  0x0000016336c77050 GCTaskThread "GC Thread#3" [stack: 0x000000614a100000,0x000000614a200000] [id=4848]
  0x0000016317337c30 ConcurrentGCThread "G1 Main Marker" [stack: 0x0000006148e00000,0x0000006148f00000] [id=1684]
  0x0000016317338550 ConcurrentGCThread "G1 Conc#0" [stack: 0x0000006148f00000,0x0000006149000000] [id=11044]
  0x00000163352e0090 ConcurrentGCThread "G1 Refine#0" [stack: 0x0000006149000000,0x0000006149100000] [id=9228]
  0x000001633afc2370 ConcurrentGCThread "G1 Refine#1" [stack: 0x000000614e900000,0x000000614ea00000] [id=12220]
  0x00000163352e19d0 ConcurrentGCThread "G1 Service" [stack: 0x0000006149100000,0x0000006149200000] [id=2780]

Threads with active compile tasks:
C2 CompilerThread0  1697491 21597       4       org.gradle.api.internal.artifacts.ivyservice.resolveengine.graph.builder.DependencyGraphBuilder::resolveEdges (43 bytes)

VM state: not at safepoint (normal execution)

VM Mutex/Monitor currently owned by a thread: None

Heap address: 0x0000000700000000, size: 4096 MB, Compressed Oops mode: Zero based, Oop shift amount: 3

CDS archive(s) not mapped
Compressed class space mapped at: 0x0000000800000000-0x0000000840000000, reserved size: 1073741824
Narrow klass base: 0x0000000800000000, Narrow klass shift: 0, Narrow klass range: 0x40000000

GC Precious Log:
 CPUs: 4 total, 4 available
 Memory: 6020M
 Large Page Support: Disabled
 NUMA Support: Disabled
 Compressed Oops: Enabled (Zero based)
 Heap Region Size: 2M
 Heap Min Capacity: 8M
 Heap Initial Capacity: 96M
 Heap Max Capacity: 4G
 Pre-touch: Disabled
 Parallel Workers: 4
 Concurrent Workers: 1
 Concurrent Refinement Workers: 4
 Periodic GC: Disabled

Heap:
 garbage-first heap   total 354304K, used 285733K [0x0000000700000000, 0x0000000800000000)
  region size 2048K, 73 young (149504K), 5 survivors (10240K)
 Metaspace       used 128737K, committed 129664K, reserved 1163264K
  class space    used 17225K, committed 17664K, reserved 1048576K

Heap Regions: E=young(eden), S=young(survivor), O=old, HS=humongous(starts), HC=humongous(continues), CS=collection set, F=free, OA=open archive, CA=closed archive, TAMS=top-at-mark-start (previous, next)
|   0|0x0000000700000000, 0x0000000700200000, 0x0000000700200000|100%| O|  |TAMS 0x0000000700200000, 0x0000000700000000| Untracked 
|   1|0x0000000700200000, 0x0000000700400000, 0x0000000700400000|100%|HS|  |TAMS 0x0000000700400000, 0x0000000700200000| Complete 
|   2|0x0000000700400000, 0x0000000700600000, 0x0000000700600000|100%|HC|  |TAMS 0x0000000700600000, 0x0000000700400000| Complete 
|   3|0x0000000700600000, 0x0000000700800000, 0x0000000700800000|100%| O|  |TAMS 0x0000000700800000, 0x0000000700600000| Untracked 
|   4|0x0000000700800000, 0x0000000700a00000, 0x0000000700a00000|100%| O|  |TAMS 0x0000000700a00000, 0x0000000700800000| Untracked 
|   5|0x0000000700a00000, 0x0000000700c00000, 0x0000000700c00000|100%| O|  |TAMS 0x0000000700c00000, 0x0000000700a00000| Untracked 
|   6|0x0000000700c00000, 0x0000000700e00000, 0x0000000700e00000|100%| O|  |TAMS 0x0000000700e00000, 0x0000000700c00000| Untracked 
|   7|0x0000000700e00000, 0x0000000701000000, 0x0000000701000000|100%| O|  |TAMS 0x0000000701000000, 0x0000000700e00000| Untracked 
|   8|0x0000000701000000, 0x0000000701200000, 0x0000000701200000|100%| O|  |TAMS 0x0000000701200000, 0x0000000701000000| Untracked 
|   9|0x0000000701200000, 0x0000000701400000, 0x0000000701400000|100%| O|  |TAMS 0x0000000701400000, 0x0000000701200000| Untracked 
|  10|0x0000000701400000, 0x0000000701600000, 0x0000000701600000|100%| O|  |TAMS 0x0000000701600000, 0x0000000701400000| Untracked 
|  11|0x0000000701600000, 0x0000000701800000, 0x0000000701800000|100%| O|  |TAMS 0x0000000701800000, 0x0000000701600000| Untracked 
|  12|0x0000000701800000, 0x0000000701a00000, 0x0000000701a00000|100%| O|  |TAMS 0x0000000701a00000, 0x0000000701800000| Untracked 
|  13|0x0000000701a00000, 0x0000000701c00000, 0x0000000701c00000|100%| O|  |TAMS 0x0000000701c00000, 0x0000000701a00000| Complete 
|  14|0x0000000701c00000, 0x0000000701e00000, 0x0000000701e00000|100%| O|  |TAMS 0x0000000701e00000, 0x0000000701c00000| Untracked 
|  15|0x0000000701e00000, 0x0000000702000000, 0x0000000702000000|100%| O|  |TAMS 0x0000000702000000, 0x0000000701e00000| Untracked 
|  16|0x0000000702000000, 0x0000000702200000, 0x0000000702200000|100%|HS|  |TAMS 0x0000000702200000, 0x0000000702000000| Complete 
|  17|0x0000000702200000, 0x0000000702400000, 0x0000000702400000|100%|HC|  |TAMS 0x0000000702400000, 0x0000000702200000| Complete 
|  18|0x0000000702400000, 0x0000000702600000, 0x0000000702600000|100%| O|  |TAMS 0x0000000702600000, 0x0000000702400000| Untracked 
|  19|0x0000000702600000, 0x0000000702800000, 0x0000000702800000|100%| O|  |TAMS 0x0000000702800000, 0x0000000702600000| Untracked 
|  20|0x0000000702800000, 0x0000000702a00000, 0x0000000702a00000|100%| O|  |TAMS 0x0000000702a00000, 0x0000000702800000| Untracked 
|  21|0x0000000702a00000, 0x0000000702c00000, 0x0000000702c00000|100%| O|  |TAMS 0x0000000702c00000, 0x0000000702a00000| Untracked 
|  22|0x0000000702c00000, 0x0000000702e00000, 0x0000000702e00000|100%| O|  |TAMS 0x0000000702e00000, 0x0000000702c00000| Untracked 
|  23|0x0000000702e00000, 0x0000000703000000, 0x0000000703000000|100%| O|  |TAMS 0x0000000703000000, 0x0000000702e00000| Untracked 
|  24|0x0000000703000000, 0x0000000703200000, 0x0000000703200000|100%| O|  |TAMS 0x0000000703200000, 0x0000000703000000| Untracked 
|  25|0x0000000703200000, 0x0000000703400000, 0x0000000703400000|100%| O|  |TAMS 0x0000000703400000, 0x0000000703200000| Untracked 
|  26|0x0000000703400000, 0x0000000703600000, 0x0000000703600000|100%| O|  |TAMS 0x0000000703600000, 0x0000000703400000| Untracked 
|  27|0x0000000703600000, 0x0000000703800000, 0x0000000703800000|100%| O|  |TAMS 0x0000000703800000, 0x0000000703600000| Untracked 
|  28|0x0000000703800000, 0x0000000703a00000, 0x0000000703a00000|100%| O|  |TAMS 0x0000000703a00000, 0x0000000703800000| Untracked 
|  29|0x0000000703a00000, 0x0000000703c00000, 0x0000000703c00000|100%| O|  |TAMS 0x0000000703c00000, 0x0000000703a00000| Untracked 
|  30|0x0000000703c00000, 0x0000000703e00000, 0x0000000703e00000|100%| O|  |TAMS 0x0000000703e00000, 0x0000000703c00000| Untracked 
|  31|0x0000000703e00000, 0x0000000704000000, 0x0000000704000000|100%| O|  |TAMS 0x0000000704000000, 0x0000000703e00000| Untracked 
|  32|0x0000000704000000, 0x0000000704200000, 0x0000000704200000|100%|HS|  |TAMS 0x0000000704000000, 0x0000000704000000| Complete 
|  33|0x0000000704200000, 0x0000000704400000, 0x0000000704400000|100%| O|  |TAMS 0x0000000704400000, 0x0000000704200000| Untracked 
|  34|0x0000000704400000, 0x0000000704600000, 0x0000000704600000|100%| O|  |TAMS 0x0000000704600000, 0x0000000704400000| Untracked 
|  35|0x0000000704600000, 0x0000000704800000, 0x0000000704800000|100%| O|  |TAMS 0x0000000704800000, 0x0000000704600000| Untracked 
|  36|0x0000000704800000, 0x0000000704a00000, 0x0000000704a00000|100%| O|  |TAMS 0x0000000704a00000, 0x0000000704800000| Untracked 
|  37|0x0000000704a00000, 0x0000000704c00000, 0x0000000704c00000|100%| O|  |TAMS 0x0000000704c00000, 0x0000000704a00000| Untracked 
|  38|0x0000000704c00000, 0x0000000704e00000, 0x0000000704e00000|100%| O|  |TAMS 0x0000000704e00000, 0x0000000704c00000| Untracked 
|  39|0x0000000704e00000, 0x0000000705000000, 0x0000000705000000|100%| O|  |TAMS 0x0000000705000000, 0x0000000704e00000| Untracked 
|  40|0x0000000705000000, 0x0000000705200000, 0x0000000705200000|100%| O|  |TAMS 0x0000000705200000, 0x0000000705000000| Untracked 
|  41|0x0000000705200000, 0x0000000705400000, 0x0000000705400000|100%| O|  |TAMS 0x0000000705400000, 0x0000000705200000| Untracked 
|  42|0x0000000705400000, 0x0000000705600000, 0x0000000705600000|100%| O|  |TAMS 0x0000000705600000, 0x0000000705400000| Untracked 
|  43|0x0000000705600000, 0x0000000705800000, 0x0000000705800000|100%| O|  |TAMS 0x0000000705800000, 0x0000000705600000| Untracked 
|  44|0x0000000705800000, 0x0000000705a00000, 0x0000000705a00000|100%| O|  |TAMS 0x0000000705a00000, 0x0000000705800000| Untracked 
|  45|0x0000000705a00000, 0x0000000705c00000, 0x0000000705c00000|100%| O|  |TAMS 0x0000000705c00000, 0x0000000705a00000| Untracked 
|  46|0x0000000705c00000, 0x0000000705e00000, 0x0000000705e00000|100%| O|  |TAMS 0x0000000705e00000, 0x0000000705c00000| Complete 
|  47|0x0000000705e00000, 0x0000000706000000, 0x0000000706000000|100%| O|  |TAMS 0x0000000706000000, 0x0000000705e00000| Untracked 
|  48|0x0000000706000000, 0x0000000706200000, 0x0000000706200000|100%| O|  |TAMS 0x0000000706200000, 0x0000000706000000| Complete 
|  49|0x0000000706200000, 0x0000000706400000, 0x0000000706400000|100%| O|  |TAMS 0x0000000706400000, 0x0000000706200000| Untracked 
|  50|0x0000000706400000, 0x0000000706600000, 0x0000000706600000|100%| O|  |TAMS 0x0000000706600000, 0x0000000706400000| Untracked 
|  51|0x0000000706600000, 0x0000000706800000, 0x0000000706800000|100%| O|  |TAMS 0x0000000706800000, 0x0000000706600000| Untracked 
|  52|0x0000000706800000, 0x0000000706a00000, 0x0000000706a00000|100%|HS|  |TAMS 0x0000000706800000, 0x0000000706800000| Complete 
|  53|0x0000000706a00000, 0x0000000706c00000, 0x0000000706c00000|100%| O|  |TAMS 0x0000000706c00000, 0x0000000706a00000| Untracked 
|  54|0x0000000706c00000, 0x0000000706e00000, 0x0000000706e00000|100%|HS|  |TAMS 0x0000000706c00000, 0x0000000706c00000| Complete 
|  55|0x0000000706e00000, 0x0000000707000000, 0x0000000707000000|100%| O|  |TAMS 0x0000000707000000, 0x0000000706e00000| Untracked 
|  56|0x0000000707000000, 0x0000000707200000, 0x0000000707200000|100%| O|  |TAMS 0x0000000707200000, 0x0000000707000000| Untracked 
|  57|0x0000000707200000, 0x0000000707400000, 0x0000000707400000|100%| O|  |TAMS 0x0000000707400000, 0x0000000707200000| Untracked 
|  58|0x0000000707400000, 0x0000000707600000, 0x0000000707600000|100%| O|  |TAMS 0x0000000707600000, 0x0000000707400000| Untracked 
|  59|0x0000000707600000, 0x0000000707800000, 0x0000000707800000|100%| O|  |TAMS 0x0000000707800000, 0x0000000707600000| Untracked 
|  60|0x0000000707800000, 0x0000000707a00000, 0x0000000707a00000|100%| O|  |TAMS 0x0000000707a00000, 0x0000000707800000| Untracked 
|  61|0x0000000707a00000, 0x0000000707c00000, 0x0000000707c00000|100%| O|  |TAMS 0x0000000707c00000, 0x0000000707a00000| Untracked 
|  62|0x0000000707c00000, 0x0000000707e00000, 0x0000000707e00000|100%| O|  |TAMS 0x0000000707e00000, 0x0000000707c00000| Untracked 
|  63|0x0000000707e00000, 0x0000000707e4a600, 0x0000000708000000| 14%| O|  |TAMS 0x0000000707e4a600, 0x0000000707e00000| Untracked 
|  64|0x0000000708000000, 0x0000000708200000, 0x0000000708200000|100%|HS|  |TAMS 0x0000000708000000, 0x0000000708000000| Complete 
|  65|0x0000000708200000, 0x0000000708400000, 0x0000000708400000|100%|HS|  |TAMS 0x0000000708200000, 0x0000000708200000| Complete 
|  66|0x0000000708400000, 0x0000000708600000, 0x0000000708600000|100%|HS|  |TAMS 0x0000000708400000, 0x0000000708400000| Complete 
|  67|0x0000000708600000, 0x0000000708800000, 0x0000000708800000|100%|HS|  |TAMS 0x0000000708600000, 0x0000000708600000| Complete 
|  68|0x0000000708800000, 0x0000000708a00000, 0x0000000708a00000|100%|HS|  |TAMS 0x0000000708800000, 0x0000000708800000| Complete 
|  69|0x0000000708a00000, 0x0000000708a00000, 0x0000000708c00000|  0%| F|  |TAMS 0x0000000708a00000, 0x0000000708a00000| Untracked 
|  70|0x0000000708c00000, 0x0000000708c00000, 0x0000000708e00000|  0%| F|  |TAMS 0x0000000708c00000, 0x0000000708c00000| Untracked 
|  71|0x0000000708e00000, 0x0000000708e00000, 0x0000000709000000|  0%| F|  |TAMS 0x0000000708e00000, 0x0000000708e00000| Untracked 
|  72|0x0000000709000000, 0x0000000709000000, 0x0000000709200000|  0%| F|  |TAMS 0x0000000709000000, 0x0000000709000000| Untracked 
|  73|0x0000000709200000, 0x0000000709200000, 0x0000000709400000|  0%| F|  |TAMS 0x0000000709200000, 0x0000000709200000| Untracked 
|  74|0x0000000709400000, 0x0000000709400000, 0x0000000709600000|  0%| F|  |TAMS 0x0000000709400000, 0x0000000709400000| Untracked 
|  75|0x0000000709600000, 0x0000000709600000, 0x0000000709800000|  0%| F|  |TAMS 0x0000000709600000, 0x0000000709600000| Untracked 
|  76|0x0000000709800000, 0x0000000709800000, 0x0000000709a00000|  0%| F|  |TAMS 0x0000000709800000, 0x0000000709800000| Untracked 
|  77|0x0000000709a00000, 0x0000000709a00000, 0x0000000709c00000|  0%| F|  |TAMS 0x0000000709a00000, 0x0000000709a00000| Untracked 
|  78|0x0000000709c00000, 0x0000000709c00000, 0x0000000709e00000|  0%| F|  |TAMS 0x0000000709c00000, 0x0000000709c00000| Untracked 
|  79|0x0000000709e00000, 0x0000000709e00000, 0x000000070a000000|  0%| F|  |TAMS 0x0000000709e00000, 0x0000000709e00000| Untracked 
|  80|0x000000070a000000, 0x000000070a000000, 0x000000070a200000|  0%| F|  |TAMS 0x000000070a000000, 0x000000070a000000| Untracked 
|  81|0x000000070a200000, 0x000000070a200000, 0x000000070a400000|  0%| F|  |TAMS 0x000000070a200000, 0x000000070a200000| Untracked 
|  82|0x000000070a400000, 0x000000070a400000, 0x000000070a600000|  0%| F|  |TAMS 0x000000070a400000, 0x000000070a400000| Untracked 
|  83|0x000000070a600000, 0x000000070a600000, 0x000000070a800000|  0%| F|  |TAMS 0x000000070a600000, 0x000000070a600000| Untracked 
|  84|0x000000070a800000, 0x000000070a800000, 0x000000070aa00000|  0%| F|  |TAMS 0x000000070a800000, 0x000000070a800000| Untracked 
|  85|0x000000070aa00000, 0x000000070aa00000, 0x000000070ac00000|  0%| F|  |TAMS 0x000000070aa00000, 0x000000070aa00000| Untracked 
|  86|0x000000070ac00000, 0x000000070ac00000, 0x000000070ae00000|  0%| F|  |TAMS 0x000000070ac00000, 0x000000070ac00000| Untracked 
|  87|0x000000070ae00000, 0x000000070ae00000, 0x000000070b000000|  0%| F|  |TAMS 0x000000070ae00000, 0x000000070ae00000| Untracked 
|  88|0x000000070b000000, 0x000000070b000000, 0x000000070b200000|  0%| F|  |TAMS 0x000000070b000000, 0x000000070b000000| Untracked 
|  89|0x000000070b200000, 0x000000070b200000, 0x000000070b400000|  0%| F|  |TAMS 0x000000070b200000, 0x000000070b200000| Untracked 
|  90|0x000000070b400000, 0x000000070b400000, 0x000000070b600000|  0%| F|  |TAMS 0x000000070b400000, 0x000000070b400000| Untracked 
|  91|0x000000070b600000, 0x000000070b600000, 0x000000070b800000|  0%| F|  |TAMS 0x000000070b600000, 0x000000070b600000| Untracked 
|  92|0x000000070b800000, 0x000000070b800000, 0x000000070ba00000|  0%| F|  |TAMS 0x000000070b800000, 0x000000070b800000| Untracked 
|  93|0x000000070ba00000, 0x000000070ba00000, 0x000000070bc00000|  0%| F|  |TAMS 0x000000070ba00000, 0x000000070ba00000| Untracked 
|  94|0x000000070bc00000, 0x000000070bc00000, 0x000000070be00000|  0%| F|  |TAMS 0x000000070bc00000, 0x000000070bc00000| Untracked 
|  95|0x000000070be00000, 0x000000070be00000, 0x000000070c000000|  0%| F|  |TAMS 0x000000070be00000, 0x000000070be00000| Untracked 
|  96|0x000000070c000000, 0x000000070c000000, 0x000000070c200000|  0%| F|  |TAMS 0x000000070c000000, 0x000000070c000000| Untracked 
|  97|0x000000070c200000, 0x000000070c200000, 0x000000070c400000|  0%| F|  |TAMS 0x000000070c200000, 0x000000070c200000| Untracked 
|  98|0x000000070c400000, 0x000000070c400000, 0x000000070c600000|  0%| F|  |TAMS 0x000000070c400000, 0x000000070c400000| Untracked 
|  99|0x000000070c600000, 0x000000070c7bda20, 0x000000070c800000| 87%| E|  |TAMS 0x000000070c600000, 0x000000070c600000| Complete 
| 100|0x000000070c800000, 0x000000070ca00000, 0x000000070ca00000|100%| E|CS|TAMS 0x000000070c800000, 0x000000070c800000| Complete 
| 101|0x000000070ca00000, 0x000000070cc00000, 0x000000070cc00000|100%| E|CS|TAMS 0x000000070ca00000, 0x000000070ca00000| Complete 
| 102|0x000000070cc00000, 0x000000070ce00000, 0x000000070ce00000|100%| E|CS|TAMS 0x000000070cc00000, 0x000000070cc00000| Complete 
| 103|0x000000070ce00000, 0x000000070d000000, 0x000000070d000000|100%| E|CS|TAMS 0x000000070ce00000, 0x000000070ce00000| Complete 
| 104|0x000000070d000000, 0x000000070d200000, 0x000000070d200000|100%| E|CS|TAMS 0x000000070d000000, 0x000000070d000000| Complete 
| 105|0x000000070d200000, 0x000000070d400000, 0x000000070d400000|100%| E|CS|TAMS 0x000000070d200000, 0x000000070d200000| Complete 
| 106|0x000000070d400000, 0x000000070d600000, 0x000000070d600000|100%| E|CS|TAMS 0x000000070d400000, 0x000000070d400000| Complete 
| 107|0x000000070d600000, 0x000000070d800000, 0x000000070d800000|100%| E|CS|TAMS 0x000000070d600000, 0x000000070d600000| Complete 
| 108|0x000000070d800000, 0x000000070da00000, 0x000000070da00000|100%| E|CS|TAMS 0x000000070d800000, 0x000000070d800000| Complete 
| 109|0x000000070da00000, 0x000000070dc00000, 0x000000070dc00000|100%| E|CS|TAMS 0x000000070da00000, 0x000000070da00000| Complete 
| 110|0x000000070dc00000, 0x000000070de00000, 0x000000070de00000|100%| E|CS|TAMS 0x000000070dc00000, 0x000000070dc00000| Complete 
| 111|0x000000070de00000, 0x000000070debf110, 0x000000070e000000| 37%| S|CS|TAMS 0x000000070de00000, 0x000000070de00000| Complete 
| 112|0x000000070e000000, 0x000000070e200000, 0x000000070e200000|100%| S|CS|TAMS 0x000000070e000000, 0x000000070e000000| Complete 
| 113|0x000000070e200000, 0x000000070e400000, 0x000000070e400000|100%| S|CS|TAMS 0x000000070e200000, 0x000000070e200000| Complete 
| 114|0x000000070e400000, 0x000000070e600000, 0x000000070e600000|100%| S|CS|TAMS 0x000000070e400000, 0x000000070e400000| Complete 
| 115|0x000000070e600000, 0x000000070e800000, 0x000000070e800000|100%| S|CS|TAMS 0x000000070e600000, 0x000000070e600000| Complete 
| 116|0x000000070e800000, 0x000000070ea00000, 0x000000070ea00000|100%| E|CS|TAMS 0x000000070e800000, 0x000000070e800000| Complete 
| 117|0x000000070ea00000, 0x000000070ec00000, 0x000000070ec00000|100%| E|CS|TAMS 0x000000070ea00000, 0x000000070ea00000| Complete 
| 118|0x000000070ec00000, 0x000000070ee00000, 0x000000070ee00000|100%| E|CS|TAMS 0x000000070ec00000, 0x000000070ec00000| Complete 
| 119|0x000000070ee00000, 0x000000070f000000, 0x000000070f000000|100%| E|CS|TAMS 0x000000070ee00000, 0x000000070ee00000| Complete 
| 120|0x000000070f000000, 0x000000070f200000, 0x000000070f200000|100%| E|CS|TAMS 0x000000070f000000, 0x000000070f000000| Complete 
| 121|0x000000070f200000, 0x000000070f400000, 0x000000070f400000|100%| E|CS|TAMS 0x000000070f200000, 0x000000070f200000| Complete 
| 122|0x000000070f400000, 0x000000070f600000, 0x000000070f600000|100%| E|CS|TAMS 0x000000070f400000, 0x000000070f400000| Complete 
| 123|0x000000070f600000, 0x000000070f800000, 0x000000070f800000|100%| E|CS|TAMS 0x000000070f600000, 0x000000070f600000| Complete 
| 124|0x000000070f800000, 0x000000070fa00000, 0x000000070fa00000|100%| E|CS|TAMS 0x000000070f800000, 0x000000070f800000| Complete 
| 125|0x000000070fa00000, 0x000000070fc00000, 0x000000070fc00000|100%| E|CS|TAMS 0x000000070fa00000, 0x000000070fa00000| Complete 
| 126|0x000000070fc00000, 0x000000070fe00000, 0x000000070fe00000|100%| E|CS|TAMS 0x000000070fc00000, 0x000000070fc00000| Complete 
| 127|0x000000070fe00000, 0x0000000710000000, 0x0000000710000000|100%| E|CS|TAMS 0x000000070fe00000, 0x000000070fe00000| Complete 
| 128|0x0000000710000000, 0x0000000710200000, 0x0000000710200000|100%| E|CS|TAMS 0x0000000710000000, 0x0000000710000000| Complete 
| 129|0x0000000710200000, 0x0000000710400000, 0x0000000710400000|100%| E|CS|TAMS 0x0000000710200000, 0x0000000710200000| Complete 
| 130|0x0000000710400000, 0x0000000710600000, 0x0000000710600000|100%| E|CS|TAMS 0x0000000710400000, 0x0000000710400000| Complete 
| 131|0x0000000710600000, 0x0000000710800000, 0x0000000710800000|100%| E|CS|TAMS 0x0000000710600000, 0x0000000710600000| Complete 
| 132|0x0000000710800000, 0x0000000710a00000, 0x0000000710a00000|100%| E|CS|TAMS 0x0000000710800000, 0x0000000710800000| Complete 
| 133|0x0000000710a00000, 0x0000000710c00000, 0x0000000710c00000|100%| E|CS|TAMS 0x0000000710a00000, 0x0000000710a00000| Complete 
| 134|0x0000000710c00000, 0x0000000710e00000, 0x0000000710e00000|100%| E|CS|TAMS 0x0000000710c00000, 0x0000000710c00000| Complete 
| 135|0x0000000710e00000, 0x0000000711000000, 0x0000000711000000|100%| E|CS|TAMS 0x0000000710e00000, 0x0000000710e00000| Complete 
| 136|0x0000000711000000, 0x0000000711200000, 0x0000000711200000|100%| E|CS|TAMS 0x0000000711000000, 0x0000000711000000| Complete 
| 137|0x0000000711200000, 0x0000000711400000, 0x0000000711400000|100%| E|CS|TAMS 0x0000000711200000, 0x0000000711200000| Complete 
| 138|0x0000000711400000, 0x0000000711600000, 0x0000000711600000|100%| E|CS|TAMS 0x0000000711400000, 0x0000000711400000| Complete 
| 139|0x0000000711600000, 0x0000000711800000, 0x0000000711800000|100%| E|CS|TAMS 0x0000000711600000, 0x0000000711600000| Complete 
| 140|0x0000000711800000, 0x0000000711a00000, 0x0000000711a00000|100%| E|CS|TAMS 0x0000000711800000, 0x0000000711800000| Complete 
| 141|0x0000000711a00000, 0x0000000711c00000, 0x0000000711c00000|100%| E|CS|TAMS 0x0000000711a00000, 0x0000000711a00000| Complete 
| 142|0x0000000711c00000, 0x0000000711e00000, 0x0000000711e00000|100%| E|CS|TAMS 0x0000000711c00000, 0x0000000711c00000| Complete 
| 143|0x0000000711e00000, 0x0000000712000000, 0x0000000712000000|100%| E|CS|TAMS 0x0000000711e00000, 0x0000000711e00000| Complete 
| 144|0x0000000712000000, 0x0000000712200000, 0x0000000712200000|100%| E|CS|TAMS 0x0000000712000000, 0x0000000712000000| Complete 
| 145|0x0000000712200000, 0x0000000712400000, 0x0000000712400000|100%| E|CS|TAMS 0x0000000712200000, 0x0000000712200000| Complete 
| 146|0x0000000712400000, 0x0000000712600000, 0x0000000712600000|100%| E|CS|TAMS 0x0000000712400000, 0x0000000712400000| Complete 
| 147|0x0000000712600000, 0x0000000712800000, 0x0000000712800000|100%| E|CS|TAMS 0x0000000712600000, 0x0000000712600000| Complete 
| 148|0x0000000712800000, 0x0000000712a00000, 0x0000000712a00000|100%| E|CS|TAMS 0x0000000712800000, 0x0000000712800000| Complete 
| 149|0x0000000712a00000, 0x0000000712c00000, 0x0000000712c00000|100%| E|CS|TAMS 0x0000000712a00000, 0x0000000712a00000| Complete 
| 150|0x0000000712c00000, 0x0000000712e00000, 0x0000000712e00000|100%| E|CS|TAMS 0x0000000712c00000, 0x0000000712c00000| Complete 
| 151|0x0000000712e00000, 0x0000000713000000, 0x0000000713000000|100%| E|CS|TAMS 0x0000000712e00000, 0x0000000712e00000| Complete 
| 152|0x0000000713000000, 0x0000000713200000, 0x0000000713200000|100%| E|CS|TAMS 0x0000000713000000, 0x0000000713000000| Complete 
| 153|0x0000000713200000, 0x0000000713400000, 0x0000000713400000|100%| E|CS|TAMS 0x0000000713200000, 0x0000000713200000| Complete 
| 154|0x0000000713400000, 0x0000000713600000, 0x0000000713600000|100%| E|CS|TAMS 0x0000000713400000, 0x0000000713400000| Complete 
| 155|0x0000000713600000, 0x0000000713800000, 0x0000000713800000|100%| E|CS|TAMS 0x0000000713600000, 0x0000000713600000| Complete 
| 156|0x0000000713800000, 0x0000000713a00000, 0x0000000713a00000|100%| E|CS|TAMS 0x0000000713800000, 0x0000000713800000| Complete 
| 157|0x0000000713a00000, 0x0000000713c00000, 0x0000000713c00000|100%| E|CS|TAMS 0x0000000713a00000, 0x0000000713a00000| Complete 
| 158|0x0000000713c00000, 0x0000000713e00000, 0x0000000713e00000|100%| E|CS|TAMS 0x0000000713c00000, 0x0000000713c00000| Complete 
| 159|0x0000000713e00000, 0x0000000714000000, 0x0000000714000000|100%| E|CS|TAMS 0x0000000713e00000, 0x0000000713e00000| Complete 
| 160|0x0000000714000000, 0x0000000714200000, 0x0000000714200000|100%| E|CS|TAMS 0x0000000714000000, 0x0000000714000000| Complete 
| 161|0x0000000714200000, 0x0000000714400000, 0x0000000714400000|100%| E|CS|TAMS 0x0000000714200000, 0x0000000714200000| Complete 
| 162|0x0000000714400000, 0x0000000714600000, 0x0000000714600000|100%| E|CS|TAMS 0x0000000714400000, 0x0000000714400000| Complete 
| 163|0x0000000714600000, 0x0000000714800000, 0x0000000714800000|100%| E|CS|TAMS 0x0000000714600000, 0x0000000714600000| Complete 
| 164|0x0000000714800000, 0x0000000714a00000, 0x0000000714a00000|100%| E|CS|TAMS 0x0000000714800000, 0x0000000714800000| Complete 
| 165|0x0000000714a00000, 0x0000000714c00000, 0x0000000714c00000|100%| E|CS|TAMS 0x0000000714a00000, 0x0000000714a00000| Complete 
| 166|0x0000000714c00000, 0x0000000714e00000, 0x0000000714e00000|100%| E|  |TAMS 0x0000000714c00000, 0x0000000714c00000| Complete 
| 167|0x0000000714e00000, 0x0000000715000000, 0x0000000715000000|100%| E|CS|TAMS 0x0000000714e00000, 0x0000000714e00000| Complete 
| 168|0x0000000715000000, 0x0000000715200000, 0x0000000715200000|100%| E|CS|TAMS 0x0000000715000000, 0x0000000715000000| Complete 
| 169|0x0000000715200000, 0x0000000715400000, 0x0000000715400000|100%| E|CS|TAMS 0x0000000715200000, 0x0000000715200000| Complete 
| 170|0x0000000715400000, 0x0000000715600000, 0x0000000715600000|100%| E|CS|TAMS 0x0000000715400000, 0x0000000715400000| Complete 
|2046|0x00000007ffc00000, 0x00000007ffe00000, 0x00000007ffe00000|100%| E|CS|TAMS 0x00000007ffc00000, 0x00000007ffc00000| Complete 
|2047|0x00000007ffe00000, 0x0000000800000000, 0x0000000800000000|100%| O|  |TAMS 0x0000000800000000, 0x00000007ffe00000| Untracked 

Card table byte_map: [0x0000016329f90000,0x000001632a790000] _byte_map_base: 0x0000016326790000

Marking Bits (Prev, Next): (CMBitMap*) 0x0000016317327300, (CMBitMap*) 0x0000016317327340
 Prev Bits: [0x000001632af90000, 0x000001632ef90000)
 Next Bits: [0x000001632ef90000, 0x0000016332f90000)

Polling page: 0x00000163152c0000

Metaspace:

Usage:
  Non-class:    108.90 MB used.
      Class:     16.82 MB used.
       Both:    125.72 MB used.

Virtual space:
  Non-class space:      112.00 MB reserved,     109.38 MB ( 98%) committed,  14 nodes.
      Class space:        1.00 GB reserved,      17.25 MB (  2%) committed,  1 nodes.
             Both:        1.11 GB reserved,     126.62 MB ( 11%) committed. 

Chunk freelists:
   Non-Class:  2.00 MB
       Class:  2.67 MB
        Both:  4.67 MB

MaxMetaspaceSize: unlimited
CompressedClassSpaceSize: 1.00 GB
Initial GC threshold: 21.00 MB
Current GC threshold: 210.25 MB
CDS: off
MetaspaceReclaimPolicy: balanced
 - commit_granule_bytes: 65536.
 - commit_granule_words: 8192.
 - virtual_space_node_default_size: 1048576.
 - enlarge_chunks_in_place: 1.
 - new_chunks_are_fully_committed: 0.
 - uncommit_free_chunks: 1.
 - use_allocation_guard: 0.
 - handle_deallocations: 1.


Internal statistics:

num_allocs_failed_limit: 6.
num_arena_births: 1546.
num_arena_deaths: 20.
num_vsnodes_births: 15.
num_vsnodes_deaths: 0.
num_space_committed: 2025.
num_space_uncommitted: 0.
num_chunks_returned_to_freelist: 32.
num_chunks_taken_from_freelist: 6522.
num_chunk_merges: 12.
num_chunk_splits: 4288.
num_chunks_enlarged: 2851.
num_purges: 4.
num_inconsistent_stats: 0.

CodeHeap 'non-profiled nmethods': size=120000Kb used=10363Kb max_used=10363Kb free=109636Kb
 bounds [0x0000016322260000, 0x0000016322c80000, 0x0000016329790000]
CodeHeap 'profiled nmethods': size=120000Kb used=35685Kb max_used=35685Kb free=84314Kb
 bounds [0x000001631a790000, 0x000001631ca70000, 0x0000016321cc0000]
CodeHeap 'non-nmethods': size=5760Kb used=2447Kb max_used=2500Kb free=3312Kb
 bounds [0x0000016321cc0000, 0x0000016321f40000, 0x0000016322260000]
 total_blobs=18888 nmethods=17898 adapters=901
 compilation: enabled
              stopped_count=0, restarted_count=0
 full_count=0

Compilation events (20 events):
Event: 1697.318 Thread 0x00000163360672f0 21682       3       org.codehaus.groovy.runtime.typehandling.DefaultTypeTransformation::booleanUnbox (5 bytes)
Event: 1697.318 Thread 0x00000163360672f0 nmethod 21682 0x000001631ca5b010 code [0x000001631ca5b1a0, 0x000001631ca5b2a8]
Event: 1697.318 Thread 0x00000163360672f0 21683       3       org.codehaus.groovy.runtime.typehandling.DefaultTypeTransformation::castToBoolean (39 bytes)
Event: 1697.319 Thread 0x00000163360672f0 nmethod 21683 0x000001631ca5b390 code [0x000001631ca5b560, 0x000001631ca5b9e8]
Event: 1697.322 Thread 0x00000163360672f0 21684       3       groovy.lang.Closure::call (13 bytes)
Event: 1697.323 Thread 0x00000163360672f0 nmethod 21684 0x000001631ca5bb10 code [0x000001631ca5bcc0, 0x000001631ca5c0c8]
Event: 1697.329 Thread 0x00000163360672f0 21685       3       com.android.utils.HelpfulEnumConverter::doForward (9 bytes)
Event: 1697.329 Thread 0x00000163360672f0 nmethod 21685 0x000001631ca5c210 code [0x000001631ca5c3c0, 0x000001631ca5c5e8]
Event: 1697.329 Thread 0x00000163360672f0 21686   !   3       com.android.utils.HelpfulEnumConverter::doForward (80 bytes)
Event: 1697.339 Thread 0x00000163360672f0 nmethod 21686 0x000001631ca5c690 code [0x000001631ca5c9e0, 0x000001631ca5e228]
Event: 1697.354 Thread 0x00000163360672f0 21687       3       org.gradle.internal.Factories::toFactory (9 bytes)
Event: 1697.354 Thread 0x00000163360672f0 nmethod 21687 0x000001631ca5ea10 code [0x000001631ca5ebc0, 0x000001631ca5ee38]
Event: 1697.354 Thread 0x00000163360672f0 21688       3       org.gradle.internal.Factories$1::<init> (10 bytes)
Event: 1697.354 Thread 0x00000163360672f0 nmethod 21688 0x000001631ca5ef10 code [0x000001631ca5f0a0, 0x000001631ca5f278]
Event: 1697.365 Thread 0x00000163360672f0 21689       3       org.gradle.internal.Factories$1::create (11 bytes)
Event: 1697.366 Thread 0x00000163360672f0 nmethod 21689 0x000001631ca5f390 code [0x000001631ca5f540, 0x000001631ca5f728]
Event: 1697.375 Thread 0x00000163360672f0 21690   !   3       org.gradle.internal.event.DefaultListenerManager::maybeAddPendingRegistrations (95 bytes)
Event: 1697.377 Thread 0x00000163360672f0 nmethod 21690 0x000001631ca5f810 code [0x000001631ca5faa0, 0x000001631ca606c8]
Event: 1697.390 Thread 0x00000163360672f0 21691       1       org.gradle.api.internal.provider.DefaultMapProperty::access$400 (5 bytes)
Event: 1697.391 Thread 0x00000163360672f0 nmethod 21691 0x0000016322c7eb90 code [0x0000016322c7ed20, 0x0000016322c7edd8]

GC Heap History (20 events):
Event: 1439.781 GC heap before
{Heap before GC invocations=52 (full 0):
 garbage-first heap   total 198656K, used 160447K [0x0000000700000000, 0x0000000800000000)
  region size 2048K, 31 young (63488K), 1 survivors (2048K)
 Metaspace       used 89558K, committed 90304K, reserved 1130496K
  class space    used 11979K, committed 12288K, reserved 1048576K
}
Event: 1439.840 GC heap after
{Heap after GC invocations=53 (full 0):
 garbage-first heap   total 198656K, used 107247K [0x0000000700000000, 0x0000000800000000)
  region size 2048K, 4 young (8192K), 4 survivors (8192K)
 Metaspace       used 89558K, committed 90304K, reserved 1130496K
  class space    used 11979K, committed 12288K, reserved 1048576K
}
Event: 1442.761 GC heap before
{Heap before GC invocations=54 (full 0):
 garbage-first heap   total 198656K, used 166639K [0x0000000700000000, 0x0000000800000000)
  region size 2048K, 31 young (63488K), 4 survivors (8192K)
 Metaspace       used 92612K, committed 93440K, reserved 1130496K
  class space    used 12369K, committed 12800K, reserved 1048576K
}
Event: 1442.888 GC heap after
{Heap after GC invocations=55 (full 0):
 garbage-first heap   total 200704K, used 131786K [0x0000000700000000, 0x0000000800000000)
  region size 2048K, 4 young (8192K), 4 survivors (8192K)
 Metaspace       used 92612K, committed 93440K, reserved 1130496K
  class space    used 12369K, committed 12800K, reserved 1048576K
}
Event: 1443.085 GC heap before
{Heap before GC invocations=55 (full 0):
 garbage-first heap   total 200704K, used 142026K [0x0000000700000000, 0x0000000800000000)
  region size 2048K, 5 young (10240K), 4 survivors (8192K)
 Metaspace       used 92848K, committed 93632K, reserved 1130496K
  class space    used 12397K, committed 12800K, reserved 1048576K
}
Event: 1443.105 GC heap after
{Heap after GC invocations=56 (full 0):
 garbage-first heap   total 200704K, used 124372K [0x0000000700000000, 0x0000000800000000)
  region size 2048K, 1 young (2048K), 1 survivors (2048K)
 Metaspace       used 92848K, committed 93632K, reserved 1130496K
  class space    used 12397K, committed 12800K, reserved 1048576K
}
Event: 1444.300 GC heap before
{Heap before GC invocations=56 (full 0):
 garbage-first heap   total 200704K, used 153044K [0x0000000700000000, 0x0000000800000000)
  region size 2048K, 16 young (32768K), 1 survivors (2048K)
 Metaspace       used 95379K, committed 96192K, reserved 1138688K
  class space    used 12678K, committed 13056K, reserved 1048576K
}
Event: 1444.314 GC heap after
{Heap after GC invocations=57 (full 0):
 garbage-first heap   total 200704K, used 125511K [0x0000000700000000, 0x0000000800000000)
  region size 2048K, 2 young (4096K), 2 survivors (4096K)
 Metaspace       used 95379K, committed 96192K, reserved 1138688K
  class space    used 12678K, committed 13056K, reserved 1048576K
}
Event: 1445.416 GC heap before
{Heap before GC invocations=58 (full 0):
 garbage-first heap   total 233472K, used 156231K [0x0000000700000000, 0x0000000800000000)
  region size 2048K, 18 young (36864K), 2 survivors (4096K)
 Metaspace       used 99637K, committed 100480K, reserved 1138688K
  class space    used 13255K, committed 13632K, reserved 1048576K
}
Event: 1445.446 GC heap after
{Heap after GC invocations=59 (full 0):
 garbage-first heap   total 233472K, used 128944K [0x0000000700000000, 0x0000000800000000)
  region size 2048K, 3 young (6144K), 3 survivors (6144K)
 Metaspace       used 99637K, committed 100480K, reserved 1138688K
  class space    used 13255K, committed 13632K, reserved 1048576K
}
Event: 1449.836 GC heap before
{Heap before GC invocations=59 (full 0):
 garbage-first heap   total 233472K, used 133040K [0x0000000700000000, 0x0000000800000000)
  region size 2048K, 5 young (10240K), 3 survivors (6144K)
 Metaspace       used 100158K, committed 100992K, reserved 1138688K
  class space    used 13324K, committed 13696K, reserved 1048576K
}
Event: 1449.891 GC heap after
{Heap after GC invocations=60 (full 0):
 garbage-first heap   total 233472K, used 116113K [0x0000000700000000, 0x0000000800000000)
  region size 2048K, 1 young (2048K), 1 survivors (2048K)
 Metaspace       used 100158K, committed 100992K, reserved 1138688K
  class space    used 13324K, committed 13696K, reserved 1048576K
}
Event: 1454.633 GC heap before
{Heap before GC invocations=60 (full 0):
 garbage-first heap   total 233472K, used 179601K [0x0000000700000000, 0x0000000800000000)
  region size 2048K, 32 young (65536K), 1 survivors (2048K)
 Metaspace       used 101284K, committed 102080K, reserved 1138688K
  class space    used 13447K, committed 13824K, reserved 1048576K
}
Event: 1454.665 GC heap after
{Heap after GC invocations=61 (full 0):
 garbage-first heap   total 354304K, used 119767K [0x0000000700000000, 0x0000000800000000)
  region size 2048K, 3 young (6144K), 3 survivors (6144K)
 Metaspace       used 101284K, committed 102080K, reserved 1138688K
  class space    used 13447K, committed 13824K, reserved 1048576K
}
Event: 1462.836 GC heap before
{Heap before GC invocations=62 (full 0):
 garbage-first heap   total 354304K, used 287703K [0x0000000700000000, 0x0000000800000000)
  region size 2048K, 86 young (176128K), 3 survivors (6144K)
 Metaspace       used 118814K, committed 119680K, reserved 1155072K
  class space    used 15786K, committed 16192K, reserved 1048576K
}
Event: 1462.888 GC heap after
{Heap after GC invocations=63 (full 0):
 garbage-first heap   total 354304K, used 133761K [0x0000000700000000, 0x0000000800000000)
  region size 2048K, 10 young (20480K), 10 survivors (20480K)
 Metaspace       used 118814K, committed 119680K, reserved 1155072K
  class space    used 15786K, committed 16192K, reserved 1048576K
}
Event: 1462.948 GC heap before
{Heap before GC invocations=63 (full 0):
 garbage-first heap   total 354304K, used 135809K [0x0000000700000000, 0x0000000800000000)
  region size 2048K, 11 young (22528K), 10 survivors (20480K)
 Metaspace       used 119166K, committed 120064K, reserved 1155072K
  class space    used 15835K, committed 16256K, reserved 1048576K
}
Event: 1463.029 GC heap after
{Heap after GC invocations=64 (full 0):
 garbage-first heap   total 354304K, used 127959K [0x0000000700000000, 0x0000000800000000)
  region size 2048K, 2 young (4096K), 2 survivors (4096K)
 Metaspace       used 119166K, committed 120064K, reserved 1155072K
  class space    used 15835K, committed 16256K, reserved 1048576K
}
Event: 1465.283 GC heap before
{Heap before GC invocations=64 (full 0):
 garbage-first heap   total 354304K, used 234455K [0x0000000700000000, 0x0000000800000000)
  region size 2048K, 56 young (114688K), 2 survivors (4096K)
 Metaspace       used 127077K, committed 128000K, reserved 1163264K
  class space    used 17016K, committed 17472K, reserved 1048576K
}
Event: 1465.302 GC heap after
{Heap after GC invocations=65 (full 0):
 garbage-first heap   total 354304K, used 134181K [0x0000000700000000, 0x0000000800000000)
  region size 2048K, 5 young (10240K), 5 survivors (10240K)
 Metaspace       used 127077K, committed 128000K, reserved 1163264K
  class space    used 17016K, committed 17472K, reserved 1048576K
}

Dll operation events (2 events):
Event: 0.016 Loaded shared library E:\Apk Kuliah\Andro\jbr\bin\java.dll
Event: 1.287 Loaded shared library E:\Apk Kuliah\Andro\jbr\bin\verify.dll

Deoptimization events (20 events):
Event: 1593.823 Thread 0x000001633d570f20 DEOPT PACKING pc=0x000001631b9bb3c2 sp=0x000000614e4fba40
Event: 1593.823 Thread 0x000001633d570f20 DEOPT UNPACKING pc=0x0000016321d17143 sp=0x000000614e4faf38 mode 0
Event: 1595.572 Thread 0x000001633904a540 DEOPT PACKING pc=0x000001631bb61b2f sp=0x000000614a5fb670
Event: 1595.572 Thread 0x000001633904a540 DEOPT UNPACKING pc=0x0000016321d17143 sp=0x000000614a5fab88 mode 0
Event: 1595.573 Thread 0x000001633904a540 DEOPT PACKING pc=0x000001631bb61b2f sp=0x000000614a5fb4d0
Event: 1595.573 Thread 0x000001633904a540 DEOPT UNPACKING pc=0x0000016321d17143 sp=0x000000614a5fa9e8 mode 0
Event: 1595.891 Thread 0x000001633904a540 Uncommon trap: trap_request=0xffffffc6 fr.pc=0x0000016322aff770 relative=0x0000000000000970
Event: 1595.891 Thread 0x000001633904a540 Uncommon trap: reason=bimorphic_or_optimized_type_check action=maybe_recompile pc=0x0000016322aff770 method=com.google.common.collect.Sets$3$1.computeNext()Ljava/lang/Object; @ 4 c2
Event: 1595.891 Thread 0x000001633904a540 DEOPT PACKING pc=0x0000016322aff770 sp=0x000000614a5fed20
Event: 1595.891 Thread 0x000001633904a540 DEOPT UNPACKING pc=0x0000016321d169a3 sp=0x000000614a5fecf0 mode 2
Event: 1694.241 Thread 0x000001633a664ab0 Uncommon trap: trap_request=0xffffffc6 fr.pc=0x0000016322aff770 relative=0x0000000000000970
Event: 1694.242 Thread 0x000001633a664ab0 Uncommon trap: reason=bimorphic_or_optimized_type_check action=maybe_recompile pc=0x0000016322aff770 method=com.google.common.collect.Sets$3$1.computeNext()Ljava/lang/Object; @ 4 c2
Event: 1694.242 Thread 0x000001633a664ab0 DEOPT PACKING pc=0x0000016322aff770 sp=0x000000614a5fed10
Event: 1694.243 Thread 0x000001633a664ab0 DEOPT UNPACKING pc=0x0000016321d169a3 sp=0x000000614a5fece0 mode 2
Event: 1696.925 Thread 0x000001633a664ab0 DEOPT PACKING pc=0x000001631ad21fa2 sp=0x000000614a5f83c0
Event: 1696.925 Thread 0x000001633a664ab0 DEOPT UNPACKING pc=0x0000016321d17143 sp=0x000000614a5f7758 mode 0
Event: 1697.140 Thread 0x000001633a664ab0 DEOPT PACKING pc=0x000001631b4685f5 sp=0x000000614a5f8e60
Event: 1697.141 Thread 0x000001633a664ab0 DEOPT UNPACKING pc=0x0000016321d17143 sp=0x000000614a5f8350 mode 0
Event: 1697.171 Thread 0x000001633a664ab0 DEOPT PACKING pc=0x000001631b4685f5 sp=0x000000614a5f8db0
Event: 1697.171 Thread 0x000001633a664ab0 DEOPT UNPACKING pc=0x0000016321d17143 sp=0x000000614a5f82a0 mode 0

Classes unloaded (10 events):
Event: 32.215 Thread 0x000001633546a950 Unloading class 0x0000000800b8cc00 'java/lang/invoke/LambdaForm$DMH+0x0000000800b8cc00'
Event: 32.216 Thread 0x000001633546a950 Unloading class 0x0000000800b8c800 'java/lang/invoke/LambdaForm$DMH+0x0000000800b8c800'
Event: 32.216 Thread 0x000001633546a950 Unloading class 0x0000000800b8c400 'java/lang/invoke/LambdaForm$DMH+0x0000000800b8c400'
Event: 1466.090 Thread 0x000001633546a950 Unloading class 0x0000000800fd4c00 'java/lang/invoke/LambdaForm$DMH+0x0000000800fd4c00'
Event: 1466.090 Thread 0x000001633546a950 Unloading class 0x0000000800fd4400 'java/lang/invoke/LambdaForm$DMH+0x0000000800fd4400'
Event: 1466.090 Thread 0x000001633546a950 Unloading class 0x0000000800f98c00 'java/lang/invoke/LambdaForm$DMH+0x0000000800f98c00'
Event: 1466.090 Thread 0x000001633546a950 Unloading class 0x0000000800f98400 'java/lang/invoke/LambdaForm$DMH+0x0000000800f98400'
Event: 1466.090 Thread 0x000001633546a950 Unloading class 0x0000000800eecc00 'jdk/internal/reflect/GeneratedSerializationConstructorAccessor102'
Event: 1466.090 Thread 0x000001633546a950 Unloading class 0x0000000800eec800 'jdk/internal/reflect/GeneratedSerializationConstructorAccessor99'
Event: 1466.090 Thread 0x000001633546a950 Unloading class 0x0000000800eec400 'jdk/internal/reflect/GeneratedSerializationConstructorAccessor101'

Classes redefined (0 events):
No events

Internal exceptions (20 events):
Event: 1590.097 Thread 0x000001633904a540 Exception <a 'sun/nio/fs/WindowsException'{0x000000071231ef38}> (0x000000071231ef38) 
thrown [s\src\hotspot\share\prims\jni.cpp, line 517]
Event: 1591.395 Thread 0x000001633904a540 Exception <a 'sun/nio/fs/WindowsException'{0x0000000711a39c20}> (0x0000000711a39c20) 
thrown [s\src\hotspot\share\prims\jni.cpp, line 517]
Event: 1591.573 Thread 0x000001633904a540 Exception <a 'sun/nio/fs/WindowsException'{0x0000000711ad7678}> (0x0000000711ad7678) 
thrown [s\src\hotspot\share\prims\jni.cpp, line 517]
Event: 1591.575 Thread 0x000001633904a540 Exception <a 'sun/nio/fs/WindowsException'{0x0000000711ad8a00}> (0x0000000711ad8a00) 
thrown [s\src\hotspot\share\prims\jni.cpp, line 517]
Event: 1591.575 Thread 0x000001633904a540 Exception <a 'sun/nio/fs/WindowsException'{0x0000000711ad9dd8}> (0x0000000711ad9dd8) 
thrown [s\src\hotspot\share\prims\jni.cpp, line 517]
Event: 1591.576 Thread 0x000001633904a540 Exception <a 'sun/nio/fs/WindowsException'{0x0000000711adb1b0}> (0x0000000711adb1b0) 
thrown [s\src\hotspot\share\prims\jni.cpp, line 517]
Event: 1592.476 Thread 0x000001633d570f20 Exception <a 'sun/nio/fs/WindowsException'{0x000000071167d538}> (0x000000071167d538) 
thrown [s\src\hotspot\share\prims\jni.cpp, line 517]
Event: 1593.922 Thread 0x000001633d570f20 Exception <a 'sun/nio/fs/WindowsException'{0x00000007107ac6e8}> (0x00000007107ac6e8) 
thrown [s\src\hotspot\share\prims\jni.cpp, line 517]
Event: 1594.012 Thread 0x000001633a7b1b50 Exception <a 'sun/nio/fs/WindowsException'{0x000000071044b3b8}> (0x000000071044b3b8) 
thrown [s\src\hotspot\share\prims\jni.cpp, line 517]
Event: 1594.819 Thread 0x000001633a7b1b50 Exception <a 'sun/nio/fs/WindowsException'{0x00000007101525d0}> (0x00000007101525d0) 
thrown [s\src\hotspot\share\prims\jni.cpp, line 517]
Event: 1594.843 Thread 0x000001633a7b1b50 Exception <a 'sun/nio/fs/WindowsException'{0x000000070fe10e20}> (0x000000070fe10e20) 
thrown [s\src\hotspot\share\prims\jni.cpp, line 517]
Event: 1595.163 Thread 0x000001633904a540 Exception <a 'sun/nio/fs/WindowsException'{0x00000007119ccce8}> (0x00000007119ccce8) 
thrown [s\src\hotspot\share\prims\jni.cpp, line 517]
Event: 1595.194 Thread 0x000001633904a540 Exception <a 'sun/nio/fs/WindowsException'{0x00000007119cd068}> (0x00000007119cd068) 
thrown [s\src\hotspot\share\prims\jni.cpp, line 517]
Event: 1595.195 Thread 0x000001633904a540 Exception <a 'sun/nio/fs/WindowsException'{0x00000007119cee98}> (0x00000007119cee98) 
thrown [s\src\hotspot\share\prims\jni.cpp, line 517]
Event: 1696.359 Thread 0x000001633a664ab0 Exception <a 'sun/nio/fs/WindowsException'{0x000000070d22f5a8}> (0x000000070d22f5a8) 
thrown [s\src\hotspot\share\prims\jni.cpp, line 517]
Event: 1697.081 Thread 0x000001633a664ab0 Exception <a 'sun/nio/fs/WindowsException'{0x000000070cd659a8}> (0x000000070cd659a8) 
thrown [s\src\hotspot\share\prims\jni.cpp, line 517]
Event: 1697.161 Thread 0x000001633a664ab0 Exception <a 'sun/nio/fs/WindowsException'{0x000000070ca03088}> (0x000000070ca03088) 
thrown [s\src\hotspot\share\prims\jni.cpp, line 517]
Event: 1697.163 Thread 0x000001633a664ab0 Exception <a 'sun/nio/fs/WindowsException'{0x000000070ca04410}> (0x000000070ca04410) 
thrown [s\src\hotspot\share\prims\jni.cpp, line 517]
Event: 1697.163 Thread 0x000001633a664ab0 Exception <a 'sun/nio/fs/WindowsException'{0x000000070ca057e8}> (0x000000070ca057e8) 
thrown [s\src\hotspot\share\prims\jni.cpp, line 517]
Event: 1697.163 Thread 0x000001633a664ab0 Exception <a 'sun/nio/fs/WindowsException'{0x000000070ca06bc0}> (0x000000070ca06bc0) 
thrown [s\src\hotspot\share\prims\jni.cpp, line 517]

VM Operations (20 events):
Event: 1590.815 Executing VM operation: Cleanup
Event: 1590.942 Executing VM operation: Cleanup done
Event: 1591.953 Executing VM operation: Cleanup
Event: 1592.016 Executing VM operation: Cleanup done
Event: 1593.024 Executing VM operation: Cleanup
Event: 1593.040 Executing VM operation: Cleanup done
Event: 1594.053 Executing VM operation: Cleanup
Event: 1594.070 Executing VM operation: Cleanup done
Event: 1595.084 Executing VM operation: Cleanup
Event: 1595.150 Executing VM operation: Cleanup done
Event: 1596.163 Executing VM operation: Cleanup
Event: 1596.163 Executing VM operation: Cleanup done
Event: 1646.588 Executing VM operation: Cleanup
Event: 1646.591 Executing VM operation: Cleanup done
Event: 1694.956 Executing VM operation: Cleanup
Event: 1694.957 Executing VM operation: Cleanup done
Event: 1695.958 Executing VM operation: Cleanup
Event: 1695.973 Executing VM operation: Cleanup done
Event: 1696.979 Executing VM operation: Cleanup
Event: 1696.979 Executing VM operation: Cleanup done

Events (20 events):
Event: 1695.879 Thread 0x000001633d03bd40 Thread added: 0x000001633d03bd40
Event: 1695.880 Thread 0x000001633d03b3a0 Thread added: 0x000001633d03b3a0
Event: 1695.880 Thread 0x000001633d03c210 Thread added: 0x000001633d03c210
Event: 1695.881 Thread 0x000001633d03aed0 Thread added: 0x000001633d03aed0
Event: 1695.881 Thread 0x000001633a6662c0 Thread added: 0x000001633a6662c0
Event: 1695.882 Thread 0x000001633a666790 Thread added: 0x000001633a666790
Event: 1695.883 Thread 0x000001633a663770 Thread added: 0x000001633a663770
Event: 1695.883 Thread 0x000001633a664f80 Thread added: 0x000001633a664f80
Event: 1695.884 Thread 0x000001633a663c40 Thread added: 0x000001633a663c40
Event: 1695.884 Thread 0x000001633acf3880 Thread added: 0x000001633acf3880
Event: 1695.885 Thread 0x000001633d997b40 Thread added: 0x000001633d997b40
Event: 1695.885 Thread 0x000001633d9984e0 Thread added: 0x000001633d9984e0
Event: 1695.886 Thread 0x000001633a7b41d0 Thread added: 0x000001633a7b41d0
Event: 1695.887 Thread 0x000001633a7b1b50 Thread added: 0x000001633a7b1b50
Event: 1696.175 Thread 0x000001633a7b2020 Thread added: 0x000001633a7b2020
Event: 1697.337 Thread 0x000001633d03d080 Thread added: 0x000001633d03d080
Event: 1697.339 Thread 0x000001633a7b46a0 Thread added: 0x000001633a7b46a0
Event: 1697.340 Thread 0x000001633a7b24f0 Thread added: 0x000001633a7b24f0
Event: 1697.340 Thread 0x000001633a7b6d20 Thread added: 0x000001633a7b6d20
Event: 1697.354 Thread 0x000001633acf3d50 Thread added: 0x000001633acf3d50


Dynamic libraries:
0x00007ff634ca0000 - 0x00007ff634caa000 	E:\Apk Kuliah\Andro\jbr\bin\java.exe
0x00007ffcd7bd0000 - 0x00007ffcd7dc8000 	C:\WINDOWS\SYSTEM32\ntdll.dll
0x00007ffcd6a40000 - 0x00007ffcd6afd000 	C:\WINDOWS\System32\KERNEL32.DLL
0x00007ffcd5690000 - 0x00007ffcd5986000 	C:\WINDOWS\System32\KERNELBASE.dll
0x00007ffcd54b0000 - 0x00007ffcd55b0000 	C:\WINDOWS\System32\ucrtbase.dll
0x00007ffc7d3e0000 - 0x00007ffc7d3f7000 	E:\Apk Kuliah\Andro\jbr\bin\jli.dll
0x00007ffcd78d0000 - 0x00007ffcd7a6e000 	C:\WINDOWS\System32\USER32.dll
0x00007ffcd5b20000 - 0x00007ffcd5b42000 	C:\WINDOWS\System32\win32u.dll
0x00007ffcd62a0000 - 0x00007ffcd62cc000 	C:\WINDOWS\System32\GDI32.dll
0x00007ffcd5a00000 - 0x00007ffcd5b1a000 	C:\WINDOWS\System32\gdi32full.dll
0x00007ffcd52b0000 - 0x00007ffcd534d000 	C:\WINDOWS\System32\msvcp_win.dll
0x00007ffcc5af0000 - 0x00007ffcc5d8a000 	C:\WINDOWS\WinSxS\amd64_microsoft.windows.common-controls_6595b64144ccf1df_6.0.19041.3636_none_60b6a03d71f818d5\COMCTL32.dll
0x00007ffcd7820000 - 0x00007ffcd78be000 	C:\WINDOWS\System32\msvcrt.dll
0x00007ffc7df40000 - 0x00007ffc7df5b000 	E:\Apk Kuliah\Andro\jbr\bin\VCRUNTIME140.dll
0x00007ffcd6810000 - 0x00007ffcd6840000 	C:\WINDOWS\System32\IMM32.DLL
0x00007ffc7efa0000 - 0x00007ffc7efac000 	E:\Apk Kuliah\Andro\jbr\bin\vcruntime140_1.dll
0x00007ffc7d930000 - 0x00007ffc7d9bd000 	E:\Apk Kuliah\Andro\jbr\bin\msvcp140.dll
0x00007ffc7a0f0000 - 0x00007ffc7ad5e000 	E:\Apk Kuliah\Andro\jbr\bin\server\jvm.dll
0x00007ffcd63a0000 - 0x00007ffcd644f000 	C:\WINDOWS\System32\ADVAPI32.dll
0x00007ffcd7a70000 - 0x00007ffcd7b0c000 	C:\WINDOWS\System32\sechost.dll
0x00007ffcd6520000 - 0x00007ffcd6646000 	C:\WINDOWS\System32\RPCRT4.dll
0x00007ffcb5470000 - 0x00007ffcb5479000 	C:\WINDOWS\SYSTEM32\WSOCK32.dll
0x00007ffcd6840000 - 0x00007ffcd68ab000 	C:\WINDOWS\System32\WS2_32.dll
0x00007ffccd2a0000 - 0x00007ffccd2c7000 	C:\WINDOWS\SYSTEM32\WINMM.dll
0x00007ffccd290000 - 0x00007ffccd29a000 	C:\WINDOWS\SYSTEM32\VERSION.dll
0x00007ffcd3170000 - 0x00007ffcd3182000 	C:\WINDOWS\SYSTEM32\kernel.appcore.dll
0x00007ffca5380000 - 0x00007ffca538a000 	E:\Apk Kuliah\Andro\jbr\bin\jimage.dll
0x00007ffccbb40000 - 0x00007ffccbd24000 	C:\WINDOWS\SYSTEM32\DBGHELP.DLL
0x00007ffcbf830000 - 0x00007ffcbf864000 	C:\WINDOWS\SYSTEM32\dbgcore.DLL
0x00007ffcd5600000 - 0x00007ffcd5682000 	C:\WINDOWS\System32\bcryptPrimitives.dll
0x00007ffca45b0000 - 0x00007ffca45d5000 	E:\Apk Kuliah\Andro\jbr\bin\java.dll
0x00007ffc7a0d0000 - 0x00007ffc7a0e8000 	E:\Apk Kuliah\Andro\jbr\bin\zip.dll
0x00007ffcd6b10000 - 0x00007ffcd7255000 	C:\WINDOWS\System32\SHELL32.dll
0x00007ffcd3370000 - 0x00007ffcd3b0b000 	C:\WINDOWS\SYSTEM32\windows.storage.dll
0x00007ffcd7310000 - 0x00007ffcd7664000 	C:\WINDOWS\System32\combase.dll
0x00007ffcd4c20000 - 0x00007ffcd4c4d000 	C:\WINDOWS\SYSTEM32\Wldp.dll
0x00007ffcd7260000 - 0x00007ffcd730d000 	C:\WINDOWS\System32\SHCORE.dll
0x00007ffcd6460000 - 0x00007ffcd64b5000 	C:\WINDOWS\System32\shlwapi.dll
0x00007ffcd51e0000 - 0x00007ffcd5205000 	C:\WINDOWS\SYSTEM32\profapi.dll
0x00007ffc79d30000 - 0x00007ffc79d49000 	E:\Apk Kuliah\Andro\jbr\bin\net.dll
0x00007ffccb8b0000 - 0x00007ffccb9ba000 	C:\WINDOWS\SYSTEM32\WINHTTP.dll
0x00007ffcd4980000 - 0x00007ffcd49ea000 	C:\WINDOWS\system32\mswsock.dll
0x00007ffc79d10000 - 0x00007ffc79d26000 	E:\Apk Kuliah\Andro\jbr\bin\nio.dll
0x00007ffcc4d00000 - 0x00007ffcc4d10000 	E:\Apk Kuliah\Andro\jbr\bin\verify.dll
0x00007ffc7efd0000 - 0x00007ffc7eff7000 	E:\Apk Kuliah\Andro\jbr\native\68d5fa5c4cc2d200863cafc0d521ce42e7d3e7ee720ec0a83991735586a16f82\windows-amd64\native-platform.dll
0x00007ffc7af50000 - 0x00007ffc7b094000 	E:\Apk Kuliah\Andro\jbr\native\e376f236ea51e6404a007f0833ffe2c6e607c4080706a723a18a27aeea778392\windows-amd64\native-platform-file-events.dll
0x00007ffcc4cb0000 - 0x00007ffcc4cb9000 	E:\Apk Kuliah\Andro\jbr\bin\management.dll
0x00007ffc79d00000 - 0x00007ffc79d0b000 	E:\Apk Kuliah\Andro\jbr\bin\management_ext.dll
0x00007ffcd78c0000 - 0x00007ffcd78c8000 	C:\WINDOWS\System32\PSAPI.DLL
0x00007ffcd4b70000 - 0x00007ffcd4b88000 	C:\WINDOWS\SYSTEM32\CRYPTSP.dll
0x00007ffcd42b0000 - 0x00007ffcd42e4000 	C:\WINDOWS\system32\rsaenh.dll
0x00007ffcd5b50000 - 0x00007ffcd5b77000 	C:\WINDOWS\System32\bcrypt.dll
0x00007ffcd51a0000 - 0x00007ffcd51ce000 	C:\WINDOWS\SYSTEM32\USERENV.dll
0x00007ffcd4b90000 - 0x00007ffcd4b9c000 	C:\WINDOWS\SYSTEM32\CRYPTBASE.dll
0x00007ffcd4670000 - 0x00007ffcd46ab000 	C:\WINDOWS\SYSTEM32\IPHLPAPI.DLL
0x00007ffcd6450000 - 0x00007ffcd6458000 	C:\WINDOWS\System32\NSI.dll
0x00007ffccc4e0000 - 0x00007ffccc4f7000 	C:\WINDOWS\SYSTEM32\dhcpcsvc6.DLL
0x00007ffccc670000 - 0x00007ffccc68d000 	C:\WINDOWS\SYSTEM32\dhcpcsvc.DLL
0x00007ffcd46b0000 - 0x00007ffcd477a000 	C:\WINDOWS\SYSTEM32\DNSAPI.dll
0x00007ffc7d410000 - 0x00007ffc7d417000 	C:\WINDOWS\system32\wshunix.dll
0x00007ffcd43d0000 - 0x00007ffcd4403000 	C:\WINDOWS\SYSTEM32\ntmarta.dll

dbghelp: loaded successfully - version: 4.0.5 - missing functions: none
symbol engine: initialized successfully - sym options: 0x614 - pdb path: .;E:\Apk Kuliah\Andro\jbr\bin;C:\WINDOWS\SYSTEM32;C:\WINDOWS\WinSxS\amd64_microsoft.windows.common-controls_6595b64144ccf1df_6.0.19041.3636_none_60b6a03d71f818d5;E:\Apk Kuliah\Andro\jbr\bin\server;E:\Apk Kuliah\Andro\jbr\native\68d5fa5c4cc2d200863cafc0d521ce42e7d3e7ee720ec0a83991735586a16f82\windows-amd64;E:\Apk Kuliah\Andro\jbr\native\e376f236ea51e6404a007f0833ffe2c6e607c4080706a723a18a27aeea778392\windows-amd64

VM Arguments:
jvm_args: --add-opens=java.base/java.util=ALL-UNNAMED --add-opens=java.base/java.lang=ALL-UNNAMED --add-opens=java.base/java.lang.invoke=ALL-UNNAMED --add-opens=java.prefs/java.util.prefs=ALL-UNNAMED --add-opens=java.base/java.nio.charset=ALL-UNNAMED --add-opens=java.base/java.net=ALL-UNNAMED --add-opens=java.base/java.util.concurrent.atomic=ALL-UNNAMED -Xmx4096m -Dfile.encoding=UTF-8 -Duser.country=GB -Duser.language=en -Duser.variant 
java_command: org.gradle.launcher.daemon.bootstrap.GradleDaemon 8.0
java_class_path (initial): E:\Apk Kuliah\Andro\jbr\wrapper\dists\gradle-8.0-bin\ca5e32bp14vu59qr306oxotwh\gradle-8.0\lib\gradle-launcher-8.0.jar
Launcher Type: SUN_STANDARD

[Global flags]
     intx CICompilerCount                          = 3                                         {product} {ergonomic}
     uint ConcGCThreads                            = 1                                         {product} {ergonomic}
     uint G1ConcRefinementThreads                  = 4                                         {product} {ergonomic}
   size_t G1HeapRegionSize                         = 2097152                                   {product} {ergonomic}
    uintx GCDrainStackTargetSize                   = 64                                        {product} {ergonomic}
   size_t InitialHeapSize                          = 100663296                                 {product} {ergonomic}
   size_t MarkStackSize                            = 4194304                                   {product} {ergonomic}
   size_t MaxHeapSize                              = 4294967296                                {product} {command line}
   size_t MaxNewSize                               = 2575302656                                {product} {ergonomic}
   size_t MinHeapDeltaBytes                        = 2097152                                   {product} {ergonomic}
   size_t MinHeapSize                              = 8388608                                   {product} {ergonomic}
    uintx NonNMethodCodeHeapSize                   = 5832780                                {pd product} {ergonomic}
    uintx NonProfiledCodeHeapSize                  = 122912730                              {pd product} {ergonomic}
    uintx ProfiledCodeHeapSize                     = 122912730                              {pd product} {ergonomic}
    uintx ReservedCodeCacheSize                    = 251658240                              {pd product} {ergonomic}
     bool SegmentedCodeCache                       = true                                      {product} {ergonomic}
   size_t SoftMaxHeapSize                          = 4294967296                             {manageable} {ergonomic}
     bool UseCompressedClassPointers               = true                           {product lp64_product} {ergonomic}
     bool UseCompressedOops                        = true                           {product lp64_product} {ergonomic}
     bool UseG1GC                                  = true                                      {product} {ergonomic}
     bool UseLargePagesIndividualAllocation        = false                                  {pd product} {ergonomic}

Logging:
Log output configuration:
 #0: stdout all=warning uptime,level,tags
 #1: stderr all=off uptime,level,tags

Environment Variables:
PATH=C:\ProgramData\Oracle\Java\javapath;C:\WINDOWS\system32;C:\WINDOWS;C:\WINDOWS\System32\Wbem;C:\WINDOWS\System32\WindowsPowerShell\v1.0\;C:\WINDOWS\System32\OpenSSH\;C:\Program Files\dotnet\;C:\Program Files\Git\cmd;C:\Program Files\GitHub CLI\;C:\Program Files\Java\jdk1.8.0_111\bin;C:\Users\LENOVO\AppData\Local\Programs\Python\Python310\Scripts\;C:\Users\LENOVO\AppData\Local\Programs\Python\Python310\;C:\Users\LENOVO\AppData\Local\Microsoft\WindowsApps;C:\Users\LENOVO\AppData\Local\Programs\Microsoft VS Code\bin;C:\Users\LENOVO\.dotnet\tools;C:\Users\LENOVO\AppData\Local\GitHubDesktop\bin
USERNAME=YEOVIL
OS=Windows_NT
PROCESSOR_IDENTIFIER=AMD64 Family 23 Model 24 Stepping 1, AuthenticAMD
TMP=C:\Users\LENOVO\AppData\Local\Temp
TEMP=C:\Users\LENOVO\AppData\Local\Temp


JNI global refs:
JNI global refs: 25, weak refs: 5

JNI global refs memory usage: 843, weak refs: 841


---------------  S Y S T E M  ---------------

OS:
 Windows 10 , 64 bit Build 19041 (10.0.19041.3636)
OS uptime: 0 days 0:32 hours

CPU: total 4 (initial active 4) (4 cores per cpu, 2 threads per core) family 23 model 24 stepping 1 microcode 0x0, cx8, cmov, fxsr, ht, mmx, 3dnowpref, sse, sse2, sse3, ssse3, sse4a, sse4.1, sse4.2, popcnt, lzcnt, tsc, tscinvbit, avx, avx2, aes, clmul, bmi1, bmi2, adx, sha, fma, vzeroupper, clflush, clflushopt

Memory: 4k page, system-wide physical 6020M (14M free)
TotalPageFile size 14212M (AvailPageFile size 1M)
current process WorkingSet (physical memory assigned to process): 232M, peak: 522M
current process commit charge ("private bytes"): 705M, peak: 705M

vm_info: OpenJDK 64-Bit Server VM (17.0.6+0-b2043.56-10027231) for windows-amd64 JRE (17.0.6+0-b2043.56-10027231), built on Apr 28 2023 00:43:19 by "androidbuild" with MS VC++ 16.10 / 16.11 (VS2019)

END.
