#
# There is insufficient memory for the Java Runtime Environment to continue.
# Native memory allocation (mmap) failed to map 29360128 bytes for G1 virtual space
# Possible reasons:
#   The system is out of physical RAM or swap space
#   The process is running with CompressedOops enabled, and the Java Heap may be blocking the growth of the native heap
# Possible solutions:
#   Reduce memory load on the system
#   Increase physical memory or swap space
#   Check if swap backing store is full
#   Decrease Java heap size (-Xmx/-Xms)
#   Decrease number of Java threads
#   Decrease Java thread stack sizes (-Xss)
#   Set larger code cache with -XX:ReservedCodeCacheSize=
#   JVM is running with Zero Based Compressed Oops mode in which the Java heap is
#     placed in the first 32GB address space. The Java Heap base address is the
#     maximum limit for the native heap growth. Please use -XX:HeapBaseMinAddress
#     to set the Java Heap base and to place the Java Heap above 32GB virtual address.
# This output file may be truncated or incomplete.
#
#  Out of Memory Error (os_windows.cpp:3769), pid=8524, tid=14680
#
# JRE version: OpenJDK Runtime Environment (17.0.6) (build 17.0.6+0-b2043.56-10027231)
# Java VM: OpenJDK 64-Bit Server VM (17.0.6+0-b2043.56-10027231, mixed mode, tiered, compressed oops, compressed class ptrs, g1 gc, windows-amd64)
# No core dump will be written. Minidumps are not enabled by default on client versions of Windows
#

---------------  S U M M A R Y ------------

Command Line: --add-opens=java.base/java.util=ALL-UNNAMED --add-opens=java.base/java.lang=ALL-UNNAMED --add-opens=java.base/java.lang.invoke=ALL-UNNAMED --add-opens=java.prefs/java.util.prefs=ALL-UNNAMED --add-opens=java.base/java.nio.charset=ALL-UNNAMED --add-opens=java.base/java.net=ALL-UNNAMED --add-opens=java.base/java.util.concurrent.atomic=ALL-UNNAMED -Xmx4096m -Dfile.encoding=UTF-8 -Duser.country=GB -Duser.language=en -Duser.variant org.gradle.launcher.daemon.bootstrap.GradleDaemon 8.0

Host: AMD Ryzen 3 3250U with Radeon Graphics         , 4 cores, 5G,  Windows 10 , 64 bit Build 19041 (10.0.19041.3636)
Time: Sun Dec 17 02:51:57 2023 Russia TZ 8 Standard Time elapsed time: 26.213256 seconds (0d 0h 0m 26s)

---------------  T H R E A D  ---------------

Current thread (0x0000029244d1a7e0):  VMThread "VM Thread" [stack: 0x000000eb9ea00000,0x000000eb9eb00000] [id=14680]

Stack: [0x000000eb9ea00000,0x000000eb9eb00000]
Native frames: (J=compiled Java code, j=interpreted, Vv=VM code, C=native code)
V  [jvm.dll+0x683c9a]
V  [jvm.dll+0x8427a4]
V  [jvm.dll+0x843f9e]
V  [jvm.dll+0x844603]
V  [jvm.dll+0x249b75]
V  [jvm.dll+0x680b69]
V  [jvm.dll+0x67505a]
V  [jvm.dll+0x309acb]
V  [jvm.dll+0x310f86]
V  [jvm.dll+0x3608ee]
V  [jvm.dll+0x360b1f]
V  [jvm.dll+0x2dfbf8]
V  [jvm.dll+0x2e2ce6]
V  [jvm.dll+0x2ed478]
V  [jvm.dll+0x322150]
V  [jvm.dll+0x848ccb]
V  [jvm.dll+0x849a04]
V  [jvm.dll+0x849f1d]
V  [jvm.dll+0x84a2f4]
V  [jvm.dll+0x84a3c0]
V  [jvm.dll+0x7f274a]
V  [jvm.dll+0x682ad5]
C  [ucrtbase.dll+0x21bb2]
C  [KERNEL32.DLL+0x17344]
C  [ntdll.dll+0x526b1]

VM_Operation (0x000000eb9e6ff560): G1Concurrent, mode: safepoint, requested by thread 0x0000029226be85c0


---------------  P R O C E S S  ---------------

Threads class SMR info:
_java_thread_list=0x00000292468639a0, length=86, elements={
0x0000029226b6b2a0, 0x0000029244d3e620, 0x0000029244d430a0, 0x0000029244d6eaa0,
0x0000029244d2aa10, 0x000002924580a820, 0x000002924580b0e0, 0x00000292458101c0,
0x0000029245813720, 0x00000292458297a0, 0x00000292459c5650, 0x00000292459c1d60,
0x00000292468b2740, 0x0000029246c72200, 0x0000029247202760, 0x000002924721b8e0,
0x0000029247de4b40, 0x00000292473c4030, 0x0000029246fca500, 0x0000029246d9bc80,
0x0000029246d9ae10, 0x0000029246d9b7b0, 0x0000029246d9a940, 0x0000029246d9b2e0,
0x0000029246d99ad0, 0x0000029246d98790, 0x0000029246d98c60, 0x0000029246d99130,
0x0000029246d99600, 0x0000029246d9a470, 0x00000292480bb250, 0x00000292480b6550,
0x00000292480bd400, 0x00000292480bd8d0, 0x00000292480b8230, 0x00000292480bca60,
0x00000292480b6a20, 0x00000292480b6ef0, 0x00000292480ba8b0, 0x00000292480bc590,
0x00000292480b7890, 0x00000292480b8700, 0x00000292480b9a40, 0x00000292480b9f10,
0x00000292480bad80, 0x00000292480bbbf0, 0x00000292480bc0c0, 0x00000292480bcf30,
0x0000029249eb8640, 0x0000029249eb2fa0, 0x0000029249eb8170, 0x0000029249eb8fe0,
0x0000029249eb77d0, 0x0000029249eb7300, 0x0000029249eba7f0, 0x0000029249eb8b10,
0x0000029249eb3470, 0x0000029249eb47b0, 0x0000029249eb94b0, 0x0000029249eb9980,
0x0000029249eb7ca0, 0x0000029249eb3940, 0x0000029249eb6e30, 0x0000029249eb5fc0,
0x0000029249eb4c80, 0x0000029249eb6490, 0x0000029249eb9e50, 0x0000029249eb3e10,
0x0000029249eb5150, 0x0000029249eba320, 0x0000029249eb42e0, 0x0000029249eb5620,
0x0000029249eb5af0, 0x0000029249eb6960, 0x0000029245b388b0, 0x0000029245b3e420,
0x0000029245b3b400, 0x0000029245b39bf0, 0x0000029245b3d5b0, 0x0000029245b3bda0,
0x0000029245b37f10, 0x0000029245b3a590, 0x0000029245b3e8f0, 0x0000029245b38d80,
0x0000029245b370a0, 0x0000029245b37a40
}

Java Threads: ( => current thread )
  0x0000029226b6b2a0 JavaThread "main" [_thread_blocked, id=3356, stack(0x000000eb9e400000,0x000000eb9e500000)]
  0x0000029244d3e620 JavaThread "Reference Handler" daemon [_thread_blocked, id=14116, stack(0x000000eb9eb00000,0x000000eb9ec00000)]
  0x0000029244d430a0 JavaThread "Finalizer" daemon [_thread_blocked, id=14432, stack(0x000000eb9ec00000,0x000000eb9ed00000)]
  0x0000029244d6eaa0 JavaThread "Signal Dispatcher" daemon [_thread_blocked, id=7948, stack(0x000000eb9ed00000,0x000000eb9ee00000)]
  0x0000029244d2aa10 JavaThread "Attach Listener" daemon [_thread_blocked, id=9596, stack(0x000000eb9ee00000,0x000000eb9ef00000)]
  0x000002924580a820 JavaThread "Service Thread" daemon [_thread_blocked, id=6224, stack(0x000000eb9ef00000,0x000000eb9f000000)]
  0x000002924580b0e0 JavaThread "Monitor Deflation Thread" daemon [_thread_blocked, id=9500, stack(0x000000eb9f000000,0x000000eb9f100000)]
  0x00000292458101c0 JavaThread "C2 CompilerThread0" daemon [_thread_blocked, id=6728, stack(0x000000eb9f100000,0x000000eb9f200000)]
  0x0000029245813720 JavaThread "C1 CompilerThread0" daemon [_thread_blocked, id=15968, stack(0x000000eb9f200000,0x000000eb9f300000)]
  0x00000292458297a0 JavaThread "Sweeper thread" daemon [_thread_blocked, id=15812, stack(0x000000eb9f300000,0x000000eb9f400000)]
  0x00000292459c5650 JavaThread "Common-Cleaner" daemon [_thread_blocked, id=5880, stack(0x000000eb9f400000,0x000000eb9f500000)]
  0x00000292459c1d60 JavaThread "Notification Thread" daemon [_thread_blocked, id=12700, stack(0x000000eb9f500000,0x000000eb9f600000)]
  0x00000292468b2740 JavaThread "Daemon health stats" [_thread_blocked, id=16196, stack(0x000000eb9fa00000,0x000000eb9fb00000)]
  0x0000029246c72200 JavaThread "Incoming local TCP Connector on port 56980" [_thread_in_native, id=16284, stack(0x000000eb9fb00000,0x000000eb9fc00000)]
  0x0000029247202760 JavaThread "Daemon periodic checks" [_thread_blocked, id=7260, stack(0x000000eb9fc00000,0x000000eb9fd00000)]
  0x000002924721b8e0 JavaThread "Daemon" [_thread_blocked, id=15644, stack(0x000000eb9fd00000,0x000000eb9fe00000)]
  0x0000029247de4b40 JavaThread "Handler for socket connection from /127.0.0.1:56980 to /127.0.0.1:56981" [_thread_in_native, id=5644, stack(0x000000eb9fe00000,0x000000eb9ff00000)]
  0x00000292473c4030 JavaThread "Cancel handler" [_thread_blocked, id=1160, stack(0x000000eb9ff00000,0x000000eba0000000)]
  0x0000029246fca500 JavaThread "Daemon worker" [_thread_blocked, id=5876, stack(0x000000eba0000000,0x000000eba0100000)]
  0x0000029246d9bc80 JavaThread "Asynchronous log dispatcher for DefaultDaemonConnection: socket connection from /127.0.0.1:56980 to /127.0.0.1:56981" [_thread_blocked, id=7460, stack(0x000000eba0100000,0x000000eba0200000)]
  0x0000029246d9ae10 JavaThread "Stdin handler" [_thread_blocked, id=15364, stack(0x000000eba0200000,0x000000eba0300000)]
  0x0000029246d9b7b0 JavaThread "Daemon client event forwarder" [_thread_blocked, id=14192, stack(0x000000eba0300000,0x000000eba0400000)]
  0x0000029246d9a940 JavaThread "Cache worker for journal cache (E:\Apk Kuliah\Andro\jbr\caches\journal-1)" [_thread_blocked, id=16268, stack(0x000000eba0400000,0x000000eba0500000)]
  0x0000029246d9b2e0 JavaThread "File lock request listener" [_thread_in_native, id=14376, stack(0x000000eba0500000,0x000000eba0600000)]
  0x0000029246d99ad0 JavaThread "Cache worker for file hash cache (E:\Apk Kuliah\Andro\jbr\caches\8.0\fileHashes)" [_thread_blocked, id=5420, stack(0x000000eba0600000,0x000000eba0700000)]
  0x0000029246d98790 JavaThread "File watcher server" daemon [_thread_blocked, id=4620, stack(0x000000eba0700000,0x000000eba0800000)]
  0x0000029246d98c60 JavaThread "File watcher consumer" daemon [_thread_blocked, id=8880, stack(0x000000eba0800000,0x000000eba0900000)]
  0x0000029246d99130 JavaThread "Cache worker for checksums cache (E:\Andro Projek\SispakKehamilan\.gradle\8.0\checksums)" [_thread_blocked, id=15592, stack(0x000000eba0900000,0x000000eba0a00000)]
  0x0000029246d99600 JavaThread "Cache worker for cache directory md-rule (E:\Apk Kuliah\Andro\jbr\caches\8.0\md-rule)" [_thread_blocked, id=5932, stack(0x000000eba0a00000,0x000000eba0b00000)]
  0x0000029246d9a470 JavaThread "Cache worker for file content cache (E:\Apk Kuliah\Andro\jbr\caches\8.0\fileContent)" [_thread_blocked, id=8444, stack(0x000000eba0b00000,0x000000eba0c00000)]
  0x00000292480bb250 JavaThread "Cache worker for file hash cache (E:\Andro Projek\SispakKehamilan\.gradle\8.0\fileHashes)" [_thread_blocked, id=10692, stack(0x000000eba0c00000,0x000000eba0d00000)]
  0x00000292480b6550 JavaThread "Cache worker for cache directory md-supplier (E:\Apk Kuliah\Andro\jbr\caches\8.0\md-supplier)" [_thread_blocked, id=14480, stack(0x000000eba0d00000,0x000000eba0e00000)]
  0x00000292480bd400 JavaThread "Cache worker for execution history cache (E:\Apk Kuliah\Andro\jbr\caches\8.0\executionHistory)" [_thread_blocked, id=15256, stack(0x000000eba0e00000,0x000000eba0f00000)]
  0x00000292480bd8d0 JavaThread "jar transforms" [_thread_blocked, id=8300, stack(0x000000eba0f00000,0x000000eba1000000)]
  0x00000292480b8230 JavaThread "jar transforms Thread 2" [_thread_blocked, id=10612, stack(0x000000eba1000000,0x000000eba1100000)]
  0x00000292480bca60 JavaThread "jar transforms Thread 3" [_thread_blocked, id=15340, stack(0x000000eba1100000,0x000000eba1200000)]
  0x00000292480b6a20 JavaThread "jar transforms Thread 4" [_thread_blocked, id=3152, stack(0x000000eba1200000,0x000000eba1300000)]
  0x00000292480b6ef0 JavaThread "Cache worker for dependencies-accessors (E:\Andro Projek\SispakKehamilan\.gradle\8.0\dependencies-accessors)" [_thread_blocked, id=9760, stack(0x000000eba1300000,0x000000eba1400000)]
  0x00000292480ba8b0 JavaThread "Cache worker for Build Output Cleanup Cache (E:\Andro Projek\SispakKehamilan\.gradle\buildOutputCleanup)" [_thread_blocked, id=15276, stack(0x000000eba1400000,0x000000eba1500000)]
  0x00000292480bc590 JavaThread "Unconstrained build operations" [_thread_blocked, id=1036, stack(0x000000eba1500000,0x000000eba1600000)]
  0x00000292480b7890 JavaThread "Unconstrained build operations Thread 2" [_thread_blocked, id=14348, stack(0x000000eba1600000,0x000000eba1700000)]
  0x00000292480b8700 JavaThread "Unconstrained build operations Thread 3" [_thread_blocked, id=15504, stack(0x000000eba1700000,0x000000eba1800000)]
  0x00000292480b9a40 JavaThread "Unconstrained build operations Thread 4" [_thread_blocked, id=8992, stack(0x000000eba1800000,0x000000eba1900000)]
  0x00000292480b9f10 JavaThread "Unconstrained build operations Thread 5" [_thread_blocked, id=3320, stack(0x000000eba1900000,0x000000eba1a00000)]
  0x00000292480bad80 JavaThread "Unconstrained build operations Thread 6" [_thread_blocked, id=11044, stack(0x000000eba1a00000,0x000000eba1b00000)]
  0x00000292480bbbf0 JavaThread "Unconstrained build operations Thread 7" [_thread_blocked, id=11528, stack(0x000000eba1b00000,0x000000eba1c00000)]
  0x00000292480bc0c0 JavaThread "Unconstrained build operations Thread 8" [_thread_blocked, id=7284, stack(0x000000eba1c00000,0x000000eba1d00000)]
  0x00000292480bcf30 JavaThread "Unconstrained build operations Thread 9" [_thread_blocked, id=13560, stack(0x000000eba1d00000,0x000000eba1e00000)]
  0x0000029249eb8640 JavaThread "Unconstrained build operations Thread 10" [_thread_blocked, id=16016, stack(0x000000eba1e00000,0x000000eba1f00000)]
  0x0000029249eb2fa0 JavaThread "Unconstrained build operations Thread 11" [_thread_blocked, id=3164, stack(0x000000eba1f00000,0x000000eba2000000)]
  0x0000029249eb8170 JavaThread "Unconstrained build operations Thread 12" [_thread_blocked, id=12124, stack(0x000000eba2000000,0x000000eba2100000)]
  0x0000029249eb8fe0 JavaThread "Unconstrained build operations Thread 13" [_thread_blocked, id=10916, stack(0x000000eba2100000,0x000000eba2200000)]
  0x0000029249eb77d0 JavaThread "Unconstrained build operations Thread 14" [_thread_blocked, id=7984, stack(0x000000eba2200000,0x000000eba2300000)]
  0x0000029249eb7300 JavaThread "Unconstrained build operations Thread 15" [_thread_blocked, id=14520, stack(0x000000eba2300000,0x000000eba2400000)]
  0x0000029249eba7f0 JavaThread "Unconstrained build operations Thread 16" [_thread_blocked, id=10260, stack(0x000000eba2400000,0x000000eba2500000)]
  0x0000029249eb8b10 JavaThread "Unconstrained build operations Thread 17" [_thread_blocked, id=1224, stack(0x000000eba2500000,0x000000eba2600000)]
  0x0000029249eb3470 JavaThread "Unconstrained build operations Thread 18" [_thread_blocked, id=3720, stack(0x000000eba2600000,0x000000eba2700000)]
  0x0000029249eb47b0 JavaThread "Unconstrained build operations Thread 19" [_thread_blocked, id=3520, stack(0x000000eba2700000,0x000000eba2800000)]
  0x0000029249eb94b0 JavaThread "Unconstrained build operations Thread 20" [_thread_blocked, id=5732, stack(0x000000eba2800000,0x000000eba2900000)]
  0x0000029249eb9980 JavaThread "Unconstrained build operations Thread 21" [_thread_blocked, id=15176, stack(0x000000eba2900000,0x000000eba2a00000)]
  0x0000029249eb7ca0 JavaThread "Unconstrained build operations Thread 22" [_thread_blocked, id=13928, stack(0x000000eba2a00000,0x000000eba2b00000)]
  0x0000029249eb3940 JavaThread "Unconstrained build operations Thread 23" [_thread_blocked, id=9260, stack(0x000000eba2b00000,0x000000eba2c00000)]
  0x0000029249eb6e30 JavaThread "Unconstrained build operations Thread 24" [_thread_blocked, id=1412, stack(0x000000eba2c00000,0x000000eba2d00000)]
  0x0000029249eb5fc0 JavaThread "Unconstrained build operations Thread 25" [_thread_blocked, id=5336, stack(0x000000eba2d00000,0x000000eba2e00000)]
  0x0000029249eb4c80 JavaThread "Unconstrained build operations Thread 26" [_thread_blocked, id=816, stack(0x000000eba2e00000,0x000000eba2f00000)]
  0x0000029249eb6490 JavaThread "Unconstrained build operations Thread 27" [_thread_blocked, id=16320, stack(0x000000eba2f00000,0x000000eba3000000)]
  0x0000029249eb9e50 JavaThread "Unconstrained build operations Thread 28" [_thread_blocked, id=2344, stack(0x000000eba3000000,0x000000eba3100000)]
  0x0000029249eb3e10 JavaThread "Unconstrained build operations Thread 29" [_thread_blocked, id=9196, stack(0x000000eba3100000,0x000000eba3200000)]
  0x0000029249eb5150 JavaThread "Unconstrained build operations Thread 30" [_thread_blocked, id=12540, stack(0x000000eba3200000,0x000000eba3300000)]
  0x0000029249eba320 JavaThread "Unconstrained build operations Thread 31" [_thread_blocked, id=12660, stack(0x000000eba3300000,0x000000eba3400000)]
  0x0000029249eb42e0 JavaThread "Unconstrained build operations Thread 32" [_thread_blocked, id=16344, stack(0x000000eba3400000,0x000000eba3500000)]
  0x0000029249eb5620 JavaThread "Unconstrained build operations Thread 33" [_thread_blocked, id=14812, stack(0x000000eba3500000,0x000000eba3600000)]
  0x0000029249eb5af0 JavaThread "Unconstrained build operations Thread 34" [_thread_blocked, id=3176, stack(0x000000eba3600000,0x000000eba3700000)]
  0x0000029249eb6960 JavaThread "Unconstrained build operations Thread 35" [_thread_blocked, id=11652, stack(0x000000eba3700000,0x000000eba3800000)]
  0x0000029245b388b0 JavaThread "Unconstrained build operations Thread 36" [_thread_blocked, id=15740, stack(0x000000eba3800000,0x000000eba3900000)]
  0x0000029245b3e420 JavaThread "Unconstrained build operations Thread 37" [_thread_blocked, id=12516, stack(0x000000eba3900000,0x000000eba3a00000)]
  0x0000029245b3b400 JavaThread "Unconstrained build operations Thread 38" [_thread_blocked, id=12048, stack(0x000000eba3a00000,0x000000eba3b00000)]
  0x0000029245b39bf0 JavaThread "Unconstrained build operations Thread 39" [_thread_blocked, id=15016, stack(0x000000eba3b00000,0x000000eba3c00000)]
  0x0000029245b3d5b0 JavaThread "Unconstrained build operations Thread 40" [_thread_blocked, id=13944, stack(0x000000eba3c00000,0x000000eba3d00000)]
  0x0000029245b3bda0 JavaThread "build event listener" [_thread_blocked, id=3808, stack(0x000000eba3d00000,0x000000eba3e00000)]
  0x0000029245b37f10 JavaThread "Memory manager" [_thread_blocked, id=15588, stack(0x000000eba3e00000,0x000000eba3f00000)]
  0x0000029245b3a590 JavaThread "included builds" [_thread_blocked, id=7752, stack(0x000000eba3f00000,0x000000eba4000000)]
  0x0000029245b3e8f0 JavaThread "Execution worker" [_thread_blocked, id=10860, stack(0x000000eba4000000,0x000000eba4100000)]
  0x0000029245b38d80 JavaThread "Execution worker Thread 2" [_thread_blocked, id=14552, stack(0x000000eba4100000,0x000000eba4200000)]
  0x0000029245b370a0 JavaThread "Execution worker Thread 3" [_thread_blocked, id=14264, stack(0x000000eba4200000,0x000000eba4300000)]
  0x0000029245b37a40 JavaThread "Cache worker for execution history cache (E:\Andro Projek\SispakKehamilan\.gradle\8.0\executionHistory)" [_thread_blocked, id=10836, stack(0x000000eba4300000,0x000000eba4400000)]

Other Threads:
=>0x0000029244d1a7e0 VMThread "VM Thread" [stack: 0x000000eb9ea00000,0x000000eb9eb00000] [id=14680]
  0x00000292459a2ed0 WatcherThread [stack: 0x000000eb9f600000,0x000000eb9f700000] [id=13588]
  0x0000029226bd6fd0 GCTaskThread "GC Thread#0" [stack: 0x000000eb9e500000,0x000000eb9e600000] [id=5064]
  0x0000029245c6c930 GCTaskThread "GC Thread#1" [stack: 0x000000eb9f700000,0x000000eb9f800000] [id=6460]
  0x0000029245bfe640 GCTaskThread "GC Thread#2" [stack: 0x000000eb9f800000,0x000000eb9f900000] [id=11228]
  0x000002924627d690 GCTaskThread "GC Thread#3" [stack: 0x000000eb9f900000,0x000000eb9fa00000] [id=7720]
  0x0000029226be85c0 ConcurrentGCThread "G1 Main Marker" [stack: 0x000000eb9e600000,0x000000eb9e700000] [id=15980]
  0x0000029226be8ee0 ConcurrentGCThread "G1 Conc#0" [stack: 0x000000eb9e700000,0x000000eb9e800000] [id=7448]
  0x0000029226c22390 ConcurrentGCThread "G1 Refine#0" [stack: 0x000000eb9e800000,0x000000eb9e900000] [id=15748]
  0x0000029226c22cc0 ConcurrentGCThread "G1 Service" [stack: 0x000000eb9e900000,0x000000eb9ea00000] [id=9960]

Threads with active compile tasks:
C2 CompilerThread0    26264 10803       4       org.gradle.internal.service.DefaultServiceRegistry$SingletonService::get (5 bytes)

VM state: at safepoint (normal execution)

VM Mutex/Monitor currently owned by a thread:  ([mutex/lock_event])
[0x0000029226b64fb0] Threads_lock - owner thread: 0x0000029244d1a7e0
[0x0000029226b65b80] Heap_lock - owner thread: 0x0000029226be85c0

Heap address: 0x0000000700000000, size: 4096 MB, Compressed Oops mode: Zero based, Oop shift amount: 3

CDS archive(s) not mapped
Compressed class space mapped at: 0x0000000800000000-0x0000000840000000, reserved size: 1073741824
Narrow klass base: 0x0000000800000000, Narrow klass shift: 0, Narrow klass range: 0x40000000

GC Precious Log:
 CPUs: 4 total, 4 available
 Memory: 6020M
 Large Page Support: Disabled
 NUMA Support: Disabled
 Compressed Oops: Enabled (Zero based)
 Heap Region Size: 2M
 Heap Min Capacity: 8M
 Heap Initial Capacity: 96M
 Heap Max Capacity: 4G
 Pre-touch: Disabled
 Parallel Workers: 4
 Concurrent Workers: 1
 Concurrent Refinement Workers: 4
 Periodic GC: Disabled

Heap:
 garbage-first heap   total 153600K, used 101652K [0x0000000700000000, 0x0000000800000000)
  region size 2048K, 10 young (20480K), 3 survivors (6144K)
 Metaspace       used 85873K, committed 86528K, reserved 1130496K
  class space    used 11699K, committed 11968K, reserved 1048576K

Heap Regions: E=young(eden), S=young(survivor), O=old, HS=humongous(starts), HC=humongous(continues), CS=collection set, F=free, OA=open archive, CA=closed archive, TAMS=top-at-mark-start (previous, next)
|   0|0x0000000700000000, 0x0000000700200000, 0x0000000700200000|100%| O|  |TAMS 0x0000000700200000, 0x0000000700000000| Untracked 
|   1|0x0000000700200000, 0x0000000700400000, 0x0000000700400000|100%|HS|  |TAMS 0x0000000700400000, 0x0000000700200000| Complete 
|   2|0x0000000700400000, 0x0000000700600000, 0x0000000700600000|100%|HC|  |TAMS 0x0000000700600000, 0x0000000700400000| Complete 
|   3|0x0000000700600000, 0x0000000700800000, 0x0000000700800000|100%| O|  |TAMS 0x0000000700800000, 0x0000000700600000| Untracked 
|   4|0x0000000700800000, 0x0000000700a00000, 0x0000000700a00000|100%| O|  |TAMS 0x0000000700a00000, 0x0000000700800000| Untracked 
|   5|0x0000000700a00000, 0x0000000700c00000, 0x0000000700c00000|100%| O|  |TAMS 0x0000000700c00000, 0x0000000700a00000| Untracked 
|   6|0x0000000700c00000, 0x0000000700e00000, 0x0000000700e00000|100%| O|  |TAMS 0x0000000700e00000, 0x0000000700c00000| Untracked 
|   7|0x0000000700e00000, 0x0000000701000000, 0x0000000701000000|100%| O|  |TAMS 0x0000000701000000, 0x0000000700e00000| Untracked 
|   8|0x0000000701000000, 0x0000000701200000, 0x0000000701200000|100%| O|  |TAMS 0x0000000701200000, 0x0000000701000000| Untracked 
|   9|0x0000000701200000, 0x0000000701400000, 0x0000000701400000|100%| O|  |TAMS 0x0000000701400000, 0x0000000701200000| Untracked 
|  10|0x0000000701400000, 0x0000000701600000, 0x0000000701600000|100%| O|  |TAMS 0x0000000701600000, 0x0000000701400000| Updating 
|  11|0x0000000701600000, 0x0000000701800000, 0x0000000701800000|100%| O|  |TAMS 0x0000000701800000, 0x0000000701600000| Updating 
|  12|0x0000000701800000, 0x0000000701a00000, 0x0000000701a00000|100%| O|  |TAMS 0x0000000701a00000, 0x0000000701800000| Untracked 
|  13|0x0000000701a00000, 0x0000000701c00000, 0x0000000701c00000|100%| O|  |TAMS 0x0000000701c00000, 0x0000000701a00000| Untracked 
|  14|0x0000000701c00000, 0x0000000701e00000, 0x0000000701e00000|100%| O|  |TAMS 0x0000000701e00000, 0x0000000701c00000| Untracked 
|  15|0x0000000701e00000, 0x0000000702000000, 0x0000000702000000|100%| O|  |TAMS 0x0000000702000000, 0x0000000701e00000| Untracked 
|  16|0x0000000702000000, 0x0000000702200000, 0x0000000702200000|100%|HS|  |TAMS 0x0000000702200000, 0x0000000702000000| Complete 
|  17|0x0000000702200000, 0x0000000702400000, 0x0000000702400000|100%|HC|  |TAMS 0x0000000702400000, 0x0000000702200000| Complete 
|  18|0x0000000702400000, 0x0000000702600000, 0x0000000702600000|100%| O|  |TAMS 0x0000000702600000, 0x0000000702400000| Untracked 
|  19|0x0000000702600000, 0x0000000702800000, 0x0000000702800000|100%| O|  |TAMS 0x0000000702800000, 0x0000000702600000| Untracked 
|  20|0x0000000702800000, 0x0000000702a00000, 0x0000000702a00000|100%| O|  |TAMS 0x0000000702a00000, 0x0000000702800000| Untracked 
|  21|0x0000000702a00000, 0x0000000702c00000, 0x0000000702c00000|100%| O|  |TAMS 0x0000000702c00000, 0x0000000702a00000| Updating 
|  22|0x0000000702c00000, 0x0000000702e00000, 0x0000000702e00000|100%| O|  |TAMS 0x0000000702e00000, 0x0000000702c00000| Untracked 
|  23|0x0000000702e00000, 0x0000000703000000, 0x0000000703000000|100%| O|  |TAMS 0x0000000703000000, 0x0000000702e00000| Untracked 
|  24|0x0000000703000000, 0x0000000703200000, 0x0000000703200000|100%| O|  |TAMS 0x0000000703200000, 0x0000000703000000| Untracked 
|  25|0x0000000703200000, 0x0000000703400000, 0x0000000703400000|100%| O|  |TAMS 0x0000000703400000, 0x0000000703200000| Untracked 
|  26|0x0000000703400000, 0x0000000703600000, 0x0000000703600000|100%| O|  |TAMS 0x0000000703600000, 0x0000000703400000| Untracked 
|  27|0x0000000703600000, 0x0000000703800000, 0x0000000703800000|100%| O|  |TAMS 0x0000000703800000, 0x0000000703600000| Untracked 
|  28|0x0000000703800000, 0x0000000703a00000, 0x0000000703a00000|100%| O|  |TAMS 0x0000000703a00000, 0x0000000703800000| Untracked 
|  29|0x0000000703a00000, 0x0000000703c00000, 0x0000000703c00000|100%| O|  |TAMS 0x0000000703c00000, 0x0000000703a00000| Untracked 
|  30|0x0000000703c00000, 0x0000000703e00000, 0x0000000703e00000|100%| O|  |TAMS 0x0000000703e00000, 0x0000000703c00000| Untracked 
|  31|0x0000000703e00000, 0x0000000704000000, 0x0000000704000000|100%| O|  |TAMS 0x0000000704000000, 0x0000000703e00000| Untracked 
|  32|0x0000000704000000, 0x0000000704200000, 0x0000000704200000|100%| O|  |TAMS 0x0000000704200000, 0x0000000704000000| Untracked 
|  33|0x0000000704200000, 0x0000000704400000, 0x0000000704400000|100%| O|  |TAMS 0x0000000704400000, 0x0000000704200000| Untracked 
|  34|0x0000000704400000, 0x0000000704600000, 0x0000000704600000|100%| O|  |TAMS 0x0000000704600000, 0x0000000704400000| Untracked 
|  35|0x0000000704600000, 0x0000000704800000, 0x0000000704800000|100%| O|  |TAMS 0x0000000704800000, 0x0000000704600000| Updating 
|  36|0x0000000704800000, 0x0000000704a00000, 0x0000000704a00000|100%| O|  |TAMS 0x0000000704a00000, 0x0000000704800000| Untracked 
|  37|0x0000000704a00000, 0x0000000704c00000, 0x0000000704c00000|100%| O|  |TAMS 0x0000000704c00000, 0x0000000704a00000| Untracked 
|  38|0x0000000704c00000, 0x0000000704e00000, 0x0000000704e00000|100%| O|  |TAMS 0x0000000704e00000, 0x0000000704c00000| Updating 
|  39|0x0000000704e00000, 0x0000000705000000, 0x0000000705000000|100%| O|  |TAMS 0x0000000705000000, 0x0000000704e00000| Untracked 
|  40|0x0000000705000000, 0x0000000705200000, 0x0000000705200000|100%| O|  |TAMS 0x00000007051a8c00, 0x0000000705000000| Updating 
|  41|0x0000000705200000, 0x0000000705400000, 0x0000000705400000|100%| O|  |TAMS 0x0000000705200000, 0x0000000705200000| Untracked 
|  42|0x0000000705400000, 0x000000070543b000, 0x0000000705600000| 11%| O|  |TAMS 0x0000000705400000, 0x0000000705400000| Updating 
|  43|0x0000000705600000, 0x0000000705600000, 0x0000000705800000|  0%| F|  |TAMS 0x0000000705600000, 0x0000000705600000| Untracked 
|  44|0x0000000705800000, 0x0000000705800000, 0x0000000705a00000|  0%| F|  |TAMS 0x0000000705800000, 0x0000000705800000| Untracked 
|  45|0x0000000705a00000, 0x0000000705a00000, 0x0000000705c00000|  0%| F|  |TAMS 0x0000000705a00000, 0x0000000705a00000| Untracked 
|  46|0x0000000705c00000, 0x0000000705c00000, 0x0000000705e00000|  0%| F|  |TAMS 0x0000000705c00000, 0x0000000705c00000| Untracked 
|  47|0x0000000705e00000, 0x0000000705e00000, 0x0000000706000000|  0%| F|  |TAMS 0x0000000705e00000, 0x0000000705e00000| Untracked 
|  48|0x0000000706000000, 0x0000000706000000, 0x0000000706200000|  0%| F|  |TAMS 0x0000000706000000, 0x0000000706000000| Untracked 
|  49|0x0000000706200000, 0x0000000706200000, 0x0000000706400000|  0%| F|  |TAMS 0x0000000706200000, 0x0000000706200000| Untracked 
|  50|0x0000000706400000, 0x0000000706400000, 0x0000000706600000|  0%| F|  |TAMS 0x0000000706400000, 0x0000000706400000| Untracked 
|  51|0x0000000706600000, 0x000000070670a270, 0x0000000706800000| 51%| S|CS|TAMS 0x0000000706600000, 0x0000000706600000| Complete 
|  52|0x0000000706800000, 0x0000000706a00000, 0x0000000706a00000|100%| S|CS|TAMS 0x0000000706800000, 0x0000000706800000| Complete 
|  53|0x0000000706a00000, 0x0000000706c00000, 0x0000000706c00000|100%| S|CS|TAMS 0x0000000706a00000, 0x0000000706a00000| Complete 
|  54|0x0000000706c00000, 0x0000000706c00000, 0x0000000706e00000|  0%| F|  |TAMS 0x0000000706c00000, 0x0000000706c00000| Untracked 
|  55|0x0000000706e00000, 0x0000000706e00000, 0x0000000707000000|  0%| F|  |TAMS 0x0000000706e00000, 0x0000000706e00000| Untracked 
|  56|0x0000000707000000, 0x0000000707000000, 0x0000000707200000|  0%| F|  |TAMS 0x0000000707000000, 0x0000000707000000| Untracked 
|  57|0x0000000707200000, 0x0000000707200000, 0x0000000707400000|  0%| F|  |TAMS 0x0000000707200000, 0x0000000707200000| Untracked 
|  58|0x0000000707400000, 0x0000000707400000, 0x0000000707600000|  0%| F|  |TAMS 0x0000000707400000, 0x0000000707400000| Untracked 
|  59|0x0000000707600000, 0x0000000707600000, 0x0000000707800000|  0%| F|  |TAMS 0x0000000707600000, 0x0000000707600000| Untracked 
|  60|0x0000000707800000, 0x0000000707800000, 0x0000000707a00000|  0%| F|  |TAMS 0x0000000707800000, 0x0000000707800000| Untracked 
|  61|0x0000000707a00000, 0x0000000707a00000, 0x0000000707c00000|  0%| F|  |TAMS 0x0000000707a00000, 0x0000000707a00000| Untracked 
|  62|0x0000000707c00000, 0x0000000707c00000, 0x0000000707e00000|  0%| F|  |TAMS 0x0000000707c00000, 0x0000000707c00000| Untracked 
|  63|0x0000000707e00000, 0x0000000707e00000, 0x0000000708000000|  0%| F|  |TAMS 0x0000000707e00000, 0x0000000707e00000| Untracked 
|  64|0x0000000708000000, 0x0000000708000000, 0x0000000708200000|  0%| F|  |TAMS 0x0000000708000000, 0x0000000708000000| Untracked 
|  65|0x0000000708200000, 0x0000000708200000, 0x0000000708400000|  0%| F|  |TAMS 0x0000000708200000, 0x0000000708200000| Untracked 
|  66|0x0000000708400000, 0x0000000708400000, 0x0000000708600000|  0%| F|  |TAMS 0x0000000708400000, 0x0000000708400000| Untracked 
|  67|0x0000000708600000, 0x0000000708600000, 0x0000000708800000|  0%| F|  |TAMS 0x0000000708600000, 0x0000000708600000| Untracked 
|  68|0x0000000708800000, 0x00000007088488a8, 0x0000000708a00000| 14%| E|  |TAMS 0x0000000708800000, 0x0000000708800000| Complete 
|  69|0x0000000708a00000, 0x0000000708c00000, 0x0000000708c00000|100%| E|CS|TAMS 0x0000000708a00000, 0x0000000708a00000| Complete 
|  70|0x0000000708c00000, 0x0000000708e00000, 0x0000000708e00000|100%| E|CS|TAMS 0x0000000708c00000, 0x0000000708c00000| Complete 
|  71|0x0000000708e00000, 0x0000000709000000, 0x0000000709000000|100%| E|CS|TAMS 0x0000000708e00000, 0x0000000708e00000| Complete 
|  72|0x0000000709000000, 0x0000000709200000, 0x0000000709200000|100%| E|  |TAMS 0x0000000709000000, 0x0000000709000000| Complete 
|  73|0x0000000709200000, 0x0000000709400000, 0x0000000709400000|100%| E|CS|TAMS 0x0000000709200000, 0x0000000709200000| Complete 
|  74|0x0000000709400000, 0x0000000709600000, 0x0000000709600000|100%| E|CS|TAMS 0x0000000709400000, 0x0000000709400000| Complete 

Card table byte_map: [0x0000029239840000,0x000002923a040000] _byte_map_base: 0x0000029236040000

Marking Bits (Prev, Next): (CMBitMap*) 0x0000029226bd74f0, (CMBitMap*) 0x0000029226bd7530
 Prev Bits: [0x000002923a840000, 0x000002923e840000)
 Next Bits: [0x000002923e840000, 0x0000029242840000)

Polling page: 0x0000029224b00000

Metaspace:

Usage:
  Non-class:     72.44 MB used.
      Class:     11.43 MB used.
       Both:     83.86 MB used.

Virtual space:
  Non-class space:       80.00 MB reserved,      72.81 MB ( 91%) committed,  10 nodes.
      Class space:        1.00 GB reserved,      11.69 MB (  1%) committed,  1 nodes.
             Both:        1.08 GB reserved,      84.50 MB (  8%) committed. 

Chunk freelists:
   Non-Class:  2.81 MB
       Class:  324.00 KB
        Both:  3.13 MB

MaxMetaspaceSize: unlimited
CompressedClassSpaceSize: 1.00 GB
Initial GC threshold: 21.00 MB
Current GC threshold: 139.94 MB
CDS: off
MetaspaceReclaimPolicy: balanced
 - commit_granule_bytes: 65536.
 - commit_granule_words: 8192.
 - virtual_space_node_default_size: 1048576.
 - enlarge_chunks_in_place: 1.
 - new_chunks_are_fully_committed: 0.
 - uncommit_free_chunks: 1.
 - use_allocation_guard: 0.
 - handle_deallocations: 1.


Internal statistics:

num_allocs_failed_limit: 6.
num_arena_births: 868.
num_arena_deaths: 2.
num_vsnodes_births: 11.
num_vsnodes_deaths: 0.
num_space_committed: 1352.
num_space_uncommitted: 0.
num_chunks_returned_to_freelist: 9.
num_chunks_taken_from_freelist: 4027.
num_chunk_merges: 6.
num_chunk_splits: 2583.
num_chunks_enlarged: 1696.
num_purges: 2.
num_inconsistent_stats: 0.

CodeHeap 'non-profiled nmethods': size=120000Kb used=4434Kb max_used=4434Kb free=115565Kb
 bounds [0x0000029231b10000, 0x0000029231f70000, 0x0000029239040000]
CodeHeap 'profiled nmethods': size=120000Kb used=19434Kb max_used=19434Kb free=100565Kb
 bounds [0x000002922a040000, 0x000002922b340000, 0x0000029231570000]
CodeHeap 'non-nmethods': size=5760Kb used=2368Kb max_used=2420Kb free=3391Kb
 bounds [0x0000029231570000, 0x00000292317e0000, 0x0000029231b10000]
 total_blobs=10849 nmethods=9953 adapters=808
 compilation: enabled
              stopped_count=0, restarted_count=0
 full_count=0

Compilation events (20 events):
Event: 26.076 Thread 0x0000029245813720 10905   !   2       java.io.ObjectStreamClass::invokeWriteObject (79 bytes)
Event: 26.077 Thread 0x0000029245813720 nmethod 10905 0x000002922b337590 code [0x000002922b3377e0, 0x000002922b337f88]
Event: 26.077 Thread 0x0000029245813720 10906   !   2       jdk.internal.reflect.GeneratedMethodAccessor30::invoke (66 bytes)
Event: 26.077 Thread 0x0000029245813720 nmethod 10906 0x000002922b338410 code [0x000002922b338620, 0x000002922b338b38]
Event: 26.095 Thread 0x0000029245813720 10908       1       org.gradle.api.internal.artifacts.transform.DefaultTransformationRegistrationFactory$DefaultArtifactTransformRegistration::getTransformationStep (5 bytes)
Event: 26.095 Thread 0x0000029245813720 nmethod 10908 0x0000029231f64090 code [0x0000029231f64220, 0x0000029231f642f8]
Event: 26.095 Thread 0x0000029245813720 10909       1       org.gradle.api.internal.artifacts.transform.TransformationStep::stepsCount (2 bytes)
Event: 26.095 Thread 0x0000029245813720 nmethod 10909 0x0000029231f64390 code [0x0000029231f64520, 0x0000029231f645f8]
Event: 26.095 Thread 0x0000029245813720 10910       2       com.google.common.collect.RegularImmutableMap::createKeySet (9 bytes)
Event: 26.096 Thread 0x0000029245813720 nmethod 10910 0x000002922b338e90 code [0x000002922b339020, 0x000002922b3391d8]
Event: 26.098 Thread 0x0000029245813720 10911       2       org.gradle.api.internal.artifacts.transform.ConsumerProvidedVariantFinder$ChainNode::<init> (15 bytes)
Event: 26.099 Thread 0x0000029245813720 nmethod 10911 0x000002922b339290 code [0x000002922b339420, 0x000002922b3395f8]
Event: 26.099 Thread 0x0000029245813720 10912       2       org.gradle.internal.collections.ImmutableFilteredList::withoutIndexFrom (72 bytes)
Event: 26.099 Thread 0x0000029245813720 nmethod 10912 0x000002922b339690 code [0x000002922b339860, 0x000002922b339be8]
Event: 26.102 Thread 0x0000029245813720 10913       2       org.gradle.internal.component.external.model.DefaultModuleComponentArtifactIdentifier::equals (63 bytes)
Event: 26.102 Thread 0x0000029245813720 nmethod 10913 0x000002922b339d90 code [0x000002922b339f60, 0x000002922b33a1f8]
Event: 26.102 Thread 0x0000029245813720 10914       2       org.gradle.internal.component.model.DefaultIvyArtifactName::equals (91 bytes)
Event: 26.103 Thread 0x0000029245813720 nmethod 10914 0x000002922b33a310 code [0x000002922b33a4e0, 0x000002922b33a8f8]
Event: 26.108 Thread 0x0000029245813720 10915       1       org.gradle.internal.reflect.annotations.impl.DefaultTypeAnnotationMetadataStore::access$100 (5 bytes)
Event: 26.108 Thread 0x0000029245813720 nmethod 10915 0x0000029231f64690 code [0x0000029231f64820, 0x0000029231f648d8]

GC Heap History (20 events):
Event: 18.123 GC heap before
{Heap before GC invocations=25 (full 0):
 garbage-first heap   total 120832K, used 81042K [0x0000000700000000, 0x0000000800000000)
  region size 2048K, 12 young (24576K), 2 survivors (4096K)
 Metaspace       used 67555K, committed 68096K, reserved 1114112K
  class space    used 8919K, committed 9152K, reserved 1048576K
}
Event: 18.130 GC heap after
{Heap after GC invocations=26 (full 0):
 garbage-first heap   total 120832K, used 62650K [0x0000000700000000, 0x0000000800000000)
  region size 2048K, 2 young (4096K), 2 survivors (4096K)
 Metaspace       used 67555K, committed 68096K, reserved 1114112K
  class space    used 8919K, committed 9152K, reserved 1048576K
}
Event: 19.098 GC heap before
{Heap before GC invocations=26 (full 0):
 garbage-first heap   total 120832K, used 97466K [0x0000000700000000, 0x0000000800000000)
  region size 2048K, 19 young (38912K), 2 survivors (4096K)
 Metaspace       used 71681K, committed 72128K, reserved 1114112K
  class space    used 9620K, committed 9792K, reserved 1048576K
}
Event: 19.112 GC heap after
{Heap after GC invocations=27 (full 0):
 garbage-first heap   total 120832K, used 64206K [0x0000000700000000, 0x0000000800000000)
  region size 2048K, 2 young (4096K), 2 survivors (4096K)
 Metaspace       used 71681K, committed 72128K, reserved 1114112K
  class space    used 9620K, committed 9792K, reserved 1048576K
}
Event: 20.192 GC heap before
{Heap before GC invocations=28 (full 0):
 garbage-first heap   total 120832K, used 96974K [0x0000000700000000, 0x0000000800000000)
  region size 2048K, 18 young (36864K), 2 survivors (4096K)
 Metaspace       used 75084K, committed 75648K, reserved 1122304K
  class space    used 10147K, committed 10432K, reserved 1048576K
}
Event: 20.201 GC heap after
{Heap after GC invocations=29 (full 0):
 garbage-first heap   total 120832K, used 66989K [0x0000000700000000, 0x0000000800000000)
  region size 2048K, 3 young (6144K), 3 survivors (6144K)
 Metaspace       used 75084K, committed 75648K, reserved 1122304K
  class space    used 10147K, committed 10432K, reserved 1048576K
}
Event: 20.871 GC heap before
{Heap before GC invocations=29 (full 0):
 garbage-first heap   total 120832K, used 97709K [0x0000000700000000, 0x0000000800000000)
  region size 2048K, 18 young (36864K), 3 survivors (6144K)
 Metaspace       used 78368K, committed 78976K, reserved 1122304K
  class space    used 10669K, committed 10944K, reserved 1048576K
}
Event: 20.882 GC heap after
{Heap after GC invocations=30 (full 0):
 garbage-first heap   total 145408K, used 68729K [0x0000000700000000, 0x0000000800000000)
  region size 2048K, 3 young (6144K), 3 survivors (6144K)
 Metaspace       used 78368K, committed 78976K, reserved 1122304K
  class space    used 10669K, committed 10944K, reserved 1048576K
}
Event: 22.019 GC heap before
{Heap before GC invocations=31 (full 0):
 garbage-first heap   total 145408K, used 115833K [0x0000000700000000, 0x0000000800000000)
  region size 2048K, 26 young (53248K), 3 survivors (6144K)
 Metaspace       used 82221K, committed 82816K, reserved 1122304K
  class space    used 11176K, committed 11456K, reserved 1048576K
}
Event: 22.033 GC heap after
{Heap after GC invocations=32 (full 0):
 garbage-first heap   total 145408K, used 73796K [0x0000000700000000, 0x0000000800000000)
  region size 2048K, 4 young (8192K), 4 survivors (8192K)
 Metaspace       used 82221K, committed 82816K, reserved 1122304K
  class space    used 11176K, committed 11456K, reserved 1048576K
}
Event: 22.769 GC heap before
{Heap before GC invocations=32 (full 0):
 garbage-first heap   total 145408K, used 114756K [0x0000000700000000, 0x0000000800000000)
  region size 2048K, 24 young (49152K), 4 survivors (8192K)
 Metaspace       used 83934K, committed 84480K, reserved 1122304K
  class space    used 11516K, committed 11776K, reserved 1048576K
}
Event: 22.784 GC heap after
{Heap after GC invocations=33 (full 0):
 garbage-first heap   total 145408K, used 79870K [0x0000000700000000, 0x0000000800000000)
  region size 2048K, 3 young (6144K), 3 survivors (6144K)
 Metaspace       used 83934K, committed 84480K, reserved 1122304K
  class space    used 11516K, committed 11776K, reserved 1048576K
}
Event: 23.791 GC heap before
{Heap before GC invocations=34 (full 0):
 garbage-first heap   total 145408K, used 114686K [0x0000000700000000, 0x0000000800000000)
  region size 2048K, 21 young (43008K), 3 survivors (6144K)
 Metaspace       used 84644K, committed 85248K, reserved 1130496K
  class space    used 11608K, committed 11904K, reserved 1048576K
}
Event: 23.804 GC heap after
{Heap after GC invocations=35 (full 0):
 garbage-first heap   total 145408K, used 83586K [0x0000000700000000, 0x0000000800000000)
  region size 2048K, 2 young (4096K), 2 survivors (4096K)
 Metaspace       used 84644K, committed 85248K, reserved 1130496K
  class space    used 11608K, committed 11904K, reserved 1048576K
}
Event: 24.698 GC heap before
{Heap before GC invocations=35 (full 0):
 garbage-first heap   total 145408K, used 116354K [0x0000000700000000, 0x0000000800000000)
  region size 2048K, 19 young (38912K), 2 survivors (4096K)
 Metaspace       used 85184K, committed 85824K, reserved 1130496K
  class space    used 11646K, committed 11968K, reserved 1048576K
}
Event: 24.708 GC heap after
{Heap after GC invocations=36 (full 0):
 garbage-first heap   total 145408K, used 86638K [0x0000000700000000, 0x0000000800000000)
  region size 2048K, 2 young (4096K), 2 survivors (4096K)
 Metaspace       used 85184K, committed 85824K, reserved 1130496K
  class space    used 11646K, committed 11968K, reserved 1048576K
}
Event: 25.282 GC heap before
{Heap before GC invocations=37 (full 0):
 garbage-first heap   total 153600K, used 115310K [0x0000000700000000, 0x0000000800000000)
  region size 2048K, 17 young (34816K), 2 survivors (4096K)
 Metaspace       used 85492K, committed 86080K, reserved 1130496K
  class space    used 11662K, committed 11968K, reserved 1048576K
}
Event: 25.291 GC heap after
{Heap after GC invocations=38 (full 0):
 garbage-first heap   total 153600K, used 88602K [0x0000000700000000, 0x0000000800000000)
  region size 2048K, 3 young (6144K), 3 survivors (6144K)
 Metaspace       used 85492K, committed 86080K, reserved 1130496K
  class space    used 11662K, committed 11968K, reserved 1048576K
}
Event: 25.921 GC heap before
{Heap before GC invocations=38 (full 0):
 garbage-first heap   total 153600K, used 123418K [0x0000000700000000, 0x0000000800000000)
  region size 2048K, 21 young (43008K), 3 survivors (6144K)
 Metaspace       used 85848K, committed 86464K, reserved 1130496K
  class space    used 11697K, committed 11968K, reserved 1048576K
}
Event: 25.931 GC heap after
{Heap after GC invocations=39 (full 0):
 garbage-first heap   total 153600K, used 91412K [0x0000000700000000, 0x0000000800000000)
  region size 2048K, 3 young (6144K), 3 survivors (6144K)
 Metaspace       used 85848K, committed 86464K, reserved 1130496K
  class space    used 11697K, committed 11968K, reserved 1048576K
}

Dll operation events (2 events):
Event: 0.032 Loaded shared library E:\Apk Kuliah\Andro\jbr\bin\java.dll
Event: 0.784 Loaded shared library E:\Apk Kuliah\Andro\jbr\bin\verify.dll

Deoptimization events (20 events):
Event: 25.552 Thread 0x0000029249eb5fc0 DEOPT PACKING pc=0x0000029231bd1d38 sp=0x000000eba2dfe230
Event: 25.552 Thread 0x0000029249eb5fc0 DEOPT UNPACKING pc=0x00000292315c69a3 sp=0x000000eba2dfe1b0 mode 2
Event: 25.626 Thread 0x0000029245b3a590 Uncommon trap: trap_request=0xffffffc6 fr.pc=0x0000029231eb9c48 relative=0x0000000000000128
Event: 25.626 Thread 0x0000029245b3a590 Uncommon trap: reason=bimorphic_or_optimized_type_check action=maybe_recompile pc=0x0000029231eb9c48 method=com.google.common.collect.RegularImmutableMap.checkNoConflictInKeyBucket(Ljava/lang/Object;Ljava/lang/Object;Lcom/google/common/collect/ImmutableMa
Event: 25.627 Thread 0x0000029245b3a590 DEOPT PACKING pc=0x0000029231eb9c48 sp=0x000000eba3ffc150
Event: 25.627 Thread 0x0000029245b3a590 DEOPT UNPACKING pc=0x00000292315c69a3 sp=0x000000eba3ffc0e8 mode 2
Event: 25.740 Thread 0x0000029245b3a590 Uncommon trap: trap_request=0xffffffc6 fr.pc=0x0000029231eb9c48 relative=0x0000000000000128
Event: 25.740 Thread 0x0000029245b3a590 Uncommon trap: reason=bimorphic_or_optimized_type_check action=maybe_recompile pc=0x0000029231eb9c48 method=com.google.common.collect.RegularImmutableMap.checkNoConflictInKeyBucket(Ljava/lang/Object;Ljava/lang/Object;Lcom/google/common/collect/ImmutableMa
Event: 25.740 Thread 0x0000029245b3a590 DEOPT PACKING pc=0x0000029231eb9c48 sp=0x000000eba3ffc150
Event: 25.740 Thread 0x0000029245b3a590 DEOPT UNPACKING pc=0x00000292315c69a3 sp=0x000000eba3ffc0e8 mode 2
Event: 25.789 Thread 0x0000029245b3a590 Uncommon trap: trap_request=0xffffff45 fr.pc=0x0000029231f15288 relative=0x0000000000000988
Event: 25.789 Thread 0x0000029245b3a590 Uncommon trap: reason=unstable_if action=reinterpret pc=0x0000029231f15288 method=org.gradle.internal.snapshot.VfsRelativePath.lengthOfCommonPrefix(Ljava/lang/String;Lorg/gradle/internal/snapshot/CaseSensitivity;)I @ 165 c2
Event: 25.789 Thread 0x0000029245b3a590 DEOPT PACKING pc=0x0000029231f15288 sp=0x000000eba3ff9d70
Event: 25.789 Thread 0x0000029245b3a590 DEOPT UNPACKING pc=0x00000292315c69a3 sp=0x000000eba3ff9d00 mode 2
Event: 26.061 Thread 0x0000029245b3a590 DEOPT PACKING pc=0x000002922b3225f9 sp=0x000000eba3ffbef0
Event: 26.061 Thread 0x0000029245b3a590 DEOPT UNPACKING pc=0x00000292315c7143 sp=0x000000eba3ffb428 mode 0
Event: 26.108 Thread 0x0000029245b3a590 Uncommon trap: trap_request=0xffffffd6 fr.pc=0x0000029231f5b684 relative=0x0000000000000964
Event: 26.108 Thread 0x0000029245b3a590 Uncommon trap: reason=array_check action=maybe_recompile pc=0x0000029231f5b684 method=java.util.TimSort.binarySort([Ljava/lang/Object;IIILjava/util/Comparator;)V @ 183 c2
Event: 26.108 Thread 0x0000029245b3a590 DEOPT PACKING pc=0x0000029231f5b684 sp=0x000000eba3ff9870
Event: 26.108 Thread 0x0000029245b3a590 DEOPT UNPACKING pc=0x00000292315c69a3 sp=0x000000eba3ff9818 mode 2

Classes unloaded (1 events):
Event: 26.187 Thread 0x0000029244d1a7e0 Unloading class 0x0000000800b90000 'java/lang/invoke/LambdaForm$DMH+0x0000000800b90000'

Classes redefined (0 events):
No events

Internal exceptions (20 events):
Event: 23.232 Thread 0x0000029245b3a590 Exception <a 'java/lang/NoSuchMethodError'{0x0000000708608b70}: 'void java.lang.invoke.DirectMethodHandle$Holder.invokeStatic(java.lang.Object, java.lang.Object, java.lang.Object, java.lang.Object, int, java.lang.Object, java.lang.Object)'> (0x0000000708608b70) 
thrown [s\src\hotspot\share\interpreter\linkResolver.cpp, line 771]
Event: 23.267 Thread 0x00000292480b9a40 Exception <a 'java/lang/NoSuchMethodError'{0x00000007084b3c38}: 'java.lang.Object java.lang.invoke.DirectMethodHandle$Holder.invokeSpecialIFC(java.lang.Object, java.lang.Object, java.lang.Object)'> (0x00000007084b3c38) 
thrown [s\src\hotspot\share\interpreter\linkResolver.cpp, line 771]
Event: 23.267 Thread 0x0000029245b3a590 Exception <a 'java/lang/NoSuchMethodError'{0x00000007084edc08}: 'java.lang.Object java.lang.invoke.DirectMethodHandle$Holder.invokeSpecialIFC(java.lang.Object, java.lang.Object, java.lang.Object)'> (0x00000007084edc08) 
thrown [s\src\hotspot\share\interpreter\linkResolver.cpp, line 771]
Event: 24.991 Thread 0x0000029245b3a590 Exception <a 'java/lang/NoSuchMethodError'{0x000000070933ea10}: static Lcom/android/build/gradle/internal/scope/InternalArtifactType;.<clinit>()V> (0x000000070933ea10) 
thrown [s\src\hotspot\share\prims\jni.cpp, line 1108]
Event: 24.991 Thread 0x0000029245b3a590 Exception <a 'java/lang/NoSuchMethodError'{0x0000000709340410}: static Lcom/android/build/gradle/internal/scope/InternalArtifactType;.<clinit>()V> (0x0000000709340410) 
thrown [s\src\hotspot\share\prims\jni.cpp, line 1108]
Event: 24.992 Thread 0x0000029245b3a590 Exception <a 'java/lang/NoSuchMethodError'{0x0000000709343858}: static Lcom/android/build/api/artifact/Artifact$Single;.<clinit>()V> (0x0000000709343858) 
thrown [s\src\hotspot\share\prims\jni.cpp, line 1108]
Event: 24.992 Thread 0x0000029245b3a590 Exception <a 'java/lang/NoSuchMethodError'{0x0000000709346090}: static Ljava/lang/Object;.<clinit>()V> (0x0000000709346090) 
thrown [s\src\hotspot\share\prims\jni.cpp, line 1108]
Event: 24.998 Thread 0x0000029245b3a590 Exception <a 'java/lang/NoSuchMethodError'{0x00000007093614e0}: static Lcom/android/build/api/artifact/ArtifactKind;.<clinit>()V> (0x00000007093614e0) 
thrown [s\src\hotspot\share\prims\jni.cpp, line 1108]
Event: 24.998 Thread 0x0000029245b3a590 Exception <a 'java/lang/NoSuchMethodError'{0x0000000709362948}: static Lcom/android/build/api/artifact/ArtifactKind;.<clinit>()V> (0x0000000709362948) 
thrown [s\src\hotspot\share\prims\jni.cpp, line 1108]
Event: 25.030 Thread 0x0000029245b3a590 Implicit null exception at 0x0000029231f27b85 to 0x0000029231f27d1c
Event: 25.187 Thread 0x0000029249eb7ca0 Implicit null exception at 0x0000029231f3941a to 0x0000029231f39d3c
Event: 25.187 Thread 0x0000029249eb7ca0 Implicit null exception at 0x0000029231f3941a to 0x0000029231f39d3c
Event: 25.187 Thread 0x00000292480b9f10 Implicit null exception at 0x0000029231f3941a to 0x0000029231f39d3c
Event: 25.187 Thread 0x00000292480b9f10 Implicit null exception at 0x0000029231f3941a to 0x0000029231f39d3c
Event: 25.254 Thread 0x0000029245b3d5b0 Implicit null exception at 0x0000029231f40cb7 to 0x0000029231f41300
Event: 25.254 Thread 0x0000029249eb9e50 Implicit null exception at 0x0000029231f40cb7 to 0x0000029231f41300
Event: 25.494 Thread 0x0000029245b3a590 Exception <a 'java/lang/NoSuchMethodError'{0x0000000709197ea0}: 'int java.lang.invoke.DirectMethodHandle$Holder.invokeSpecial(java.lang.Object, java.lang.Object, java.lang.Object, java.lang.Object, java.lang.Object)'> (0x0000000709197ea0) 
thrown [s\src\hotspot\share\interpreter\linkResolver.cpp, line 771]
Event: 25.503 Thread 0x0000029245b3a590 Exception <a 'java/lang/NoSuchMethodError'{0x00000007091f9c30}: static Ljava/lang/Object;.<clinit>()V> (0x00000007091f9c30) 
thrown [s\src\hotspot\share\prims\jni.cpp, line 1108]
Event: 25.630 Thread 0x0000029245b3a590 Exception <a 'sun/nio/fs/WindowsException'{0x000000070875c670}> (0x000000070875c670) 
thrown [s\src\hotspot\share\prims\jni.cpp, line 517]
Event: 25.764 Thread 0x0000029245b3a590 Exception <a 'sun/nio/fs/WindowsException'{0x00000007081d76c0}> (0x00000007081d76c0) 
thrown [s\src\hotspot\share\prims\jni.cpp, line 517]

VM Operations (20 events):
Event: 25.025 Executing VM operation: HandshakeAllThreads done
Event: 25.224 Executing VM operation: ICBufferFull
Event: 25.227 Executing VM operation: ICBufferFull done
Event: 25.282 Executing VM operation: G1CollectForAllocation
Event: 25.291 Executing VM operation: G1CollectForAllocation done
Event: 25.398 Executing VM operation: HandshakeAllThreads
Event: 25.398 Executing VM operation: HandshakeAllThreads done
Event: 25.454 Executing VM operation: ICBufferFull
Event: 25.455 Executing VM operation: ICBufferFull done
Event: 25.467 Executing VM operation: HandshakeAllThreads
Event: 25.467 Executing VM operation: HandshakeAllThreads done
Event: 25.492 Executing VM operation: HandshakeAllThreads
Event: 25.492 Executing VM operation: HandshakeAllThreads done
Event: 25.493 Executing VM operation: HandshakeAllThreads
Event: 25.493 Executing VM operation: HandshakeAllThreads done
Event: 25.647 Executing VM operation: ICBufferFull
Event: 25.648 Executing VM operation: ICBufferFull done
Event: 25.920 Executing VM operation: G1CollectForAllocation
Event: 25.935 Executing VM operation: G1CollectForAllocation done
Event: 26.136 Executing VM operation: G1Concurrent

Events (20 events):
Event: 23.301 loading class java/util/function/IntBinaryOperator
Event: 23.302 loading class java/util/function/IntBinaryOperator done
Event: 23.302 loading class java/util/stream/ReduceOps$6
Event: 23.303 loading class java/util/stream/ReduceOps$6 done
Event: 23.303 loading class java/util/stream/ReduceOps$5ReducingSink
Event: 23.303 loading class java/util/stream/ReduceOps$5ReducingSink done
Event: 23.303 loading class java/util/stream/ReferencePipeline$4$1
Event: 23.303 loading class java/util/stream/ReferencePipeline$4$1 done
Event: 24.216 Thread 0x00000292458297a0 flushing nmethod 0x0000029231d44090
Event: 24.226 Thread 0x00000292458297a0 flushing nmethod 0x000002922ab88190
Event: 24.296 loading class java/util/Comparators$NaturalOrderComparator
Event: 24.297 loading class java/util/Comparators$NaturalOrderComparator done
Event: 24.297 loading class java/util/stream/SortedOps$SizedRefSortingSink
Event: 24.297 loading class java/util/stream/SortedOps$SizedRefSortingSink done
Event: 24.653 loading class jdk/internal/access/foreign/MemorySegmentProxy
Event: 24.654 loading class jdk/internal/access/foreign/MemorySegmentProxy done
Event: 24.980 loading class java/util/concurrent/ConcurrentSkipListMap$KeySet
Event: 24.982 loading class java/util/concurrent/ConcurrentSkipListMap$KeySet done
Event: 24.982 loading class java/util/concurrent/ConcurrentSkipListMap$KeyIterator
Event: 24.983 loading class java/util/concurrent/ConcurrentSkipListMap$KeyIterator done


Dynamic libraries:
0x00007ff6ff9c0000 - 0x00007ff6ff9ca000 	E:\Apk Kuliah\Andro\jbr\bin\java.exe
0x00007ffd17550000 - 0x00007ffd17748000 	C:\WINDOWS\SYSTEM32\ntdll.dll
0x00007ffd16990000 - 0x00007ffd16a4d000 	C:\WINDOWS\System32\KERNEL32.DLL
0x00007ffd15160000 - 0x00007ffd15456000 	C:\WINDOWS\System32\KERNELBASE.dll
0x00007ffd14c30000 - 0x00007ffd14d30000 	C:\WINDOWS\System32\ucrtbase.dll
0x00007ffd039c0000 - 0x00007ffd039d7000 	E:\Apk Kuliah\Andro\jbr\bin\jli.dll
0x00007ffd03700000 - 0x00007ffd0371b000 	E:\Apk Kuliah\Andro\jbr\bin\VCRUNTIME140.dll
0x00007ffd15bd0000 - 0x00007ffd15d6e000 	C:\WINDOWS\System32\USER32.dll
0x00007ffd057b0000 - 0x00007ffd05a4a000 	C:\WINDOWS\WinSxS\amd64_microsoft.windows.common-controls_6595b64144ccf1df_6.0.19041.3636_none_60b6a03d71f818d5\COMCTL32.dll
0x00007ffd14e30000 - 0x00007ffd14e52000 	C:\WINDOWS\System32\win32u.dll
0x00007ffd17310000 - 0x00007ffd1733c000 	C:\WINDOWS\System32\GDI32.dll
0x00007ffd15490000 - 0x00007ffd155aa000 	C:\WINDOWS\System32\gdi32full.dll
0x00007ffd150c0000 - 0x00007ffd1515d000 	C:\WINDOWS\System32\msvcp_win.dll
0x00007ffd15dd0000 - 0x00007ffd15e6e000 	C:\WINDOWS\System32\msvcrt.dll
0x00007ffd17280000 - 0x00007ffd172b0000 	C:\WINDOWS\System32\IMM32.DLL
0x00007ffd10610000 - 0x00007ffd1061c000 	E:\Apk Kuliah\Andro\jbr\bin\vcruntime140_1.dll
0x00007ffcf2780000 - 0x00007ffcf280d000 	E:\Apk Kuliah\Andro\jbr\bin\msvcp140.dll
0x00007ffcc6230000 - 0x00007ffcc6e9e000 	E:\Apk Kuliah\Andro\jbr\bin\server\jvm.dll
0x00007ffd17340000 - 0x00007ffd173ef000 	C:\WINDOWS\System32\ADVAPI32.dll
0x00007ffd17160000 - 0x00007ffd171fc000 	C:\WINDOWS\System32\sechost.dll
0x00007ffd16ed0000 - 0x00007ffd16ff6000 	C:\WINDOWS\System32\RPCRT4.dll
0x00007ffd106c0000 - 0x00007ffd106c9000 	C:\WINDOWS\SYSTEM32\WSOCK32.dll
0x00007ffd17210000 - 0x00007ffd1727b000 	C:\WINDOWS\System32\WS2_32.dll
0x00007ffd0c840000 - 0x00007ffd0c867000 	C:\WINDOWS\SYSTEM32\WINMM.dll
0x00007ffd0c870000 - 0x00007ffd0c87a000 	C:\WINDOWS\SYSTEM32\VERSION.dll
0x00007ffd12af0000 - 0x00007ffd12b02000 	C:\WINDOWS\SYSTEM32\kernel.appcore.dll
0x00007ffd0c880000 - 0x00007ffd0c88a000 	E:\Apk Kuliah\Andro\jbr\bin\jimage.dll
0x00007ffd0b410000 - 0x00007ffd0b5f4000 	C:\WINDOWS\SYSTEM32\DBGHELP.DLL
0x00007ffd005b0000 - 0x00007ffd005e4000 	C:\WINDOWS\SYSTEM32\dbgcore.DLL
0x00007ffd14da0000 - 0x00007ffd14e22000 	C:\WINDOWS\System32\bcryptPrimitives.dll
0x00007ffd04330000 - 0x00007ffd04355000 	E:\Apk Kuliah\Andro\jbr\bin\java.dll
0x00007ffd045c0000 - 0x00007ffd045d8000 	E:\Apk Kuliah\Andro\jbr\bin\zip.dll
0x00007ffd161d0000 - 0x00007ffd16915000 	C:\WINDOWS\System32\SHELL32.dll
0x00007ffd12cf0000 - 0x00007ffd1348b000 	C:\WINDOWS\SYSTEM32\windows.storage.dll
0x00007ffd15e70000 - 0x00007ffd161c4000 	C:\WINDOWS\System32\combase.dll
0x00007ffd145a0000 - 0x00007ffd145cd000 	C:\WINDOWS\SYSTEM32\Wldp.dll
0x00007ffd170b0000 - 0x00007ffd1715d000 	C:\WINDOWS\System32\SHCORE.dll
0x00007ffd156a0000 - 0x00007ffd156f5000 	C:\WINDOWS\System32\shlwapi.dll
0x00007ffd14b60000 - 0x00007ffd14b85000 	C:\WINDOWS\SYSTEM32\profapi.dll
0x00007ffd041a0000 - 0x00007ffd041b9000 	E:\Apk Kuliah\Andro\jbr\bin\net.dll
0x00007ffd0ad70000 - 0x00007ffd0ae7a000 	C:\WINDOWS\SYSTEM32\WINHTTP.dll
0x00007ffd14300000 - 0x00007ffd1436a000 	C:\WINDOWS\system32\mswsock.dll
0x00007ffd04180000 - 0x00007ffd04196000 	E:\Apk Kuliah\Andro\jbr\bin\nio.dll
0x00007ffd04cd0000 - 0x00007ffd04ce0000 	E:\Apk Kuliah\Andro\jbr\bin\verify.dll
0x00007ffd10620000 - 0x00007ffd10647000 	E:\Apk Kuliah\Andro\jbr\native\68d5fa5c4cc2d200863cafc0d521ce42e7d3e7ee720ec0a83991735586a16f82\windows-amd64\native-platform.dll
0x00007ffcf2160000 - 0x00007ffcf22a4000 	E:\Apk Kuliah\Andro\jbr\native\e376f236ea51e6404a007f0833ffe2c6e607c4080706a723a18a27aeea778392\windows-amd64\native-platform-file-events.dll
0x00007ffd044c0000 - 0x00007ffd044c9000 	E:\Apk Kuliah\Andro\jbr\bin\management.dll
0x00007ffd04300000 - 0x00007ffd0430b000 	E:\Apk Kuliah\Andro\jbr\bin\management_ext.dll
0x00007ffd16ec0000 - 0x00007ffd16ec8000 	C:\WINDOWS\System32\PSAPI.DLL
0x00007ffd144f0000 - 0x00007ffd14508000 	C:\WINDOWS\SYSTEM32\CRYPTSP.dll
0x00007ffd13c30000 - 0x00007ffd13c64000 	C:\WINDOWS\system32\rsaenh.dll
0x00007ffd15460000 - 0x00007ffd15487000 	C:\WINDOWS\System32\bcrypt.dll
0x00007ffd14b20000 - 0x00007ffd14b4e000 	C:\WINDOWS\SYSTEM32\USERENV.dll
0x00007ffd14510000 - 0x00007ffd1451c000 	C:\WINDOWS\SYSTEM32\CRYPTBASE.dll
0x00007ffd13ff0000 - 0x00007ffd1402b000 	C:\WINDOWS\SYSTEM32\IPHLPAPI.DLL
0x00007ffd17200000 - 0x00007ffd17208000 	C:\WINDOWS\System32\NSI.dll
0x00007ffd0bdf0000 - 0x00007ffd0be07000 	C:\WINDOWS\SYSTEM32\dhcpcsvc6.DLL
0x00007ffd0bf90000 - 0x00007ffd0bfad000 	C:\WINDOWS\SYSTEM32\dhcpcsvc.DLL
0x00007ffd14030000 - 0x00007ffd140fa000 	C:\WINDOWS\SYSTEM32\DNSAPI.dll
0x00007ffd04160000 - 0x00007ffd04167000 	C:\WINDOWS\system32\wshunix.dll

dbghelp: loaded successfully - version: 4.0.5 - missing functions: none
symbol engine: initialized successfully - sym options: 0x614 - pdb path: .;E:\Apk Kuliah\Andro\jbr\bin;C:\WINDOWS\SYSTEM32;C:\WINDOWS\WinSxS\amd64_microsoft.windows.common-controls_6595b64144ccf1df_6.0.19041.3636_none_60b6a03d71f818d5;E:\Apk Kuliah\Andro\jbr\bin\server;E:\Apk Kuliah\Andro\jbr\native\68d5fa5c4cc2d200863cafc0d521ce42e7d3e7ee720ec0a83991735586a16f82\windows-amd64;E:\Apk Kuliah\Andro\jbr\native\e376f236ea51e6404a007f0833ffe2c6e607c4080706a723a18a27aeea778392\windows-amd64

VM Arguments:
jvm_args: --add-opens=java.base/java.util=ALL-UNNAMED --add-opens=java.base/java.lang=ALL-UNNAMED --add-opens=java.base/java.lang.invoke=ALL-UNNAMED --add-opens=java.prefs/java.util.prefs=ALL-UNNAMED --add-opens=java.base/java.nio.charset=ALL-UNNAMED --add-opens=java.base/java.net=ALL-UNNAMED --add-opens=java.base/java.util.concurrent.atomic=ALL-UNNAMED -Xmx4096m -Dfile.encoding=UTF-8 -Duser.country=GB -Duser.language=en -Duser.variant 
java_command: org.gradle.launcher.daemon.bootstrap.GradleDaemon 8.0
java_class_path (initial): E:\Apk Kuliah\Andro\jbr\wrapper\dists\gradle-8.0-bin\ca5e32bp14vu59qr306oxotwh\gradle-8.0\lib\gradle-launcher-8.0.jar
Launcher Type: SUN_STANDARD

[Global flags]
     intx CICompilerCount                          = 3                                         {product} {ergonomic}
     uint ConcGCThreads                            = 1                                         {product} {ergonomic}
     uint G1ConcRefinementThreads                  = 4                                         {product} {ergonomic}
   size_t G1HeapRegionSize                         = 2097152                                   {product} {ergonomic}
    uintx GCDrainStackTargetSize                   = 64                                        {product} {ergonomic}
   size_t InitialHeapSize                          = 100663296                                 {product} {ergonomic}
   size_t MarkStackSize                            = 4194304                                   {product} {ergonomic}
   size_t MaxHeapSize                              = 4294967296                                {product} {command line}
   size_t MaxNewSize                               = 2575302656                                {product} {ergonomic}
   size_t MinHeapDeltaBytes                        = 2097152                                   {product} {ergonomic}
   size_t MinHeapSize                              = 8388608                                   {product} {ergonomic}
    uintx NonNMethodCodeHeapSize                   = 5832780                                {pd product} {ergonomic}
    uintx NonProfiledCodeHeapSize                  = 122912730                              {pd product} {ergonomic}
    uintx ProfiledCodeHeapSize                     = 122912730                              {pd product} {ergonomic}
    uintx ReservedCodeCacheSize                    = 251658240                              {pd product} {ergonomic}
     bool SegmentedCodeCache                       = true                                      {product} {ergonomic}
   size_t SoftMaxHeapSize                          = 4294967296                             {manageable} {ergonomic}
     bool UseCompressedClassPointers               = true                           {product lp64_product} {ergonomic}
     bool UseCompressedOops                        = true                           {product lp64_product} {ergonomic}
     bool UseG1GC                                  = true                                      {product} {ergonomic}
     bool UseLargePagesIndividualAllocation        = false                                  {pd product} {ergonomic}

Logging:
Log output configuration:
 #0: stdout all=warning uptime,level,tags
 #1: stderr all=off uptime,level,tags

Environment Variables:
PATH=C:\ProgramData\Oracle\Java\javapath;C:\WINDOWS\system32;C:\WINDOWS;C:\WINDOWS\System32\Wbem;C:\WINDOWS\System32\WindowsPowerShell\v1.0\;C:\WINDOWS\System32\OpenSSH\;C:\Program Files\dotnet\;C:\Program Files\Git\cmd;C:\Program Files\GitHub CLI\;C:\Program Files\Java\jdk1.8.0_111\bin;C:\Users\LENOVO\AppData\Local\Programs\Python\Python310\Scripts\;C:\Users\LENOVO\AppData\Local\Programs\Python\Python310\;C:\Users\LENOVO\AppData\Local\Microsoft\WindowsApps;C:\Users\LENOVO\AppData\Local\Programs\Microsoft VS Code\bin;C:\Users\LENOVO\.dotnet\tools;C:\Users\LENOVO\AppData\Local\GitHubDesktop\bin
USERNAME=YEOVIL
OS=Windows_NT
PROCESSOR_IDENTIFIER=AMD64 Family 23 Model 24 Stepping 1, AuthenticAMD
TMP=C:\Users\LENOVO\AppData\Local\Temp
TEMP=C:\Users\LENOVO\AppData\Local\Temp


JNI global refs:
JNI global refs: 24, weak refs: 17

JNI global refs memory usage: 843, weak refs: 841


---------------  S Y S T E M  ---------------

OS:
 Windows 10 , 64 bit Build 19041 (10.0.19041.3636)
OS uptime: 0 days 4:55 hours

CPU: total 4 (initial active 4) (4 cores per cpu, 2 threads per core) family 23 model 24 stepping 1 microcode 0x0, cx8, cmov, fxsr, ht, mmx, 3dnowpref, sse, sse2, sse3, ssse3, sse4a, sse4.1, sse4.2, popcnt, lzcnt, tsc, tscinvbit, avx, avx2, aes, clmul, bmi1, bmi2, adx, sha, fma, vzeroupper, clflush, clflushopt

Memory: 4k page, system-wide physical 6020M (75M free)
TotalPageFile size 14212M (AvailPageFile size 13M)
current process WorkingSet (physical memory assigned to process): 341M, peak: 341M
current process commit charge ("private bytes"): 404M, peak: 432M

vm_info: OpenJDK 64-Bit Server VM (17.0.6+0-b2043.56-10027231) for windows-amd64 JRE (17.0.6+0-b2043.56-10027231), built on Apr 28 2023 00:43:19 by "androidbuild" with MS VC++ 16.10 / 16.11 (VS2019)

END.
