#
# There is insufficient memory for the Java Runtime Environment to continue.
# Native memory allocation (malloc) failed to allocate 32744 bytes for ChunkPool::allocate
# Possible reasons:
#   The system is out of physical RAM or swap space
#   The process is running with CompressedOops enabled, and the Java Heap may be blocking the growth of the native heap
# Possible solutions:
#   Reduce memory load on the system
#   Increase physical memory or swap space
#   Check if swap backing store is full
#   Decrease Java heap size (-Xmx/-Xms)
#   Decrease number of Java threads
#   Decrease Java thread stack sizes (-Xss)
#   Set larger code cache with -XX:ReservedCodeCacheSize=
#   JVM is running with Zero Based Compressed Oops mode in which the Java heap is
#     placed in the first 32GB address space. The Java Heap base address is the
#     maximum limit for the native heap growth. Please use -XX:HeapBaseMinAddress
#     to set the Java Heap base and to place the Java Heap above 32GB virtual address.
# This output file may be truncated or incomplete.
#
#  Out of Memory Error (arena.cpp:78), pid=13476, tid=10908
#
# JRE version: OpenJDK Runtime Environment (17.0.6) (build 17.0.6+0-b2043.56-10027231)
# Java VM: OpenJDK 64-Bit Server VM (17.0.6+0-b2043.56-10027231, mixed mode, tiered, compressed oops, compressed class ptrs, g1 gc, windows-amd64)
# No core dump will be written. Minidumps are not enabled by default on client versions of Windows
#

---------------  S U M M A R Y ------------

Command Line: --add-opens=java.base/java.util=ALL-UNNAMED --add-opens=java.base/java.lang=ALL-UNNAMED --add-opens=java.base/java.lang.invoke=ALL-UNNAMED --add-opens=java.prefs/java.util.prefs=ALL-UNNAMED --add-opens=java.base/java.nio.charset=ALL-UNNAMED --add-opens=java.base/java.net=ALL-UNNAMED --add-opens=java.base/java.util.concurrent.atomic=ALL-UNNAMED -Xmx4096m -Dfile.encoding=UTF-8 -Duser.country=GB -Duser.language=en -Duser.variant org.gradle.launcher.daemon.bootstrap.GradleDaemon 8.0

Host: AMD Ryzen 3 3250U with Radeon Graphics         , 4 cores, 5G,  Windows 10 , 64 bit Build 19041 (10.0.19041.3636)
Time: Mon Dec 25 06:06:21 2023 Russia TZ 8 Standard Time elapsed time: 315.639707 seconds (0d 0h 5m 15s)

---------------  T H R E A D  ---------------

Current thread (0x00000197e2b3ca90):  JavaThread "C2 CompilerThread0" daemon [_thread_in_native, id=10908, stack(0x0000004b50700000,0x0000004b50800000)]


Current CompileTask:
C2: 315640 13949       4       java.text.SimpleDateFormat::subFormat (1264 bytes)

Stack: [0x0000004b50700000,0x0000004b50800000]
Native frames: (J=compiled Java code, j=interpreted, Vv=VM code, C=native code)
V  [jvm.dll+0x683c9a]
V  [jvm.dll+0x8427a4]
V  [jvm.dll+0x843f9e]
V  [jvm.dll+0x844603]
V  [jvm.dll+0x249b75]
V  [jvm.dll+0xabecc]
V  [jvm.dll+0xac27c]
V  [jvm.dll+0x60f0c0]
V  [jvm.dll+0x614e27]
V  [jvm.dll+0x615ca2]
V  [jvm.dll+0x614204]
V  [jvm.dll+0x21c078]
V  [jvm.dll+0x21b621]
V  [jvm.dll+0x1a4fdd]
V  [jvm.dll+0x22b098]
V  [jvm.dll+0x229159]
V  [jvm.dll+0x7f81ec]
V  [jvm.dll+0x7f274a]
V  [jvm.dll+0x682ad5]
C  [ucrtbase.dll+0x21bb2]
C  [KERNEL32.DLL+0x17344]
C  [ntdll.dll+0x526b1]


---------------  P R O C E S S  ---------------

Threads class SMR info:
_java_thread_list=0x00000197eabff720, length=34, elements={
0x00000197c29dd310, 0x00000197e2af09c0, 0x00000197e2af4ca0, 0x00000197e2b382a0,
0x00000197e2b3ac70, 0x00000197e2b3b530, 0x00000197e2b3bdf0, 0x00000197e2b3ca90,
0x00000197e2b3d440, 0x00000197e356dd00, 0x00000197e369b420, 0x00000197e369dd10,
0x00000197e494e4b0, 0x00000197e4fdc3d0, 0x00000197e4fd8470, 0x00000197e5eb2080,
0x00000197e5eb3890, 0x00000197e5eb3d60, 0x00000197e5eb4bd0, 0x00000197e5eb50a0,
0x00000197e5eb2550, 0x00000197e7cf7830, 0x00000197e7cf9510, 0x00000197e7cf69c0,
0x00000197e7cf81d0, 0x00000197e7cf7360, 0x00000197e4890e70, 0x00000197ea22cba0,
0x00000197ea22d070, 0x00000197ea22b390, 0x00000197ea22b860, 0x00000197ea22bd30,
0x00000197ea22c200, 0x00000197e451cde0
}

Java Threads: ( => current thread )
  0x00000197c29dd310 JavaThread "main" [_thread_blocked, id=12596, stack(0x0000004b4fa00000,0x0000004b4fb00000)]
  0x00000197e2af09c0 JavaThread "Reference Handler" daemon [_thread_blocked, id=1988, stack(0x0000004b50100000,0x0000004b50200000)]
  0x00000197e2af4ca0 JavaThread "Finalizer" daemon [_thread_blocked, id=13964, stack(0x0000004b50200000,0x0000004b50300000)]
  0x00000197e2b382a0 JavaThread "Signal Dispatcher" daemon [_thread_blocked, id=5584, stack(0x0000004b50300000,0x0000004b50400000)]
  0x00000197e2b3ac70 JavaThread "Attach Listener" daemon [_thread_blocked, id=13316, stack(0x0000004b50400000,0x0000004b50500000)]
  0x00000197e2b3b530 JavaThread "Service Thread" daemon [_thread_blocked, id=9268, stack(0x0000004b50500000,0x0000004b50600000)]
  0x00000197e2b3bdf0 JavaThread "Monitor Deflation Thread" daemon [_thread_blocked, id=14232, stack(0x0000004b50600000,0x0000004b50700000)]
=>0x00000197e2b3ca90 JavaThread "C2 CompilerThread0" daemon [_thread_in_native, id=10908, stack(0x0000004b50700000,0x0000004b50800000)]
  0x00000197e2b3d440 JavaThread "C1 CompilerThread0" daemon [_thread_blocked, id=13724, stack(0x0000004b50800000,0x0000004b50900000)]
  0x00000197e356dd00 JavaThread "Sweeper thread" daemon [_thread_blocked, id=9652, stack(0x0000004b50900000,0x0000004b50a00000)]
  0x00000197e369b420 JavaThread "Common-Cleaner" daemon [_thread_blocked, id=13872, stack(0x0000004b50a00000,0x0000004b50b00000)]
  0x00000197e369dd10 JavaThread "Notification Thread" daemon [_thread_blocked, id=9388, stack(0x0000004b50b00000,0x0000004b50c00000)]
  0x00000197e494e4b0 JavaThread "Daemon health stats" [_thread_blocked, id=12688, stack(0x0000004b50f00000,0x0000004b51000000)]
  0x00000197e4fdc3d0 JavaThread "Incoming local TCP Connector on port 51995" [_thread_in_native, id=13404, stack(0x0000004b51100000,0x0000004b51200000)]
  0x00000197e4fd8470 JavaThread "Daemon periodic checks" [_thread_blocked, id=12724, stack(0x0000004b51200000,0x0000004b51300000)]
  0x00000197e5eb2080 JavaThread "Cache worker for journal cache (E:\Apk Kuliah\Andro\jbr\caches\journal-1)" [_thread_blocked, id=9792, stack(0x0000004b51a00000,0x0000004b51b00000)]
  0x00000197e5eb3890 JavaThread "File lock request listener" [_thread_in_native, id=13200, stack(0x0000004b51b00000,0x0000004b51c00000)]
  0x00000197e5eb3d60 JavaThread "Cache worker for file hash cache (E:\Apk Kuliah\Andro\jbr\caches\8.0\fileHashes)" [_thread_blocked, id=456, stack(0x0000004b51c00000,0x0000004b51d00000)]
  0x00000197e5eb4bd0 JavaThread "File watcher server" daemon [_thread_in_native, id=2372, stack(0x0000004b51d00000,0x0000004b51e00000)]
  0x00000197e5eb50a0 JavaThread "File watcher consumer" daemon [_thread_blocked, id=2904, stack(0x0000004b51e00000,0x0000004b51f00000)]
  0x00000197e5eb2550 JavaThread "Cache worker for file content cache (E:\Apk Kuliah\Andro\jbr\caches\8.0\fileContent)" [_thread_blocked, id=6652, stack(0x0000004b52100000,0x0000004b52200000)]
  0x00000197e7cf7830 JavaThread "Cache worker for execution history cache (E:\Apk Kuliah\Andro\jbr\caches\8.0\executionHistory)" [_thread_blocked, id=4404, stack(0x0000004b52400000,0x0000004b52500000)]
  0x00000197e7cf9510 JavaThread "jar transforms" [_thread_blocked, id=13700, stack(0x0000004b52500000,0x0000004b52600000)]
  0x00000197e7cf69c0 JavaThread "jar transforms Thread 2" [_thread_blocked, id=13656, stack(0x0000004b52600000,0x0000004b52700000)]
  0x00000197e7cf81d0 JavaThread "jar transforms Thread 3" [_thread_blocked, id=7208, stack(0x0000004b52800000,0x0000004b52900000)]
  0x00000197e7cf7360 JavaThread "jar transforms Thread 4" [_thread_blocked, id=4868, stack(0x0000004b52900000,0x0000004b52a00000)]
  0x00000197e4890e70 JavaThread "Memory manager" [_thread_blocked, id=10672, stack(0x0000004b55500000,0x0000004b55600000)]
  0x00000197ea22cba0 JavaThread "Daemon Thread 4" [_thread_blocked, id=13772, stack(0x0000004b4f700000,0x0000004b4f800000)]
  0x00000197ea22d070 JavaThread "Handler for socket connection from /127.0.0.1:51995 to /127.0.0.1:52204" [_thread_in_native, id=13988, stack(0x0000004b4f800000,0x0000004b4f900000)]
  0x00000197ea22b390 JavaThread "Cancel handler" [_thread_blocked, id=2260, stack(0x0000004b4f900000,0x0000004b4fa00000)]
  0x00000197ea22b860 JavaThread "Daemon worker Thread 4" [_thread_in_Java, id=12768, stack(0x0000004b51300000,0x0000004b51400000)]
  0x00000197ea22bd30 JavaThread "Asynchronous log dispatcher for DefaultDaemonConnection: socket connection from /127.0.0.1:51995 to /127.0.0.1:52204" [_thread_blocked, id=12140, stack(0x0000004b51400000,0x0000004b51500000)]
  0x00000197ea22c200 JavaThread "Stdin handler" [_thread_blocked, id=13648, stack(0x0000004b51500000,0x0000004b51600000)]
  0x00000197e451cde0 JavaThread "Daemon client event forwarder" [_thread_blocked, id=2668, stack(0x0000004b51600000,0x0000004b51700000)]

Other Threads:
  0x00000197e2aec610 VMThread "VM Thread" [stack: 0x0000004b50000000,0x0000004b50100000] [id=13560]
  0x00000197c2a64840 WatcherThread [stack: 0x0000004b50c00000,0x0000004b50d00000] [id=13916]
  0x00000197c2a46dd0 GCTaskThread "GC Thread#0" [stack: 0x0000004b4fb00000,0x0000004b4fc00000] [id=4736]
  0x00000197e3adcf60 GCTaskThread "GC Thread#1" [stack: 0x0000004b50d00000,0x0000004b50e00000] [id=12564]
  0x00000197e377c160 GCTaskThread "GC Thread#2" [stack: 0x0000004b50e00000,0x0000004b50f00000] [id=14264]
  0x00000197e49385a0 GCTaskThread "GC Thread#3" [stack: 0x0000004b51000000,0x0000004b51100000] [id=10168]
  0x00000197c2a57c20 ConcurrentGCThread "G1 Main Marker" [stack: 0x0000004b4fc00000,0x0000004b4fd00000] [id=9480]
  0x00000197c2a58540 ConcurrentGCThread "G1 Conc#0" [stack: 0x0000004b4fd00000,0x0000004b4fe00000] [id=5796]
  0x00000197e29610a0 ConcurrentGCThread "G1 Refine#0" [stack: 0x0000004b4fe00000,0x0000004b4ff00000] [id=9456]
  0x00000197e6a4a340 ConcurrentGCThread "G1 Refine#1" [stack: 0x0000004b52700000,0x0000004b52800000] [id=13888]
  0x00000197e29618d0 ConcurrentGCThread "G1 Service" [stack: 0x0000004b4ff00000,0x0000004b50000000] [id=3024]

Threads with active compile tasks:
C2 CompilerThread0   315692 13949       4       java.text.SimpleDateFormat::subFormat (1264 bytes)

VM state: not at safepoint (normal execution)

VM Mutex/Monitor currently owned by a thread: None

Heap address: 0x0000000700000000, size: 4096 MB, Compressed Oops mode: Zero based, Oop shift amount: 3

CDS archive(s) not mapped
Compressed class space mapped at: 0x0000000800000000-0x0000000840000000, reserved size: 1073741824
Narrow klass base: 0x0000000800000000, Narrow klass shift: 0, Narrow klass range: 0x40000000

GC Precious Log:
 CPUs: 4 total, 4 available
 Memory: 6020M
 Large Page Support: Disabled
 NUMA Support: Disabled
 Compressed Oops: Enabled (Zero based)
 Heap Region Size: 2M
 Heap Min Capacity: 8M
 Heap Initial Capacity: 96M
 Heap Max Capacity: 4G
 Pre-touch: Disabled
 Parallel Workers: 4
 Concurrent Workers: 1
 Concurrent Refinement Workers: 4
 Periodic GC: Disabled

Heap:
 garbage-first heap   total 188416K, used 146026K [0x0000000700000000, 0x0000000800000000)
  region size 2048K, 22 young (45056K), 1 survivors (2048K)
 Metaspace       used 88319K, committed 89024K, reserved 1130496K
  class space    used 11880K, committed 12224K, reserved 1048576K

Heap Regions: E=young(eden), S=young(survivor), O=old, HS=humongous(starts), HC=humongous(continues), CS=collection set, F=free, OA=open archive, CA=closed archive, TAMS=top-at-mark-start (previous, next)
|   0|0x0000000700000000, 0x0000000700200000, 0x0000000700200000|100%| O|  |TAMS 0x0000000700200000, 0x0000000700000000| Untracked 
|   1|0x0000000700200000, 0x0000000700400000, 0x0000000700400000|100%|HS|  |TAMS 0x0000000700400000, 0x0000000700200000| Complete 
|   2|0x0000000700400000, 0x0000000700600000, 0x0000000700600000|100%|HC|  |TAMS 0x0000000700600000, 0x0000000700400000| Complete 
|   3|0x0000000700600000, 0x0000000700800000, 0x0000000700800000|100%| O|  |TAMS 0x0000000700800000, 0x0000000700600000| Untracked 
|   4|0x0000000700800000, 0x0000000700a00000, 0x0000000700a00000|100%| O|  |TAMS 0x0000000700a00000, 0x0000000700800000| Untracked 
|   5|0x0000000700a00000, 0x0000000700c00000, 0x0000000700c00000|100%| O|  |TAMS 0x0000000700c00000, 0x0000000700a00000| Untracked 
|   6|0x0000000700c00000, 0x0000000700e00000, 0x0000000700e00000|100%| O|  |TAMS 0x0000000700e00000, 0x0000000700c00000| Untracked 
|   7|0x0000000700e00000, 0x0000000701000000, 0x0000000701000000|100%| O|  |TAMS 0x0000000701000000, 0x0000000700e00000| Untracked 
|   8|0x0000000701000000, 0x0000000701200000, 0x0000000701200000|100%| O|  |TAMS 0x0000000701200000, 0x0000000701000000| Untracked 
|   9|0x0000000701200000, 0x0000000701400000, 0x0000000701400000|100%| O|  |TAMS 0x0000000701400000, 0x0000000701200000| Untracked 
|  10|0x0000000701400000, 0x0000000701600000, 0x0000000701600000|100%| O|  |TAMS 0x0000000701600000, 0x0000000701400000| Untracked 
|  11|0x0000000701600000, 0x0000000701800000, 0x0000000701800000|100%| O|  |TAMS 0x0000000701800000, 0x0000000701600000| Untracked 
|  12|0x0000000701800000, 0x0000000701a00000, 0x0000000701a00000|100%| O|  |TAMS 0x0000000701a00000, 0x0000000701800000| Untracked 
|  13|0x0000000701a00000, 0x0000000701c00000, 0x0000000701c00000|100%| O|  |TAMS 0x0000000701c00000, 0x0000000701a00000| Untracked 
|  14|0x0000000701c00000, 0x0000000701e00000, 0x0000000701e00000|100%| O|  |TAMS 0x0000000701e00000, 0x0000000701c00000| Untracked 
|  15|0x0000000701e00000, 0x0000000702000000, 0x0000000702000000|100%|HS|  |TAMS 0x0000000702000000, 0x0000000701e00000| Complete 
|  16|0x0000000702000000, 0x0000000702200000, 0x0000000702200000|100%|HC|  |TAMS 0x0000000702200000, 0x0000000702000000| Complete 
|  17|0x0000000702200000, 0x0000000702400000, 0x0000000702400000|100%| O|  |TAMS 0x0000000702400000, 0x0000000702200000| Untracked 
|  18|0x0000000702400000, 0x0000000702600000, 0x0000000702600000|100%| O|  |TAMS 0x0000000702600000, 0x0000000702400000| Untracked 
|  19|0x0000000702600000, 0x0000000702800000, 0x0000000702800000|100%| O|  |TAMS 0x0000000702800000, 0x0000000702600000| Untracked 
|  20|0x0000000702800000, 0x0000000702a00000, 0x0000000702a00000|100%| O|  |TAMS 0x0000000702a00000, 0x0000000702800000| Untracked 
|  21|0x0000000702a00000, 0x0000000702c00000, 0x0000000702c00000|100%| O|  |TAMS 0x0000000702c00000, 0x0000000702a00000| Untracked 
|  22|0x0000000702c00000, 0x0000000702e00000, 0x0000000702e00000|100%| O|  |TAMS 0x0000000702e00000, 0x0000000702c00000| Untracked 
|  23|0x0000000702e00000, 0x0000000703000000, 0x0000000703000000|100%| O|  |TAMS 0x0000000703000000, 0x0000000702e00000| Untracked 
|  24|0x0000000703000000, 0x0000000703200000, 0x0000000703200000|100%| O|  |TAMS 0x0000000703200000, 0x0000000703000000| Untracked 
|  25|0x0000000703200000, 0x0000000703400000, 0x0000000703400000|100%| O|  |TAMS 0x0000000703400000, 0x0000000703200000| Untracked 
|  26|0x0000000703400000, 0x0000000703600000, 0x0000000703600000|100%| O|  |TAMS 0x0000000703600000, 0x0000000703400000| Untracked 
|  27|0x0000000703600000, 0x0000000703800000, 0x0000000703800000|100%| O|  |TAMS 0x0000000703800000, 0x0000000703600000| Untracked 
|  28|0x0000000703800000, 0x0000000703a00000, 0x0000000703a00000|100%| O|  |TAMS 0x0000000703a00000, 0x0000000703800000| Untracked 
|  29|0x0000000703a00000, 0x0000000703c00000, 0x0000000703c00000|100%| O|  |TAMS 0x0000000703c00000, 0x0000000703a00000| Untracked 
|  30|0x0000000703c00000, 0x0000000703e00000, 0x0000000703e00000|100%| O|  |TAMS 0x0000000703e00000, 0x0000000703c00000| Untracked 
|  31|0x0000000703e00000, 0x0000000704000000, 0x0000000704000000|100%| O|  |TAMS 0x0000000704000000, 0x0000000703e00000| Untracked 
|  32|0x0000000704000000, 0x0000000704200000, 0x0000000704200000|100%| O|  |TAMS 0x0000000704200000, 0x0000000704000000| Untracked 
|  33|0x0000000704200000, 0x0000000704400000, 0x0000000704400000|100%| O|  |TAMS 0x0000000704400000, 0x0000000704200000| Untracked 
|  34|0x0000000704400000, 0x0000000704600000, 0x0000000704600000|100%| O|  |TAMS 0x0000000704600000, 0x0000000704400000| Untracked 
|  35|0x0000000704600000, 0x0000000704800000, 0x0000000704800000|100%| O|  |TAMS 0x0000000704800000, 0x0000000704600000| Untracked 
|  36|0x0000000704800000, 0x0000000704a00000, 0x0000000704a00000|100%| O|  |TAMS 0x0000000704a00000, 0x0000000704800000| Untracked 
|  37|0x0000000704a00000, 0x0000000704c00000, 0x0000000704c00000|100%| O|  |TAMS 0x0000000704c00000, 0x0000000704a00000| Untracked 
|  38|0x0000000704c00000, 0x0000000704e00000, 0x0000000704e00000|100%| O|  |TAMS 0x0000000704e00000, 0x0000000704c00000| Untracked 
|  39|0x0000000704e00000, 0x0000000705000000, 0x0000000705000000|100%| O|  |TAMS 0x0000000705000000, 0x0000000704e00000| Untracked 
|  40|0x0000000705000000, 0x0000000705200000, 0x0000000705200000|100%| O|  |TAMS 0x0000000705200000, 0x0000000705000000| Untracked 
|  41|0x0000000705200000, 0x0000000705200000, 0x0000000705400000|  0%| F|  |TAMS 0x0000000705200000, 0x0000000705200000| Untracked 
|  42|0x0000000705400000, 0x0000000705600000, 0x0000000705600000|100%| O|  |TAMS 0x0000000705600000, 0x0000000705400000| Untracked 
|  43|0x0000000705600000, 0x0000000705800000, 0x0000000705800000|100%| O|  |TAMS 0x00000007057a1e00, 0x0000000705600000| Untracked 
|  44|0x0000000705800000, 0x0000000705a00000, 0x0000000705a00000|100%| O|  |TAMS 0x0000000705800000, 0x0000000705800000| Untracked 
|  45|0x0000000705a00000, 0x0000000705c00000, 0x0000000705c00000|100%| O|  |TAMS 0x0000000705a00000, 0x0000000705a00000| Untracked 
|  46|0x0000000705c00000, 0x0000000705e00000, 0x0000000705e00000|100%| O|  |TAMS 0x0000000705c00000, 0x0000000705c00000| Untracked 
|  47|0x0000000705e00000, 0x0000000706000000, 0x0000000706000000|100%| O|  |TAMS 0x0000000705e00000, 0x0000000705e00000| Untracked 
|  48|0x0000000706000000, 0x0000000706200000, 0x0000000706200000|100%| O|  |TAMS 0x0000000706000000, 0x0000000706000000| Untracked 
|  49|0x0000000706200000, 0x0000000706400000, 0x0000000706400000|100%| O|  |TAMS 0x0000000706200000, 0x0000000706200000| Untracked 
|  50|0x0000000706400000, 0x0000000706600000, 0x0000000706600000|100%| O|  |TAMS 0x0000000706400000, 0x0000000706400000| Untracked 
|  51|0x0000000706600000, 0x00000007066e6c00, 0x0000000706800000| 45%| O|  |TAMS 0x0000000706600000, 0x0000000706600000| Untracked 
|  52|0x0000000706800000, 0x0000000706800000, 0x0000000706a00000|  0%| F|  |TAMS 0x0000000706800000, 0x0000000706800000| Untracked 
|  53|0x0000000706a00000, 0x0000000706a00000, 0x0000000706c00000|  0%| F|  |TAMS 0x0000000706a00000, 0x0000000706a00000| Untracked 
|  54|0x0000000706c00000, 0x0000000706c00000, 0x0000000706e00000|  0%| F|  |TAMS 0x0000000706c00000, 0x0000000706c00000| Untracked 
|  55|0x0000000706e00000, 0x0000000706e00000, 0x0000000707000000|  0%| F|  |TAMS 0x0000000706e00000, 0x0000000706e00000| Untracked 
|  56|0x0000000707000000, 0x0000000707000000, 0x0000000707200000|  0%| F|  |TAMS 0x0000000707000000, 0x0000000707000000| Untracked 
|  57|0x0000000707200000, 0x0000000707200000, 0x0000000707400000|  0%| F|  |TAMS 0x0000000707200000, 0x0000000707200000| Untracked 
|  58|0x0000000707400000, 0x0000000707400000, 0x0000000707600000|  0%| F|  |TAMS 0x0000000707400000, 0x0000000707400000| Untracked 
|  59|0x0000000707600000, 0x0000000707600000, 0x0000000707800000|  0%| F|  |TAMS 0x0000000707600000, 0x0000000707600000| Untracked 
|  60|0x0000000707800000, 0x0000000707800000, 0x0000000707a00000|  0%| F|  |TAMS 0x0000000707800000, 0x0000000707800000| Untracked 
|  61|0x0000000707a00000, 0x0000000707a00000, 0x0000000707c00000|  0%| F|  |TAMS 0x0000000707a00000, 0x0000000707a00000| Untracked 
|  62|0x0000000707c00000, 0x0000000707c00000, 0x0000000707e00000|  0%| F|  |TAMS 0x0000000707c00000, 0x0000000707c00000| Untracked 
|  63|0x0000000707e00000, 0x0000000707e00000, 0x0000000708000000|  0%| F|  |TAMS 0x0000000707e00000, 0x0000000707e00000| Untracked 
|  64|0x0000000708000000, 0x0000000708000000, 0x0000000708200000|  0%| F|  |TAMS 0x0000000708000000, 0x0000000708000000| Untracked 
|  65|0x0000000708200000, 0x0000000708200000, 0x0000000708400000|  0%| F|  |TAMS 0x0000000708200000, 0x0000000708200000| Untracked 
|  66|0x0000000708400000, 0x0000000708400000, 0x0000000708600000|  0%| F|  |TAMS 0x0000000708400000, 0x0000000708400000| Untracked 
|  67|0x0000000708600000, 0x0000000708600000, 0x0000000708800000|  0%| F|  |TAMS 0x0000000708600000, 0x0000000708600000| Untracked 
|  68|0x0000000708800000, 0x0000000708800000, 0x0000000708a00000|  0%| F|  |TAMS 0x0000000708800000, 0x0000000708800000| Untracked 
|  69|0x0000000708a00000, 0x0000000708a00000, 0x0000000708c00000|  0%| F|  |TAMS 0x0000000708a00000, 0x0000000708a00000| Untracked 
|  70|0x0000000708c00000, 0x0000000708c4feb0, 0x0000000708e00000| 15%| E|  |TAMS 0x0000000708c00000, 0x0000000708c00000| Complete 
|  71|0x0000000708e00000, 0x0000000709000000, 0x0000000709000000|100%| E|CS|TAMS 0x0000000708e00000, 0x0000000708e00000| Complete 
|  72|0x0000000709000000, 0x0000000709200000, 0x0000000709200000|100%| E|CS|TAMS 0x0000000709000000, 0x0000000709000000| Complete 
|  73|0x0000000709200000, 0x0000000709400000, 0x0000000709400000|100%| E|CS|TAMS 0x0000000709200000, 0x0000000709200000| Complete 
|  74|0x0000000709400000, 0x0000000709600000, 0x0000000709600000|100%| E|CS|TAMS 0x0000000709400000, 0x0000000709400000| Complete 
|  75|0x0000000709600000, 0x0000000709800000, 0x0000000709800000|100%| E|CS|TAMS 0x0000000709600000, 0x0000000709600000| Complete 
|  76|0x0000000709800000, 0x0000000709a00000, 0x0000000709a00000|100%| E|CS|TAMS 0x0000000709800000, 0x0000000709800000| Complete 
|  77|0x0000000709a00000, 0x0000000709c00000, 0x0000000709c00000|100%| E|CS|TAMS 0x0000000709a00000, 0x0000000709a00000| Complete 
|  78|0x0000000709c00000, 0x0000000709e00000, 0x0000000709e00000|100%| E|CS|TAMS 0x0000000709c00000, 0x0000000709c00000| Complete 
|  79|0x0000000709e00000, 0x000000070a000000, 0x000000070a000000|100%| E|CS|TAMS 0x0000000709e00000, 0x0000000709e00000| Complete 
|  80|0x000000070a000000, 0x000000070a200000, 0x000000070a200000|100%| E|CS|TAMS 0x000000070a000000, 0x000000070a000000| Complete 
|  81|0x000000070a200000, 0x000000070a400000, 0x000000070a400000|100%| E|CS|TAMS 0x000000070a200000, 0x000000070a200000| Complete 
|  82|0x000000070a400000, 0x000000070a600000, 0x000000070a600000|100%| E|CS|TAMS 0x000000070a400000, 0x000000070a400000| Complete 
|  83|0x000000070a600000, 0x000000070a800000, 0x000000070a800000|100%| E|CS|TAMS 0x000000070a600000, 0x000000070a600000| Complete 
|  84|0x000000070a800000, 0x000000070aa00000, 0x000000070aa00000|100%| E|CS|TAMS 0x000000070a800000, 0x000000070a800000| Complete 
|  85|0x000000070aa00000, 0x000000070ac00000, 0x000000070ac00000|100%| E|CS|TAMS 0x000000070aa00000, 0x000000070aa00000| Complete 
|  86|0x000000070ac00000, 0x000000070ae00000, 0x000000070ae00000|100%| E|CS|TAMS 0x000000070ac00000, 0x000000070ac00000| Complete 
|  87|0x000000070ae00000, 0x000000070b000000, 0x000000070b000000|100%| E|CS|TAMS 0x000000070ae00000, 0x000000070ae00000| Complete 
|  88|0x000000070b000000, 0x000000070b200000, 0x000000070b200000|100%| E|CS|TAMS 0x000000070b000000, 0x000000070b000000| Complete 
|  89|0x000000070b200000, 0x000000070b3b3e70, 0x000000070b400000| 85%| S|CS|TAMS 0x000000070b200000, 0x000000070b200000| Complete 
|  90|0x000000070b400000, 0x000000070b600000, 0x000000070b600000|100%| E|CS|TAMS 0x000000070b400000, 0x000000070b400000| Complete 
|  91|0x000000070b600000, 0x000000070b800000, 0x000000070b800000|100%| E|CS|TAMS 0x000000070b600000, 0x000000070b600000| Complete 

Card table byte_map: [0x00000197d7500000,0x00000197d7d00000] _byte_map_base: 0x00000197d3d00000

Marking Bits (Prev, Next): (CMBitMap*) 0x00000197c2a472f0, (CMBitMap*) 0x00000197c2a47330
 Prev Bits: [0x00000197d8500000, 0x00000197dc500000)
 Next Bits: [0x00000197dc500000, 0x00000197e0500000)

Polling page: 0x00000197c2890000

Metaspace:

Usage:
  Non-class:     74.65 MB used.
      Class:     11.60 MB used.
       Both:     86.25 MB used.

Virtual space:
  Non-class space:       80.00 MB reserved,      75.00 MB ( 94%) committed,  10 nodes.
      Class space:        1.00 GB reserved,      11.94 MB (  1%) committed,  1 nodes.
             Both:        1.08 GB reserved,      86.94 MB (  8%) committed. 

Chunk freelists:
   Non-Class:  128.00 KB
       Class:  113.00 KB
        Both:  241.00 KB

MaxMetaspaceSize: unlimited
CompressedClassSpaceSize: 1.00 GB
Initial GC threshold: 21.00 MB
Current GC threshold: 144.00 MB
CDS: off
MetaspaceReclaimPolicy: balanced
 - commit_granule_bytes: 65536.
 - commit_granule_words: 8192.
 - virtual_space_node_default_size: 1048576.
 - enlarge_chunks_in_place: 1.
 - new_chunks_are_fully_committed: 0.
 - uncommit_free_chunks: 1.
 - use_allocation_guard: 0.
 - handle_deallocations: 1.


Internal statistics:

num_allocs_failed_limit: 6.
num_arena_births: 1078.
num_arena_deaths: 4.
num_vsnodes_births: 11.
num_vsnodes_deaths: 0.
num_space_committed: 1391.
num_space_uncommitted: 0.
num_chunks_returned_to_freelist: 10.
num_chunks_taken_from_freelist: 4404.
num_chunk_merges: 6.
num_chunk_splits: 2800.
num_chunks_enlarged: 1736.
num_purges: 2.
num_inconsistent_stats: 0.

CodeHeap 'non-profiled nmethods': size=120000Kb used=6037Kb max_used=6037Kb free=113962Kb
 bounds [0x00000197cf1b0000, 0x00000197cf7a0000, 0x00000197d66e0000]
CodeHeap 'profiled nmethods': size=120000Kb used=22897Kb max_used=22897Kb free=97102Kb
 bounds [0x00000197c76e0000, 0x00000197c8d40000, 0x00000197cec10000]
CodeHeap 'non-nmethods': size=5760Kb used=2370Kb max_used=2424Kb free=3390Kb
 bounds [0x00000197cec10000, 0x00000197cee80000, 0x00000197cf1b0000]
 total_blobs=12938 nmethods=12040 adapters=810
 compilation: enabled
              stopped_count=0, restarted_count=0
 full_count=0

Compilation events (20 events):
Event: 315.527 Thread 0x00000197e2b3d440 nmethod 13947 0x00000197cf794e90 code [0x00000197cf795020, 0x00000197cf7950d8]
Event: 315.527 Thread 0x00000197e2b3d440 13948       1       org.gradle.launcher.daemon.context.DefaultDaemonContext::access$700 (5 bytes)
Event: 315.529 Thread 0x00000197e2b3d440 nmethod 13948 0x00000197cf795190 code [0x00000197cf795320, 0x00000197cf7953d8]
Event: 315.530 Thread 0x00000197e2b3ca90 13949       4       java.text.SimpleDateFormat::subFormat (1264 bytes)
Event: 315.543 Thread 0x00000197e2b3d440 13951       3       java.io.File::getCanonicalFile (38 bytes)
Event: 315.545 Thread 0x00000197e2b3d440 nmethod 13951 0x00000197c8d37590 code [0x00000197c8d377c0, 0x00000197c8d37dd8]
Event: 315.545 Thread 0x00000197e2b3d440 13952       3       org.gradle.internal.SystemProperties::isNonStandardImportantProperty (10 bytes)
Event: 315.548 Thread 0x00000197e2b3d440 nmethod 13952 0x00000197c8d38010 code [0x00000197c8d381c0, 0x00000197c8d384a8]
Event: 315.548 Thread 0x00000197e2b3d440 13953  s    3       java.util.Properties::setProperty (7 bytes)
Event: 315.548 Thread 0x00000197e2b3d440 nmethod 13953 0x00000197c8d38610 code [0x00000197c8d387c0, 0x00000197c8d38a48]
Event: 315.548 Thread 0x00000197e2b3d440 13954       3       java.lang.System::setProperty (39 bytes)
Event: 315.556 Thread 0x00000197e2b3d440 nmethod 13954 0x00000197c8d38b10 code [0x00000197c8d38da0, 0x00000197c8d39b08]
Event: 315.556 Thread 0x00000197e2b3d440 13955       3       jdk.internal.reflect.UnsafeQualifiedObjectFieldAccessorImpl::get (17 bytes)
Event: 315.560 Thread 0x00000197e2b3d440 nmethod 13955 0x00000197c8d39f90 code [0x00000197c8d3a180, 0x00000197c8d3a7e8]
Event: 315.560 Thread 0x00000197e2b3d440 13956       3       org.gradle.internal.nativeintegration.processenvironment.AbstractProcessEnvironment::setEnvironmentVariable (26 bytes)
Event: 315.563 Thread 0x00000197e2b3d440 nmethod 13956 0x00000197c8d3aa10 code [0x00000197c8d3ac20, 0x00000197c8d3b1d8]
Event: 315.563 Thread 0x00000197e2b3d440 13957       3       org.gradle.internal.nativeintegration.ReflectiveEnvironment::setenv (40 bytes)
Event: 315.566 Thread 0x00000197e2b3d440 nmethod 13957 0x00000197c8d3b410 code [0x00000197c8d3b680, 0x00000197c8d3bf88]
Event: 315.575 Thread 0x00000197e2b3d440 13958       3       java.lang.AbstractStringBuilder::charAt (36 bytes)
Event: 315.575 Thread 0x00000197e2b3d440 nmethod 13958 0x00000197c8d3c290 code [0x00000197c8d3c480, 0x00000197c8d3c8d8]

GC Heap History (20 events):
Event: 16.949 GC heap before
{Heap before GC invocations=24 (full 0):
 garbage-first heap   total 135168K, used 104235K [0x0000000700000000, 0x0000000800000000)
  region size 2048K, 22 young (45056K), 3 survivors (6144K)
 Metaspace       used 77275K, committed 77888K, reserved 1122304K
  class space    used 10461K, committed 10752K, reserved 1048576K
}
Event: 16.966 GC heap after
{Heap after GC invocations=25 (full 0):
 garbage-first heap   total 163840K, used 68229K [0x0000000700000000, 0x0000000800000000)
  region size 2048K, 3 young (6144K), 3 survivors (6144K)
 Metaspace       used 77275K, committed 77888K, reserved 1122304K
  class space    used 10461K, committed 10752K, reserved 1048576K
}
Event: 18.341 GC heap before
{Heap before GC invocations=26 (full 0):
 garbage-first heap   total 163840K, used 127621K [0x0000000700000000, 0x0000000800000000)
  region size 2048K, 32 young (65536K), 3 survivors (6144K)
 Metaspace       used 82230K, committed 82880K, reserved 1122304K
  class space    used 11166K, committed 11456K, reserved 1048576K
}
Event: 18.360 GC heap after
{Heap after GC invocations=27 (full 0):
 garbage-first heap   total 163840K, used 74457K [0x0000000700000000, 0x0000000800000000)
  region size 2048K, 4 young (8192K), 4 survivors (8192K)
 Metaspace       used 82230K, committed 82880K, reserved 1122304K
  class space    used 11166K, committed 11456K, reserved 1048576K
}
Event: 19.565 GC heap before
{Heap before GC invocations=27 (full 0):
 garbage-first heap   total 163840K, used 127705K [0x0000000700000000, 0x0000000800000000)
  region size 2048K, 31 young (63488K), 4 survivors (8192K)
 Metaspace       used 84630K, committed 85312K, reserved 1130496K
  class space    used 11605K, committed 11904K, reserved 1048576K
}
Event: 19.585 GC heap after
{Heap after GC invocations=28 (full 0):
 garbage-first heap   total 163840K, used 82712K [0x0000000700000000, 0x0000000800000000)
  region size 2048K, 4 young (8192K), 4 survivors (8192K)
 Metaspace       used 84630K, committed 85312K, reserved 1130496K
  class space    used 11605K, committed 11904K, reserved 1048576K
}
Event: 20.546 GC heap before
{Heap before GC invocations=28 (full 0):
 garbage-first heap   total 163840K, used 127768K [0x0000000700000000, 0x0000000800000000)
  region size 2048K, 27 young (55296K), 4 survivors (8192K)
 Metaspace       used 85179K, committed 85760K, reserved 1130496K
  class space    used 11644K, committed 11904K, reserved 1048576K
}
Event: 20.565 GC heap after
{Heap after GC invocations=29 (full 0):
 garbage-first heap   total 163840K, used 86351K [0x0000000700000000, 0x0000000800000000)
  region size 2048K, 2 young (4096K), 2 survivors (4096K)
 Metaspace       used 85179K, committed 85760K, reserved 1130496K
  class space    used 11644K, committed 11904K, reserved 1048576K
}
Event: 21.486 GC heap before
{Heap before GC invocations=30 (full 0):
 garbage-first heap   total 163840K, used 129359K [0x0000000700000000, 0x0000000800000000)
  region size 2048K, 24 young (49152K), 2 survivors (4096K)
 Metaspace       used 85803K, committed 86400K, reserved 1130496K
  class space    used 11693K, committed 11968K, reserved 1048576K
}
Event: 21.497 GC heap after
{Heap after GC invocations=31 (full 0):
 garbage-first heap   total 163840K, used 90010K [0x0000000700000000, 0x0000000800000000)
  region size 2048K, 2 young (4096K), 2 survivors (4096K)
 Metaspace       used 85803K, committed 86400K, reserved 1130496K
  class space    used 11693K, committed 11968K, reserved 1048576K
}
Event: 22.216 GC heap before
{Heap before GC invocations=31 (full 0):
 garbage-first heap   total 163840K, used 133018K [0x0000000700000000, 0x0000000800000000)
  region size 2048K, 24 young (49152K), 2 survivors (4096K)
 Metaspace       used 85957K, committed 86592K, reserved 1130496K
  class space    used 11698K, committed 11968K, reserved 1048576K
}
Event: 22.230 GC heap after
{Heap after GC invocations=32 (full 0):
 garbage-first heap   total 163840K, used 92701K [0x0000000700000000, 0x0000000800000000)
  region size 2048K, 2 young (4096K), 2 survivors (4096K)
 Metaspace       used 85957K, committed 86592K, reserved 1130496K
  class space    used 11698K, committed 11968K, reserved 1048576K
}
Event: 126.088 GC heap before
{Heap before GC invocations=33 (full 0):
 garbage-first heap   total 174080K, used 131613K [0x0000000700000000, 0x0000000800000000)
  region size 2048K, 22 young (45056K), 2 survivors (4096K)
 Metaspace       used 87036K, committed 87680K, reserved 1130496K
  class space    used 11826K, committed 12096K, reserved 1048576K
}
Event: 126.286 GC heap after
{Heap after GC invocations=34 (full 0):
 garbage-first heap   total 174080K, used 95742K [0x0000000700000000, 0x0000000800000000)
  region size 2048K, 3 young (6144K), 3 survivors (6144K)
 Metaspace       used 87036K, committed 87680K, reserved 1130496K
  class space    used 11826K, committed 12096K, reserved 1048576K
}
Event: 130.650 GC heap before
{Heap before GC invocations=34 (full 0):
 garbage-first heap   total 174080K, used 142846K [0x0000000700000000, 0x0000000800000000)
  region size 2048K, 26 young (53248K), 3 survivors (6144K)
 Metaspace       used 87669K, committed 88320K, reserved 1130496K
  class space    used 11842K, committed 12160K, reserved 1048576K
}
Event: 130.690 GC heap after
{Heap after GC invocations=35 (full 0):
 garbage-first heap   total 174080K, used 101038K [0x0000000700000000, 0x0000000800000000)
  region size 2048K, 4 young (8192K), 4 survivors (8192K)
 Metaspace       used 87669K, committed 88320K, reserved 1130496K
  class space    used 11842K, committed 12160K, reserved 1048576K
}
Event: 238.258 GC heap before
{Heap before GC invocations=36 (full 0):
 garbage-first heap   total 188416K, used 139950K [0x0000000700000000, 0x0000000800000000)
  region size 2048K, 23 young (47104K), 4 survivors (8192K)
 Metaspace       used 87899K, committed 88576K, reserved 1130496K
  class space    used 11862K, committed 12160K, reserved 1048576K
}
Event: 238.355 GC heap after
{Heap after GC invocations=37 (full 0):
 garbage-first heap   total 188416K, used 104421K [0x0000000700000000, 0x0000000800000000)
  region size 2048K, 2 young (4096K), 2 survivors (4096K)
 Metaspace       used 87899K, committed 88576K, reserved 1130496K
  class space    used 11862K, committed 12160K, reserved 1048576K
}
Event: 238.850 GC heap before
{Heap before GC invocations=37 (full 0):
 garbage-first heap   total 188416K, used 108517K [0x0000000700000000, 0x0000000800000000)
  region size 2048K, 4 young (8192K), 2 survivors (4096K)
 Metaspace       used 87961K, committed 88640K, reserved 1130496K
  class space    used 11862K, committed 12160K, reserved 1048576K
}
Event: 238.877 GC heap after
{Heap after GC invocations=38 (full 0):
 garbage-first heap   total 188416K, used 105066K [0x0000000700000000, 0x0000000800000000)
  region size 2048K, 1 young (2048K), 1 survivors (2048K)
 Metaspace       used 87961K, committed 88640K, reserved 1130496K
  class space    used 11862K, committed 12160K, reserved 1048576K
}

Dll operation events (2 events):
Event: 0.012 Loaded shared library E:\Apk Kuliah\Andro\jbr\bin\java.dll
Event: 1.014 Loaded shared library E:\Apk Kuliah\Andro\jbr\bin\verify.dll

Deoptimization events (20 events):
Event: 240.172 Thread 0x00000197ea22c200 DEOPT PACKING pc=0x00000197cf740548 sp=0x0000004b553fafe0
Event: 240.173 Thread 0x00000197ea22c200 DEOPT UNPACKING pc=0x00000197cec669a3 sp=0x0000004b553faf98 mode 2
Event: 240.704 Thread 0x00000197e451e5f0 Uncommon trap: trap_request=0xffffffd6 fr.pc=0x00000197cf44eaec relative=0x000000000000200c
Event: 240.704 Thread 0x00000197e451e5f0 Uncommon trap: reason=array_check action=maybe_recompile pc=0x00000197cf44eaec method=java.util.TimSort.reverseRange([Ljava/lang/Object;II)V @ 27 c2
Event: 240.704 Thread 0x00000197e451e5f0 DEOPT PACKING pc=0x00000197cf44eaec sp=0x0000004b52afdf00
Event: 240.704 Thread 0x00000197e451e5f0 DEOPT UNPACKING pc=0x00000197cec669a3 sp=0x0000004b52afddc8 mode 2
Event: 240.705 Thread 0x00000197e451bf70 Uncommon trap: trap_request=0xffffffd6 fr.pc=0x00000197cf44eaec relative=0x000000000000200c
Event: 240.705 Thread 0x00000197e451bf70 Uncommon trap: reason=array_check action=maybe_recompile pc=0x00000197cf44eaec method=java.util.TimSort.reverseRange([Ljava/lang/Object;II)V @ 27 c2
Event: 240.705 Thread 0x00000197e451bf70 DEOPT PACKING pc=0x00000197cf44eaec sp=0x0000004b52bfdf40
Event: 240.705 Thread 0x00000197e451bf70 DEOPT UNPACKING pc=0x00000197cec669a3 sp=0x0000004b52bfde08 mode 2
Event: 240.906 Thread 0x00000197ea22c200 Uncommon trap: trap_request=0xffffffde fr.pc=0x00000197cf6fd370 relative=0x00000000000081b0
Event: 240.906 Thread 0x00000197ea22c200 Uncommon trap: reason=class_check action=maybe_recompile pc=0x00000197cf6fd370 method=org.gradle.internal.component.model.ComponentAttributeMatcher.match(Lorg/gradle/internal/component/model/AttributeSelectionSchema;Ljava/util/Collection;Lorg/gradle/api/i
Event: 240.906 Thread 0x00000197ea22c200 DEOPT PACKING pc=0x00000197cf6fd370 sp=0x0000004b553fba80
Event: 240.906 Thread 0x00000197ea22c200 DEOPT UNPACKING pc=0x00000197cec669a3 sp=0x0000004b553fba60 mode 2
Event: 240.912 Thread 0x00000197ea22c200 Uncommon trap: trap_request=0xffffffde fr.pc=0x00000197cf6fd370 relative=0x00000000000081b0
Event: 240.912 Thread 0x00000197ea22c200 Uncommon trap: reason=class_check action=maybe_recompile pc=0x00000197cf6fd370 method=org.gradle.internal.component.model.ComponentAttributeMatcher.match(Lorg/gradle/internal/component/model/AttributeSelectionSchema;Ljava/util/Collection;Lorg/gradle/api/i
Event: 240.912 Thread 0x00000197ea22c200 DEOPT PACKING pc=0x00000197cf6fd370 sp=0x0000004b553fbf90
Event: 240.912 Thread 0x00000197ea22c200 DEOPT UNPACKING pc=0x00000197cec669a3 sp=0x0000004b553fbf70 mode 2
Event: 241.013 Thread 0x00000197ea22b860 DEOPT PACKING pc=0x00000197c88727a0 sp=0x0000004b554fa9b0
Event: 241.015 Thread 0x00000197ea22b860 DEOPT UNPACKING pc=0x00000197cec67143 sp=0x0000004b554f9ec8 mode 0

Classes unloaded (2 events):
Event: 22.441 Thread 0x00000197e2aec610 Unloading class 0x0000000800b90800 'java/lang/invoke/LambdaForm$DMH+0x0000000800b90800'
Event: 22.441 Thread 0x00000197e2aec610 Unloading class 0x0000000800b90400 'java/lang/invoke/LambdaForm$DMH+0x0000000800b90400'

Classes redefined (0 events):
No events

Internal exceptions (20 events):
Event: 130.798 Thread 0x00000197e488f660 Exception <a 'sun/nio/fs/WindowsException'{0x000000070a68d828}> (0x000000070a68d828) 
thrown [s\src\hotspot\share\prims\jni.cpp, line 517]
Event: 131.033 Thread 0x00000197e451ac30 Exception <a 'sun/nio/fs/WindowsException'{0x000000070a3f9298}> (0x000000070a3f9298) 
thrown [s\src\hotspot\share\prims\jni.cpp, line 517]
Event: 131.048 Thread 0x00000197e451ac30 Exception <a 'sun/nio/fs/WindowsException'{0x000000070a0d1d88}> (0x000000070a0d1d88) 
thrown [s\src\hotspot\share\prims\jni.cpp, line 517]
Event: 131.370 Thread 0x00000197e7cf7d00 Exception <a 'sun/nio/fs/WindowsException'{0x000000070a1812e8}> (0x000000070a1812e8) 
thrown [s\src\hotspot\share\prims\jni.cpp, line 517]
Event: 131.370 Thread 0x00000197e7cf7d00 Exception <a 'sun/nio/fs/WindowsException'{0x000000070a181668}> (0x000000070a181668) 
thrown [s\src\hotspot\share\prims\jni.cpp, line 517]
Event: 131.371 Thread 0x00000197e7cf7d00 Exception <a 'sun/nio/fs/WindowsException'{0x000000070a183498}> (0x000000070a183498) 
thrown [s\src\hotspot\share\prims\jni.cpp, line 517]
Event: 238.432 Thread 0x00000197e451c440 Exception <a 'sun/nio/fs/WindowsException'{0x000000070b6cd350}> (0x000000070b6cd350) 
thrown [s\src\hotspot\share\prims\jni.cpp, line 517]
Event: 239.390 Thread 0x00000197e451c440 Exception <a 'sun/nio/fs/WindowsException'{0x000000070b041bc8}> (0x000000070b041bc8) 
thrown [s\src\hotspot\share\prims\jni.cpp, line 517]
Event: 239.468 Thread 0x00000197e451c440 Exception <a 'sun/nio/fs/WindowsException'{0x000000070b0de7f8}> (0x000000070b0de7f8) 
thrown [s\src\hotspot\share\prims\jni.cpp, line 517]
Event: 239.470 Thread 0x00000197e451c440 Exception <a 'sun/nio/fs/WindowsException'{0x000000070b0dfb80}> (0x000000070b0dfb80) 
thrown [s\src\hotspot\share\prims\jni.cpp, line 517]
Event: 239.470 Thread 0x00000197e451c440 Exception <a 'sun/nio/fs/WindowsException'{0x000000070b0e0f58}> (0x000000070b0e0f58) 
thrown [s\src\hotspot\share\prims\jni.cpp, line 517]
Event: 239.471 Thread 0x00000197e451c440 Exception <a 'sun/nio/fs/WindowsException'{0x000000070b0e25f0}> (0x000000070b0e25f0) 
thrown [s\src\hotspot\share\prims\jni.cpp, line 517]
Event: 240.079 Thread 0x00000197ea22b860 Exception <a 'sun/nio/fs/WindowsException'{0x000000070ac5caf8}> (0x000000070ac5caf8) 
thrown [s\src\hotspot\share\prims\jni.cpp, line 517]
Event: 241.111 Thread 0x00000197ea22bd30 Exception <a 'sun/nio/fs/WindowsException'{0x0000000709b5df80}> (0x0000000709b5df80) 
thrown [s\src\hotspot\share\prims\jni.cpp, line 517]
Event: 241.127 Thread 0x00000197ea22bd30 Exception <a 'sun/nio/fs/WindowsException'{0x00000007098247a8}> (0x00000007098247a8) 
thrown [s\src\hotspot\share\prims\jni.cpp, line 517]
Event: 241.236 Thread 0x00000197ea22bd30 Exception <a 'sun/nio/fs/WindowsException'{0x00000007095a8270}> (0x00000007095a8270) 
thrown [s\src\hotspot\share\prims\jni.cpp, line 517]
Event: 241.246 Thread 0x00000197ea22bd30 Exception <a 'sun/nio/fs/WindowsException'{0x000000070927b110}> (0x000000070927b110) 
thrown [s\src\hotspot\share\prims\jni.cpp, line 517]
Event: 241.302 Thread 0x00000197e451c440 Exception <a 'sun/nio/fs/WindowsException'{0x000000070afe1648}> (0x000000070afe1648) 
thrown [s\src\hotspot\share\prims\jni.cpp, line 517]
Event: 241.302 Thread 0x00000197e451c440 Exception <a 'sun/nio/fs/WindowsException'{0x000000070afe19c8}> (0x000000070afe19c8) 
thrown [s\src\hotspot\share\prims\jni.cpp, line 517]
Event: 241.303 Thread 0x00000197e451c440 Exception <a 'sun/nio/fs/WindowsException'{0x000000070afe37f8}> (0x000000070afe37f8) 
thrown [s\src\hotspot\share\prims\jni.cpp, line 517]

VM Operations (20 events):
Event: 239.883 Executing VM operation: Cleanup
Event: 239.883 Executing VM operation: Cleanup done
Event: 240.884 Executing VM operation: Cleanup
Event: 240.886 Executing VM operation: Cleanup done
Event: 241.839 Executing VM operation: ICBufferFull
Event: 241.839 Executing VM operation: ICBufferFull done
Event: 242.841 Executing VM operation: Cleanup
Event: 242.841 Executing VM operation: Cleanup done
Event: 244.856 Executing VM operation: Cleanup
Event: 244.856 Executing VM operation: Cleanup done
Event: 248.888 Executing VM operation: Cleanup
Event: 248.889 Executing VM operation: Cleanup done
Event: 274.081 Executing VM operation: Cleanup
Event: 274.081 Executing VM operation: Cleanup done
Event: 279.118 Executing VM operation: Cleanup
Event: 279.118 Executing VM operation: Cleanup done
Event: 302.304 Executing VM operation: Cleanup
Event: 302.305 Executing VM operation: Cleanup done
Event: 304.310 Executing VM operation: Cleanup
Event: 304.310 Executing VM operation: Cleanup done

Events (20 events):
Event: 241.432 Thread 0x00000197e488a490 Thread exited: 0x00000197e488a490
Event: 241.432 Thread 0x00000197e48909a0 Thread exited: 0x00000197e48909a0
Event: 241.432 Thread 0x00000197e451e120 Thread exited: 0x00000197e451e120
Event: 241.432 Thread 0x00000197e488f660 Thread exited: 0x00000197e488f660
Event: 241.432 Thread 0x00000197e4519dc0 Thread exited: 0x00000197e4519dc0
Event: 241.439 Thread 0x00000197e451d2b0 Thread exited: 0x00000197e451d2b0
Event: 241.440 Thread 0x00000197e451cde0 Thread exited: 0x00000197e451cde0
Event: 241.455 Thread 0x00000197e451a760 Thread exited: 0x00000197e451a760
Event: 241.503 Thread 0x00000197e451b5d0 Thread exited: 0x00000197e451b5d0
Event: 241.653 Thread 0x00000197e451ef90 Thread exited: 0x00000197e451ef90
Event: 301.304 Thread 0x00000197ea22cba0 Thread exited: 0x00000197ea22cba0
Event: 301.462 Thread 0x00000197e451c440 Thread exited: 0x00000197e451c440
Event: 301.661 Thread 0x00000197e451c910 Thread exited: 0x00000197e451c910
Event: 315.462 Thread 0x00000197ea22cba0 Thread added: 0x00000197ea22cba0
Event: 315.474 Thread 0x00000197ea22d070 Thread added: 0x00000197ea22d070
Event: 315.505 Thread 0x00000197ea22b390 Thread added: 0x00000197ea22b390
Event: 315.530 Thread 0x00000197ea22b860 Thread added: 0x00000197ea22b860
Event: 315.561 Thread 0x00000197ea22bd30 Thread added: 0x00000197ea22bd30
Event: 315.576 Thread 0x00000197ea22c200 Thread added: 0x00000197ea22c200
Event: 315.582 Thread 0x00000197e451cde0 Thread added: 0x00000197e451cde0


Dynamic libraries:
0x00007ff780510000 - 0x00007ff78051a000 	E:\Apk Kuliah\Andro\jbr\bin\java.exe
0x00007ffbc0b30000 - 0x00007ffbc0d28000 	C:\WINDOWS\SYSTEM32\ntdll.dll
0x00007ffbbeb90000 - 0x00007ffbbec4d000 	C:\WINDOWS\System32\KERNEL32.DLL
0x00007ffbbe700000 - 0x00007ffbbe9f6000 	C:\WINDOWS\System32\KERNELBASE.dll
0x00007ffbbe210000 - 0x00007ffbbe310000 	C:\WINDOWS\System32\ucrtbase.dll
0x00007ffbab1a0000 - 0x00007ffbab1b7000 	E:\Apk Kuliah\Andro\jbr\bin\jli.dll
0x00007ffbc0600000 - 0x00007ffbc079e000 	C:\WINDOWS\System32\USER32.dll
0x00007ffbbe380000 - 0x00007ffbbe3a2000 	C:\WINDOWS\System32\win32u.dll
0x00007ffbc0390000 - 0x00007ffbc03bc000 	C:\WINDOWS\System32\GDI32.dll
0x00007ffbbe460000 - 0x00007ffbbe57a000 	C:\WINDOWS\System32\gdi32full.dll
0x00007ffbbe610000 - 0x00007ffbbe6ad000 	C:\WINDOWS\System32\msvcp_win.dll
0x00007ffbaedb0000 - 0x00007ffbaf04a000 	C:\WINDOWS\WinSxS\amd64_microsoft.windows.common-controls_6595b64144ccf1df_6.0.19041.3636_none_60b6a03d71f818d5\COMCTL32.dll
0x00007ffbbff00000 - 0x00007ffbbff9e000 	C:\WINDOWS\System32\msvcrt.dll
0x00007ffb95a70000 - 0x00007ffb95a8b000 	E:\Apk Kuliah\Andro\jbr\bin\VCRUNTIME140.dll
0x00007ffbbf2a0000 - 0x00007ffbbf2d0000 	C:\WINDOWS\System32\IMM32.DLL
0x00007ffba3d30000 - 0x00007ffba3d3c000 	E:\Apk Kuliah\Andro\jbr\bin\vcruntime140_1.dll
0x00007ffb8e350000 - 0x00007ffb8e3dd000 	E:\Apk Kuliah\Andro\jbr\bin\msvcp140.dll
0x00007ffb7ae10000 - 0x00007ffb7ba7e000 	E:\Apk Kuliah\Andro\jbr\bin\server\jvm.dll
0x00007ffbc01b0000 - 0x00007ffbc025f000 	C:\WINDOWS\System32\ADVAPI32.dll
0x00007ffbc0a50000 - 0x00007ffbc0aec000 	C:\WINDOWS\System32\sechost.dll
0x00007ffbc0260000 - 0x00007ffbc0386000 	C:\WINDOWS\System32\RPCRT4.dll
0x00007ffbb6600000 - 0x00007ffbb6627000 	C:\WINDOWS\SYSTEM32\WINMM.dll
0x00007ffbb8890000 - 0x00007ffbb8899000 	C:\WINDOWS\SYSTEM32\WSOCK32.dll
0x00007ffbb78c0000 - 0x00007ffbb78ca000 	C:\WINDOWS\SYSTEM32\VERSION.dll
0x00007ffbbf2d0000 - 0x00007ffbbf33b000 	C:\WINDOWS\System32\WS2_32.dll
0x00007ffbbc0d0000 - 0x00007ffbbc0e2000 	C:\WINDOWS\SYSTEM32\kernel.appcore.dll
0x00007ffbb7300000 - 0x00007ffbb730a000 	E:\Apk Kuliah\Andro\jbr\bin\jimage.dll
0x00007ffbb29a0000 - 0x00007ffbb2b84000 	C:\WINDOWS\SYSTEM32\DBGHELP.DLL
0x00007ffba9df0000 - 0x00007ffba9e24000 	C:\WINDOWS\SYSTEM32\dbgcore.DLL
0x00007ffbbe580000 - 0x00007ffbbe602000 	C:\WINDOWS\System32\bcryptPrimitives.dll
0x00007ffbb04f0000 - 0x00007ffbb0515000 	E:\Apk Kuliah\Andro\jbr\bin\java.dll
0x00007ffbb22f0000 - 0x00007ffbb2308000 	E:\Apk Kuliah\Andro\jbr\bin\zip.dll
0x00007ffbbf7b0000 - 0x00007ffbbfef5000 	C:\WINDOWS\System32\SHELL32.dll
0x00007ffbbc2d0000 - 0x00007ffbbca6b000 	C:\WINDOWS\SYSTEM32\windows.storage.dll
0x00007ffbbec50000 - 0x00007ffbbefa4000 	C:\WINDOWS\System32\combase.dll
0x00007ffbbdb80000 - 0x00007ffbbdbad000 	C:\WINDOWS\SYSTEM32\Wldp.dll
0x00007ffbbf1f0000 - 0x00007ffbbf29d000 	C:\WINDOWS\System32\SHCORE.dll
0x00007ffbbf190000 - 0x00007ffbbf1e5000 	C:\WINDOWS\System32\shlwapi.dll
0x00007ffbbe140000 - 0x00007ffbbe165000 	C:\WINDOWS\SYSTEM32\profapi.dll
0x00007ffbae1b0000 - 0x00007ffbae1c9000 	E:\Apk Kuliah\Andro\jbr\bin\net.dll
0x00007ffbb26f0000 - 0x00007ffbb27fa000 	C:\WINDOWS\SYSTEM32\WINHTTP.dll
0x00007ffbbd8e0000 - 0x00007ffbbd94a000 	C:\WINDOWS\system32\mswsock.dll
0x00007ffbad8f0000 - 0x00007ffbad906000 	E:\Apk Kuliah\Andro\jbr\bin\nio.dll
0x00007ffbb6ac0000 - 0x00007ffbb6ad0000 	E:\Apk Kuliah\Andro\jbr\bin\verify.dll
0x00007ffbb6af0000 - 0x00007ffbb6b17000 	E:\Apk Kuliah\Andro\jbr\native\68d5fa5c4cc2d200863cafc0d521ce42e7d3e7ee720ec0a83991735586a16f82\windows-amd64\native-platform.dll
0x00007ffb8dfa0000 - 0x00007ffb8e0e4000 	E:\Apk Kuliah\Andro\jbr\native\e376f236ea51e6404a007f0833ffe2c6e607c4080706a723a18a27aeea778392\windows-amd64\native-platform-file-events.dll
0x00007ffbb68d0000 - 0x00007ffbb68d9000 	E:\Apk Kuliah\Andro\jbr\bin\management.dll
0x00007ffbae310000 - 0x00007ffbae31b000 	E:\Apk Kuliah\Andro\jbr\bin\management_ext.dll
0x00007ffbc0a40000 - 0x00007ffbc0a48000 	C:\WINDOWS\System32\PSAPI.DLL
0x00007ffbbdad0000 - 0x00007ffbbdae8000 	C:\WINDOWS\SYSTEM32\CRYPTSP.dll
0x00007ffbbd210000 - 0x00007ffbbd244000 	C:\WINDOWS\system32\rsaenh.dll
0x00007ffbbeb60000 - 0x00007ffbbeb87000 	C:\WINDOWS\System32\bcrypt.dll
0x00007ffbbe0c0000 - 0x00007ffbbe0ee000 	C:\WINDOWS\SYSTEM32\USERENV.dll
0x00007ffbbdaf0000 - 0x00007ffbbdafc000 	C:\WINDOWS\SYSTEM32\CRYPTBASE.dll
0x00007ffbbd5d0000 - 0x00007ffbbd60b000 	C:\WINDOWS\SYSTEM32\IPHLPAPI.DLL
0x00007ffbc01a0000 - 0x00007ffbc01a8000 	C:\WINDOWS\System32\NSI.dll
0x00007ffbb2980000 - 0x00007ffbb2997000 	C:\WINDOWS\SYSTEM32\dhcpcsvc6.DLL
0x00007ffbb34c0000 - 0x00007ffbb34dd000 	C:\WINDOWS\SYSTEM32\dhcpcsvc.DLL
0x00007ffbbd610000 - 0x00007ffbbd6da000 	C:\WINDOWS\SYSTEM32\DNSAPI.dll
0x00007ffbad8e0000 - 0x00007ffbad8e7000 	C:\WINDOWS\system32\wshunix.dll

dbghelp: loaded successfully - version: 4.0.5 - missing functions: none
symbol engine: initialized successfully - sym options: 0x614 - pdb path: .;E:\Apk Kuliah\Andro\jbr\bin;C:\WINDOWS\SYSTEM32;C:\WINDOWS\WinSxS\amd64_microsoft.windows.common-controls_6595b64144ccf1df_6.0.19041.3636_none_60b6a03d71f818d5;E:\Apk Kuliah\Andro\jbr\bin\server;E:\Apk Kuliah\Andro\jbr\native\68d5fa5c4cc2d200863cafc0d521ce42e7d3e7ee720ec0a83991735586a16f82\windows-amd64;E:\Apk Kuliah\Andro\jbr\native\e376f236ea51e6404a007f0833ffe2c6e607c4080706a723a18a27aeea778392\windows-amd64

VM Arguments:
jvm_args: --add-opens=java.base/java.util=ALL-UNNAMED --add-opens=java.base/java.lang=ALL-UNNAMED --add-opens=java.base/java.lang.invoke=ALL-UNNAMED --add-opens=java.prefs/java.util.prefs=ALL-UNNAMED --add-opens=java.base/java.nio.charset=ALL-UNNAMED --add-opens=java.base/java.net=ALL-UNNAMED --add-opens=java.base/java.util.concurrent.atomic=ALL-UNNAMED -Xmx4096m -Dfile.encoding=UTF-8 -Duser.country=GB -Duser.language=en -Duser.variant 
java_command: org.gradle.launcher.daemon.bootstrap.GradleDaemon 8.0
java_class_path (initial): E:\Apk Kuliah\Andro\jbr\wrapper\dists\gradle-8.0-bin\ca5e32bp14vu59qr306oxotwh\gradle-8.0\lib\gradle-launcher-8.0.jar
Launcher Type: SUN_STANDARD

[Global flags]
     intx CICompilerCount                          = 3                                         {product} {ergonomic}
     uint ConcGCThreads                            = 1                                         {product} {ergonomic}
     uint G1ConcRefinementThreads                  = 4                                         {product} {ergonomic}
   size_t G1HeapRegionSize                         = 2097152                                   {product} {ergonomic}
    uintx GCDrainStackTargetSize                   = 64                                        {product} {ergonomic}
   size_t InitialHeapSize                          = 100663296                                 {product} {ergonomic}
   size_t MarkStackSize                            = 4194304                                   {product} {ergonomic}
   size_t MaxHeapSize                              = 4294967296                                {product} {command line}
   size_t MaxNewSize                               = 2575302656                                {product} {ergonomic}
   size_t MinHeapDeltaBytes                        = 2097152                                   {product} {ergonomic}
   size_t MinHeapSize                              = 8388608                                   {product} {ergonomic}
    uintx NonNMethodCodeHeapSize                   = 5832780                                {pd product} {ergonomic}
    uintx NonProfiledCodeHeapSize                  = 122912730                              {pd product} {ergonomic}
    uintx ProfiledCodeHeapSize                     = 122912730                              {pd product} {ergonomic}
    uintx ReservedCodeCacheSize                    = 251658240                              {pd product} {ergonomic}
     bool SegmentedCodeCache                       = true                                      {product} {ergonomic}
   size_t SoftMaxHeapSize                          = 4294967296                             {manageable} {ergonomic}
     bool UseCompressedClassPointers               = true                           {product lp64_product} {ergonomic}
     bool UseCompressedOops                        = true                           {product lp64_product} {ergonomic}
     bool UseG1GC                                  = true                                      {product} {ergonomic}
     bool UseLargePagesIndividualAllocation        = false                                  {pd product} {ergonomic}

Logging:
Log output configuration:
 #0: stdout all=warning uptime,level,tags
 #1: stderr all=off uptime,level,tags

Environment Variables:
PATH=C:\ProgramData\Oracle\Java\javapath;C:\WINDOWS\system32;C:\WINDOWS;C:\WINDOWS\System32\Wbem;C:\WINDOWS\System32\WindowsPowerShell\v1.0\;C:\WINDOWS\System32\OpenSSH\;C:\Program Files\dotnet\;C:\Program Files\Git\cmd;C:\Program Files\GitHub CLI\;C:\Program Files\Java\jdk1.8.0_111\bin;C:\Users\LENOVO\AppData\Local\Programs\Python\Python310\Scripts\;C:\Users\LENOVO\AppData\Local\Programs\Python\Python310\;C:\Users\LENOVO\AppData\Local\Microsoft\WindowsApps;C:\Users\LENOVO\AppData\Local\Programs\Microsoft VS Code\bin;C:\Users\LENOVO\.dotnet\tools;C:\Users\LENOVO\AppData\Local\GitHubDesktop\bin
USERNAME=YEOVIL
OS=Windows_NT
PROCESSOR_IDENTIFIER=AMD64 Family 23 Model 24 Stepping 1, AuthenticAMD
TMP=C:\Users\LENOVO\AppData\Local\Temp
TEMP=C:\Users\LENOVO\AppData\Local\Temp


JNI global refs:
JNI global refs: 23, weak refs: 0

JNI global refs memory usage: 843, weak refs: 841


---------------  S Y S T E M  ---------------

OS:
 Windows 10 , 64 bit Build 19041 (10.0.19041.3636)
OS uptime: 0 days 2:18 hours

CPU: total 4 (initial active 4) (4 cores per cpu, 2 threads per core) family 23 model 24 stepping 1 microcode 0x0, cx8, cmov, fxsr, ht, mmx, 3dnowpref, sse, sse2, sse3, ssse3, sse4a, sse4.1, sse4.2, popcnt, lzcnt, tsc, tscinvbit, avx, avx2, aes, clmul, bmi1, bmi2, adx, sha, fma, vzeroupper, clflush, clflushopt

Memory: 4k page, system-wide physical 6020M (93M free)
TotalPageFile size 14212M (AvailPageFile size 4M)
current process WorkingSet (physical memory assigned to process): 76M, peak: 377M
current process commit charge ("private bytes"): 432M, peak: 445M

vm_info: OpenJDK 64-Bit Server VM (17.0.6+0-b2043.56-10027231) for windows-amd64 JRE (17.0.6+0-b2043.56-10027231), built on Apr 28 2023 00:43:19 by "androidbuild" with MS VC++ 16.10 / 16.11 (VS2019)

END.
