#
# There is insufficient memory for the Java Runtime Environment to continue.
# Native memory allocation (mmap) failed to map 515899392 bytes for G1 virtual space
# Possible reasons:
#   The system is out of physical RAM or swap space
#   The process is running with CompressedOops enabled, and the Java Heap may be blocking the growth of the native heap
# Possible solutions:
#   Reduce memory load on the system
#   Increase physical memory or swap space
#   Check if swap backing store is full
#   Decrease Java heap size (-Xmx/-Xms)
#   Decrease number of Java threads
#   Decrease Java thread stack sizes (-Xss)
#   Set larger code cache with -XX:ReservedCodeCacheSize=
#   JVM is running with Unscaled Compressed Oops mode in which the Java heap is
#     placed in the first 4GB address space. The Java Heap base address is the
#     maximum limit for the native heap growth. Please use -XX:HeapBaseMinAddress
#     to set the Java Heap base and to place the Java Heap above 4GB virtual address.
# This output file may be truncated or incomplete.
#
#  Out of Memory Error (os_windows.cpp:3769), pid=15156, tid=3036
#
# JRE version: OpenJDK Runtime Environment (17.0.6) (build 17.0.6+0-b2043.56-10027231)
# Java VM: OpenJDK 64-Bit Server VM (17.0.6+0-b2043.56-10027231, mixed mode, tiered, compressed oops, compressed class ptrs, g1 gc, windows-amd64)
# No core dump will be written. Minidumps are not enabled by default on client versions of Windows
#

---------------  S U M M A R Y ------------

Command Line: --add-opens=java.base/java.util=ALL-UNNAMED --add-opens=java.base/java.lang=ALL-UNNAMED --add-opens=java.base/java.lang.invoke=ALL-UNNAMED --add-opens=java.prefs/java.util.prefs=ALL-UNNAMED --add-opens=java.base/java.nio.charset=ALL-UNNAMED --add-opens=java.base/java.net=ALL-UNNAMED --add-opens=java.base/java.util.concurrent.atomic=ALL-UNNAMED -Xmx2048m -Dfile.encoding=UTF-8 -Duser.country=GB -Duser.language=en -Duser.variant org.gradle.launcher.daemon.bootstrap.GradleDaemon 8.0

Host: AMD Ryzen 3 3250U with Radeon Graphics         , 4 cores, 5G,  Windows 10 , 64 bit Build 19041 (10.0.19041.3636)
Time: Sun Nov 26 19:02:12 2023 Russia TZ 8 Standard Time elapsed time: 22.726504 seconds (0d 0h 0m 22s)

---------------  T H R E A D  ---------------

Current thread (0x000002377c003880):  VMThread "VM Thread" [stack: 0x00000057d5400000,0x00000057d5500000] [id=3036]

Stack: [0x00000057d5400000,0x00000057d5500000]
Native frames: (J=compiled Java code, j=interpreted, Vv=VM code, C=native code)
V  [jvm.dll+0x683c9a]
V  [jvm.dll+0x8427a4]
V  [jvm.dll+0x843f9e]
V  [jvm.dll+0x844603]
V  [jvm.dll+0x249b75]
V  [jvm.dll+0x680b69]
V  [jvm.dll+0x67505a]
V  [jvm.dll+0x309acb]
V  [jvm.dll+0x310f86]
V  [jvm.dll+0x3608ee]
V  [jvm.dll+0x360b1f]
V  [jvm.dll+0x2dfbf8]
V  [jvm.dll+0x2ddec4]
V  [jvm.dll+0x2dd4cc]
V  [jvm.dll+0x321f3b]
V  [jvm.dll+0x848ccb]
V  [jvm.dll+0x849a04]
V  [jvm.dll+0x849f1d]
V  [jvm.dll+0x84a2f4]
V  [jvm.dll+0x84a3c0]
V  [jvm.dll+0x7f274a]
V  [jvm.dll+0x682ad5]
C  [ucrtbase.dll+0x21bb2]
C  [KERNEL32.DLL+0x17344]
C  [ntdll.dll+0x526b1]

VM_Operation (0x00000057d99f7db0): G1CollectForAllocation, mode: safepoint, requested by thread 0x000002370156c9d0


---------------  P R O C E S S  ---------------

Threads class SMR info:
_java_thread_list=0x0000023704754c90, length=88, elements={
0x0000023762a4d940, 0x000002377c029a20, 0x000002377c02b1c0, 0x000002377c016150,
0x000002377c052010, 0x000002377c0528d0, 0x000002377cc00470, 0x000002377cc01060,
0x000002377cc01960, 0x000002377cc04a10, 0x000002377cd9ce00, 0x000002377cd9d6e0,
0x000002377e2cc490, 0x000002377e159080, 0x000002377df47610, 0x000002377e0c34d0,
0x000002377e6997f0, 0x000002377e2257d0, 0x000002377e7463f0, 0x000002377e743720,
0x000002377e660ec0, 0x000002377e660520, 0x000002377e660050, 0x000002377e663a10,
0x000002377e6609f0, 0x000002377e662200, 0x000002377e661390, 0x000002377e661860,
0x000002377e661d30, 0x000002377e6626d0, 0x000002377e662ba0, 0x000002377e663070,
0x000002377e663540, 0x000002377dacb810, 0x000002377dac5ca0, 0x000002377dac8cc0,
0x000002377dac9190, 0x000002377dac6b10, 0x000002377dac74b0, 0x000002377dacbce0,
0x000002377dac6170, 0x000002377daca9a0, 0x000002377dac57d0, 0x000002377dac8320,
0x000002377dac4e30, 0x000002377daca4d0, 0x000002377dac9b30, 0x000002377dac6640,
0x000002377dacc1b0, 0x000002377dac7e50, 0x000002377dac87f0, 0x000002377dacae70,
0x000002377dacb340, 0x000002377dac5300, 0x000002370156f9f0, 0x000002370156eb80,
0x00000237015716d0, 0x000002370156cea0, 0x000002370156acf0, 0x000002370156d840,
0x0000023701570d30, 0x0000023701569e80, 0x000002370156a820, 0x000002370156fec0,
0x000002370156c9d0, 0x000002370156f050, 0x000002370156f520, 0x0000023701570390,
0x0000023701570860, 0x0000023701571200, 0x000002370156a350, 0x000002370156b1c0,
0x000002370156b690, 0x000002370156bb60, 0x000002370156c030, 0x000002370156c500,
0x000002370156d370, 0x000002370156dd10, 0x000002370156e1e0, 0x000002370156e6b0,
0x000002377d174680, 0x000002377d170cc0, 0x000002377d170320, 0x000002377d16f980,
0x000002377d173ce0, 0x000002377d171190, 0x000002377d173340, 0x000002377d176d00
}

Java Threads: ( => current thread )
  0x0000023762a4d940 JavaThread "main" [_thread_blocked, id=14592, stack(0x00000057d4e00000,0x00000057d4f00000)]
  0x000002377c029a20 JavaThread "Reference Handler" daemon [_thread_blocked, id=2856, stack(0x00000057d5500000,0x00000057d5600000)]
  0x000002377c02b1c0 JavaThread "Finalizer" daemon [_thread_blocked, id=14472, stack(0x00000057d5600000,0x00000057d5700000)]
  0x000002377c016150 JavaThread "Signal Dispatcher" daemon [_thread_blocked, id=17572, stack(0x00000057d5700000,0x00000057d5800000)]
  0x000002377c052010 JavaThread "Attach Listener" daemon [_thread_blocked, id=14200, stack(0x00000057d5800000,0x00000057d5900000)]
  0x000002377c0528d0 JavaThread "Service Thread" daemon [_thread_blocked, id=18700, stack(0x00000057d5900000,0x00000057d5a00000)]
  0x000002377cc00470 JavaThread "Monitor Deflation Thread" daemon [_thread_blocked, id=18352, stack(0x00000057d5a00000,0x00000057d5b00000)]
  0x000002377cc01060 JavaThread "C2 CompilerThread0" daemon [_thread_blocked, id=8964, stack(0x00000057d5b00000,0x00000057d5c00000)]
  0x000002377cc01960 JavaThread "C1 CompilerThread0" daemon [_thread_blocked, id=16884, stack(0x00000057d5c00000,0x00000057d5d00000)]
  0x000002377cc04a10 JavaThread "Sweeper thread" daemon [_thread_blocked, id=13936, stack(0x00000057d5d00000,0x00000057d5e00000)]
  0x000002377cd9ce00 JavaThread "Common-Cleaner" daemon [_thread_blocked, id=18148, stack(0x00000057d5e00000,0x00000057d5f00000)]
  0x000002377cd9d6e0 JavaThread "Notification Thread" daemon [_thread_blocked, id=14196, stack(0x00000057d5f00000,0x00000057d6000000)]
  0x000002377e2cc490 JavaThread "Daemon health stats" [_thread_blocked, id=16616, stack(0x00000057d6400000,0x00000057d6500000)]
  0x000002377e159080 JavaThread "Incoming local TCP Connector on port 53557" [_thread_in_native, id=15024, stack(0x00000057d6500000,0x00000057d6600000)]
  0x000002377df47610 JavaThread "Daemon periodic checks" [_thread_blocked, id=18104, stack(0x00000057d6600000,0x00000057d6700000)]
  0x000002377e0c34d0 JavaThread "Daemon" [_thread_blocked, id=16876, stack(0x00000057d6700000,0x00000057d6800000)]
  0x000002377e6997f0 JavaThread "Handler for socket connection from /127.0.0.1:53557 to /127.0.0.1:53559" [_thread_in_native, id=18248, stack(0x00000057d6800000,0x00000057d6900000)]
  0x000002377e2257d0 JavaThread "Cancel handler" [_thread_blocked, id=17276, stack(0x00000057d6900000,0x00000057d6a00000)]
  0x000002377e7463f0 JavaThread "Daemon worker" [_thread_blocked, id=13276, stack(0x00000057d6a00000,0x00000057d6b00000)]
  0x000002377e743720 JavaThread "Asynchronous log dispatcher for DefaultDaemonConnection: socket connection from /127.0.0.1:53557 to /127.0.0.1:53559" [_thread_blocked, id=18212, stack(0x00000057d6b00000,0x00000057d6c00000)]
  0x000002377e660ec0 JavaThread "Stdin handler" [_thread_blocked, id=364, stack(0x00000057d6c00000,0x00000057d6d00000)]
  0x000002377e660520 JavaThread "Daemon client event forwarder" [_thread_blocked, id=9756, stack(0x00000057d6d00000,0x00000057d6e00000)]
  0x000002377e660050 JavaThread "Cache worker for journal cache (E:\Apk Kuliah\Andro\jbr\caches\journal-1)" [_thread_blocked, id=15036, stack(0x00000057d6e00000,0x00000057d6f00000)]
  0x000002377e663a10 JavaThread "File lock request listener" [_thread_in_native, id=13636, stack(0x00000057d6f00000,0x00000057d7000000)]
  0x000002377e6609f0 JavaThread "Cache worker for file hash cache (E:\Apk Kuliah\Andro\jbr\caches\8.0\fileHashes)" [_thread_blocked, id=15032, stack(0x00000057d7000000,0x00000057d7100000)]
  0x000002377e662200 JavaThread "File watcher server" daemon [_thread_blocked, id=15808, stack(0x00000057d7100000,0x00000057d7200000)]
  0x000002377e661390 JavaThread "File watcher consumer" daemon [_thread_blocked, id=15184, stack(0x00000057d7200000,0x00000057d7300000)]
  0x000002377e661860 JavaThread "Cache worker for checksums cache (E:\Andro Projek\SispakKehamilan\.gradle\8.0\checksums)" [_thread_blocked, id=18256, stack(0x00000057d7300000,0x00000057d7400000)]
  0x000002377e661d30 JavaThread "Cache worker for cache directory md-rule (E:\Apk Kuliah\Andro\jbr\caches\8.0\md-rule)" [_thread_blocked, id=16504, stack(0x00000057d7400000,0x00000057d7500000)]
  0x000002377e6626d0 JavaThread "Cache worker for file content cache (E:\Apk Kuliah\Andro\jbr\caches\8.0\fileContent)" [_thread_blocked, id=13144, stack(0x00000057d7500000,0x00000057d7600000)]
  0x000002377e662ba0 JavaThread "Cache worker for file hash cache (E:\Andro Projek\SispakKehamilan\.gradle\8.0\fileHashes)" [_thread_blocked, id=15388, stack(0x00000057d7600000,0x00000057d7700000)]
  0x000002377e663070 JavaThread "Cache worker for cache directory md-supplier (E:\Apk Kuliah\Andro\jbr\caches\8.0\md-supplier)" [_thread_blocked, id=17500, stack(0x00000057d7700000,0x00000057d7800000)]
  0x000002377e663540 JavaThread "Cache worker for execution history cache (E:\Apk Kuliah\Andro\jbr\caches\8.0\executionHistory)" [_thread_blocked, id=15544, stack(0x00000057d7800000,0x00000057d7900000)]
  0x000002377dacb810 JavaThread "jar transforms" [_thread_blocked, id=13968, stack(0x00000057d7900000,0x00000057d7a00000)]
  0x000002377dac5ca0 JavaThread "jar transforms Thread 2" [_thread_blocked, id=14056, stack(0x00000057d7a00000,0x00000057d7b00000)]
  0x000002377dac8cc0 JavaThread "jar transforms Thread 3" [_thread_blocked, id=15864, stack(0x00000057d7c00000,0x00000057d7d00000)]
  0x000002377dac9190 JavaThread "jar transforms Thread 4" [_thread_blocked, id=14912, stack(0x00000057d7d00000,0x00000057d7e00000)]
  0x000002377dac6b10 JavaThread "Cache worker for dependencies-accessors (E:\Andro Projek\SispakKehamilan\.gradle\8.0\dependencies-accessors)" [_thread_blocked, id=12280, stack(0x00000057d7e00000,0x00000057d7f00000)]
  0x000002377dac74b0 JavaThread "Cache worker for Build Output Cleanup Cache (E:\Andro Projek\SispakKehamilan\.gradle\buildOutputCleanup)" [_thread_blocked, id=7644, stack(0x00000057d7f00000,0x00000057d8000000)]
  0x000002377dacbce0 JavaThread "Unconstrained build operations" [_thread_blocked, id=15676, stack(0x00000057d8000000,0x00000057d8100000)]
  0x000002377dac6170 JavaThread "Unconstrained build operations Thread 2" [_thread_blocked, id=18360, stack(0x00000057d8100000,0x00000057d8200000)]
  0x000002377daca9a0 JavaThread "Unconstrained build operations Thread 3" [_thread_blocked, id=16060, stack(0x00000057d8200000,0x00000057d8300000)]
  0x000002377dac57d0 JavaThread "Unconstrained build operations Thread 4" [_thread_blocked, id=18232, stack(0x00000057d8300000,0x00000057d8400000)]
  0x000002377dac8320 JavaThread "Unconstrained build operations Thread 5" [_thread_blocked, id=18216, stack(0x00000057d8400000,0x00000057d8500000)]
  0x000002377dac4e30 JavaThread "Unconstrained build operations Thread 6" [_thread_blocked, id=16444, stack(0x00000057d8500000,0x00000057d8600000)]
  0x000002377daca4d0 JavaThread "Unconstrained build operations Thread 7" [_thread_blocked, id=18184, stack(0x00000057d8600000,0x00000057d8700000)]
  0x000002377dac9b30 JavaThread "Unconstrained build operations Thread 8" [_thread_blocked, id=11488, stack(0x00000057d8700000,0x00000057d8800000)]
  0x000002377dac6640 JavaThread "Unconstrained build operations Thread 9" [_thread_blocked, id=12444, stack(0x00000057d8800000,0x00000057d8900000)]
  0x000002377dacc1b0 JavaThread "Unconstrained build operations Thread 10" [_thread_blocked, id=13264, stack(0x00000057d8900000,0x00000057d8a00000)]
  0x000002377dac7e50 JavaThread "Unconstrained build operations Thread 11" [_thread_blocked, id=9608, stack(0x00000057d8a00000,0x00000057d8b00000)]
  0x000002377dac87f0 JavaThread "Unconstrained build operations Thread 12" [_thread_blocked, id=15552, stack(0x00000057d8b00000,0x00000057d8c00000)]
  0x000002377dacae70 JavaThread "Unconstrained build operations Thread 13" [_thread_blocked, id=12580, stack(0x00000057d8c00000,0x00000057d8d00000)]
  0x000002377dacb340 JavaThread "Unconstrained build operations Thread 14" [_thread_blocked, id=8708, stack(0x00000057d8d00000,0x00000057d8e00000)]
  0x000002377dac5300 JavaThread "Unconstrained build operations Thread 15" [_thread_blocked, id=2868, stack(0x00000057d8e00000,0x00000057d8f00000)]
  0x000002370156f9f0 JavaThread "Unconstrained build operations Thread 16" [_thread_blocked, id=19336, stack(0x00000057d8f00000,0x00000057d9000000)]
  0x000002370156eb80 JavaThread "Unconstrained build operations Thread 17" [_thread_blocked, id=17464, stack(0x00000057d9000000,0x00000057d9100000)]
  0x00000237015716d0 JavaThread "Unconstrained build operations Thread 18" [_thread_blocked, id=13796, stack(0x00000057d9100000,0x00000057d9200000)]
  0x000002370156cea0 JavaThread "Unconstrained build operations Thread 19" [_thread_blocked, id=13724, stack(0x00000057d9200000,0x00000057d9300000)]
  0x000002370156acf0 JavaThread "Unconstrained build operations Thread 20" [_thread_blocked, id=17344, stack(0x00000057d9300000,0x00000057d9400000)]
  0x000002370156d840 JavaThread "Unconstrained build operations Thread 21" [_thread_blocked, id=13736, stack(0x00000057d9400000,0x00000057d9500000)]
  0x0000023701570d30 JavaThread "Unconstrained build operations Thread 22" [_thread_blocked, id=4820, stack(0x00000057d9500000,0x00000057d9600000)]
  0x0000023701569e80 JavaThread "Unconstrained build operations Thread 23" [_thread_blocked, id=18644, stack(0x00000057d9600000,0x00000057d9700000)]
  0x000002370156a820 JavaThread "Unconstrained build operations Thread 24" [_thread_blocked, id=12056, stack(0x00000057d9700000,0x00000057d9800000)]
  0x000002370156fec0 JavaThread "Unconstrained build operations Thread 25" [_thread_blocked, id=4412, stack(0x00000057d9800000,0x00000057d9900000)]
  0x000002370156c9d0 JavaThread "Unconstrained build operations Thread 26" [_thread_blocked, id=15596, stack(0x00000057d9900000,0x00000057d9a00000)]
  0x000002370156f050 JavaThread "Unconstrained build operations Thread 27" [_thread_blocked, id=10180, stack(0x00000057d9a00000,0x00000057d9b00000)]
  0x000002370156f520 JavaThread "Unconstrained build operations Thread 28" [_thread_blocked, id=15100, stack(0x00000057d9b00000,0x00000057d9c00000)]
  0x0000023701570390 JavaThread "Unconstrained build operations Thread 29" [_thread_blocked, id=13848, stack(0x00000057d9c00000,0x00000057d9d00000)]
  0x0000023701570860 JavaThread "Unconstrained build operations Thread 30" [_thread_blocked, id=14688, stack(0x00000057d9d00000,0x00000057d9e00000)]
  0x0000023701571200 JavaThread "Unconstrained build operations Thread 31" [_thread_blocked, id=8304, stack(0x00000057d9e00000,0x00000057d9f00000)]
  0x000002370156a350 JavaThread "Unconstrained build operations Thread 32" [_thread_blocked, id=17380, stack(0x00000057d9f00000,0x00000057da000000)]
  0x000002370156b1c0 JavaThread "Unconstrained build operations Thread 33" [_thread_blocked, id=7472, stack(0x00000057da000000,0x00000057da100000)]
  0x000002370156b690 JavaThread "Unconstrained build operations Thread 34" [_thread_blocked, id=18768, stack(0x00000057da100000,0x00000057da200000)]
  0x000002370156bb60 JavaThread "Unconstrained build operations Thread 35" [_thread_blocked, id=16032, stack(0x00000057da200000,0x00000057da300000)]
  0x000002370156c030 JavaThread "Unconstrained build operations Thread 36" [_thread_blocked, id=18956, stack(0x00000057da300000,0x00000057da400000)]
  0x000002370156c500 JavaThread "Unconstrained build operations Thread 37" [_thread_blocked, id=17620, stack(0x00000057da400000,0x00000057da500000)]
  0x000002370156d370 JavaThread "Unconstrained build operations Thread 38" [_thread_blocked, id=17752, stack(0x00000057da500000,0x00000057da600000)]
  0x000002370156dd10 JavaThread "Unconstrained build operations Thread 39" [_thread_blocked, id=16076, stack(0x00000057da600000,0x00000057da700000)]
  0x000002370156e1e0 JavaThread "Unconstrained build operations Thread 40" [_thread_blocked, id=18172, stack(0x00000057da700000,0x00000057da800000)]
  0x000002370156e6b0 JavaThread "build event listener" [_thread_blocked, id=18356, stack(0x00000057da800000,0x00000057da900000)]
  0x000002377d174680 JavaThread "Memory manager" [_thread_blocked, id=13780, stack(0x00000057da900000,0x00000057daa00000)]
  0x000002377d170cc0 JavaThread "included builds" [_thread_blocked, id=17792, stack(0x00000057daa00000,0x00000057dab00000)]
  0x000002377d170320 JavaThread "Execution worker" [_thread_blocked, id=18556, stack(0x00000057dab00000,0x00000057dac00000)]
  0x000002377d16f980 JavaThread "Execution worker Thread 2" [_thread_blocked, id=13368, stack(0x00000057dac00000,0x00000057dad00000)]
  0x000002377d173ce0 JavaThread "Execution worker Thread 3" [_thread_blocked, id=12896, stack(0x00000057dad00000,0x00000057dae00000)]
  0x000002377d171190 JavaThread "Cache worker for execution history cache (E:\Andro Projek\SispakKehamilan\.gradle\8.0\executionHistory)" [_thread_blocked, id=10804, stack(0x00000057dae00000,0x00000057daf00000)]
  0x000002377d173340 JavaThread "WorkerExecutor Queue" [_thread_blocked, id=14792, stack(0x00000057daf00000,0x00000057db000000)]
  0x000002377d176d00 JavaThread "WorkerExecutor Queue Thread 2" [_thread_blocked, id=19164, stack(0x00000057db000000,0x00000057db100000)]

Other Threads:
=>0x000002377c003880 VMThread "VM Thread" [stack: 0x00000057d5400000,0x00000057d5500000] [id=3036]
  0x000002377cd7c6c0 WatcherThread [stack: 0x00000057d6000000,0x00000057d6100000] [id=19344]
  0x0000023762aa6cc0 GCTaskThread "GC Thread#0" [stack: 0x00000057d4f00000,0x00000057d5000000] [id=9316]
  0x000002377d38cbc0 GCTaskThread "GC Thread#1" [stack: 0x00000057d6100000,0x00000057d6200000] [id=18296]
  0x000002377d3dfe60 GCTaskThread "GC Thread#2" [stack: 0x00000057d6200000,0x00000057d6300000] [id=18072]
  0x000002377d2b9f00 GCTaskThread "GC Thread#3" [stack: 0x00000057d6300000,0x00000057d6400000] [id=13396]
  0x0000023762ab82b0 ConcurrentGCThread "G1 Main Marker" [stack: 0x00000057d5000000,0x00000057d5100000] [id=15052]
  0x0000023762ab8bd0 ConcurrentGCThread "G1 Conc#0" [stack: 0x00000057d5100000,0x00000057d5200000] [id=13272]
  0x0000023762b196c0 ConcurrentGCThread "G1 Refine#0" [stack: 0x00000057d5200000,0x00000057d5300000] [id=9960]
  0x0000023700d3fd70 ConcurrentGCThread "G1 Refine#1" [stack: 0x00000057d7b00000,0x00000057d7c00000] [id=6164]
  0x0000023706fcc1f0 ConcurrentGCThread "G1 Refine#2" [stack: 0x00000057db100000,0x00000057db200000] [id=17740]
  0x0000023762b1b400 ConcurrentGCThread "G1 Service" [stack: 0x00000057d5300000,0x00000057d5400000] [id=12940]

Threads with active compile tasks:
C2 CompilerThread0    22787 11978       4       com.android.tools.r8.internal.lp::a (998 bytes)
C1 CompilerThread0    22787 12198       2       com.android.tools.r8.internal.Ia::a (4479 bytes)

VM state: at safepoint (normal execution)

VM Mutex/Monitor currently owned by a thread:  ([mutex/lock_event])
[0x0000023762a45e60] Threads_lock - owner thread: 0x000002377c003880
[0x0000023762a47840] Heap_lock - owner thread: 0x000002370156c9d0

Heap address: 0x0000000080000000, size: 2048 MB, Compressed Oops mode: 32-bit

CDS archive(s) not mapped
Compressed class space mapped at: 0x0000000100000000-0x0000000140000000, reserved size: 1073741824
Narrow klass base: 0x0000000000000000, Narrow klass shift: 3, Narrow klass range: 0x140000000

GC Precious Log:
 CPUs: 4 total, 4 available
 Memory: 6020M
 Large Page Support: Disabled
 NUMA Support: Disabled
 Compressed Oops: Enabled (32-bit)
 Heap Region Size: 1M
 Heap Min Capacity: 8M
 Heap Initial Capacity: 96M
 Heap Max Capacity: 2G
 Pre-touch: Disabled
 Parallel Workers: 4
 Concurrent Workers: 1
 Concurrent Refinement Workers: 4
 Periodic GC: Disabled

Heap:
 garbage-first heap   total 276480K, used 150016K [0x0000000080000000, 0x0000000100000000)
  region size 1024K, 11 young (11264K), 11 survivors (11264K)
 Metaspace       used 104622K, committed 105344K, reserved 1146880K
  class space    used 14363K, committed 14720K, reserved 1048576K

Heap Regions: E=young(eden), S=young(survivor), O=old, HS=humongous(starts), HC=humongous(continues), CS=collection set, F=free, OA=open archive, CA=closed archive, TAMS=top-at-mark-start (previous, next)
|   0|0x0000000080000000, 0x0000000080100000, 0x0000000080100000|100%| O|  |TAMS 0x0000000080100000, 0x0000000080000000| Untracked 
|   1|0x0000000080100000, 0x0000000080200000, 0x0000000080200000|100%| O|  |TAMS 0x0000000080200000, 0x0000000080100000| Untracked 
|   2|0x0000000080200000, 0x0000000080300000, 0x0000000080300000|100%|HS|  |TAMS 0x0000000080300000, 0x0000000080200000| Complete 
|   3|0x0000000080300000, 0x0000000080400000, 0x0000000080400000|100%|HC|  |TAMS 0x0000000080400000, 0x0000000080300000| Complete 
|   4|0x0000000080400000, 0x0000000080500000, 0x0000000080500000|100%|HC|  |TAMS 0x0000000080500000, 0x0000000080400000| Complete 
|   5|0x0000000080500000, 0x0000000080600000, 0x0000000080600000|100%|HC|  |TAMS 0x0000000080600000, 0x0000000080500000| Complete 
|   6|0x0000000080600000, 0x0000000080700000, 0x0000000080700000|100%| O|  |TAMS 0x0000000080700000, 0x0000000080600000| Untracked 
|   7|0x0000000080700000, 0x0000000080800000, 0x0000000080800000|100%| O|  |TAMS 0x0000000080800000, 0x0000000080700000| Untracked 
|   8|0x0000000080800000, 0x0000000080900000, 0x0000000080900000|100%| O|  |TAMS 0x0000000080900000, 0x0000000080800000| Untracked 
|   9|0x0000000080900000, 0x0000000080a00000, 0x0000000080a00000|100%| O|  |TAMS 0x0000000080a00000, 0x0000000080900000| Untracked 
|  10|0x0000000080a00000, 0x0000000080b00000, 0x0000000080b00000|100%| O|  |TAMS 0x0000000080b00000, 0x0000000080a00000| Untracked 
|  11|0x0000000080b00000, 0x0000000080c00000, 0x0000000080c00000|100%| O|  |TAMS 0x0000000080c00000, 0x0000000080b00000| Untracked 
|  12|0x0000000080c00000, 0x0000000080d00000, 0x0000000080d00000|100%| O|  |TAMS 0x0000000080c00000, 0x0000000080c00000| Untracked 
|  13|0x0000000080d00000, 0x0000000080e00000, 0x0000000080e00000|100%| O|  |TAMS 0x0000000080e00000, 0x0000000080d00000| Untracked 
|  14|0x0000000080e00000, 0x0000000080f00000, 0x0000000080f00000|100%| O|  |TAMS 0x0000000080f00000, 0x0000000080e00000| Untracked 
|  15|0x0000000080f00000, 0x0000000081000000, 0x0000000081000000|100%| O|  |TAMS 0x0000000081000000, 0x0000000080f00000| Untracked 
|  16|0x0000000081000000, 0x0000000081100000, 0x0000000081100000|100%| O|  |TAMS 0x0000000081100000, 0x0000000081000000| Untracked 
|  17|0x0000000081100000, 0x0000000081200000, 0x0000000081200000|100%| O|  |TAMS 0x0000000081200000, 0x0000000081100000| Untracked 
|  18|0x0000000081200000, 0x0000000081300000, 0x0000000081300000|100%| O|  |TAMS 0x0000000081300000, 0x0000000081200000| Untracked 
|  19|0x0000000081300000, 0x0000000081400000, 0x0000000081400000|100%| O|  |TAMS 0x0000000081400000, 0x0000000081300000| Untracked 
|  20|0x0000000081400000, 0x0000000081500000, 0x0000000081500000|100%| O|  |TAMS 0x0000000081500000, 0x0000000081400000| Untracked 
|  21|0x0000000081500000, 0x0000000081600000, 0x0000000081600000|100%| O|  |TAMS 0x0000000081600000, 0x0000000081500000| Untracked 
|  22|0x0000000081600000, 0x0000000081700000, 0x0000000081700000|100%| O|  |TAMS 0x0000000081700000, 0x0000000081600000| Untracked 
|  23|0x0000000081700000, 0x0000000081800000, 0x0000000081800000|100%| O|  |TAMS 0x0000000081800000, 0x0000000081700000| Untracked 
|  24|0x0000000081800000, 0x0000000081900000, 0x0000000081900000|100%|HS|  |TAMS 0x0000000081900000, 0x0000000081800000| Complete 
|  25|0x0000000081900000, 0x0000000081a00000, 0x0000000081a00000|100%| O|  |TAMS 0x0000000081a00000, 0x0000000081900000| Untracked 
|  26|0x0000000081a00000, 0x0000000081b00000, 0x0000000081b00000|100%| O|  |TAMS 0x0000000081b00000, 0x0000000081a00000| Untracked 
|  27|0x0000000081b00000, 0x0000000081c00000, 0x0000000081c00000|100%| O|  |TAMS 0x0000000081c00000, 0x0000000081b00000| Untracked 
|  28|0x0000000081c00000, 0x0000000081d00000, 0x0000000081d00000|100%| O|  |TAMS 0x0000000081d00000, 0x0000000081c00000| Untracked 
|  29|0x0000000081d00000, 0x0000000081e00000, 0x0000000081e00000|100%| O|  |TAMS 0x0000000081e00000, 0x0000000081d00000| Untracked 
|  30|0x0000000081e00000, 0x0000000081f00000, 0x0000000081f00000|100%| O|  |TAMS 0x0000000081f00000, 0x0000000081e00000| Untracked 
|  31|0x0000000081f00000, 0x0000000082000000, 0x0000000082000000|100%| O|  |TAMS 0x0000000082000000, 0x0000000081f00000| Untracked 
|  32|0x0000000082000000, 0x0000000082100000, 0x0000000082100000|100%| O|  |TAMS 0x0000000082000000, 0x0000000082000000| Untracked 
|  33|0x0000000082100000, 0x0000000082200000, 0x0000000082200000|100%|HS|  |TAMS 0x0000000082200000, 0x0000000082100000| Complete 
|  34|0x0000000082200000, 0x0000000082300000, 0x0000000082300000|100%|HS|  |TAMS 0x0000000082300000, 0x0000000082200000| Complete 
|  35|0x0000000082300000, 0x0000000082400000, 0x0000000082400000|100%|HS|  |TAMS 0x0000000082400000, 0x0000000082300000| Complete 
|  36|0x0000000082400000, 0x0000000082500000, 0x0000000082500000|100%| O|  |TAMS 0x0000000082500000, 0x0000000082400000| Untracked 
|  37|0x0000000082500000, 0x0000000082600000, 0x0000000082600000|100%| O|  |TAMS 0x0000000082600000, 0x0000000082500000| Untracked 
|  38|0x0000000082600000, 0x0000000082700000, 0x0000000082700000|100%| O|  |TAMS 0x0000000082700000, 0x0000000082600000| Untracked 
|  39|0x0000000082700000, 0x0000000082800000, 0x0000000082800000|100%| O|  |TAMS 0x0000000082800000, 0x0000000082700000| Untracked 
|  40|0x0000000082800000, 0x0000000082900000, 0x0000000082900000|100%|HS|  |TAMS 0x0000000082900000, 0x0000000082800000| Complete 
|  41|0x0000000082900000, 0x0000000082a00000, 0x0000000082a00000|100%|HC|  |TAMS 0x0000000082a00000, 0x0000000082900000| Complete 
|  42|0x0000000082a00000, 0x0000000082b00000, 0x0000000082b00000|100%|HC|  |TAMS 0x0000000082b00000, 0x0000000082a00000| Complete 
|  43|0x0000000082b00000, 0x0000000082c00000, 0x0000000082c00000|100%| O|  |TAMS 0x0000000082c00000, 0x0000000082b00000| Untracked 
|  44|0x0000000082c00000, 0x0000000082d00000, 0x0000000082d00000|100%| O|  |TAMS 0x0000000082d00000, 0x0000000082c00000| Untracked 
|  45|0x0000000082d00000, 0x0000000082e00000, 0x0000000082e00000|100%| O|  |TAMS 0x0000000082e00000, 0x0000000082d00000| Untracked 
|  46|0x0000000082e00000, 0x0000000082f00000, 0x0000000082f00000|100%| O|  |TAMS 0x0000000082f00000, 0x0000000082e00000| Untracked 
|  47|0x0000000082f00000, 0x0000000083000000, 0x0000000083000000|100%| O|  |TAMS 0x0000000083000000, 0x0000000082f00000| Untracked 
|  48|0x0000000083000000, 0x0000000083100000, 0x0000000083100000|100%| O|  |TAMS 0x0000000083100000, 0x0000000083000000| Untracked 
|  49|0x0000000083100000, 0x0000000083200000, 0x0000000083200000|100%| O|  |TAMS 0x0000000083200000, 0x0000000083100000| Untracked 
|  50|0x0000000083200000, 0x0000000083300000, 0x0000000083300000|100%| O|  |TAMS 0x0000000083300000, 0x0000000083200000| Untracked 
|  51|0x0000000083300000, 0x0000000083400000, 0x0000000083400000|100%| O|  |TAMS 0x0000000083400000, 0x0000000083300000| Untracked 
|  52|0x0000000083400000, 0x0000000083500000, 0x0000000083500000|100%| O|  |TAMS 0x0000000083500000, 0x0000000083400000| Untracked 
|  53|0x0000000083500000, 0x0000000083600000, 0x0000000083600000|100%| O|  |TAMS 0x0000000083600000, 0x0000000083500000| Untracked 
|  54|0x0000000083600000, 0x0000000083700000, 0x0000000083700000|100%| O|  |TAMS 0x0000000083700000, 0x0000000083600000| Untracked 
|  55|0x0000000083700000, 0x0000000083800000, 0x0000000083800000|100%| O|  |TAMS 0x0000000083800000, 0x0000000083700000| Untracked 
|  56|0x0000000083800000, 0x0000000083900000, 0x0000000083900000|100%| O|  |TAMS 0x0000000083900000, 0x0000000083800000| Untracked 
|  57|0x0000000083900000, 0x0000000083a00000, 0x0000000083a00000|100%| O|  |TAMS 0x0000000083a00000, 0x0000000083900000| Untracked 
|  58|0x0000000083a00000, 0x0000000083b00000, 0x0000000083b00000|100%| O|  |TAMS 0x0000000083b00000, 0x0000000083a00000| Untracked 
|  59|0x0000000083b00000, 0x0000000083c00000, 0x0000000083c00000|100%| O|  |TAMS 0x0000000083c00000, 0x0000000083b00000| Untracked 
|  60|0x0000000083c00000, 0x0000000083d00000, 0x0000000083d00000|100%| O|  |TAMS 0x0000000083d00000, 0x0000000083c00000| Untracked 
|  61|0x0000000083d00000, 0x0000000083e00000, 0x0000000083e00000|100%| O|  |TAMS 0x0000000083e00000, 0x0000000083d00000| Untracked 
|  62|0x0000000083e00000, 0x0000000083f00000, 0x0000000083f00000|100%| O|  |TAMS 0x0000000083f00000, 0x0000000083e00000| Untracked 
|  63|0x0000000083f00000, 0x0000000084000000, 0x0000000084000000|100%| O|  |TAMS 0x0000000084000000, 0x0000000083f00000| Untracked 
|  64|0x0000000084000000, 0x0000000084100000, 0x0000000084100000|100%| O|  |TAMS 0x0000000084100000, 0x0000000084000000| Untracked 
|  65|0x0000000084100000, 0x0000000084200000, 0x0000000084200000|100%| O|  |TAMS 0x0000000084200000, 0x0000000084100000| Untracked 
|  66|0x0000000084200000, 0x0000000084300000, 0x0000000084300000|100%| O|  |TAMS 0x0000000084300000, 0x0000000084200000| Untracked 
|  67|0x0000000084300000, 0x0000000084400000, 0x0000000084400000|100%| O|  |TAMS 0x0000000084400000, 0x0000000084300000| Untracked 
|  68|0x0000000084400000, 0x0000000084500000, 0x0000000084500000|100%| O|  |TAMS 0x0000000084500000, 0x0000000084400000| Untracked 
|  69|0x0000000084500000, 0x0000000084600000, 0x0000000084600000|100%| O|  |TAMS 0x0000000084600000, 0x0000000084500000| Untracked 
|  70|0x0000000084600000, 0x0000000084700000, 0x0000000084700000|100%| O|  |TAMS 0x0000000084700000, 0x0000000084600000| Untracked 
|  71|0x0000000084700000, 0x0000000084800000, 0x0000000084800000|100%| O|  |TAMS 0x0000000084800000, 0x0000000084700000| Untracked 
|  72|0x0000000084800000, 0x0000000084900000, 0x0000000084900000|100%| O|  |TAMS 0x0000000084900000, 0x0000000084800000| Untracked 
|  73|0x0000000084900000, 0x0000000084a00000, 0x0000000084a00000|100%| O|  |TAMS 0x0000000084a00000, 0x0000000084900000| Untracked 
|  74|0x0000000084a00000, 0x0000000084b00000, 0x0000000084b00000|100%| O|  |TAMS 0x0000000084b00000, 0x0000000084a00000| Untracked 
|  75|0x0000000084b00000, 0x0000000084c00000, 0x0000000084c00000|100%| O|  |TAMS 0x0000000084c00000, 0x0000000084b00000| Untracked 
|  76|0x0000000084c00000, 0x0000000084d00000, 0x0000000084d00000|100%| O|  |TAMS 0x0000000084d00000, 0x0000000084c00000| Untracked 
|  77|0x0000000084d00000, 0x0000000084e00000, 0x0000000084e00000|100%| O|  |TAMS 0x0000000084e00000, 0x0000000084d00000| Untracked 
|  78|0x0000000084e00000, 0x0000000084f00000, 0x0000000084f00000|100%| O|  |TAMS 0x0000000084f00000, 0x0000000084e00000| Untracked 
|  79|0x0000000084f00000, 0x0000000085000000, 0x0000000085000000|100%| O|  |TAMS 0x0000000085000000, 0x0000000084f00000| Untracked 
|  80|0x0000000085000000, 0x0000000085100000, 0x0000000085100000|100%| O|  |TAMS 0x0000000085100000, 0x0000000085000000| Untracked 
|  81|0x0000000085100000, 0x0000000085200000, 0x0000000085200000|100%| O|  |TAMS 0x0000000085200000, 0x0000000085100000| Untracked 
|  82|0x0000000085200000, 0x0000000085300000, 0x0000000085300000|100%| O|  |TAMS 0x0000000085300000, 0x0000000085200000| Untracked 
|  83|0x0000000085300000, 0x0000000085400000, 0x0000000085400000|100%| O|  |TAMS 0x0000000085400000, 0x0000000085300000| Untracked 
|  84|0x0000000085400000, 0x0000000085500000, 0x0000000085500000|100%| O|  |TAMS 0x0000000085474400, 0x0000000085400000| Untracked 
|  85|0x0000000085500000, 0x0000000085600000, 0x0000000085600000|100%| O|  |TAMS 0x0000000085500000, 0x0000000085500000| Untracked 
|  86|0x0000000085600000, 0x0000000085700000, 0x0000000085700000|100%| O|  |TAMS 0x0000000085600000, 0x0000000085600000| Untracked 
|  87|0x0000000085700000, 0x0000000085800000, 0x0000000085800000|100%| O|  |TAMS 0x0000000085700000, 0x0000000085700000| Untracked 
|  88|0x0000000085800000, 0x0000000085900000, 0x0000000085900000|100%| O|  |TAMS 0x0000000085800000, 0x0000000085800000| Untracked 
|  89|0x0000000085900000, 0x0000000085a00000, 0x0000000085a00000|100%| O|  |TAMS 0x0000000085900000, 0x0000000085900000| Untracked 
|  90|0x0000000085a00000, 0x0000000085b00000, 0x0000000085b00000|100%| O|  |TAMS 0x0000000085a00000, 0x0000000085a00000| Untracked 
|  91|0x0000000085b00000, 0x0000000085c00000, 0x0000000085c00000|100%| O|  |TAMS 0x0000000085b00000, 0x0000000085b00000| Untracked 
|  92|0x0000000085c00000, 0x0000000085d00000, 0x0000000085d00000|100%| O|  |TAMS 0x0000000085c00000, 0x0000000085c00000| Untracked 
|  93|0x0000000085d00000, 0x0000000085e00000, 0x0000000085e00000|100%| O|  |TAMS 0x0000000085d00000, 0x0000000085d00000| Untracked 
|  94|0x0000000085e00000, 0x0000000085f00000, 0x0000000085f00000|100%| O|  |TAMS 0x0000000085e00000, 0x0000000085e00000| Untracked 
|  95|0x0000000085f00000, 0x0000000086000000, 0x0000000086000000|100%| O|  |TAMS 0x0000000085f00000, 0x0000000085f00000| Untracked 
|  96|0x0000000086000000, 0x0000000086100000, 0x0000000086100000|100%| O|  |TAMS 0x0000000086000000, 0x0000000086000000| Untracked 
|  97|0x0000000086100000, 0x0000000086200000, 0x0000000086200000|100%| O|  |TAMS 0x0000000086100000, 0x0000000086100000| Untracked 
|  98|0x0000000086200000, 0x0000000086300000, 0x0000000086300000|100%| O|  |TAMS 0x0000000086200000, 0x0000000086200000| Untracked 
|  99|0x0000000086300000, 0x0000000086400000, 0x0000000086400000|100%| O|  |TAMS 0x0000000086300000, 0x0000000086300000| Untracked 
| 100|0x0000000086400000, 0x0000000086500000, 0x0000000086500000|100%| O|  |TAMS 0x0000000086400000, 0x0000000086400000| Untracked 
| 101|0x0000000086500000, 0x0000000086600000, 0x0000000086600000|100%| O|  |TAMS 0x0000000086500000, 0x0000000086500000| Untracked 
| 102|0x0000000086600000, 0x0000000086700000, 0x0000000086700000|100%| O|  |TAMS 0x0000000086600000, 0x0000000086600000| Untracked 
| 103|0x0000000086700000, 0x0000000086800000, 0x0000000086800000|100%| O|  |TAMS 0x0000000086700000, 0x0000000086700000| Untracked 
| 104|0x0000000086800000, 0x0000000086900000, 0x0000000086900000|100%| O|  |TAMS 0x0000000086800000, 0x0000000086800000| Untracked 
| 105|0x0000000086900000, 0x0000000086a00000, 0x0000000086a00000|100%| O|  |TAMS 0x0000000086900000, 0x0000000086900000| Untracked 
| 106|0x0000000086a00000, 0x0000000086b00000, 0x0000000086b00000|100%| O|  |TAMS 0x0000000086a00000, 0x0000000086a00000| Untracked 
| 107|0x0000000086b00000, 0x0000000086c00000, 0x0000000086c00000|100%| O|  |TAMS 0x0000000086b00000, 0x0000000086b00000| Untracked 
| 108|0x0000000086c00000, 0x0000000086d00000, 0x0000000086d00000|100%| O|  |TAMS 0x0000000086c00000, 0x0000000086c00000| Untracked 
| 109|0x0000000086d00000, 0x0000000086e00000, 0x0000000086e00000|100%| O|  |TAMS 0x0000000086d00000, 0x0000000086d00000| Untracked 
| 110|0x0000000086e00000, 0x0000000086f00000, 0x0000000086f00000|100%| O|  |TAMS 0x0000000086e00000, 0x0000000086e00000| Untracked 
| 111|0x0000000086f00000, 0x0000000087000000, 0x0000000087000000|100%| O|  |TAMS 0x0000000086f00000, 0x0000000086f00000| Untracked 
| 112|0x0000000087000000, 0x0000000087100000, 0x0000000087100000|100%| O|  |TAMS 0x0000000087000000, 0x0000000087000000| Untracked 
| 113|0x0000000087100000, 0x0000000087200000, 0x0000000087200000|100%| O|  |TAMS 0x0000000087100000, 0x0000000087100000| Untracked 
| 114|0x0000000087200000, 0x0000000087300000, 0x0000000087300000|100%| O|  |TAMS 0x0000000087200000, 0x0000000087200000| Untracked 
| 115|0x0000000087300000, 0x0000000087400000, 0x0000000087400000|100%| O|  |TAMS 0x0000000087300000, 0x0000000087300000| Untracked 
| 116|0x0000000087400000, 0x0000000087500000, 0x0000000087500000|100%| O|  |TAMS 0x0000000087400000, 0x0000000087400000| Untracked 
| 117|0x0000000087500000, 0x0000000087600000, 0x0000000087600000|100%| O|  |TAMS 0x0000000087500000, 0x0000000087500000| Untracked 
| 118|0x0000000087600000, 0x0000000087700000, 0x0000000087700000|100%| O|  |TAMS 0x0000000087600000, 0x0000000087600000| Untracked 
| 119|0x0000000087700000, 0x0000000087800000, 0x0000000087800000|100%| O|  |TAMS 0x0000000087700000, 0x0000000087700000| Untracked 
| 120|0x0000000087800000, 0x0000000087900000, 0x0000000087900000|100%| O|  |TAMS 0x0000000087800000, 0x0000000087800000| Untracked 
| 121|0x0000000087900000, 0x0000000087a00000, 0x0000000087a00000|100%| O|  |TAMS 0x0000000087900000, 0x0000000087900000| Untracked 
| 122|0x0000000087a00000, 0x0000000087b00000, 0x0000000087b00000|100%| O|  |TAMS 0x0000000087a00000, 0x0000000087a00000| Untracked 
| 123|0x0000000087b00000, 0x0000000087c00000, 0x0000000087c00000|100%| O|  |TAMS 0x0000000087b00000, 0x0000000087b00000| Untracked 
| 124|0x0000000087c00000, 0x0000000087d00000, 0x0000000087d00000|100%| O|  |TAMS 0x0000000087c00000, 0x0000000087c00000| Untracked 
| 125|0x0000000087d00000, 0x0000000087e00000, 0x0000000087e00000|100%| O|  |TAMS 0x0000000087d00000, 0x0000000087d00000| Untracked 
| 126|0x0000000087e00000, 0x0000000087f00000, 0x0000000087f00000|100%| O|  |TAMS 0x0000000087e00000, 0x0000000087e00000| Untracked 
| 127|0x0000000087f00000, 0x0000000088000000, 0x0000000088000000|100%| O|  |TAMS 0x0000000087f00000, 0x0000000087f00000| Untracked 
| 128|0x0000000088000000, 0x0000000088100000, 0x0000000088100000|100%| O|  |TAMS 0x0000000088000000, 0x0000000088000000| Untracked 
| 129|0x0000000088100000, 0x0000000088200000, 0x0000000088200000|100%| O|  |TAMS 0x0000000088100000, 0x0000000088100000| Untracked 
| 130|0x0000000088200000, 0x0000000088300000, 0x0000000088300000|100%| O|  |TAMS 0x0000000088200000, 0x0000000088200000| Untracked 
| 131|0x0000000088300000, 0x0000000088400000, 0x0000000088400000|100%| O|  |TAMS 0x0000000088300000, 0x0000000088300000| Untracked 
| 132|0x0000000088400000, 0x0000000088500000, 0x0000000088500000|100%| O|  |TAMS 0x0000000088400000, 0x0000000088400000| Untracked 
| 133|0x0000000088500000, 0x0000000088600000, 0x0000000088600000|100%| O|  |TAMS 0x0000000088500000, 0x0000000088500000| Untracked 
| 134|0x0000000088600000, 0x0000000088700000, 0x0000000088700000|100%| O|  |TAMS 0x0000000088600000, 0x0000000088600000| Untracked 
| 135|0x0000000088700000, 0x0000000088780000, 0x0000000088800000| 50%| O|  |TAMS 0x0000000088700000, 0x0000000088700000| Untracked 
| 136|0x0000000088800000, 0x0000000088800000, 0x0000000088900000|  0%| F|  |TAMS 0x0000000088800000, 0x0000000088800000| Untracked 
| 137|0x0000000088900000, 0x0000000088900000, 0x0000000088a00000|  0%| F|  |TAMS 0x0000000088900000, 0x0000000088900000| Untracked 
| 138|0x0000000088a00000, 0x0000000088a00000, 0x0000000088b00000|  0%| F|  |TAMS 0x0000000088a00000, 0x0000000088a00000| Untracked 
| 139|0x0000000088b00000, 0x0000000088b00000, 0x0000000088c00000|  0%| F|  |TAMS 0x0000000088b00000, 0x0000000088b00000| Untracked 
| 140|0x0000000088c00000, 0x0000000088c00000, 0x0000000088d00000|  0%| F|  |TAMS 0x0000000088c00000, 0x0000000088c00000| Untracked 
| 141|0x0000000088d00000, 0x0000000088d00000, 0x0000000088e00000|  0%| F|  |TAMS 0x0000000088d00000, 0x0000000088d00000| Untracked 
| 142|0x0000000088e00000, 0x0000000088e00000, 0x0000000088f00000|  0%| F|  |TAMS 0x0000000088e00000, 0x0000000088e00000| Untracked 
| 143|0x0000000088f00000, 0x0000000088f00000, 0x0000000089000000|  0%| F|  |TAMS 0x0000000088f00000, 0x0000000088f00000| Untracked 
| 144|0x0000000089000000, 0x0000000089000000, 0x0000000089100000|  0%| F|  |TAMS 0x0000000089000000, 0x0000000089000000| Untracked 
| 145|0x0000000089100000, 0x0000000089100000, 0x0000000089200000|  0%| F|  |TAMS 0x0000000089100000, 0x0000000089100000| Untracked 
| 146|0x0000000089200000, 0x0000000089200000, 0x0000000089300000|  0%| F|  |TAMS 0x0000000089200000, 0x0000000089200000| Untracked 
| 147|0x0000000089300000, 0x0000000089300000, 0x0000000089400000|  0%| F|  |TAMS 0x0000000089300000, 0x0000000089300000| Untracked 
| 148|0x0000000089400000, 0x0000000089400000, 0x0000000089500000|  0%| F|  |TAMS 0x0000000089400000, 0x0000000089400000| Untracked 
| 149|0x0000000089500000, 0x0000000089500000, 0x0000000089600000|  0%| F|  |TAMS 0x0000000089500000, 0x0000000089500000| Untracked 
| 150|0x0000000089600000, 0x0000000089600000, 0x0000000089700000|  0%| F|  |TAMS 0x0000000089600000, 0x0000000089600000| Untracked 
| 151|0x0000000089700000, 0x0000000089700000, 0x0000000089800000|  0%| F|  |TAMS 0x0000000089700000, 0x0000000089700000| Untracked 
| 152|0x0000000089800000, 0x0000000089800000, 0x0000000089900000|  0%| F|  |TAMS 0x0000000089800000, 0x0000000089800000| Untracked 
| 153|0x0000000089900000, 0x0000000089900000, 0x0000000089a00000|  0%| F|  |TAMS 0x0000000089900000, 0x0000000089900000| Untracked 
| 154|0x0000000089a00000, 0x0000000089a00000, 0x0000000089b00000|  0%| F|  |TAMS 0x0000000089a00000, 0x0000000089a00000| Untracked 
| 155|0x0000000089b00000, 0x0000000089b00000, 0x0000000089c00000|  0%| F|  |TAMS 0x0000000089b00000, 0x0000000089b00000| Untracked 
| 156|0x0000000089c00000, 0x0000000089c00000, 0x0000000089d00000|  0%| F|  |TAMS 0x0000000089c00000, 0x0000000089c00000| Untracked 
| 157|0x0000000089d00000, 0x0000000089d00000, 0x0000000089e00000|  0%| F|  |TAMS 0x0000000089d00000, 0x0000000089d00000| Untracked 
| 158|0x0000000089e00000, 0x0000000089e00000, 0x0000000089f00000|  0%| F|  |TAMS 0x0000000089e00000, 0x0000000089e00000| Untracked 
| 159|0x0000000089f00000, 0x0000000089f00000, 0x000000008a000000|  0%| F|  |TAMS 0x0000000089f00000, 0x0000000089f00000| Untracked 
| 160|0x000000008a000000, 0x000000008a000000, 0x000000008a100000|  0%| F|  |TAMS 0x000000008a000000, 0x000000008a000000| Untracked 
| 161|0x000000008a100000, 0x000000008a100000, 0x000000008a200000|  0%| F|  |TAMS 0x000000008a100000, 0x000000008a100000| Untracked 
| 162|0x000000008a200000, 0x000000008a200000, 0x000000008a300000|  0%| F|  |TAMS 0x000000008a200000, 0x000000008a200000| Untracked 
| 163|0x000000008a300000, 0x000000008a300000, 0x000000008a400000|  0%| F|  |TAMS 0x000000008a300000, 0x000000008a300000| Untracked 
| 164|0x000000008a400000, 0x000000008a400000, 0x000000008a500000|  0%| F|  |TAMS 0x000000008a400000, 0x000000008a400000| Untracked 
| 165|0x000000008a500000, 0x000000008a500000, 0x000000008a600000|  0%| F|  |TAMS 0x000000008a500000, 0x000000008a500000| Untracked 
| 166|0x000000008a600000, 0x000000008a600000, 0x000000008a700000|  0%| F|  |TAMS 0x000000008a600000, 0x000000008a600000| Untracked 
| 167|0x000000008a700000, 0x000000008a700000, 0x000000008a800000|  0%| F|  |TAMS 0x000000008a700000, 0x000000008a700000| Untracked 
| 168|0x000000008a800000, 0x000000008a800000, 0x000000008a900000|  0%| F|  |TAMS 0x000000008a800000, 0x000000008a800000| Untracked 
| 169|0x000000008a900000, 0x000000008a900000, 0x000000008aa00000|  0%| F|  |TAMS 0x000000008a900000, 0x000000008a900000| Untracked 
| 170|0x000000008aa00000, 0x000000008aa00000, 0x000000008ab00000|  0%| F|  |TAMS 0x000000008aa00000, 0x000000008aa00000| Untracked 
| 171|0x000000008ab00000, 0x000000008ab00000, 0x000000008ac00000|  0%| F|  |TAMS 0x000000008ab00000, 0x000000008ab00000| Untracked 
| 172|0x000000008ac00000, 0x000000008ac00000, 0x000000008ad00000|  0%| F|  |TAMS 0x000000008ac00000, 0x000000008ac00000| Untracked 
| 173|0x000000008ad00000, 0x000000008ad00000, 0x000000008ae00000|  0%| F|  |TAMS 0x000000008ad00000, 0x000000008ad00000| Untracked 
| 174|0x000000008ae00000, 0x000000008ae00000, 0x000000008af00000|  0%| F|  |TAMS 0x000000008ae00000, 0x000000008ae00000| Untracked 
| 175|0x000000008af00000, 0x000000008af00000, 0x000000008b000000|  0%| F|  |TAMS 0x000000008af00000, 0x000000008af00000| Untracked 
| 176|0x000000008b000000, 0x000000008b100000, 0x000000008b100000|100%| S|CS|TAMS 0x000000008b000000, 0x000000008b000000| Complete 
| 177|0x000000008b100000, 0x000000008b200000, 0x000000008b200000|100%| S|CS|TAMS 0x000000008b100000, 0x000000008b100000| Complete 
| 178|0x000000008b200000, 0x000000008b300000, 0x000000008b300000|100%| S|CS|TAMS 0x000000008b200000, 0x000000008b200000| Complete 
| 179|0x000000008b300000, 0x000000008b400000, 0x000000008b400000|100%| S|CS|TAMS 0x000000008b300000, 0x000000008b300000| Complete 
| 180|0x000000008b400000, 0x000000008b500000, 0x000000008b500000|100%| S|CS|TAMS 0x000000008b400000, 0x000000008b400000| Complete 
| 181|0x000000008b500000, 0x000000008b500000, 0x000000008b600000|  0%| F|  |TAMS 0x000000008b500000, 0x000000008b500000| Untracked 
| 182|0x000000008b600000, 0x000000008b600000, 0x000000008b700000|  0%| F|  |TAMS 0x000000008b600000, 0x000000008b600000| Untracked 
| 183|0x000000008b700000, 0x000000008b700000, 0x000000008b800000|  0%| F|  |TAMS 0x000000008b700000, 0x000000008b700000| Untracked 
| 184|0x000000008b800000, 0x000000008b800000, 0x000000008b900000|  0%| F|  |TAMS 0x000000008b800000, 0x000000008b800000| Untracked 
| 185|0x000000008b900000, 0x000000008b900000, 0x000000008ba00000|  0%| F|  |TAMS 0x000000008b900000, 0x000000008b900000| Untracked 
| 186|0x000000008ba00000, 0x000000008ba00000, 0x000000008bb00000|  0%| F|  |TAMS 0x000000008ba00000, 0x000000008ba00000| Untracked 
| 187|0x000000008bb00000, 0x000000008bb00000, 0x000000008bc00000|  0%| F|  |TAMS 0x000000008bb00000, 0x000000008bb00000| Untracked 
| 188|0x000000008bc00000, 0x000000008bc00000, 0x000000008bd00000|  0%| F|  |TAMS 0x000000008bc00000, 0x000000008bc00000| Untracked 
| 189|0x000000008bd00000, 0x000000008bd00000, 0x000000008be00000|  0%| F|  |TAMS 0x000000008bd00000, 0x000000008bd00000| Untracked 
| 190|0x000000008be00000, 0x000000008be00000, 0x000000008bf00000|  0%| F|  |TAMS 0x000000008be00000, 0x000000008be00000| Untracked 
| 191|0x000000008bf00000, 0x000000008c000000, 0x000000008c000000|100%| S|CS|TAMS 0x000000008bf00000, 0x000000008bf00000| Complete 
| 192|0x000000008c000000, 0x000000008c100000, 0x000000008c100000|100%| S|CS|TAMS 0x000000008c000000, 0x000000008c000000| Complete 
| 193|0x000000008c100000, 0x000000008c200000, 0x000000008c200000|100%| S|CS|TAMS 0x000000008c100000, 0x000000008c100000| Complete 
| 194|0x000000008c200000, 0x000000008c300000, 0x000000008c300000|100%| S|CS|TAMS 0x000000008c200000, 0x000000008c200000| Complete 
| 195|0x000000008c300000, 0x000000008c400000, 0x000000008c400000|100%| S|CS|TAMS 0x000000008c300000, 0x000000008c300000| Complete 
| 196|0x000000008c400000, 0x000000008c500000, 0x000000008c500000|100%| S|CS|TAMS 0x000000008c400000, 0x000000008c400000| Complete 
| 197|0x000000008c500000, 0x000000008c500000, 0x000000008c600000|  0%| F|  |TAMS 0x000000008c500000, 0x000000008c500000| Untracked 
| 198|0x000000008c600000, 0x000000008c600000, 0x000000008c700000|  0%| F|  |TAMS 0x000000008c600000, 0x000000008c600000| Untracked 
| 199|0x000000008c700000, 0x000000008c700000, 0x000000008c800000|  0%| F|  |TAMS 0x000000008c700000, 0x000000008c700000| Untracked 
| 200|0x000000008c800000, 0x000000008c800000, 0x000000008c900000|  0%| F|  |TAMS 0x000000008c800000, 0x000000008c800000| Untracked 
| 201|0x000000008c900000, 0x000000008c900000, 0x000000008ca00000|  0%| F|  |TAMS 0x000000008c900000, 0x000000008c900000| Untracked 
| 202|0x000000008ca00000, 0x000000008ca00000, 0x000000008cb00000|  0%| F|  |TAMS 0x000000008ca00000, 0x000000008ca00000| Untracked 
| 203|0x000000008cb00000, 0x000000008cb00000, 0x000000008cc00000|  0%| F|  |TAMS 0x000000008cb00000, 0x000000008cb00000| Untracked 
| 204|0x000000008cc00000, 0x000000008cc00000, 0x000000008cd00000|  0%| F|  |TAMS 0x000000008cc00000, 0x000000008cc00000| Untracked 
| 205|0x000000008cd00000, 0x000000008cd00000, 0x000000008ce00000|  0%| F|  |TAMS 0x000000008cd00000, 0x000000008cd00000| Untracked 
| 206|0x000000008ce00000, 0x000000008ce00000, 0x000000008cf00000|  0%| F|  |TAMS 0x000000008ce00000, 0x000000008ce00000| Untracked 
| 207|0x000000008cf00000, 0x000000008cf00000, 0x000000008d000000|  0%| F|  |TAMS 0x000000008cf00000, 0x000000008cf00000| Untracked 
| 208|0x000000008d000000, 0x000000008d000000, 0x000000008d100000|  0%| F|  |TAMS 0x000000008d000000, 0x000000008d000000| Untracked 
| 209|0x000000008d100000, 0x000000008d100000, 0x000000008d200000|  0%| F|  |TAMS 0x000000008d100000, 0x000000008d100000| Untracked 
| 210|0x000000008d200000, 0x000000008d200000, 0x000000008d300000|  0%| F|  |TAMS 0x000000008d200000, 0x000000008d200000| Untracked 
| 211|0x000000008d300000, 0x000000008d300000, 0x000000008d400000|  0%| F|  |TAMS 0x000000008d300000, 0x000000008d300000| Untracked 
| 212|0x000000008d400000, 0x000000008d400000, 0x000000008d500000|  0%| F|  |TAMS 0x000000008d400000, 0x000000008d400000| Untracked 
| 213|0x000000008d500000, 0x000000008d500000, 0x000000008d600000|  0%| F|  |TAMS 0x000000008d500000, 0x000000008d500000| Untracked 
| 214|0x000000008d600000, 0x000000008d600000, 0x000000008d700000|  0%| F|  |TAMS 0x000000008d600000, 0x000000008d600000| Untracked 
| 215|0x000000008d700000, 0x000000008d700000, 0x000000008d800000|  0%| F|  |TAMS 0x000000008d700000, 0x000000008d700000| Untracked 
| 216|0x000000008d800000, 0x000000008d800000, 0x000000008d900000|  0%| F|  |TAMS 0x000000008d800000, 0x000000008d800000| Untracked 
| 217|0x000000008d900000, 0x000000008d900000, 0x000000008da00000|  0%| F|  |TAMS 0x000000008d900000, 0x000000008d900000| Untracked 
| 218|0x000000008da00000, 0x000000008da00000, 0x000000008db00000|  0%| F|  |TAMS 0x000000008da00000, 0x000000008da00000| Untracked 
| 219|0x000000008db00000, 0x000000008db00000, 0x000000008dc00000|  0%| F|  |TAMS 0x000000008db00000, 0x000000008db00000| Untracked 
| 220|0x000000008dc00000, 0x000000008dc00000, 0x000000008dd00000|  0%| F|  |TAMS 0x000000008dc00000, 0x000000008dc00000| Untracked 
| 221|0x000000008dd00000, 0x000000008dd00000, 0x000000008de00000|  0%| F|  |TAMS 0x000000008dd00000, 0x000000008dd00000| Untracked 
| 222|0x000000008de00000, 0x000000008de00000, 0x000000008df00000|  0%| F|  |TAMS 0x000000008de00000, 0x000000008de00000| Untracked 
| 223|0x000000008df00000, 0x000000008df00000, 0x000000008e000000|  0%| F|  |TAMS 0x000000008df00000, 0x000000008df00000| Untracked 
| 224|0x000000008e000000, 0x000000008e000000, 0x000000008e100000|  0%| F|  |TAMS 0x000000008e000000, 0x000000008e000000| Untracked 
| 225|0x000000008e100000, 0x000000008e100000, 0x000000008e200000|  0%| F|  |TAMS 0x000000008e100000, 0x000000008e100000| Untracked 
| 226|0x000000008e200000, 0x000000008e200000, 0x000000008e300000|  0%| F|  |TAMS 0x000000008e200000, 0x000000008e200000| Untracked 
| 227|0x000000008e300000, 0x000000008e300000, 0x000000008e400000|  0%| F|  |TAMS 0x000000008e300000, 0x000000008e300000| Untracked 
| 228|0x000000008e400000, 0x000000008e400000, 0x000000008e500000|  0%| F|  |TAMS 0x000000008e400000, 0x000000008e400000| Untracked 
| 229|0x000000008e500000, 0x000000008e500000, 0x000000008e600000|  0%| F|  |TAMS 0x000000008e500000, 0x000000008e500000| Untracked 
| 230|0x000000008e600000, 0x000000008e600000, 0x000000008e700000|  0%| F|  |TAMS 0x000000008e600000, 0x000000008e600000| Untracked 
| 231|0x000000008e700000, 0x000000008e700000, 0x000000008e800000|  0%| F|  |TAMS 0x000000008e700000, 0x000000008e700000| Untracked 
| 232|0x000000008e800000, 0x000000008e800000, 0x000000008e900000|  0%| F|  |TAMS 0x000000008e800000, 0x000000008e800000| Untracked 
| 233|0x000000008e900000, 0x000000008e900000, 0x000000008ea00000|  0%| F|  |TAMS 0x000000008e900000, 0x000000008e900000| Untracked 
| 234|0x000000008ea00000, 0x000000008ea00000, 0x000000008eb00000|  0%| F|  |TAMS 0x000000008ea00000, 0x000000008ea00000| Untracked 
| 235|0x000000008eb00000, 0x000000008eb00000, 0x000000008ec00000|  0%| F|  |TAMS 0x000000008eb00000, 0x000000008eb00000| Untracked 
| 236|0x000000008ec00000, 0x000000008ec00000, 0x000000008ed00000|  0%| F|  |TAMS 0x000000008ec00000, 0x000000008ec00000| Untracked 
| 237|0x000000008ed00000, 0x000000008ed00000, 0x000000008ee00000|  0%| F|  |TAMS 0x000000008ed00000, 0x000000008ed00000| Untracked 
| 238|0x000000008ee00000, 0x000000008ee00000, 0x000000008ef00000|  0%| F|  |TAMS 0x000000008ee00000, 0x000000008ee00000| Untracked 
| 239|0x000000008ef00000, 0x000000008ef00000, 0x000000008f000000|  0%| F|  |TAMS 0x000000008ef00000, 0x000000008ef00000| Untracked 
| 240|0x000000008f000000, 0x000000008f000000, 0x000000008f100000|  0%| F|  |TAMS 0x000000008f000000, 0x000000008f000000| Untracked 
| 241|0x000000008f100000, 0x000000008f100000, 0x000000008f200000|  0%| F|  |TAMS 0x000000008f100000, 0x000000008f100000| Untracked 
| 242|0x000000008f200000, 0x000000008f200000, 0x000000008f300000|  0%| F|  |TAMS 0x000000008f200000, 0x000000008f200000| Untracked 
| 243|0x000000008f300000, 0x000000008f300000, 0x000000008f400000|  0%| F|  |TAMS 0x000000008f300000, 0x000000008f300000| Untracked 
| 244|0x000000008f400000, 0x000000008f400000, 0x000000008f500000|  0%| F|  |TAMS 0x000000008f400000, 0x000000008f400000| Untracked 
| 245|0x000000008f500000, 0x000000008f500000, 0x000000008f600000|  0%| F|  |TAMS 0x000000008f500000, 0x000000008f500000| Untracked 
| 246|0x000000008f600000, 0x000000008f600000, 0x000000008f700000|  0%| F|  |TAMS 0x000000008f600000, 0x000000008f600000| Untracked 
| 247|0x000000008f700000, 0x000000008f700000, 0x000000008f800000|  0%| F|  |TAMS 0x000000008f700000, 0x000000008f700000| Untracked 
| 248|0x000000008f800000, 0x000000008f800000, 0x000000008f900000|  0%| F|  |TAMS 0x000000008f800000, 0x000000008f800000| Untracked 
| 249|0x000000008f900000, 0x000000008f900000, 0x000000008fa00000|  0%| F|  |TAMS 0x000000008f900000, 0x000000008f900000| Untracked 
| 250|0x000000008fa00000, 0x000000008fa00000, 0x000000008fb00000|  0%| F|  |TAMS 0x000000008fa00000, 0x000000008fa00000| Untracked 
| 251|0x000000008fb00000, 0x000000008fb00000, 0x000000008fc00000|  0%| F|  |TAMS 0x000000008fb00000, 0x000000008fb00000| Untracked 
| 252|0x000000008fc00000, 0x000000008fc00000, 0x000000008fd00000|  0%| F|  |TAMS 0x000000008fc00000, 0x000000008fc00000| Untracked 
| 253|0x000000008fd00000, 0x000000008fd00000, 0x000000008fe00000|  0%| F|  |TAMS 0x000000008fd00000, 0x000000008fd00000| Untracked 
| 254|0x000000008fe00000, 0x000000008fe00000, 0x000000008ff00000|  0%| F|  |TAMS 0x000000008fe00000, 0x000000008fe00000| Untracked 
| 255|0x000000008ff00000, 0x000000008ff00000, 0x0000000090000000|  0%| F|  |TAMS 0x000000008ff00000, 0x000000008ff00000| Untracked 
| 256|0x0000000090000000, 0x0000000090000000, 0x0000000090100000|  0%| F|  |TAMS 0x0000000090000000, 0x0000000090000000| Untracked 
| 257|0x0000000090100000, 0x0000000090100000, 0x0000000090200000|  0%| F|  |TAMS 0x0000000090100000, 0x0000000090100000| Untracked 
| 258|0x0000000090200000, 0x0000000090200000, 0x0000000090300000|  0%| F|  |TAMS 0x0000000090200000, 0x0000000090200000| Untracked 
| 259|0x0000000090300000, 0x0000000090300000, 0x0000000090400000|  0%| F|  |TAMS 0x0000000090300000, 0x0000000090300000| Untracked 
| 260|0x0000000090400000, 0x0000000090400000, 0x0000000090500000|  0%| F|  |TAMS 0x0000000090400000, 0x0000000090400000| Untracked 
| 261|0x0000000090500000, 0x0000000090500000, 0x0000000090600000|  0%| F|  |TAMS 0x0000000090500000, 0x0000000090500000| Untracked 
| 262|0x0000000090600000, 0x0000000090600000, 0x0000000090700000|  0%| F|  |TAMS 0x0000000090600000, 0x0000000090600000| Untracked 
| 263|0x0000000090700000, 0x0000000090700000, 0x0000000090800000|  0%| F|  |TAMS 0x0000000090700000, 0x0000000090700000| Untracked 
| 264|0x0000000090800000, 0x0000000090800000, 0x0000000090900000|  0%| F|  |TAMS 0x0000000090800000, 0x0000000090800000| Untracked 
| 265|0x0000000090900000, 0x0000000090900000, 0x0000000090a00000|  0%| F|  |TAMS 0x0000000090900000, 0x0000000090900000| Untracked 
| 266|0x0000000090a00000, 0x0000000090a00000, 0x0000000090b00000|  0%| F|  |TAMS 0x0000000090a00000, 0x0000000090a00000| Untracked 
| 267|0x0000000090b00000, 0x0000000090b00000, 0x0000000090c00000|  0%| F|  |TAMS 0x0000000090b00000, 0x0000000090b00000| Untracked 
| 268|0x0000000090c00000, 0x0000000090c00000, 0x0000000090d00000|  0%| F|  |TAMS 0x0000000090c00000, 0x0000000090c00000| Untracked 
| 269|0x0000000090d00000, 0x0000000090d00000, 0x0000000090e00000|  0%| F|  |TAMS 0x0000000090d00000, 0x0000000090d00000| Untracked 

Card table byte_map: [0x0000023775320000,0x0000023775720000] _byte_map_base: 0x0000023774f20000

Marking Bits (Prev, Next): (CMBitMap*) 0x0000023762aa7220, (CMBitMap*) 0x0000023762aa71e0
 Prev Bits: [0x0000023777b20000, 0x0000023779b20000)
 Next Bits: [0x0000023775b20000, 0x0000023777b20000)

Polling page: 0x0000023760a50000

Metaspace:

Usage:
  Non-class:     88.14 MB used.
      Class:     14.03 MB used.
       Both:    102.17 MB used.

Virtual space:
  Non-class space:       96.00 MB reserved,      88.50 MB ( 92%) committed,  12 nodes.
      Class space:        1.00 GB reserved,      14.38 MB (  1%) committed,  1 nodes.
             Both:        1.09 GB reserved,     102.88 MB (  9%) committed. 

Chunk freelists:
   Non-Class:  3.50 MB
       Class:  1.61 MB
        Both:  5.11 MB

MaxMetaspaceSize: unlimited
CompressedClassSpaceSize: 1.00 GB
Initial GC threshold: 21.00 MB
Current GC threshold: 151.81 MB
CDS: off
MetaspaceReclaimPolicy: balanced
 - commit_granule_bytes: 65536.
 - commit_granule_words: 8192.
 - virtual_space_node_default_size: 1048576.
 - enlarge_chunks_in_place: 1.
 - new_chunks_are_fully_committed: 0.
 - uncommit_free_chunks: 1.
 - use_allocation_guard: 0.
 - handle_deallocations: 1.


Internal statistics:

num_allocs_failed_limit: 6.
num_arena_births: 1000.
num_arena_deaths: 6.
num_vsnodes_births: 13.
num_vsnodes_deaths: 0.
num_space_committed: 1645.
num_space_uncommitted: 0.
num_chunks_returned_to_freelist: 13.
num_chunks_taken_from_freelist: 4830.
num_chunk_merges: 8.
num_chunk_splits: 3240.
num_chunks_enlarged: 2266.
num_purges: 2.
num_inconsistent_stats: 0.

CodeHeap 'non-profiled nmethods': size=120000Kb used=4380Kb max_used=4380Kb free=115620Kb
 bounds [0x000002376d9f0000, 0x000002376de40000, 0x0000023774f20000]
CodeHeap 'profiled nmethods': size=120000Kb used=21513Kb max_used=21513Kb free=98487Kb
 bounds [0x0000023765f20000, 0x0000023767430000, 0x000002376d450000]
CodeHeap 'non-nmethods': size=5760Kb used=2402Kb max_used=2463Kb free=3358Kb
 bounds [0x000002376d450000, 0x000002376d6c0000, 0x000002376d9f0000]
 total_blobs=12077 nmethods=11140 adapters=849
 compilation: enabled
              stopped_count=0, restarted_count=0
 full_count=0

Compilation events (20 events):
Event: 22.642 Thread 0x000002377cc01960 nmethod 12192 0x0000023767421f90 code [0x0000023767422120, 0x0000023767422318]
Event: 22.642 Thread 0x000002377cc01960 12194       1       com.android.tools.r8.internal.fM::g (5 bytes)
Event: 22.642 Thread 0x000002377cc01960 nmethod 12194 0x000002376de33b90 code [0x000002376de33d20, 0x000002376de33df8]
Event: 22.642 Thread 0x000002377cc01960 12195       1       com.android.tools.r8.internal.B7::A (2 bytes)
Event: 22.642 Thread 0x000002377cc01960 nmethod 12195 0x000002376de33e90 code [0x000002376de34020, 0x000002376de340f8]
Event: 22.642 Thread 0x000002377cc01960 12193       1       com.android.tools.r8.utils.C3::g (2 bytes)
Event: 22.642 Thread 0x000002377cc01960 nmethod 12193 0x000002376de34190 code [0x000002376de34320, 0x000002376de343f8]
Event: 22.642 Thread 0x000002377cc01960 12190       1       com.android.tools.r8.internal.B7::n (2 bytes)
Event: 22.642 Thread 0x000002377cc01960 nmethod 12190 0x000002376de34490 code [0x000002376de34620, 0x000002376de346f8]
Event: 22.642 Thread 0x000002377cc01960 12191       1       com.android.tools.r8.internal.B7::d (2 bytes)
Event: 22.642 Thread 0x000002377cc01960 nmethod 12191 0x000002376de34790 code [0x000002376de34920, 0x000002376de349f8]
Event: 22.650 Thread 0x000002377cc01960 12198       2       com.android.tools.r8.internal.Ia::a (4479 bytes)
Event: 22.659 Thread 0x000002377cc01060 nmethod 12126 0x000002376de34a90 code [0x000002376de34ca0, 0x000002376de35318]
Event: 22.660 Thread 0x000002377cc01060 11889       4       jdk.internal.util.ArraysSupport::mismatch (73 bytes)
Event: 22.664 Thread 0x000002377cc01060 nmethod 11889 0x000002376de35b90 code [0x000002376de35d20, 0x000002376de35f18]
Event: 22.664 Thread 0x000002377cc01060 11948       4       com.android.tools.r8.internal.Ia::a (131 bytes)
Event: 22.673 Thread 0x000002377cc01060 nmethod 11948 0x000002376de36090 code [0x000002376de36220, 0x000002376de36718]
Event: 22.673 Thread 0x000002377cc01060 11967       4       java.util.IdentityHashMap::get (60 bytes)
Event: 22.677 Thread 0x000002377cc01060 nmethod 11967 0x000002376de36b10 code [0x000002376de36ca0, 0x000002376de36e68]
Event: 22.677 Thread 0x000002377cc01060 11978       4       com.android.tools.r8.internal.lp::a (998 bytes)

GC Heap History (20 events):
Event: 15.621 GC heap after
{Heap after GC invocations=34 (full 0):
 garbage-first heap   total 146432K, used 75285K [0x0000000080000000, 0x0000000100000000)
  region size 1024K, 6 young (6144K), 6 survivors (6144K)
 Metaspace       used 82142K, committed 82752K, reserved 1122304K
  class space    used 11158K, committed 11456K, reserved 1048576K
}
Event: 16.617 GC heap before
{Heap before GC invocations=35 (full 0):
 garbage-first heap   total 153600K, used 117269K [0x0000000080000000, 0x0000000100000000)
  region size 1024K, 47 young (48128K), 6 survivors (6144K)
 Metaspace       used 84469K, committed 85056K, reserved 1122304K
  class space    used 11604K, committed 11840K, reserved 1048576K
}
Event: 16.632 GC heap after
{Heap after GC invocations=36 (full 0):
 garbage-first heap   total 153600K, used 80919K [0x0000000080000000, 0x0000000100000000)
  region size 1024K, 6 young (6144K), 6 survivors (6144K)
 Metaspace       used 84469K, committed 85056K, reserved 1122304K
  class space    used 11604K, committed 11840K, reserved 1048576K
}
Event: 17.228 GC heap before
{Heap before GC invocations=36 (full 0):
 garbage-first heap   total 153600K, used 117783K [0x0000000080000000, 0x0000000100000000)
  region size 1024K, 44 young (45056K), 6 survivors (6144K)
 Metaspace       used 84852K, committed 85504K, reserved 1130496K
  class space    used 11632K, committed 11904K, reserved 1048576K
}
Event: 17.238 GC heap after
{Heap after GC invocations=37 (full 0):
 garbage-first heap   total 153600K, used 83851K [0x0000000080000000, 0x0000000100000000)
  region size 1024K, 3 young (3072K), 3 survivors (3072K)
 Metaspace       used 84852K, committed 85504K, reserved 1130496K
  class space    used 11632K, committed 11904K, reserved 1048576K
}
Event: 18.427 GC heap before
{Heap before GC invocations=38 (full 0):
 garbage-first heap   total 157696K, used 125835K [0x0000000080000000, 0x0000000100000000)
  region size 1024K, 44 young (45056K), 3 survivors (3072K)
 Metaspace       used 87414K, committed 88000K, reserved 1130496K
  class space    used 11901K, committed 12160K, reserved 1048576K
}
Event: 18.440 GC heap after
{Heap after GC invocations=39 (full 0):
 garbage-first heap   total 157696K, used 85899K [0x0000000080000000, 0x0000000100000000)
  region size 1024K, 5 young (5120K), 5 survivors (5120K)
 Metaspace       used 87414K, committed 88000K, reserved 1130496K
  class space    used 11901K, committed 12160K, reserved 1048576K
}
Event: 18.492 GC heap before
{Heap before GC invocations=39 (full 0):
 garbage-first heap   total 157696K, used 86923K [0x0000000080000000, 0x0000000100000000)
  region size 1024K, 7 young (7168K), 5 survivors (5120K)
 Metaspace       used 87684K, committed 88320K, reserved 1130496K
  class space    used 11941K, committed 12224K, reserved 1048576K
}
Event: 18.502 GC heap after
{Heap after GC invocations=40 (full 0):
 garbage-first heap   total 157696K, used 86088K [0x0000000080000000, 0x0000000100000000)
  region size 1024K, 1 young (1024K), 1 survivors (1024K)
 Metaspace       used 87684K, committed 88320K, reserved 1130496K
  class space    used 11941K, committed 12224K, reserved 1048576K
}
Event: 19.286 GC heap before
{Heap before GC invocations=40 (full 0):
 garbage-first heap   total 157696K, used 128072K [0x0000000080000000, 0x0000000100000000)
  region size 1024K, 43 young (44032K), 1 survivors (1024K)
 Metaspace       used 91936K, committed 92608K, reserved 1130496K
  class space    used 12498K, committed 12800K, reserved 1048576K
}
Event: 19.295 GC heap after
{Heap after GC invocations=41 (full 0):
 garbage-first heap   total 276480K, used 89663K [0x0000000080000000, 0x0000000100000000)
  region size 1024K, 5 young (5120K), 5 survivors (5120K)
 Metaspace       used 91936K, committed 92608K, reserved 1130496K
  class space    used 12498K, committed 12800K, reserved 1048576K
}
Event: 21.293 GC heap before
{Heap before GC invocations=42 (full 0):
 garbage-first heap   total 276480K, used 216639K [0x0000000080000000, 0x0000000100000000)
  region size 1024K, 130 young (133120K), 5 survivors (5120K)
 Metaspace       used 98191K, committed 98880K, reserved 1138688K
  class space    used 13337K, committed 13632K, reserved 1048576K
}
Event: 21.368 GC heap after
{Heap after GC invocations=43 (full 0):
 garbage-first heap   total 276480K, used 107910K [0x0000000080000000, 0x0000000100000000)
  region size 1024K, 17 young (17408K), 17 survivors (17408K)
 Metaspace       used 98191K, committed 98880K, reserved 1138688K
  class space    used 13337K, committed 13632K, reserved 1048576K
}
Event: 21.372 GC heap before
{Heap before GC invocations=43 (full 0):
 garbage-first heap   total 276480K, used 108934K [0x0000000080000000, 0x0000000100000000)
  region size 1024K, 18 young (18432K), 17 survivors (17408K)
 Metaspace       used 98214K, committed 98944K, reserved 1138688K
  class space    used 13340K, committed 13696K, reserved 1048576K
}
Event: 21.393 GC heap after
{Heap after GC invocations=44 (full 0):
 garbage-first heap   total 276480K, used 109899K [0x0000000080000000, 0x0000000100000000)
  region size 1024K, 2 young (2048K), 2 survivors (2048K)
 Metaspace       used 98214K, committed 98944K, reserved 1138688K
  class space    used 13340K, committed 13696K, reserved 1048576K
}
Event: 21.924 GC heap before
{Heap before GC invocations=44 (full 0):
 garbage-first heap   total 276480K, used 198987K [0x0000000080000000, 0x0000000100000000)
  region size 1024K, 89 young (91136K), 2 survivors (2048K)
 Metaspace       used 100497K, committed 101248K, reserved 1138688K
  class space    used 13665K, committed 14016K, reserved 1048576K
}
Event: 21.956 GC heap after
{Heap after GC invocations=45 (full 0):
 garbage-first heap   total 276480K, used 125440K [0x0000000080000000, 0x0000000100000000)
  region size 1024K, 12 young (12288K), 12 survivors (12288K)
 Metaspace       used 100497K, committed 101248K, reserved 1138688K
  class space    used 13665K, committed 14016K, reserved 1048576K
}
Event: 22.279 GC heap before
{Heap before GC invocations=45 (full 0):
 garbage-first heap   total 276480K, used 205312K [0x0000000080000000, 0x0000000100000000)
  region size 1024K, 91 young (93184K), 12 survivors (12288K)
 Metaspace       used 102982K, committed 103680K, reserved 1138688K
  class space    used 14095K, committed 14400K, reserved 1048576K
}
Event: 22.324 GC heap after
{Heap after GC invocations=46 (full 0):
 garbage-first heap   total 276480K, used 138578K [0x0000000080000000, 0x0000000100000000)
  region size 1024K, 12 young (12288K), 12 survivors (12288K)
 Metaspace       used 102982K, committed 103680K, reserved 1138688K
  class space    used 14095K, committed 14400K, reserved 1048576K
}
Event: 22.678 GC heap before
{Heap before GC invocations=46 (full 0):
 garbage-first heap   total 276480K, used 212306K [0x0000000080000000, 0x0000000100000000)
  region size 1024K, 85 young (87040K), 12 survivors (12288K)
 Metaspace       used 104622K, committed 105344K, reserved 1146880K
  class space    used 14363K, committed 14720K, reserved 1048576K
}

Dll operation events (2 events):
Event: 0.038 Loaded shared library E:\Apk Kuliah\Andro\jbr\bin\java.dll
Event: 0.602 Loaded shared library E:\Apk Kuliah\Andro\jbr\bin\verify.dll

Deoptimization events (20 events):
Event: 22.571 Thread 0x000002377d173ce0 DEOPT PACKING pc=0x00000237673c7f82 sp=0x00000057dadf5e00
Event: 22.571 Thread 0x000002377d173ce0 DEOPT UNPACKING pc=0x000002376d4a7143 sp=0x00000057dadf52b8 mode 0
Event: 22.625 Thread 0x000002370156c9d0 Uncommon trap: trap_request=0xffffff45 fr.pc=0x000002376dd4b360 relative=0x0000000000001360
Event: 22.625 Thread 0x000002370156c9d0 Uncommon trap: reason=unstable_if action=reinterpret pc=0x000002376dd4b360 method=java.util.WeakHashMap.remove(Ljava/lang/Object;)Ljava/lang/Object; @ 92 c2
Event: 22.625 Thread 0x000002370156c9d0 DEOPT PACKING pc=0x000002376dd4b360 sp=0x00000057d99f5810
Event: 22.625 Thread 0x000002370156c9d0 DEOPT UNPACKING pc=0x000002376d4a69a3 sp=0x00000057d99f5628 mode 2
Event: 22.640 Thread 0x000002377d173ce0 Uncommon trap: trap_request=0xffffffde fr.pc=0x000002376de28aa8 relative=0x0000000000009b28
Event: 22.640 Thread 0x000002377d173ce0 Uncommon trap: reason=class_check action=maybe_recompile pc=0x000002376de28aa8 method=com.android.tools.r8.internal.Ia.a(Lcom/android/tools/r8/internal/Qa;[Lcom/android/tools/r8/internal/T3;I)V @ 1362 c2
Event: 22.640 Thread 0x000002377d173ce0 DEOPT PACKING pc=0x000002376de28aa8 sp=0x00000057dadf68f0
Event: 22.640 Thread 0x000002377d173ce0 DEOPT UNPACKING pc=0x000002376d4a69a3 sp=0x00000057dadf68f8 mode 2
Event: 22.645 Thread 0x000002377dac8320 Uncommon trap: trap_request=0xffffffde fr.pc=0x000002376de28aa8 relative=0x0000000000009b28
Event: 22.645 Thread 0x000002377dac8320 Uncommon trap: reason=class_check action=maybe_recompile pc=0x000002376de28aa8 method=com.android.tools.r8.internal.Ia.a(Lcom/android/tools/r8/internal/Qa;[Lcom/android/tools/r8/internal/T3;I)V @ 1362 c2
Event: 22.645 Thread 0x000002377dac8320 DEOPT PACKING pc=0x000002376de28aa8 sp=0x00000057d84f9c10
Event: 22.645 Thread 0x000002377dac8320 DEOPT UNPACKING pc=0x000002376d4a69a3 sp=0x00000057d84f9c18 mode 2
Event: 22.645 Thread 0x000002377d173ce0 Uncommon trap: trap_request=0xffffff76 fr.pc=0x000002376de29840 relative=0x000000000000a8c0
Event: 22.645 Thread 0x000002377d173ce0 Uncommon trap: reason=predicate action=maybe_recompile pc=0x000002376de29840 method=com.android.tools.r8.internal.Ia.a(Lcom/android/tools/r8/internal/Qa;[Lcom/android/tools/r8/internal/T3;I)V @ 1387 c2
Event: 22.645 Thread 0x000002377d173ce0 DEOPT PACKING pc=0x000002376de29840 sp=0x00000057dadf6930
Event: 22.646 Thread 0x000002377d173ce0 DEOPT UNPACKING pc=0x000002376d4a69a3 sp=0x00000057dadf6950 mode 2
Event: 22.667 Thread 0x000002377dac8320 DEOPT PACKING pc=0x000002376621993a sp=0x00000057d84f9a50
Event: 22.667 Thread 0x000002377dac8320 DEOPT UNPACKING pc=0x000002376d4a7143 sp=0x00000057d84f8ec8 mode 0

Classes unloaded (3 events):
Event: 19.512 Thread 0x000002377c003880 Unloading class 0x0000000100bacc00 'java/lang/invoke/LambdaForm$DMH+0x0000000100bacc00'
Event: 19.512 Thread 0x000002377c003880 Unloading class 0x0000000100bac400 'java/lang/invoke/LambdaForm$DMH+0x0000000100bac400'
Event: 19.512 Thread 0x000002377c003880 Unloading class 0x0000000100bac800 'java/lang/invoke/LambdaForm$DMH+0x0000000100bac800'

Classes redefined (0 events):
No events

Internal exceptions (20 events):
Event: 21.192 Thread 0x000002377d173ce0 Implicit null exception at 0x000002376ddfabd7 to 0x000002376ddfae10
Event: 21.192 Thread 0x000002377dacae70 Implicit null exception at 0x000002376ddfabd7 to 0x000002376ddfae10
Event: 21.425 Thread 0x000002370156c9d0 Exception <a 'java/lang/NoSuchMethodError'{0x0000000090d0fca0}: 'void java.lang.invoke.DirectMethodHandle$Holder.invokeStatic(java.lang.Object, java.lang.Object, java.lang.Object, int)'> (0x0000000090d0fca0) 
thrown [s\src\hotspot\share\interpreter\linkResolver.cpp, line 771]
Event: 21.429 Thread 0x000002377dacae70 Exception <a 'java/lang/IncompatibleClassChangeError'{0x00000000903b9988}: Found class java.lang.Object, but interface was expected> (0x00000000903b9988) 
thrown [s\src\hotspot\share\interpreter\linkResolver.cpp, line 838]
Event: 21.429 Thread 0x000002370156c9d0 Exception <a 'java/lang/IncompatibleClassChangeError'{0x00000000902d6788}: Found class java.lang.Object, but interface was expected> (0x00000000902d6788) 
thrown [s\src\hotspot\share\interpreter\linkResolver.cpp, line 838]
Event: 21.430 Thread 0x000002370156c9d0 Exception <a 'java/lang/NoSuchMethodError'{0x00000000902db030}: 'void java.lang.invoke.DirectMethodHandle$Holder.invokeInterface(java.lang.Object, java.lang.Object, java.lang.Object, int)'> (0x00000000902db030) 
thrown [s\src\hotspot\share\interpreter\linkResolver.cpp, line 771]
Event: 21.430 Thread 0x000002377dacae70 Exception <a 'java/lang/NoSuchMethodError'{0x00000000903c1978}: 'void java.lang.invoke.DirectMethodHandle$Holder.invokeInterface(java.lang.Object, java.lang.Object, java.lang.Object, int)'> (0x00000000903c1978) 
thrown [s\src\hotspot\share\interpreter\linkResolver.cpp, line 771]
Event: 22.007 Thread 0x000002370156c9d0 Exception <a 'java/lang/NoSuchMethodError'{0x000000008fe4ec18}: 'java.lang.Object java.lang.invoke.DirectMethodHandle$Holder.invokeStatic(java.lang.Object, int, java.lang.Object, java.lang.Object)'> (0x000000008fe4ec18) 
thrown [s\src\hotspot\share\interpreter\linkResolver.cpp, line 771]
Event: 22.007 Thread 0x000002377dacae70 Exception <a 'java/lang/NoSuchMethodError'{0x000000008fe31770}: 'java.lang.Object java.lang.invoke.DirectMethodHandle$Holder.invokeStatic(java.lang.Object, int, java.lang.Object, java.lang.Object)'> (0x000000008fe31770) 
thrown [s\src\hotspot\share\interpreter\linkResolver.cpp, line 771]
Event: 22.007 Thread 0x000002377d173ce0 Exception <a 'java/lang/NoSuchMethodError'{0x00000000900d51d8}: 'java.lang.Object java.lang.invoke.DirectMethodHandle$Holder.invokeStatic(java.lang.Object, int, java.lang.Object, java.lang.Object)'> (0x00000000900d51d8) 
thrown [s\src\hotspot\share\interpreter\linkResolver.cpp, line 771]
Event: 22.009 Thread 0x000002377dacae70 Exception <a 'java/lang/NoSuchMethodError'{0x000000008fd02738}: 'java.lang.Object java.lang.invoke.DirectMethodHandle$Holder.invokeStatic(java.lang.Object, java.lang.Object, int, java.lang.Object, java.lang.Object)'> (0x000000008fd02738) 
thrown [s\src\hotspot\share\interpreter\linkResolver.cpp, line 771]
Event: 22.009 Thread 0x000002377d173ce0 Exception <a 'java/lang/NoSuchMethodError'{0x000000008fee2b38}: 'java.lang.Object java.lang.invoke.DirectMethodHandle$Holder.invokeStatic(java.lang.Object, java.lang.Object, int, java.lang.Object, java.lang.Object)'> (0x000000008fee2b38) 
thrown [s\src\hotspot\share\interpreter\linkResolver.cpp, line 771]
Event: 22.009 Thread 0x000002370156c9d0 Exception <a 'java/lang/NoSuchMethodError'{0x000000008fece4f8}: 'java.lang.Object java.lang.invoke.DirectMethodHandle$Holder.invokeStatic(java.lang.Object, java.lang.Object, int, java.lang.Object, java.lang.Object)'> (0x000000008fece4f8) 
thrown [s\src\hotspot\share\interpreter\linkResolver.cpp, line 771]
Event: 22.216 Thread 0x000002370156c9d0 Exception <a 'java/lang/IncompatibleClassChangeError'{0x000000008daea280}: Found class java.lang.Object, but interface was expected> (0x000000008daea280) 
thrown [s\src\hotspot\share\interpreter\linkResolver.cpp, line 838]
Event: 22.217 Thread 0x000002370156c9d0 Exception <a 'java/lang/IncompatibleClassChangeError'{0x000000008d0f92b8}: Found class java.lang.Object, but interface was expected> (0x000000008d0f92b8) 
thrown [s\src\hotspot\share\interpreter\linkResolver.cpp, line 838]
Event: 22.427 Thread 0x000002370156c9d0 Exception <a 'java/lang/NoSuchMethodError'{0x000000008f0f5a20}: 'void java.lang.invoke.DirectMethodHandle$Holder.invokeSpecial(java.lang.Object, java.lang.Object, int, java.lang.Object)'> (0x000000008f0f5a20) 
thrown [s\src\hotspot\share\interpreter\linkResolver.cpp, line 771]
Event: 22.427 Thread 0x000002377dacae70 Exception <a 'java/lang/NoSuchMethodError'{0x000000008f7a9590}: 'void java.lang.invoke.DirectMethodHandle$Holder.invokeSpecial(java.lang.Object, java.lang.Object, int, java.lang.Object)'> (0x000000008f7a9590) 
thrown [s\src\hotspot\share\interpreter\linkResolver.cpp, line 771]
Event: 22.579 Thread 0x000002370156c9d0 Exception <a 'java/lang/NoSuchMethodError'{0x000000008d7137c8}: 'int java.lang.invoke.DirectMethodHandle$Holder.invokeSpecial(java.lang.Object, java.lang.Object, java.lang.Object, int, java.lang.Object)'> (0x000000008d7137c8) 
thrown [s\src\hotspot\share\interpreter\linkResolver.cpp, line 771]
Event: 22.579 Thread 0x000002377dacae70 Exception <a 'java/lang/NoSuchMethodError'{0x000000008dca8cb8}: 'int java.lang.invoke.DirectMethodHandle$Holder.invokeSpecial(java.lang.Object, java.lang.Object, java.lang.Object, int, java.lang.Object)'> (0x000000008dca8cb8) 
thrown [s\src\hotspot\share\interpreter\linkResolver.cpp, line 771]
Event: 22.632 Thread 0x000002370156c9d0 Exception <a 'java/lang/NoSuchMethodError'{0x000000008cdeae20}: 'int java.lang.invoke.DirectMethodHandle$Holder.invokeSpecial(java.lang.Object, java.lang.Object, java.lang.Object, int)'> (0x000000008cdeae20) 
thrown [s\src\hotspot\share\interpreter\linkResolver.cpp, line 771]

VM Operations (20 events):
Event: 21.550 Executing VM operation: HandshakeAllThreads done
Event: 21.552 Executing VM operation: HandshakeAllThreads
Event: 21.581 Executing VM operation: HandshakeAllThreads done
Event: 21.615 Executing VM operation: HandshakeAllThreads
Event: 21.616 Executing VM operation: HandshakeAllThreads done
Event: 21.666 Executing VM operation: HandshakeAllThreads
Event: 21.666 Executing VM operation: HandshakeAllThreads done
Event: 21.873 Executing VM operation: HandshakeAllThreads
Event: 21.873 Executing VM operation: HandshakeAllThreads done
Event: 21.924 Executing VM operation: G1CollectForAllocation
Event: 21.957 Executing VM operation: G1CollectForAllocation done
Event: 22.174 Executing VM operation: HandshakeAllThreads
Event: 22.180 Executing VM operation: HandshakeAllThreads done
Event: 22.193 Executing VM operation: HandshakeAllThreads
Event: 22.194 Executing VM operation: HandshakeAllThreads done
Event: 22.239 Executing VM operation: HandshakeAllThreads
Event: 22.240 Executing VM operation: HandshakeAllThreads done
Event: 22.278 Executing VM operation: G1CollectForAllocation
Event: 22.333 Executing VM operation: G1CollectForAllocation done
Event: 22.678 Executing VM operation: G1CollectForAllocation

Events (20 events):
Event: 19.833 loading class java/util/regex/Pattern$SliceU done
Event: 19.833 loading class sun/nio/fs/WindowsFileSystem$2
Event: 19.833 loading class java/nio/file/PathMatcher
Event: 19.833 loading class java/nio/file/PathMatcher done
Event: 19.833 loading class sun/nio/fs/WindowsFileSystem$2 done
Event: 19.915 loading class java/util/zip/ZipInputStream
Event: 19.915 loading class java/util/zip/ZipInputStream done
Event: 20.137 loading class java/io/UTFDataFormatException
Event: 20.137 loading class java/io/UTFDataFormatException done
Event: 20.347 Thread 0x000002377cc04a10 flushing nmethod 0x0000023766b41590
Event: 20.478 loading class java/util/concurrent/RejectedExecutionException
Event: 20.480 loading class java/util/concurrent/RejectedExecutionException done
Event: 20.709 loading class java/lang/reflect/GenericSignatureFormatError
Event: 20.711 loading class java/lang/reflect/GenericSignatureFormatError done
Event: 20.986 loading class java/util/concurrent/ConcurrentLinkedQueue$Itr
Event: 21.001 loading class java/util/concurrent/ConcurrentLinkedQueue$Itr done
Event: 22.530 loading class java/util/PriorityQueue
Event: 22.532 loading class java/util/PriorityQueue done
Event: 22.545 loading class java/util/IdentityHashMap$ValueIterator
Event: 22.546 loading class java/util/IdentityHashMap$ValueIterator done


Dynamic libraries:
0x00007ff6168a0000 - 0x00007ff6168aa000 	E:\Apk Kuliah\Andro\jbr\bin\java.exe
0x00007ff8ee730000 - 0x00007ff8ee928000 	C:\WINDOWS\SYSTEM32\ntdll.dll
0x00007ff8ed2e0000 - 0x00007ff8ed39d000 	C:\WINDOWS\System32\KERNEL32.DLL
0x00007ff8ec090000 - 0x00007ff8ec386000 	C:\WINDOWS\System32\KERNELBASE.dll
0x00007ff8ebf90000 - 0x00007ff8ec090000 	C:\WINDOWS\System32\ucrtbase.dll
0x00007ff8db550000 - 0x00007ff8db56b000 	E:\Apk Kuliah\Andro\jbr\bin\VCRUNTIME140.dll
0x00007ff8db7c0000 - 0x00007ff8db7d7000 	E:\Apk Kuliah\Andro\jbr\bin\jli.dll
0x00007ff8ee550000 - 0x00007ff8ee6ee000 	C:\WINDOWS\System32\USER32.dll
0x00007ff8ec390000 - 0x00007ff8ec3b2000 	C:\WINDOWS\System32\win32u.dll
0x00007ff8ee500000 - 0x00007ff8ee52c000 	C:\WINDOWS\System32\GDI32.dll
0x00007ff8ec570000 - 0x00007ff8ec68a000 	C:\WINDOWS\System32\gdi32full.dll
0x00007ff8ebe10000 - 0x00007ff8ebead000 	C:\WINDOWS\System32\msvcp_win.dll
0x00007ff8dc770000 - 0x00007ff8dca0a000 	C:\WINDOWS\WinSxS\amd64_microsoft.windows.common-controls_6595b64144ccf1df_6.0.19041.3636_none_60b6a03d71f818d5\COMCTL32.dll
0x00007ff8edc40000 - 0x00007ff8edcde000 	C:\WINDOWS\System32\msvcrt.dll
0x00007ff8ecd30000 - 0x00007ff8ecd60000 	C:\WINDOWS\System32\IMM32.DLL
0x00007ff8e7860000 - 0x00007ff8e786c000 	E:\Apk Kuliah\Andro\jbr\bin\vcruntime140_1.dll
0x00007ff8c5890000 - 0x00007ff8c591d000 	E:\Apk Kuliah\Andro\jbr\bin\msvcp140.dll
0x00007ff8a3de0000 - 0x00007ff8a4a4e000 	E:\Apk Kuliah\Andro\jbr\bin\server\jvm.dll
0x00007ff8ed1d0000 - 0x00007ff8ed27f000 	C:\WINDOWS\System32\ADVAPI32.dll
0x00007ff8ed0d0000 - 0x00007ff8ed16c000 	C:\WINDOWS\System32\sechost.dll
0x00007ff8ecfa0000 - 0x00007ff8ed0c6000 	C:\WINDOWS\System32\RPCRT4.dll
0x00007ff8e39c0000 - 0x00007ff8e39ca000 	C:\WINDOWS\SYSTEM32\VERSION.dll
0x00007ff8e39d0000 - 0x00007ff8e39f7000 	C:\WINDOWS\SYSTEM32\WINMM.dll
0x00007ff8e6860000 - 0x00007ff8e6869000 	C:\WINDOWS\SYSTEM32\WSOCK32.dll
0x00007ff8edbc0000 - 0x00007ff8edc2b000 	C:\WINDOWS\System32\WS2_32.dll
0x00007ff8e9cd0000 - 0x00007ff8e9ce2000 	C:\WINDOWS\SYSTEM32\kernel.appcore.dll
0x00007ff8e6130000 - 0x00007ff8e613a000 	E:\Apk Kuliah\Andro\jbr\bin\jimage.dll
0x00007ff8e06c0000 - 0x00007ff8e08a4000 	C:\WINDOWS\SYSTEM32\DBGHELP.DLL
0x00007ff8d7e80000 - 0x00007ff8d7eb4000 	C:\WINDOWS\SYSTEM32\dbgcore.DLL
0x00007ff8ec690000 - 0x00007ff8ec712000 	C:\WINDOWS\System32\bcryptPrimitives.dll
0x00007ff8e5110000 - 0x00007ff8e5135000 	E:\Apk Kuliah\Andro\jbr\bin\java.dll
0x00007ff8e10a0000 - 0x00007ff8e10b8000 	E:\Apk Kuliah\Andro\jbr\bin\zip.dll
0x00007ff8ed470000 - 0x00007ff8edbb4000 	C:\WINDOWS\System32\SHELL32.dll
0x00007ff8e9ed0000 - 0x00007ff8ea66b000 	C:\WINDOWS\SYSTEM32\windows.storage.dll
0x00007ff8ec8a0000 - 0x00007ff8ecbf4000 	C:\WINDOWS\System32\combase.dll
0x00007ff8eb780000 - 0x00007ff8eb7ad000 	C:\WINDOWS\SYSTEM32\Wldp.dll
0x00007ff8ec7f0000 - 0x00007ff8ec89d000 	C:\WINDOWS\System32\SHCORE.dll
0x00007ff8ed170000 - 0x00007ff8ed1c5000 	C:\WINDOWS\System32\shlwapi.dll
0x00007ff8ebd40000 - 0x00007ff8ebd65000 	C:\WINDOWS\SYSTEM32\profapi.dll
0x00007ff8dbac0000 - 0x00007ff8dbad9000 	E:\Apk Kuliah\Andro\jbr\bin\net.dll
0x00007ff8e02a0000 - 0x00007ff8e03aa000 	C:\WINDOWS\SYSTEM32\WINHTTP.dll
0x00007ff8eb4e0000 - 0x00007ff8eb54a000 	C:\WINDOWS\system32\mswsock.dll
0x00007ff8db9d0000 - 0x00007ff8db9e6000 	E:\Apk Kuliah\Andro\jbr\bin\nio.dll
0x00007ff8e4c00000 - 0x00007ff8e4c10000 	E:\Apk Kuliah\Andro\jbr\bin\verify.dll
0x00007ff8db300000 - 0x00007ff8db327000 	E:\Apk Kuliah\Andro\jbr\native\68d5fa5c4cc2d200863cafc0d521ce42e7d3e7ee720ec0a83991735586a16f82\windows-amd64\native-platform.dll
0x00007ff8c5740000 - 0x00007ff8c5884000 	E:\Apk Kuliah\Andro\jbr\native\e376f236ea51e6404a007f0833ffe2c6e607c4080706a723a18a27aeea778392\windows-amd64\native-platform-file-events.dll
0x00007ff8dbcf0000 - 0x00007ff8dbcf9000 	E:\Apk Kuliah\Andro\jbr\bin\management.dll
0x00007ff8db9c0000 - 0x00007ff8db9cb000 	E:\Apk Kuliah\Andro\jbr\bin\management_ext.dll
0x00007ff8edc30000 - 0x00007ff8edc38000 	C:\WINDOWS\System32\PSAPI.DLL
0x00007ff8eb6d0000 - 0x00007ff8eb6e8000 	C:\WINDOWS\SYSTEM32\CRYPTSP.dll
0x00007ff8eae10000 - 0x00007ff8eae44000 	C:\WINDOWS\system32\rsaenh.dll
0x00007ff8ebf60000 - 0x00007ff8ebf87000 	C:\WINDOWS\System32\bcrypt.dll
0x00007ff8ebcc0000 - 0x00007ff8ebcee000 	C:\WINDOWS\SYSTEM32\USERENV.dll
0x00007ff8eb6f0000 - 0x00007ff8eb6fc000 	C:\WINDOWS\SYSTEM32\CRYPTBASE.dll
0x00007ff8eb1d0000 - 0x00007ff8eb20b000 	C:\WINDOWS\SYSTEM32\IPHLPAPI.DLL
0x00007ff8eddc0000 - 0x00007ff8eddc8000 	C:\WINDOWS\System32\NSI.dll
0x00007ff8e05a0000 - 0x00007ff8e05b7000 	C:\WINDOWS\SYSTEM32\dhcpcsvc6.DLL
0x00007ff8e1040000 - 0x00007ff8e105d000 	C:\WINDOWS\SYSTEM32\dhcpcsvc.DLL
0x00007ff8eb210000 - 0x00007ff8eb2da000 	C:\WINDOWS\SYSTEM32\DNSAPI.dll
0x00007ff8db9b0000 - 0x00007ff8db9b7000 	C:\WINDOWS\system32\wshunix.dll

dbghelp: loaded successfully - version: 4.0.5 - missing functions: none
symbol engine: initialized successfully - sym options: 0x614 - pdb path: .;E:\Apk Kuliah\Andro\jbr\bin;C:\WINDOWS\SYSTEM32;C:\WINDOWS\WinSxS\amd64_microsoft.windows.common-controls_6595b64144ccf1df_6.0.19041.3636_none_60b6a03d71f818d5;E:\Apk Kuliah\Andro\jbr\bin\server;E:\Apk Kuliah\Andro\jbr\native\68d5fa5c4cc2d200863cafc0d521ce42e7d3e7ee720ec0a83991735586a16f82\windows-amd64;E:\Apk Kuliah\Andro\jbr\native\e376f236ea51e6404a007f0833ffe2c6e607c4080706a723a18a27aeea778392\windows-amd64

VM Arguments:
jvm_args: --add-opens=java.base/java.util=ALL-UNNAMED --add-opens=java.base/java.lang=ALL-UNNAMED --add-opens=java.base/java.lang.invoke=ALL-UNNAMED --add-opens=java.prefs/java.util.prefs=ALL-UNNAMED --add-opens=java.base/java.nio.charset=ALL-UNNAMED --add-opens=java.base/java.net=ALL-UNNAMED --add-opens=java.base/java.util.concurrent.atomic=ALL-UNNAMED -Xmx2048m -Dfile.encoding=UTF-8 -Duser.country=GB -Duser.language=en -Duser.variant 
java_command: org.gradle.launcher.daemon.bootstrap.GradleDaemon 8.0
java_class_path (initial): E:\Apk Kuliah\Andro\jbr\wrapper\dists\gradle-8.0-bin\ca5e32bp14vu59qr306oxotwh\gradle-8.0\lib\gradle-launcher-8.0.jar
Launcher Type: SUN_STANDARD

[Global flags]
     intx CICompilerCount                          = 3                                         {product} {ergonomic}
     uint ConcGCThreads                            = 1                                         {product} {ergonomic}
     uint G1ConcRefinementThreads                  = 4                                         {product} {ergonomic}
   size_t G1HeapRegionSize                         = 1048576                                   {product} {ergonomic}
    uintx GCDrainStackTargetSize                   = 64                                        {product} {ergonomic}
   size_t InitialHeapSize                          = 100663296                                 {product} {ergonomic}
   size_t MarkStackSize                            = 4194304                                   {product} {ergonomic}
   size_t MaxHeapSize                              = 2147483648                                {product} {command line}
   size_t MaxNewSize                               = 1287651328                                {product} {ergonomic}
   size_t MinHeapDeltaBytes                        = 1048576                                   {product} {ergonomic}
   size_t MinHeapSize                              = 8388608                                   {product} {ergonomic}
    uintx NonNMethodCodeHeapSize                   = 5832780                                {pd product} {ergonomic}
    uintx NonProfiledCodeHeapSize                  = 122912730                              {pd product} {ergonomic}
    uintx ProfiledCodeHeapSize                     = 122912730                              {pd product} {ergonomic}
    uintx ReservedCodeCacheSize                    = 251658240                              {pd product} {ergonomic}
     bool SegmentedCodeCache                       = true                                      {product} {ergonomic}
   size_t SoftMaxHeapSize                          = 2147483648                             {manageable} {ergonomic}
     bool UseCompressedClassPointers               = true                           {product lp64_product} {ergonomic}
     bool UseCompressedOops                        = true                           {product lp64_product} {ergonomic}
     bool UseG1GC                                  = true                                      {product} {ergonomic}
     bool UseLargePagesIndividualAllocation        = false                                  {pd product} {ergonomic}

Logging:
Log output configuration:
 #0: stdout all=warning uptime,level,tags
 #1: stderr all=off uptime,level,tags

Environment Variables:
PATH=C:\ProgramData\Oracle\Java\javapath;C:\WINDOWS\system32;C:\WINDOWS;C:\WINDOWS\System32\Wbem;C:\WINDOWS\System32\WindowsPowerShell\v1.0\;C:\WINDOWS\System32\OpenSSH\;C:\Program Files\dotnet\;C:\Program Files\Git\cmd;C:\Program Files\GitHub CLI\;C:\Program Files\Java\jdk1.8.0_111\bin;C:\Users\LENOVO\AppData\Local\Programs\Python\Python310\Scripts\;C:\Users\LENOVO\AppData\Local\Programs\Python\Python310\;C:\Users\LENOVO\AppData\Local\Microsoft\WindowsApps;C:\Users\LENOVO\AppData\Local\Programs\Microsoft VS Code\bin;C:\Users\LENOVO\.dotnet\tools;C:\Users\LENOVO\AppData\Local\GitHubDesktop\bin
USERNAME=YEOVIL
OS=Windows_NT
PROCESSOR_IDENTIFIER=AMD64 Family 23 Model 24 Stepping 1, AuthenticAMD
TMP=C:\Users\LENOVO\AppData\Local\Temp
TEMP=C:\Users\LENOVO\AppData\Local\Temp


JNI global refs:
JNI global refs: 25, weak refs: 42

JNI global refs memory usage: 843, weak refs: 841


---------------  S Y S T E M  ---------------

OS:
 Windows 10 , 64 bit Build 19041 (10.0.19041.3636)
OS uptime: 0 days 4:45 hours

CPU: total 4 (initial active 4) (4 cores per cpu, 2 threads per core) family 23 model 24 stepping 1 microcode 0x0, cx8, cmov, fxsr, ht, mmx, 3dnowpref, sse, sse2, sse3, ssse3, sse4a, sse4.1, sse4.2, popcnt, lzcnt, tsc, tscinvbit, avx, avx2, aes, clmul, bmi1, bmi2, adx, sha, fma, vzeroupper, clflush, clflushopt

Memory: 4k page, system-wide physical 6020M (133M free)
TotalPageFile size 14212M (AvailPageFile size 483M)
current process WorkingSet (physical memory assigned to process): 432M, peak: 432M
current process commit charge ("private bytes"): 560M, peak: 1052M

vm_info: OpenJDK 64-Bit Server VM (17.0.6+0-b2043.56-10027231) for windows-amd64 JRE (17.0.6+0-b2043.56-10027231), built on Apr 28 2023 00:43:19 by "androidbuild" with MS VC++ 16.10 / 16.11 (VS2019)

END.
