#
# There is insufficient memory for the Java Runtime Environment to continue.
# Native memory allocation (malloc) failed to allocate 926128 bytes for Chunk::new
# Possible reasons:
#   The system is out of physical RAM or swap space
#   The process is running with CompressedOops enabled, and the Java Heap may be blocking the growth of the native heap
# Possible solutions:
#   Reduce memory load on the system
#   Increase physical memory or swap space
#   Check if swap backing store is full
#   Decrease Java heap size (-Xmx/-Xms)
#   Decrease number of Java threads
#   Decrease Java thread stack sizes (-Xss)
#   Set larger code cache with -XX:ReservedCodeCacheSize=
#   JVM is running with Zero Based Compressed Oops mode in which the Java heap is
#     placed in the first 32GB address space. The Java Heap base address is the
#     maximum limit for the native heap growth. Please use -XX:HeapBaseMinAddress
#     to set the Java Heap base and to place the Java Heap above 32GB virtual address.
# This output file may be truncated or incomplete.
#
#  Out of Memory Error (arena.cpp:189), pid=3476, tid=2244
#
# JRE version: OpenJDK Runtime Environment (17.0.6) (build 17.0.6+0-b2043.56-10027231)
# Java VM: OpenJDK 64-Bit Server VM (17.0.6+0-b2043.56-10027231, mixed mode, tiered, compressed oops, compressed class ptrs, g1 gc, windows-amd64)
# No core dump will be written. Minidumps are not enabled by default on client versions of Windows
#

---------------  S U M M A R Y ------------

Command Line: --add-opens=java.base/java.util=ALL-UNNAMED --add-opens=java.base/java.lang=ALL-UNNAMED --add-opens=java.base/java.lang.invoke=ALL-UNNAMED --add-opens=java.prefs/java.util.prefs=ALL-UNNAMED --add-opens=java.base/java.nio.charset=ALL-UNNAMED --add-opens=java.base/java.net=ALL-UNNAMED --add-opens=java.base/java.util.concurrent.atomic=ALL-UNNAMED -Xmx4096m -Dfile.encoding=UTF-8 -Duser.country=GB -Duser.language=en -Duser.variant org.gradle.launcher.daemon.bootstrap.GradleDaemon 8.0

Host: AMD Ryzen 3 3250U with Radeon Graphics         , 4 cores, 5G,  Windows 10 , 64 bit Build 19041 (10.0.19041.3636)
Time: Sun Dec 17 02:19:44 2023 Russia TZ 8 Standard Time elapsed time: 1102.933281 seconds (0d 0h 18m 22s)

---------------  T H R E A D  ---------------

Current thread (0x0000025a0f910c70):  JavaThread "C2 CompilerThread0" daemon [_thread_in_native, id=2244, stack(0x0000008aee600000,0x0000008aee700000)]


Current CompileTask:
C2:1102933 14686       4       org.apache.xerces.impl.XMLNSDocumentScannerImpl::scanAttribute (586 bytes)

Stack: [0x0000008aee600000,0x0000008aee700000]
Native frames: (J=compiled Java code, j=interpreted, Vv=VM code, C=native code)
V  [jvm.dll+0x683c9a]
V  [jvm.dll+0x8427a4]
V  [jvm.dll+0x843f9e]
V  [jvm.dll+0x844603]
V  [jvm.dll+0x249b75]
V  [jvm.dll+0xabcac]
V  [jvm.dll+0xac27c]
V  [jvm.dll+0x368857]
V  [jvm.dll+0x332f31]
V  [jvm.dll+0x3323da]
V  [jvm.dll+0x21c201]
V  [jvm.dll+0x21b621]
V  [jvm.dll+0x1a4fdd]
V  [jvm.dll+0x22b098]
V  [jvm.dll+0x229159]
V  [jvm.dll+0x7f81ec]
V  [jvm.dll+0x7f274a]
V  [jvm.dll+0x682ad5]
C  [ucrtbase.dll+0x21bb2]
C  [KERNEL32.DLL+0x17344]
C  [ntdll.dll+0x526b1]


---------------  P R O C E S S  ---------------

Threads class SMR info:
_java_thread_list=0x0000025a140ac350, length=90, elements={
0x0000025a70d4ba10, 0x0000025a7ff04580, 0x0000025a7ff06310, 0x0000025a7ff4b290,
0x0000025a7ff4db60, 0x0000025a7ff4e420, 0x0000025a0f910080, 0x0000025a0f910c70,
0x0000025a0f913580, 0x0000025a0f9886c0, 0x0000025a0faa1ac0, 0x0000025a0faa43b0,
0x0000025a1098feb0, 0x0000025a10afec20, 0x0000025a112f1860, 0x0000025a12123230,
0x0000025a12123700, 0x0000025a121223c0, 0x0000025a12120bb0, 0x0000025a12121080,
0x0000025a12121a20, 0x0000025a12122890, 0x0000025a12120210, 0x0000025a12123bd0,
0x0000025a13c6f700, 0x0000025a13c6c210, 0x0000025a12af6580, 0x0000025a18964be0,
0x0000025a1896a280, 0x0000025a189663f0, 0x0000025a189638a0, 0x0000025a18965a50,
0x0000025a18966d90, 0x0000025a18967260, 0x0000025a18967730, 0x0000025a189633d0,
0x0000025a18967c00, 0x0000025a189680d0, 0x0000025a1896ac20, 0x0000025a1896a750,
0x0000025a18964240, 0x0000025a18963d70, 0x0000025a18969db0, 0x0000025a18968f40,
0x0000025a18964710, 0x0000025a18969410, 0x0000025a189698e0, 0x0000025a13c700a0,
0x0000025a13c6ed60, 0x0000025a13c718b0, 0x0000025a13c6f230, 0x0000025a13c6da20,
0x0000025a13c6a060, 0x0000025a13c6def0, 0x0000025a13c6e3c0, 0x0000025a13c6a530,
0x0000025a13c6aa00, 0x0000025a13c6e890, 0x0000025a13c6b3a0, 0x0000025a13c6aed0,
0x0000025a13c6bd40, 0x0000025a13c6b870, 0x0000025a13c6c6e0, 0x0000025a13c6cbb0,
0x0000025a12af5be0, 0x0000025a12af6a50, 0x0000025a12af7d90, 0x0000025a12af73f0,
0x0000025a12af8260, 0x0000025a12af8730, 0x0000025a12af8c00, 0x0000025a12af90d0,
0x0000025a121206e0, 0x0000025a12121550, 0x0000025a12121ef0, 0x0000025a12122d60,
0x0000025a0fca9480, 0x0000025a0fca8140, 0x0000025a0fca8610, 0x0000025a0fca8fb0,
0x0000025a0fca5f90, 0x0000025a0fca6e00, 0x0000025a0fca7c70, 0x0000025a0fca77a0,
0x0000025a0fca72d0, 0x0000025a0fca6460, 0x0000025a166c6ef0, 0x0000025a166c73c0,
0x0000025a166ca3e0, 0x0000025a166c9570
}

Java Threads: ( => current thread )
  0x0000025a70d4ba10 JavaThread "main" [_thread_blocked, id=12100, stack(0x0000008aed900000,0x0000008aeda00000)]
  0x0000025a7ff04580 JavaThread "Reference Handler" daemon [_thread_blocked, id=11548, stack(0x0000008aee000000,0x0000008aee100000)]
  0x0000025a7ff06310 JavaThread "Finalizer" daemon [_thread_blocked, id=8144, stack(0x0000008aee100000,0x0000008aee200000)]
  0x0000025a7ff4b290 JavaThread "Signal Dispatcher" daemon [_thread_blocked, id=9980, stack(0x0000008aee200000,0x0000008aee300000)]
  0x0000025a7ff4db60 JavaThread "Attach Listener" daemon [_thread_blocked, id=6720, stack(0x0000008aee300000,0x0000008aee400000)]
  0x0000025a7ff4e420 JavaThread "Service Thread" daemon [_thread_blocked, id=9916, stack(0x0000008aee400000,0x0000008aee500000)]
  0x0000025a0f910080 JavaThread "Monitor Deflation Thread" daemon [_thread_blocked, id=7760, stack(0x0000008aee500000,0x0000008aee600000)]
=>0x0000025a0f910c70 JavaThread "C2 CompilerThread0" daemon [_thread_in_native, id=2244, stack(0x0000008aee600000,0x0000008aee700000)]
  0x0000025a0f913580 JavaThread "C1 CompilerThread0" daemon [_thread_blocked, id=8464, stack(0x0000008aee700000,0x0000008aee800000)]
  0x0000025a0f9886c0 JavaThread "Sweeper thread" daemon [_thread_blocked, id=4532, stack(0x0000008aee800000,0x0000008aee900000)]
  0x0000025a0faa1ac0 JavaThread "Common-Cleaner" daemon [_thread_blocked, id=5484, stack(0x0000008aee900000,0x0000008aeea00000)]
  0x0000025a0faa43b0 JavaThread "Notification Thread" daemon [_thread_blocked, id=7296, stack(0x0000008aeea00000,0x0000008aeeb00000)]
  0x0000025a1098feb0 JavaThread "Daemon health stats" [_thread_blocked, id=14532, stack(0x0000008aeef00000,0x0000008aef000000)]
  0x0000025a10afec20 JavaThread "Incoming local TCP Connector on port 56136" [_thread_in_native, id=3100, stack(0x0000008aef000000,0x0000008aef100000)]
  0x0000025a112f1860 JavaThread "Daemon periodic checks" [_thread_blocked, id=13604, stack(0x0000008aef100000,0x0000008aef200000)]
  0x0000025a12123230 JavaThread "Cache worker for journal cache (E:\Apk Kuliah\Andro\jbr\caches\journal-1)" [_thread_blocked, id=2844, stack(0x0000008aef900000,0x0000008aefa00000)]
  0x0000025a12123700 JavaThread "File lock request listener" [_thread_in_native, id=7984, stack(0x0000008aefa00000,0x0000008aefb00000)]
  0x0000025a121223c0 JavaThread "Cache worker for file hash cache (E:\Apk Kuliah\Andro\jbr\caches\8.0\fileHashes)" [_thread_blocked, id=13728, stack(0x0000008aefb00000,0x0000008aefc00000)]
  0x0000025a12120bb0 JavaThread "File watcher server" daemon [_thread_in_native, id=15124, stack(0x0000008aefc00000,0x0000008aefd00000)]
  0x0000025a12121080 JavaThread "File watcher consumer" daemon [_thread_blocked, id=15208, stack(0x0000008aefd00000,0x0000008aefe00000)]
  0x0000025a12121a20 JavaThread "jar transforms" [_thread_blocked, id=8536, stack(0x0000008aefe00000,0x0000008aeff00000)]
  0x0000025a12122890 JavaThread "jar transforms Thread 2" [_thread_blocked, id=15284, stack(0x0000008aeff00000,0x0000008af0000000)]
  0x0000025a12120210 JavaThread "jar transforms Thread 3" [_thread_blocked, id=14124, stack(0x0000008af0000000,0x0000008af0100000)]
  0x0000025a12123bd0 JavaThread "jar transforms Thread 4" [_thread_blocked, id=2772, stack(0x0000008af0100000,0x0000008af0200000)]
  0x0000025a13c6f700 JavaThread "Cache worker for file content cache (E:\Apk Kuliah\Andro\jbr\caches\8.0\fileContent)" [_thread_blocked, id=14468, stack(0x0000008af0500000,0x0000008af0600000)]
  0x0000025a13c6c210 JavaThread "Cache worker for execution history cache (E:\Apk Kuliah\Andro\jbr\caches\8.0\executionHistory)" [_thread_blocked, id=1616, stack(0x0000008af0800000,0x0000008af0900000)]
  0x0000025a12af6580 JavaThread "Memory manager" [_thread_blocked, id=5540, stack(0x0000008af3300000,0x0000008af3400000)]
  0x0000025a18964be0 JavaThread "Daemon Thread 2" [_thread_blocked, id=14220, stack(0x0000008aed600000,0x0000008aed700000)]
  0x0000025a1896a280 JavaThread "Handler for socket connection from /127.0.0.1:56136 to /127.0.0.1:56332" [_thread_in_native, id=14928, stack(0x0000008aed700000,0x0000008aed800000)]
  0x0000025a189663f0 JavaThread "Cancel handler" [_thread_blocked, id=7952, stack(0x0000008aed800000,0x0000008aed900000)]
  0x0000025a189638a0 JavaThread "Daemon worker Thread 2" [_thread_blocked, id=15328, stack(0x0000008aef200000,0x0000008aef300000)]
  0x0000025a18965a50 JavaThread "Asynchronous log dispatcher for DefaultDaemonConnection: socket connection from /127.0.0.1:56136 to /127.0.0.1:56332" [_thread_blocked, id=12496, stack(0x0000008aef300000,0x0000008aef400000)]
  0x0000025a18966d90 JavaThread "Stdin handler" [_thread_blocked, id=9972, stack(0x0000008aef400000,0x0000008aef500000)]
  0x0000025a18967260 JavaThread "Daemon client event forwarder" [_thread_blocked, id=14944, stack(0x0000008aef500000,0x0000008aef600000)]
  0x0000025a18967730 JavaThread "Cache worker for checksums cache (E:\Andro Projek\SispakKehamilan\.gradle\8.0\checksums)" [_thread_blocked, id=9960, stack(0x0000008aef600000,0x0000008aef700000)]
  0x0000025a189633d0 JavaThread "Cache worker for cache directory md-rule (E:\Apk Kuliah\Andro\jbr\caches\8.0\md-rule)" [_thread_blocked, id=8640, stack(0x0000008aef700000,0x0000008aef800000)]
  0x0000025a18967c00 JavaThread "Cache worker for file hash cache (E:\Andro Projek\SispakKehamilan\.gradle\8.0\fileHashes)" [_thread_blocked, id=14128, stack(0x0000008aef800000,0x0000008aef900000)]
  0x0000025a189680d0 JavaThread "Cache worker for cache directory md-supplier (E:\Apk Kuliah\Andro\jbr\caches\8.0\md-supplier)" [_thread_blocked, id=12356, stack(0x0000008af0300000,0x0000008af0400000)]
  0x0000025a1896ac20 JavaThread "Cache worker for dependencies-accessors (E:\Andro Projek\SispakKehamilan\.gradle\8.0\dependencies-accessors)" [_thread_blocked, id=7808, stack(0x0000008af0400000,0x0000008af0500000)]
  0x0000025a1896a750 JavaThread "Cache worker for Build Output Cleanup Cache (E:\Andro Projek\SispakKehamilan\.gradle\buildOutputCleanup)" [_thread_blocked, id=6292, stack(0x0000008af0600000,0x0000008af0700000)]
  0x0000025a18964240 JavaThread "Unconstrained build operations" [_thread_blocked, id=15064, stack(0x0000008af0700000,0x0000008af0800000)]
  0x0000025a18963d70 JavaThread "Unconstrained build operations Thread 2" [_thread_blocked, id=14964, stack(0x0000008af0900000,0x0000008af0a00000)]
  0x0000025a18969db0 JavaThread "Unconstrained build operations Thread 3" [_thread_blocked, id=6728, stack(0x0000008af0a00000,0x0000008af0b00000)]
  0x0000025a18968f40 JavaThread "Unconstrained build operations Thread 4" [_thread_blocked, id=8484, stack(0x0000008af0b00000,0x0000008af0c00000)]
  0x0000025a18964710 JavaThread "Unconstrained build operations Thread 5" [_thread_blocked, id=14724, stack(0x0000008af0c00000,0x0000008af0d00000)]
  0x0000025a18969410 JavaThread "Unconstrained build operations Thread 6" [_thread_blocked, id=14648, stack(0x0000008af0d00000,0x0000008af0e00000)]
  0x0000025a189698e0 JavaThread "Unconstrained build operations Thread 7" [_thread_blocked, id=14244, stack(0x0000008af0e00000,0x0000008af0f00000)]
  0x0000025a13c700a0 JavaThread "Unconstrained build operations Thread 8" [_thread_blocked, id=13380, stack(0x0000008af0f00000,0x0000008af1000000)]
  0x0000025a13c6ed60 JavaThread "Unconstrained build operations Thread 9" [_thread_blocked, id=11520, stack(0x0000008af1000000,0x0000008af1100000)]
  0x0000025a13c718b0 JavaThread "Unconstrained build operations Thread 10" [_thread_blocked, id=4028, stack(0x0000008af1100000,0x0000008af1200000)]
  0x0000025a13c6f230 JavaThread "Unconstrained build operations Thread 11" [_thread_blocked, id=15156, stack(0x0000008af1200000,0x0000008af1300000)]
  0x0000025a13c6da20 JavaThread "Unconstrained build operations Thread 12" [_thread_blocked, id=9676, stack(0x0000008af1300000,0x0000008af1400000)]
  0x0000025a13c6a060 JavaThread "Unconstrained build operations Thread 13" [_thread_blocked, id=524, stack(0x0000008af1400000,0x0000008af1500000)]
  0x0000025a13c6def0 JavaThread "Unconstrained build operations Thread 14" [_thread_blocked, id=15056, stack(0x0000008af1500000,0x0000008af1600000)]
  0x0000025a13c6e3c0 JavaThread "Unconstrained build operations Thread 15" [_thread_blocked, id=14600, stack(0x0000008af1600000,0x0000008af1700000)]
  0x0000025a13c6a530 JavaThread "Unconstrained build operations Thread 16" [_thread_blocked, id=1076, stack(0x0000008af1700000,0x0000008af1800000)]
  0x0000025a13c6aa00 JavaThread "Unconstrained build operations Thread 17" [_thread_blocked, id=11236, stack(0x0000008af1800000,0x0000008af1900000)]
  0x0000025a13c6e890 JavaThread "Unconstrained build operations Thread 18" [_thread_blocked, id=7680, stack(0x0000008af1900000,0x0000008af1a00000)]
  0x0000025a13c6b3a0 JavaThread "Unconstrained build operations Thread 19" [_thread_blocked, id=15120, stack(0x0000008af1a00000,0x0000008af1b00000)]
  0x0000025a13c6aed0 JavaThread "Unconstrained build operations Thread 20" [_thread_blocked, id=10836, stack(0x0000008af1b00000,0x0000008af1c00000)]
  0x0000025a13c6bd40 JavaThread "Unconstrained build operations Thread 21" [_thread_blocked, id=14952, stack(0x0000008af1c00000,0x0000008af1d00000)]
  0x0000025a13c6b870 JavaThread "Unconstrained build operations Thread 22" [_thread_blocked, id=10672, stack(0x0000008af1d00000,0x0000008af1e00000)]
  0x0000025a13c6c6e0 JavaThread "Unconstrained build operations Thread 23" [_thread_blocked, id=14112, stack(0x0000008af1e00000,0x0000008af1f00000)]
  0x0000025a13c6cbb0 JavaThread "Unconstrained build operations Thread 24" [_thread_blocked, id=6844, stack(0x0000008af1f00000,0x0000008af2000000)]
  0x0000025a12af5be0 JavaThread "Unconstrained build operations Thread 25" [_thread_blocked, id=12424, stack(0x0000008af2000000,0x0000008af2100000)]
  0x0000025a12af6a50 JavaThread "Unconstrained build operations Thread 26" [_thread_blocked, id=15260, stack(0x0000008af2100000,0x0000008af2200000)]
  0x0000025a12af7d90 JavaThread "Unconstrained build operations Thread 27" [_thread_blocked, id=14228, stack(0x0000008af2200000,0x0000008af2300000)]
  0x0000025a12af73f0 JavaThread "Unconstrained build operations Thread 28" [_thread_blocked, id=2220, stack(0x0000008af2300000,0x0000008af2400000)]
  0x0000025a12af8260 JavaThread "Unconstrained build operations Thread 29" [_thread_blocked, id=11780, stack(0x0000008af2400000,0x0000008af2500000)]
  0x0000025a12af8730 JavaThread "Unconstrained build operations Thread 30" [_thread_blocked, id=10848, stack(0x0000008af2500000,0x0000008af2600000)]
  0x0000025a12af8c00 JavaThread "Unconstrained build operations Thread 31" [_thread_blocked, id=8848, stack(0x0000008af2600000,0x0000008af2700000)]
  0x0000025a12af90d0 JavaThread "Unconstrained build operations Thread 32" [_thread_blocked, id=11540, stack(0x0000008af2700000,0x0000008af2800000)]
  0x0000025a121206e0 JavaThread "Unconstrained build operations Thread 33" [_thread_blocked, id=14908, stack(0x0000008af2800000,0x0000008af2900000)]
  0x0000025a12121550 JavaThread "Unconstrained build operations Thread 34" [_thread_blocked, id=3948, stack(0x0000008af2900000,0x0000008af2a00000)]
  0x0000025a12121ef0 JavaThread "Unconstrained build operations Thread 35" [_thread_blocked, id=13716, stack(0x0000008af2a00000,0x0000008af2b00000)]
  0x0000025a12122d60 JavaThread "Unconstrained build operations Thread 36" [_thread_blocked, id=13588, stack(0x0000008af2b00000,0x0000008af2c00000)]
  0x0000025a0fca9480 JavaThread "Unconstrained build operations Thread 37" [_thread_blocked, id=14528, stack(0x0000008af2c00000,0x0000008af2d00000)]
  0x0000025a0fca8140 JavaThread "Unconstrained build operations Thread 38" [_thread_blocked, id=14420, stack(0x0000008af2d00000,0x0000008af2e00000)]
  0x0000025a0fca8610 JavaThread "Unconstrained build operations Thread 39" [_thread_blocked, id=15196, stack(0x0000008af2e00000,0x0000008af2f00000)]
  0x0000025a0fca8fb0 JavaThread "Unconstrained build operations Thread 40" [_thread_blocked, id=8140, stack(0x0000008af2f00000,0x0000008af3000000)]
  0x0000025a0fca5f90 JavaThread "build event listener" [_thread_blocked, id=14700, stack(0x0000008af3000000,0x0000008af3100000)]
  0x0000025a0fca6e00 JavaThread "included builds" [_thread_blocked, id=8100, stack(0x0000008af3100000,0x0000008af3200000)]
  0x0000025a0fca7c70 JavaThread "Execution worker" [_thread_in_Java, id=13568, stack(0x0000008af3200000,0x0000008af3300000)]
  0x0000025a0fca77a0 JavaThread "Execution worker Thread 2" [_thread_blocked, id=13364, stack(0x0000008af3400000,0x0000008af3500000)]
  0x0000025a0fca72d0 JavaThread "Execution worker Thread 3" [_thread_blocked, id=7484, stack(0x0000008af3500000,0x0000008af3600000)]
  0x0000025a0fca6460 JavaThread "Cache worker for execution history cache (E:\Andro Projek\SispakKehamilan\.gradle\8.0\executionHistory)" [_thread_blocked, id=14120, stack(0x0000008af3600000,0x0000008af3700000)]
  0x0000025a166c6ef0 JavaThread "WorkerExecutor Queue" [_thread_blocked, id=14092, stack(0x0000008af3800000,0x0000008af3900000)]
  0x0000025a166c73c0 JavaThread "WorkerExecutor Queue Thread 2" [_thread_blocked, id=5572, stack(0x0000008af3900000,0x0000008af3a00000)]
  0x0000025a166ca3e0 JavaThread "WorkerExecutor Queue Thread 3" [_thread_blocked, id=8948, stack(0x0000008af3a00000,0x0000008af3b00000)]
  0x0000025a166c9570 JavaThread "WorkerExecutor Queue Thread 4" [_thread_blocked, id=15232, stack(0x0000008af3b00000,0x0000008af3c00000)]

Other Threads:
  0x0000025a7ff00550 VMThread "VM Thread" [stack: 0x0000008aedf00000,0x0000008aee000000] [id=5388]
  0x0000025a70dd0210 WatcherThread [stack: 0x0000008aeeb00000,0x0000008aeec00000] [id=11160]
  0x0000025a70db74e0 GCTaskThread "GC Thread#0" [stack: 0x0000008aeda00000,0x0000008aedb00000] [id=12088]
  0x0000025a0fd4e900 GCTaskThread "GC Thread#1" [stack: 0x0000008aeec00000,0x0000008aeed00000] [id=14940]
  0x0000025a0fddd700 GCTaskThread "GC Thread#2" [stack: 0x0000008aeed00000,0x0000008aeee00000] [id=15352]
  0x0000025a105e1a50 GCTaskThread "GC Thread#3" [stack: 0x0000008aeee00000,0x0000008aeef00000] [id=10260]
  0x0000025a70dc8ad0 ConcurrentGCThread "G1 Main Marker" [stack: 0x0000008aedb00000,0x0000008aedc00000] [id=4808]
  0x0000025a70dc93f0 ConcurrentGCThread "G1 Conc#0" [stack: 0x0000008aedc00000,0x0000008aedd00000] [id=12076]
  0x0000025a70e050a0 ConcurrentGCThread "G1 Refine#0" [stack: 0x0000008aedd00000,0x0000008aede00000] [id=14612]
  0x0000025a13fb8c00 ConcurrentGCThread "G1 Refine#1" [stack: 0x0000008af0200000,0x0000008af0300000] [id=12540]
  0x0000025a1711b5c0 ConcurrentGCThread "G1 Refine#2" [stack: 0x0000008af3700000,0x0000008af3800000] [id=4848]
  0x0000025a70e059d0 ConcurrentGCThread "G1 Service" [stack: 0x0000008aede00000,0x0000008aedf00000] [id=2784]

Threads with active compile tasks:
C2 CompilerThread0  1103028 14686       4       org.apache.xerces.impl.XMLNSDocumentScannerImpl::scanAttribute (586 bytes)

VM state: not at safepoint (normal execution)

VM Mutex/Monitor currently owned by a thread: None

Heap address: 0x0000000700000000, size: 4096 MB, Compressed Oops mode: Zero based, Oop shift amount: 3

CDS archive(s) not mapped
Compressed class space mapped at: 0x0000000800000000-0x0000000840000000, reserved size: 1073741824
Narrow klass base: 0x0000000800000000, Narrow klass shift: 0, Narrow klass range: 0x40000000

GC Precious Log:
 CPUs: 4 total, 4 available
 Memory: 6020M
 Large Page Support: Disabled
 NUMA Support: Disabled
 Compressed Oops: Enabled (Zero based)
 Heap Region Size: 2M
 Heap Min Capacity: 8M
 Heap Initial Capacity: 96M
 Heap Max Capacity: 4G
 Pre-touch: Disabled
 Parallel Workers: 4
 Concurrent Workers: 1
 Concurrent Refinement Workers: 4
 Periodic GC: Disabled

Heap:
 garbage-first heap   total 362496K, used 215024K [0x0000000700000000, 0x0000000800000000)
  region size 2048K, 15 young (30720K), 3 survivors (6144K)
 Metaspace       used 110082K, committed 111104K, reserved 1146880K
  class space    used 14615K, committed 15104K, reserved 1048576K

Heap Regions: E=young(eden), S=young(survivor), O=old, HS=humongous(starts), HC=humongous(continues), CS=collection set, F=free, OA=open archive, CA=closed archive, TAMS=top-at-mark-start (previous, next)
|   0|0x0000000700000000, 0x0000000700200000, 0x0000000700200000|100%| O|  |TAMS 0x0000000700200000, 0x0000000700000000| Untracked 
|   1|0x0000000700200000, 0x0000000700400000, 0x0000000700400000|100%|HS|  |TAMS 0x0000000700400000, 0x0000000700200000| Complete 
|   2|0x0000000700400000, 0x0000000700600000, 0x0000000700600000|100%|HC|  |TAMS 0x0000000700600000, 0x0000000700400000| Complete 
|   3|0x0000000700600000, 0x0000000700800000, 0x0000000700800000|100%| O|  |TAMS 0x0000000700800000, 0x0000000700600000| Untracked 
|   4|0x0000000700800000, 0x0000000700a00000, 0x0000000700a00000|100%| O|  |TAMS 0x0000000700a00000, 0x0000000700800000| Untracked 
|   5|0x0000000700a00000, 0x0000000700c00000, 0x0000000700c00000|100%| O|  |TAMS 0x0000000700c00000, 0x0000000700a00000| Untracked 
|   6|0x0000000700c00000, 0x0000000700e00000, 0x0000000700e00000|100%| O|  |TAMS 0x0000000700e00000, 0x0000000700c00000| Untracked 
|   7|0x0000000700e00000, 0x0000000701000000, 0x0000000701000000|100%| O|  |TAMS 0x0000000701000000, 0x0000000700e00000| Untracked 
|   8|0x0000000701000000, 0x0000000701200000, 0x0000000701200000|100%| O|  |TAMS 0x0000000701200000, 0x0000000701000000| Untracked 
|   9|0x0000000701200000, 0x0000000701400000, 0x0000000701400000|100%|HS|  |TAMS 0x0000000701400000, 0x0000000701200000| Complete 
|  10|0x0000000701400000, 0x0000000701600000, 0x0000000701600000|100%|HS|  |TAMS 0x0000000701600000, 0x0000000701400000| Complete 
|  11|0x0000000701600000, 0x0000000701800000, 0x0000000701800000|100%|HC|  |TAMS 0x0000000701800000, 0x0000000701600000| Complete 
|  12|0x0000000701800000, 0x0000000701a00000, 0x0000000701a00000|100%| O|  |TAMS 0x0000000701a00000, 0x0000000701800000| Untracked 
|  13|0x0000000701a00000, 0x0000000701c00000, 0x0000000701c00000|100%| O|  |TAMS 0x0000000701c00000, 0x0000000701a00000| Updating 
|  14|0x0000000701c00000, 0x0000000701e00000, 0x0000000701e00000|100%|HS|  |TAMS 0x0000000701e00000, 0x0000000701c00000| Complete 
|  15|0x0000000701e00000, 0x0000000702000000, 0x0000000702000000|100%|HC|  |TAMS 0x0000000702000000, 0x0000000701e00000| Complete 
|  16|0x0000000702000000, 0x0000000702200000, 0x0000000702200000|100%| O|  |TAMS 0x0000000702200000, 0x0000000702000000| Untracked 
|  17|0x0000000702200000, 0x0000000702400000, 0x0000000702400000|100%|HS|  |TAMS 0x0000000702400000, 0x0000000702200000| Complete 
|  18|0x0000000702400000, 0x0000000702600000, 0x0000000702600000|100%| O|  |TAMS 0x0000000702600000, 0x0000000702400000| Untracked 
|  19|0x0000000702600000, 0x0000000702800000, 0x0000000702800000|100%| O|  |TAMS 0x0000000702800000, 0x0000000702600000| Updating 
|  20|0x0000000702800000, 0x0000000702a00000, 0x0000000702a00000|100%| O|  |TAMS 0x0000000702a00000, 0x0000000702800000| Untracked 
|  21|0x0000000702a00000, 0x0000000702c00000, 0x0000000702c00000|100%| O|  |TAMS 0x0000000702c00000, 0x0000000702a00000| Untracked 
|  22|0x0000000702c00000, 0x0000000702e00000, 0x0000000702e00000|100%| O|  |TAMS 0x0000000702e00000, 0x0000000702c00000| Untracked 
|  23|0x0000000702e00000, 0x0000000703000000, 0x0000000703000000|100%|HS|  |TAMS 0x0000000703000000, 0x0000000702e00000| Complete 
|  24|0x0000000703000000, 0x0000000703200000, 0x0000000703200000|100%|HC|  |TAMS 0x0000000703200000, 0x0000000703000000| Complete 
|  25|0x0000000703200000, 0x0000000703400000, 0x0000000703400000|100%|HC|  |TAMS 0x0000000703400000, 0x0000000703200000| Complete 
|  26|0x0000000703400000, 0x0000000703600000, 0x0000000703600000|100%|HC|  |TAMS 0x0000000703600000, 0x0000000703400000| Complete 
|  27|0x0000000703600000, 0x0000000703800000, 0x0000000703800000|100%|HC|  |TAMS 0x0000000703800000, 0x0000000703600000| Complete 
|  28|0x0000000703800000, 0x0000000703a00000, 0x0000000703a00000|100%|HC|  |TAMS 0x0000000703a00000, 0x0000000703800000| Complete 
|  29|0x0000000703a00000, 0x0000000703c00000, 0x0000000703c00000|100%|HS|  |TAMS 0x0000000703c00000, 0x0000000703a00000| Complete 
|  30|0x0000000703c00000, 0x0000000703e00000, 0x0000000703e00000|100%|HC|  |TAMS 0x0000000703e00000, 0x0000000703c00000| Complete 
|  31|0x0000000703e00000, 0x0000000704000000, 0x0000000704000000|100%|HS|  |TAMS 0x0000000704000000, 0x0000000703e00000| Complete 
|  32|0x0000000704000000, 0x0000000704200000, 0x0000000704200000|100%|HC|  |TAMS 0x0000000704200000, 0x0000000704000000| Complete 
|  33|0x0000000704200000, 0x0000000704400000, 0x0000000704400000|100%| O|  |TAMS 0x0000000704400000, 0x0000000704200000| Untracked 
|  34|0x0000000704400000, 0x0000000704600000, 0x0000000704600000|100%| O|  |TAMS 0x0000000704600000, 0x0000000704400000| Untracked 
|  35|0x0000000704600000, 0x0000000704800000, 0x0000000704800000|100%| O|  |TAMS 0x0000000704800000, 0x0000000704600000| Untracked 
|  36|0x0000000704800000, 0x0000000704a00000, 0x0000000704a00000|100%| O|  |TAMS 0x0000000704a00000, 0x0000000704800000| Updating 
|  37|0x0000000704a00000, 0x0000000704c00000, 0x0000000704c00000|100%| O|  |TAMS 0x0000000704c00000, 0x0000000704a00000| Untracked 
|  38|0x0000000704c00000, 0x0000000704e00000, 0x0000000704e00000|100%| O|  |TAMS 0x0000000704e00000, 0x0000000704c00000| Updating 
|  39|0x0000000704e00000, 0x0000000705000000, 0x0000000705000000|100%|HS|  |TAMS 0x0000000705000000, 0x0000000704e00000| Complete 
|  40|0x0000000705000000, 0x0000000705200000, 0x0000000705200000|100%|HC|  |TAMS 0x0000000705200000, 0x0000000705000000| Complete 
|  41|0x0000000705200000, 0x0000000705400000, 0x0000000705400000|100%| O|  |TAMS 0x0000000705400000, 0x0000000705200000| Untracked 
|  42|0x0000000705400000, 0x0000000705600000, 0x0000000705600000|100%| O|  |TAMS 0x0000000705600000, 0x0000000705400000| Untracked 
|  43|0x0000000705600000, 0x0000000705800000, 0x0000000705800000|100%| O|  |TAMS 0x0000000705800000, 0x0000000705600000| Updating 
|  44|0x0000000705800000, 0x0000000705a00000, 0x0000000705a00000|100%| O|  |TAMS 0x0000000705a00000, 0x0000000705800000| Updating 
|  45|0x0000000705a00000, 0x0000000705c00000, 0x0000000705c00000|100%| O|  |TAMS 0x0000000705c00000, 0x0000000705a00000| Updating 
|  46|0x0000000705c00000, 0x0000000705e00000, 0x0000000705e00000|100%| O|  |TAMS 0x0000000705e00000, 0x0000000705c00000| Untracked 
|  47|0x0000000705e00000, 0x0000000706000000, 0x0000000706000000|100%| O|  |TAMS 0x0000000706000000, 0x0000000705e00000| Untracked 
|  48|0x0000000706000000, 0x0000000706200000, 0x0000000706200000|100%| O|  |TAMS 0x0000000706200000, 0x0000000706000000| Untracked 
|  49|0x0000000706200000, 0x0000000706400000, 0x0000000706400000|100%| O|  |TAMS 0x0000000706400000, 0x0000000706200000| Untracked 
|  50|0x0000000706400000, 0x0000000706600000, 0x0000000706600000|100%| O|  |TAMS 0x0000000706600000, 0x0000000706400000| Updating 
|  51|0x0000000706600000, 0x0000000706800000, 0x0000000706800000|100%|HS|  |TAMS 0x0000000706800000, 0x0000000706600000| Complete 
|  52|0x0000000706800000, 0x0000000706a00000, 0x0000000706a00000|100%|HS|  |TAMS 0x0000000706a00000, 0x0000000706800000| Complete 
|  53|0x0000000706a00000, 0x0000000706c00000, 0x0000000706c00000|100%|HC|  |TAMS 0x0000000706c00000, 0x0000000706a00000| Complete 
|  54|0x0000000706c00000, 0x0000000706e00000, 0x0000000706e00000|100%|HS|  |TAMS 0x0000000706e00000, 0x0000000706c00000| Complete 
|  55|0x0000000706e00000, 0x0000000707000000, 0x0000000707000000|100%|HC|  |TAMS 0x0000000707000000, 0x0000000706e00000| Complete 
|  56|0x0000000707000000, 0x0000000707200000, 0x0000000707200000|100%|HS|  |TAMS 0x0000000707200000, 0x0000000707000000| Complete 
|  57|0x0000000707200000, 0x0000000707400000, 0x0000000707400000|100%|HC|  |TAMS 0x0000000707400000, 0x0000000707200000| Complete 
|  58|0x0000000707400000, 0x0000000707600000, 0x0000000707600000|100%|HC|  |TAMS 0x0000000707600000, 0x0000000707400000| Complete 
|  59|0x0000000707600000, 0x0000000707800000, 0x0000000707800000|100%|HC|  |TAMS 0x0000000707800000, 0x0000000707600000| Complete 
|  60|0x0000000707800000, 0x0000000707a00000, 0x0000000707a00000|100%|HC|  |TAMS 0x0000000707a00000, 0x0000000707800000| Complete 
|  61|0x0000000707a00000, 0x0000000707c00000, 0x0000000707c00000|100%|HC|  |TAMS 0x0000000707c00000, 0x0000000707a00000| Complete 
|  62|0x0000000707c00000, 0x0000000707e00000, 0x0000000707e00000|100%| O|  |TAMS 0x0000000707e00000, 0x0000000707c00000| Updating 
|  63|0x0000000707e00000, 0x0000000708000000, 0x0000000708000000|100%| O|  |TAMS 0x0000000708000000, 0x0000000707e00000| Updating 
|  64|0x0000000708000000, 0x0000000708200000, 0x0000000708200000|100%|HS|  |TAMS 0x0000000708200000, 0x0000000708000000| Complete 
|  65|0x0000000708200000, 0x0000000708400000, 0x0000000708400000|100%| O|  |TAMS 0x0000000708400000, 0x0000000708200000| Untracked 
|  66|0x0000000708400000, 0x0000000708600000, 0x0000000708600000|100%| O|  |TAMS 0x0000000708600000, 0x0000000708400000| Untracked 
|  67|0x0000000708600000, 0x0000000708800000, 0x0000000708800000|100%| O|  |TAMS 0x0000000708800000, 0x0000000708600000| Untracked 
|  68|0x0000000708800000, 0x0000000708a00000, 0x0000000708a00000|100%| O|  |TAMS 0x0000000708a00000, 0x0000000708800000| Updating 
|  69|0x0000000708a00000, 0x0000000708c00000, 0x0000000708c00000|100%| O|  |TAMS 0x0000000708c00000, 0x0000000708a00000| Updating 
|  70|0x0000000708c00000, 0x0000000708e00000, 0x0000000708e00000|100%| O|  |TAMS 0x0000000708e00000, 0x0000000708c00000| Updating 
|  71|0x0000000708e00000, 0x0000000709000000, 0x0000000709000000|100%| O|  |TAMS 0x0000000709000000, 0x0000000708e00000| Updating 
|  72|0x0000000709000000, 0x0000000709200000, 0x0000000709200000|100%| O|  |TAMS 0x0000000709200000, 0x0000000709000000| Updating 
|  73|0x0000000709200000, 0x0000000709400000, 0x0000000709400000|100%| O|  |TAMS 0x0000000709400000, 0x0000000709200000| Updating 
|  74|0x0000000709400000, 0x0000000709600000, 0x0000000709600000|100%| O|  |TAMS 0x0000000709600000, 0x0000000709400000| Updating 
|  75|0x0000000709600000, 0x0000000709800000, 0x0000000709800000|100%| O|  |TAMS 0x0000000709800000, 0x0000000709600000| Untracked 
|  76|0x0000000709800000, 0x0000000709a00000, 0x0000000709a00000|100%| O|  |TAMS 0x0000000709a00000, 0x0000000709800000| Untracked 
|  77|0x0000000709a00000, 0x0000000709c00000, 0x0000000709c00000|100%| O|  |TAMS 0x0000000709c00000, 0x0000000709a00000| Updating 
|  78|0x0000000709c00000, 0x0000000709e00000, 0x0000000709e00000|100%| O|  |TAMS 0x0000000709e00000, 0x0000000709c00000| Updating 
|  79|0x0000000709e00000, 0x000000070a000000, 0x000000070a000000|100%| O|  |TAMS 0x000000070a000000, 0x0000000709e00000| Updating 
|  80|0x000000070a000000, 0x000000070a000000, 0x000000070a200000|  0%| F|  |TAMS 0x000000070a000000, 0x000000070a000000| Untracked 
|  81|0x000000070a200000, 0x000000070a400000, 0x000000070a400000|100%| O|  |TAMS 0x000000070a400000, 0x000000070a200000| Untracked 
|  82|0x000000070a400000, 0x000000070a600000, 0x000000070a600000|100%| O|  |TAMS 0x000000070a600000, 0x000000070a400000| Untracked 
|  83|0x000000070a600000, 0x000000070a800000, 0x000000070a800000|100%| O|  |TAMS 0x000000070a800000, 0x000000070a600000| Untracked 
|  84|0x000000070a800000, 0x000000070aa00000, 0x000000070aa00000|100%| O|  |TAMS 0x000000070aa00000, 0x000000070a800000| Updating 
|  85|0x000000070aa00000, 0x000000070ac00000, 0x000000070ac00000|100%| O|  |TAMS 0x000000070ac00000, 0x000000070aa00000| Untracked 
|  86|0x000000070ac00000, 0x000000070ae00000, 0x000000070ae00000|100%| O|  |TAMS 0x000000070ae00000, 0x000000070ac00000| Untracked 
|  87|0x000000070ae00000, 0x000000070b000000, 0x000000070b000000|100%| O|  |TAMS 0x000000070b000000, 0x000000070ae00000| Untracked 
|  88|0x000000070b000000, 0x000000070b200000, 0x000000070b200000|100%| O|  |TAMS 0x000000070b200000, 0x000000070b000000| Untracked 
|  89|0x000000070b200000, 0x000000070b400000, 0x000000070b400000|100%| O|  |TAMS 0x000000070b3a5a00, 0x000000070b200000| Updating 
|  90|0x000000070b400000, 0x000000070b400000, 0x000000070b600000|  0%| F|  |TAMS 0x000000070b400000, 0x000000070b400000| Untracked 
|  91|0x000000070b600000, 0x000000070b600000, 0x000000070b800000|  0%| F|  |TAMS 0x000000070b600000, 0x000000070b600000| Untracked 
|  92|0x000000070b800000, 0x000000070b800000, 0x000000070ba00000|  0%| F|  |TAMS 0x000000070b800000, 0x000000070b800000| Untracked 
|  93|0x000000070ba00000, 0x000000070ba00000, 0x000000070bc00000|  0%| F|  |TAMS 0x000000070ba00000, 0x000000070ba00000| Untracked 
|  94|0x000000070bc00000, 0x000000070bc00000, 0x000000070be00000|  0%| F|  |TAMS 0x000000070bc00000, 0x000000070bc00000| Untracked 
|  95|0x000000070be00000, 0x000000070be00000, 0x000000070c000000|  0%| F|  |TAMS 0x000000070be00000, 0x000000070be00000| Untracked 
|  96|0x000000070c000000, 0x000000070c000000, 0x000000070c200000|  0%| F|  |TAMS 0x000000070c000000, 0x000000070c000000| Untracked 
|  97|0x000000070c200000, 0x000000070c400000, 0x000000070c400000|100%| O|  |TAMS 0x000000070c200000, 0x000000070c200000| Untracked 
|  98|0x000000070c400000, 0x000000070c600000, 0x000000070c600000|100%| O|  |TAMS 0x000000070c400000, 0x000000070c400000| Untracked 
|  99|0x000000070c600000, 0x000000070c800000, 0x000000070c800000|100%| O|  |TAMS 0x000000070c600000, 0x000000070c600000| Untracked 
| 100|0x000000070c800000, 0x000000070c993600, 0x000000070ca00000| 78%| O|  |TAMS 0x000000070c800000, 0x000000070c800000| Updating 
| 101|0x000000070ca00000, 0x000000070ca00000, 0x000000070cc00000|  0%| F|  |TAMS 0x000000070ca00000, 0x000000070ca00000| Untracked 
| 102|0x000000070cc00000, 0x000000070cc00000, 0x000000070ce00000|  0%| F|  |TAMS 0x000000070cc00000, 0x000000070cc00000| Untracked 
| 103|0x000000070ce00000, 0x000000070ce00000, 0x000000070d000000|  0%| F|  |TAMS 0x000000070ce00000, 0x000000070ce00000| Untracked 
| 104|0x000000070d000000, 0x000000070d000000, 0x000000070d200000|  0%| F|  |TAMS 0x000000070d000000, 0x000000070d000000| Untracked 
| 105|0x000000070d200000, 0x000000070d200000, 0x000000070d400000|  0%| F|  |TAMS 0x000000070d200000, 0x000000070d200000| Untracked 
| 106|0x000000070d400000, 0x000000070d400000, 0x000000070d600000|  0%| F|  |TAMS 0x000000070d400000, 0x000000070d400000| Untracked 
| 107|0x000000070d600000, 0x000000070d600000, 0x000000070d800000|  0%| F|  |TAMS 0x000000070d600000, 0x000000070d600000| Untracked 
| 108|0x000000070d800000, 0x000000070d800000, 0x000000070da00000|  0%| F|  |TAMS 0x000000070d800000, 0x000000070d800000| Untracked 
| 109|0x000000070da00000, 0x000000070da00000, 0x000000070dc00000|  0%| F|  |TAMS 0x000000070da00000, 0x000000070da00000| Untracked 
| 110|0x000000070dc00000, 0x000000070dc00000, 0x000000070de00000|  0%| F|  |TAMS 0x000000070dc00000, 0x000000070dc00000| Untracked 
| 111|0x000000070de00000, 0x000000070de00000, 0x000000070e000000|  0%| F|  |TAMS 0x000000070de00000, 0x000000070de00000| Untracked 
| 112|0x000000070e000000, 0x000000070e000000, 0x000000070e200000|  0%| F|  |TAMS 0x000000070e000000, 0x000000070e000000| Untracked 
| 113|0x000000070e200000, 0x000000070e200000, 0x000000070e400000|  0%| F|  |TAMS 0x000000070e200000, 0x000000070e200000| Untracked 
| 114|0x000000070e400000, 0x000000070e400000, 0x000000070e600000|  0%| F|  |TAMS 0x000000070e400000, 0x000000070e400000| Untracked 
| 115|0x000000070e600000, 0x000000070e600000, 0x000000070e800000|  0%| F|  |TAMS 0x000000070e600000, 0x000000070e600000| Untracked 
| 116|0x000000070e800000, 0x000000070e800000, 0x000000070ea00000|  0%| F|  |TAMS 0x000000070e800000, 0x000000070e800000| Untracked 
| 117|0x000000070ea00000, 0x000000070ea00000, 0x000000070ec00000|  0%| F|  |TAMS 0x000000070ea00000, 0x000000070ea00000| Untracked 
| 118|0x000000070ec00000, 0x000000070ec68a80, 0x000000070ee00000| 20%| S|CS|TAMS 0x000000070ec00000, 0x000000070ec00000| Complete 
| 119|0x000000070ee00000, 0x000000070f000000, 0x000000070f000000|100%| S|CS|TAMS 0x000000070ee00000, 0x000000070ee00000| Complete 
| 120|0x000000070f000000, 0x000000070f200000, 0x000000070f200000|100%| S|CS|TAMS 0x000000070f000000, 0x000000070f000000| Complete 
| 121|0x000000070f200000, 0x000000070f200000, 0x000000070f400000|  0%| F|  |TAMS 0x000000070f200000, 0x000000070f200000| Untracked 
| 122|0x000000070f400000, 0x000000070f400000, 0x000000070f600000|  0%| F|  |TAMS 0x000000070f400000, 0x000000070f400000| Untracked 
| 123|0x000000070f600000, 0x000000070f600000, 0x000000070f800000|  0%| F|  |TAMS 0x000000070f600000, 0x000000070f600000| Untracked 
| 124|0x000000070f800000, 0x000000070f800000, 0x000000070fa00000|  0%| F|  |TAMS 0x000000070f800000, 0x000000070f800000| Untracked 
| 125|0x000000070fa00000, 0x000000070fa00000, 0x000000070fc00000|  0%| F|  |TAMS 0x000000070fa00000, 0x000000070fa00000| Untracked 
| 126|0x000000070fc00000, 0x000000070fc00000, 0x000000070fe00000|  0%| F|  |TAMS 0x000000070fc00000, 0x000000070fc00000| Untracked 
| 127|0x000000070fe00000, 0x000000070fe00000, 0x0000000710000000|  0%| F|  |TAMS 0x000000070fe00000, 0x000000070fe00000| Untracked 
| 128|0x0000000710000000, 0x0000000710000000, 0x0000000710200000|  0%| F|  |TAMS 0x0000000710000000, 0x0000000710000000| Untracked 
| 129|0x0000000710200000, 0x0000000710200000, 0x0000000710400000|  0%| F|  |TAMS 0x0000000710200000, 0x0000000710200000| Untracked 
| 130|0x0000000710400000, 0x0000000710400000, 0x0000000710600000|  0%| F|  |TAMS 0x0000000710400000, 0x0000000710400000| Untracked 
| 131|0x0000000710600000, 0x0000000710600000, 0x0000000710800000|  0%| F|  |TAMS 0x0000000710600000, 0x0000000710600000| Untracked 
| 132|0x0000000710800000, 0x0000000710800000, 0x0000000710a00000|  0%| F|  |TAMS 0x0000000710800000, 0x0000000710800000| Untracked 
| 133|0x0000000710a00000, 0x0000000710a00000, 0x0000000710c00000|  0%| F|  |TAMS 0x0000000710a00000, 0x0000000710a00000| Untracked 
| 134|0x0000000710c00000, 0x0000000710c00000, 0x0000000710e00000|  0%| F|  |TAMS 0x0000000710c00000, 0x0000000710c00000| Untracked 
| 135|0x0000000710e00000, 0x0000000710e00000, 0x0000000711000000|  0%| F|  |TAMS 0x0000000710e00000, 0x0000000710e00000| Untracked 
| 136|0x0000000711000000, 0x0000000711000000, 0x0000000711200000|  0%| F|  |TAMS 0x0000000711000000, 0x0000000711000000| Untracked 
| 137|0x0000000711200000, 0x0000000711200000, 0x0000000711400000|  0%| F|  |TAMS 0x0000000711200000, 0x0000000711200000| Untracked 
| 138|0x0000000711400000, 0x0000000711400000, 0x0000000711600000|  0%| F|  |TAMS 0x0000000711400000, 0x0000000711400000| Untracked 
| 139|0x0000000711600000, 0x0000000711600000, 0x0000000711800000|  0%| F|  |TAMS 0x0000000711600000, 0x0000000711600000| Untracked 
| 140|0x0000000711800000, 0x0000000711800000, 0x0000000711a00000|  0%| F|  |TAMS 0x0000000711800000, 0x0000000711800000| Untracked 
| 141|0x0000000711a00000, 0x0000000711a00000, 0x0000000711c00000|  0%| F|  |TAMS 0x0000000711a00000, 0x0000000711a00000| Untracked 
| 142|0x0000000711c00000, 0x0000000711c00000, 0x0000000711e00000|  0%| F|  |TAMS 0x0000000711c00000, 0x0000000711c00000| Untracked 
| 143|0x0000000711e00000, 0x0000000711e00000, 0x0000000712000000|  0%| F|  |TAMS 0x0000000711e00000, 0x0000000711e00000| Untracked 
| 144|0x0000000712000000, 0x0000000712000000, 0x0000000712200000|  0%| F|  |TAMS 0x0000000712000000, 0x0000000712000000| Untracked 
| 145|0x0000000712200000, 0x0000000712200000, 0x0000000712400000|  0%| F|  |TAMS 0x0000000712200000, 0x0000000712200000| Untracked 
| 146|0x0000000712400000, 0x0000000712400000, 0x0000000712600000|  0%| F|  |TAMS 0x0000000712400000, 0x0000000712400000| Untracked 
| 147|0x0000000712600000, 0x0000000712600000, 0x0000000712800000|  0%| F|  |TAMS 0x0000000712600000, 0x0000000712600000| Untracked 
| 148|0x0000000712800000, 0x0000000712800000, 0x0000000712a00000|  0%| F|  |TAMS 0x0000000712800000, 0x0000000712800000| Untracked 
| 149|0x0000000712a00000, 0x0000000712a00000, 0x0000000712c00000|  0%| F|  |TAMS 0x0000000712a00000, 0x0000000712a00000| Untracked 
| 150|0x0000000712c00000, 0x0000000712c00000, 0x0000000712e00000|  0%| F|  |TAMS 0x0000000712c00000, 0x0000000712c00000| Untracked 
| 151|0x0000000712e00000, 0x0000000712e00000, 0x0000000713000000|  0%| F|  |TAMS 0x0000000712e00000, 0x0000000712e00000| Untracked 
| 152|0x0000000713000000, 0x0000000713000000, 0x0000000713200000|  0%| F|  |TAMS 0x0000000713000000, 0x0000000713000000| Untracked 
| 153|0x0000000713200000, 0x0000000713200000, 0x0000000713400000|  0%| F|  |TAMS 0x0000000713200000, 0x0000000713200000| Untracked 
| 154|0x0000000713400000, 0x0000000713400000, 0x0000000713600000|  0%| F|  |TAMS 0x0000000713400000, 0x0000000713400000| Untracked 
| 155|0x0000000713600000, 0x0000000713800000, 0x0000000713800000|100%| E|CS|TAMS 0x0000000713600000, 0x0000000713600000| Complete 
| 156|0x0000000713800000, 0x0000000713a00000, 0x0000000713a00000|100%| E|CS|TAMS 0x0000000713800000, 0x0000000713800000| Complete 
| 157|0x0000000713a00000, 0x0000000713c00000, 0x0000000713c00000|100%| E|CS|TAMS 0x0000000713a00000, 0x0000000713a00000| Complete 
| 158|0x0000000713c00000, 0x0000000713e00000, 0x0000000713e00000|100%| E|CS|TAMS 0x0000000713c00000, 0x0000000713c00000| Complete 
| 159|0x0000000713e00000, 0x0000000714000000, 0x0000000714000000|100%| E|  |TAMS 0x0000000713e00000, 0x0000000713e00000| Complete 
| 160|0x0000000714000000, 0x0000000714200000, 0x0000000714200000|100%| E|CS|TAMS 0x0000000714000000, 0x0000000714000000| Complete 
| 161|0x0000000714200000, 0x0000000714400000, 0x0000000714400000|100%| E|CS|TAMS 0x0000000714200000, 0x0000000714200000| Complete 
| 162|0x0000000714400000, 0x0000000714600000, 0x0000000714600000|100%| E|CS|TAMS 0x0000000714400000, 0x0000000714400000| Complete 
| 163|0x0000000714600000, 0x0000000714800000, 0x0000000714800000|100%| E|CS|TAMS 0x0000000714600000, 0x0000000714600000| Complete 
| 164|0x0000000714800000, 0x0000000714a00000, 0x0000000714a00000|100%| E|CS|TAMS 0x0000000714800000, 0x0000000714800000| Complete 
| 165|0x0000000714a00000, 0x0000000714a00000, 0x0000000714c00000|  0%| F|  |TAMS 0x0000000714a00000, 0x0000000714a00000| Untracked 
| 166|0x0000000714c00000, 0x0000000714c00000, 0x0000000714e00000|  0%| F|  |TAMS 0x0000000714c00000, 0x0000000714c00000| Untracked 
| 167|0x0000000714e00000, 0x0000000714e00000, 0x0000000715000000|  0%| F|  |TAMS 0x0000000714e00000, 0x0000000714e00000| Untracked 
| 168|0x0000000715000000, 0x0000000715000000, 0x0000000715200000|  0%| F|  |TAMS 0x0000000715000000, 0x0000000715000000| Untracked 
| 169|0x0000000715200000, 0x0000000715200000, 0x0000000715400000|  0%| F|  |TAMS 0x0000000715200000, 0x0000000715200000| Untracked 
| 170|0x0000000715400000, 0x0000000715400000, 0x0000000715600000|  0%| F|  |TAMS 0x0000000715400000, 0x0000000715400000| Untracked 
| 171|0x0000000715600000, 0x0000000715600000, 0x0000000715800000|  0%| F|  |TAMS 0x0000000715600000, 0x0000000715600000| Untracked 
| 172|0x0000000715800000, 0x0000000715800000, 0x0000000715a00000|  0%| F|  |TAMS 0x0000000715800000, 0x0000000715800000| Untracked 
| 173|0x0000000715a00000, 0x0000000715a00000, 0x0000000715c00000|  0%| F|  |TAMS 0x0000000715a00000, 0x0000000715a00000| Untracked 
| 174|0x0000000715c00000, 0x0000000715c00000, 0x0000000715e00000|  0%| F|  |TAMS 0x0000000715c00000, 0x0000000715c00000| Untracked 
| 175|0x0000000715e00000, 0x0000000715e39928, 0x0000000716000000| 11%| E|  |TAMS 0x0000000715e00000, 0x0000000715e00000| Complete 
| 176|0x0000000716000000, 0x0000000716200000, 0x0000000716200000|100%| E|CS|TAMS 0x0000000716000000, 0x0000000716000000| Complete 

Card table byte_map: [0x0000025a74a20000,0x0000025a75220000] _byte_map_base: 0x0000025a71220000

Marking Bits (Prev, Next): (CMBitMap*) 0x0000025a70db7a00, (CMBitMap*) 0x0000025a70db7a40
 Prev Bits: [0x0000025a75a20000, 0x0000025a79a20000)
 Next Bits: [0x0000025a79a20000, 0x0000025a7da20000)

Polling page: 0x0000025a6ecd0000

Metaspace:

Usage:
  Non-class:     93.24 MB used.
      Class:     14.27 MB used.
       Both:    107.51 MB used.

Virtual space:
  Non-class space:       96.00 MB reserved,      93.75 MB ( 98%) committed,  12 nodes.
      Class space:        1.00 GB reserved,      14.75 MB (  1%) committed,  1 nodes.
             Both:        1.09 GB reserved,     108.50 MB ( 10%) committed. 

Chunk freelists:
   Non-Class:  1.48 MB
       Class:  1.12 MB
        Both:  2.60 MB

MaxMetaspaceSize: unlimited
CompressedClassSpaceSize: 1.00 GB
Initial GC threshold: 21.00 MB
Current GC threshold: 180.25 MB
CDS: off
MetaspaceReclaimPolicy: balanced
 - commit_granule_bytes: 65536.
 - commit_granule_words: 8192.
 - virtual_space_node_default_size: 1048576.
 - enlarge_chunks_in_place: 1.
 - new_chunks_are_fully_committed: 0.
 - uncommit_free_chunks: 1.
 - use_allocation_guard: 0.
 - handle_deallocations: 1.


Internal statistics:

num_allocs_failed_limit: 3.
num_arena_births: 1458.
num_arena_deaths: 2.
num_vsnodes_births: 13.
num_vsnodes_deaths: 0.
num_space_committed: 1735.
num_space_uncommitted: 0.
num_chunks_returned_to_freelist: 6.
num_chunks_taken_from_freelist: 5834.
num_chunk_merges: 3.
num_chunk_splits: 3717.
num_chunks_enlarged: 2312.
num_purges: 2.
num_inconsistent_stats: 0.

CodeHeap 'non-profiled nmethods': size=120000Kb used=7299Kb max_used=7299Kb free=112700Kb
 bounds [0x0000025a07ad0000, 0x0000025a08200000, 0x0000025a0f000000]
CodeHeap 'profiled nmethods': size=120000Kb used=26643Kb max_used=26643Kb free=93356Kb
 bounds [0x0000025a00000000, 0x0000025a01a10000, 0x0000025a07530000]
CodeHeap 'non-nmethods': size=5760Kb used=2441Kb max_used=2479Kb free=3318Kb
 bounds [0x0000025a07530000, 0x0000025a077b0000, 0x0000025a07ad0000]
 total_blobs=13858 nmethods=12880 adapters=890
 compilation: enabled
              stopped_count=0, restarted_count=0
 full_count=0

Compilation events (20 events):
Event: 1102.884 Thread 0x0000025a0f913580 14710       3       java.util.Formatter$FormatSpecifier::checkGeneral (114 bytes)
Event: 1102.885 Thread 0x0000025a0f913580 nmethod 14710 0x0000025a019f8010 code [0x0000025a019f8280, 0x0000025a019f90d8]
Event: 1102.885 Thread 0x0000025a0f913580 14705       3       com.google.common.collect.ImmutableList::asImmutableList (7 bytes)
Event: 1102.885 Thread 0x0000025a0f913580 nmethod 14705 0x0000025a019f9410 code [0x0000025a019f95a0, 0x0000025a019f96c8]
Event: 1102.885 Thread 0x0000025a0f913580 14706       3       com.google.common.collect.ObjectArrays::checkElementsNotNull (7 bytes)
Event: 1102.886 Thread 0x0000025a0f913580 nmethod 14706 0x0000025a019f9790 code [0x0000025a019f9940, 0x0000025a019f9ba8]
Event: 1102.886 Thread 0x0000025a0f913580 14701       3       com.android.manifmerger.XmlAttribute::getXml (5 bytes)
Event: 1102.886 Thread 0x0000025a0f913580 nmethod 14701 0x0000025a019f9d10 code [0x0000025a019f9ea0, 0x0000025a019f9fb8]
Event: 1102.886 Thread 0x0000025a0f913580 14702       3       com.android.manifmerger.XmlNode$NamespaceAwareName::hashCode (22 bytes)
Event: 1102.887 Thread 0x0000025a0f913580 nmethod 14702 0x0000025a019fa090 code [0x0000025a019fa260, 0x0000025a019fa7c8]
Event: 1102.887 Thread 0x0000025a0f913580 14712       3       com.android.ide.common.blame.SourceFilePosition::toString (6 bytes)
Event: 1102.888 Thread 0x0000025a0f913580 nmethod 14712 0x0000025a019fa910 code [0x0000025a019faaa0, 0x0000025a019fabe8]
Event: 1102.888 Thread 0x0000025a0f913580 14713       3       com.android.ide.common.blame.SourcePosition::equals (93 bytes)
Event: 1102.889 Thread 0x0000025a0f913580 nmethod 14713 0x0000025a019fac90 code [0x0000025a019fae60, 0x0000025a019fb3d8]
Event: 1102.889 Thread 0x0000025a0f913580 14714       3       com.android.ide.common.blame.SourceFile::print (111 bytes)
Event: 1102.890 Thread 0x0000025a0f913580 nmethod 14714 0x0000025a019fb490 code [0x0000025a019fb760, 0x0000025a019fc738]
Event: 1102.890 Thread 0x0000025a0f913580 14715       3       com.android.ide.common.blame.SourcePosition::toString (184 bytes)
Event: 1102.891 Thread 0x0000025a0f913580 nmethod 14715 0x0000025a019fcb90 code [0x0000025a019fce80, 0x0000025a019fdb48]
Event: 1102.892 Thread 0x0000025a0f913580 14716       3       com.android.manifmerger.Actions$DecisionTreeRecord::getNodeRecords (8 bytes)
Event: 1102.892 Thread 0x0000025a0f913580 nmethod 14716 0x0000025a019fdf10 code [0x0000025a019fe0a0, 0x0000025a019fe1e8]

GC Heap History (20 events):
Event: 33.776 GC heap before
{Heap before GC invocations=48 (full 0):
 garbage-first heap   total 233472K, used 153061K [0x0000000700000000, 0x0000000800000000)
  region size 2048K, 12 young (24576K), 2 survivors (4096K)
 Metaspace       used 81004K, committed 81792K, reserved 1122304K
  class space    used 11015K, committed 11392K, reserved 1048576K
}
Event: 33.785 GC heap after
{Heap after GC invocations=49 (full 0):
 garbage-first heap   total 233472K, used 137416K [0x0000000700000000, 0x0000000800000000)
  region size 2048K, 2 young (4096K), 2 survivors (4096K)
 Metaspace       used 81004K, committed 81792K, reserved 1122304K
  class space    used 11015K, committed 11392K, reserved 1048576K
}
Event: 34.263 GC heap before
{Heap before GC invocations=49 (full 0):
 garbage-first heap   total 233472K, used 168136K [0x0000000700000000, 0x0000000800000000)
  region size 2048K, 17 young (34816K), 2 survivors (4096K)
 Metaspace       used 81863K, committed 82624K, reserved 1122304K
  class space    used 11136K, committed 11520K, reserved 1048576K
}
Event: 34.271 GC heap after
{Heap after GC invocations=50 (full 0):
 garbage-first heap   total 280576K, used 139660K [0x0000000700000000, 0x0000000800000000)
  region size 2048K, 3 young (6144K), 3 survivors (6144K)
 Metaspace       used 81863K, committed 82624K, reserved 1122304K
  class space    used 11136K, committed 11520K, reserved 1048576K
}
Event: 36.881 GC heap before
{Heap before GC invocations=50 (full 0):
 garbage-first heap   total 280576K, used 190860K [0x0000000700000000, 0x0000000800000000)
  region size 2048K, 29 young (59392K), 3 survivors (6144K)
 Metaspace       used 90366K, committed 91072K, reserved 1130496K
  class space    used 12279K, committed 12608K, reserved 1048576K
}
Event: 36.917 GC heap after
{Heap after GC invocations=51 (full 0):
 garbage-first heap   total 280576K, used 142529K [0x0000000700000000, 0x0000000800000000)
  region size 2048K, 3 young (6144K), 3 survivors (6144K)
 Metaspace       used 90366K, committed 91072K, reserved 1130496K
  class space    used 12279K, committed 12608K, reserved 1048576K
}
Event: 39.884 GC heap before
{Heap before GC invocations=51 (full 0):
 garbage-first heap   total 280576K, used 206017K [0x0000000700000000, 0x0000000800000000)
  region size 2048K, 34 young (69632K), 3 survivors (6144K)
 Metaspace       used 94313K, committed 95040K, reserved 1138688K
  class space    used 12655K, committed 12992K, reserved 1048576K
}
Event: 39.899 GC heap after
{Heap after GC invocations=52 (full 0):
 garbage-first heap   total 280576K, used 147452K [0x0000000700000000, 0x0000000800000000)
  region size 2048K, 5 young (10240K), 5 survivors (10240K)
 Metaspace       used 94313K, committed 95040K, reserved 1138688K
  class space    used 12655K, committed 12992K, reserved 1048576K
}
Event: 42.552 GC heap before
{Heap before GC invocations=52 (full 0):
 garbage-first heap   total 280576K, used 208892K [0x0000000700000000, 0x0000000800000000)
  region size 2048K, 36 young (73728K), 5 survivors (10240K)
 Metaspace       used 96748K, committed 97536K, reserved 1138688K
  class space    used 12953K, committed 13312K, reserved 1048576K
}
Event: 42.576 GC heap after
{Heap after GC invocations=53 (full 0):
 garbage-first heap   total 280576K, used 152472K [0x0000000700000000, 0x0000000800000000)
  region size 2048K, 5 young (10240K), 5 survivors (10240K)
 Metaspace       used 96748K, committed 97536K, reserved 1138688K
  class space    used 12953K, committed 13312K, reserved 1048576K
}
Event: 494.851 GC heap before
{Heap before GC invocations=53 (full 0):
 garbage-first heap   total 280576K, used 218008K [0x0000000700000000, 0x0000000800000000)
  region size 2048K, 37 young (75776K), 5 survivors (10240K)
 Metaspace       used 100357K, committed 101248K, reserved 1138688K
  class space    used 13417K, committed 13824K, reserved 1048576K
}
Event: 495.074 GC heap after
{Heap after GC invocations=54 (full 0):
 garbage-first heap   total 280576K, used 157315K [0x0000000700000000, 0x0000000800000000)
  region size 2048K, 5 young (10240K), 5 survivors (10240K)
 Metaspace       used 100357K, committed 101248K, reserved 1138688K
  class space    used 13417K, committed 13824K, reserved 1048576K
}
Event: 1097.350 GC heap before
{Heap before GC invocations=54 (full 0):
 garbage-first heap   total 280576K, used 222851K [0x0000000700000000, 0x0000000800000000)
  region size 2048K, 37 young (75776K), 5 survivors (10240K)
 Metaspace       used 101983K, committed 102912K, reserved 1138688K
  class space    used 13613K, committed 14016K, reserved 1048576K
}
Event: 1097.447 GC heap after
{Heap after GC invocations=55 (full 0):
 garbage-first heap   total 280576K, used 162919K [0x0000000700000000, 0x0000000800000000)
  region size 2048K, 5 young (10240K), 5 survivors (10240K)
 Metaspace       used 101983K, committed 102912K, reserved 1138688K
  class space    used 13613K, committed 14016K, reserved 1048576K
}
Event: 1099.145 GC heap before
{Heap before GC invocations=55 (full 0):
 garbage-first heap   total 280576K, used 226407K [0x0000000700000000, 0x0000000800000000)
  region size 2048K, 36 young (73728K), 5 survivors (10240K)
 Metaspace       used 103282K, committed 104192K, reserved 1138688K
  class space    used 13795K, committed 14208K, reserved 1048576K
}
Event: 1099.192 GC heap after
{Heap after GC invocations=56 (full 0):
 garbage-first heap   total 280576K, used 172866K [0x0000000700000000, 0x0000000800000000)
  region size 2048K, 5 young (10240K), 5 survivors (10240K)
 Metaspace       used 103282K, committed 104192K, reserved 1138688K
  class space    used 13795K, committed 14208K, reserved 1048576K
}
Event: 1100.596 GC heap before
{Heap before GC invocations=56 (full 0):
 garbage-first heap   total 280576K, used 226114K [0x0000000700000000, 0x0000000800000000)
  region size 2048K, 31 young (63488K), 5 survivors (10240K)
 Metaspace       used 106354K, committed 107264K, reserved 1146880K
  class space    used 14207K, committed 14656K, reserved 1048576K
}
Event: 1100.653 GC heap after
{Heap after GC invocations=57 (full 0):
 garbage-first heap   total 280576K, used 190102K [0x0000000700000000, 0x0000000800000000)
  region size 2048K, 4 young (8192K), 4 survivors (8192K)
 Metaspace       used 106354K, committed 107264K, reserved 1146880K
  class space    used 14207K, committed 14656K, reserved 1048576K
}
Event: 1101.548 GC heap before
{Heap before GC invocations=57 (full 0):
 garbage-first heap   total 280576K, used 237206K [0x0000000700000000, 0x0000000800000000)
  region size 2048K, 20 young (40960K), 4 survivors (8192K)
 Metaspace       used 108492K, committed 109504K, reserved 1146880K
  class space    used 14423K, committed 14912K, reserved 1048576K
}
Event: 1101.571 GC heap after
{Heap after GC invocations=58 (full 0):
 garbage-first heap   total 337920K, used 194544K [0x0000000700000000, 0x0000000800000000)
  region size 2048K, 3 young (6144K), 3 survivors (6144K)
 Metaspace       used 108492K, committed 109504K, reserved 1146880K
  class space    used 14423K, committed 14912K, reserved 1048576K
}

Dll operation events (2 events):
Event: 0.026 Loaded shared library E:\Apk Kuliah\Andro\jbr\bin\java.dll
Event: 1.090 Loaded shared library E:\Apk Kuliah\Andro\jbr\bin\verify.dll

Deoptimization events (20 events):
Event: 1102.170 Thread 0x0000025a0fca7c70 DEOPT PACKING pc=0x0000025a081da2b8 sp=0x0000008af32fa600
Event: 1102.170 Thread 0x0000025a0fca7c70 DEOPT UNPACKING pc=0x0000025a075869a3 sp=0x0000008af32fa598 mode 2
Event: 1102.775 Thread 0x0000025a0fca7c70 Uncommon trap: trap_request=0xffffffc6 fr.pc=0x0000025a081cb0c4 relative=0x0000000000000cc4
Event: 1102.775 Thread 0x0000025a0fca7c70 Uncommon trap: reason=bimorphic_or_optimized_type_check action=maybe_recompile pc=0x0000025a081cb0c4 method=java.util.HashMap.removeNode(ILjava/lang/Object;Ljava/lang/Object;ZZ)Ljava/util/HashMap$Node; @ 68 c2
Event: 1102.775 Thread 0x0000025a0fca7c70 DEOPT PACKING pc=0x0000025a081cb0c4 sp=0x0000008af32fa4e0
Event: 1102.776 Thread 0x0000025a0fca7c70 DEOPT UNPACKING pc=0x0000025a075869a3 sp=0x0000008af32fa478 mode 2
Event: 1102.890 Thread 0x0000025a0fca7c70 DEOPT PACKING pc=0x0000025a018b8603 sp=0x0000008af32fa450
Event: 1102.891 Thread 0x0000025a0fca7c70 DEOPT UNPACKING pc=0x0000025a07587143 sp=0x0000008af32f98c0 mode 0
Event: 1102.891 Thread 0x0000025a0fca7c70 DEOPT PACKING pc=0x0000025a018b8603 sp=0x0000008af32fa450
Event: 1102.891 Thread 0x0000025a0fca7c70 DEOPT UNPACKING pc=0x0000025a07587143 sp=0x0000008af32f98c0 mode 0
Event: 1102.891 Thread 0x0000025a0fca7c70 DEOPT PACKING pc=0x0000025a018b8603 sp=0x0000008af32fa450
Event: 1102.891 Thread 0x0000025a0fca7c70 DEOPT UNPACKING pc=0x0000025a07587143 sp=0x0000008af32f98c0 mode 0
Event: 1102.891 Thread 0x0000025a0fca7c70 DEOPT PACKING pc=0x0000025a018b8603 sp=0x0000008af32fa450
Event: 1102.891 Thread 0x0000025a0fca7c70 DEOPT UNPACKING pc=0x0000025a07587143 sp=0x0000008af32f98c0 mode 0
Event: 1102.892 Thread 0x0000025a0fca7c70 DEOPT PACKING pc=0x0000025a018b8603 sp=0x0000008af32fa450
Event: 1102.892 Thread 0x0000025a0fca7c70 DEOPT UNPACKING pc=0x0000025a07587143 sp=0x0000008af32f98c0 mode 0
Event: 1102.900 Thread 0x0000025a0fca7c70 DEOPT PACKING pc=0x0000025a018b8603 sp=0x0000008af32fa5a0
Event: 1102.900 Thread 0x0000025a0fca7c70 DEOPT UNPACKING pc=0x0000025a07587143 sp=0x0000008af32f9a10 mode 0
Event: 1102.904 Thread 0x0000025a0fca7c70 DEOPT PACKING pc=0x0000025a018b8603 sp=0x0000008af32fa790
Event: 1102.904 Thread 0x0000025a0fca7c70 DEOPT UNPACKING pc=0x0000025a07587143 sp=0x0000008af32f9c00 mode 0

Classes unloaded (1 events):
Event: 1102.291 Thread 0x0000025a7ff00550 Unloading class 0x0000000800ca5000 'java/lang/invoke/LambdaForm$DMH+0x0000000800ca5000'

Classes redefined (0 events):
No events

Internal exceptions (20 events):
Event: 1098.658 Thread 0x0000025a0fca5f90 Exception <a 'java/lang/NoSuchMethodError'{0x000000070e2c12d8}: static Lcom/android/buildanalyzer/common/AndroidGradlePluginAttributionData$BuildInfo;.<clinit>()V> (0x000000070e2c12d8) 
thrown [s\src\hotspot\share\prims\jni.cpp, line 1108]
Event: 1098.660 Thread 0x0000025a0fca5f90 Exception <a 'java/lang/NoSuchMethodError'{0x000000070e2d1308}: static Lcom/android/buildanalyzer/common/AndroidGradlePluginAttributionData$JavaInfo;.<clinit>()V> (0x000000070e2d1308) 
thrown [s\src\hotspot\share\prims\jni.cpp, line 1108]
Event: 1098.666 Thread 0x0000025a0fca5f90 Exception <a 'java/lang/NoSuchMethodError'{0x000000070e2f2bb0}: static [Ljava/lang/String;.<clinit>()V> (0x000000070e2f2bb0) 
thrown [s\src\hotspot\share\prims\jni.cpp, line 1108]
Event: 1098.707 Thread 0x0000025a0fca5f90 Exception <a 'java/lang/NoSuchMethodError'{0x000000070e313a00}: static Lcom/android/buildanalyzer/common/AndroidGradlePluginAttributionData$TaskInfo;.<clinit>()V> (0x000000070e313a00) 
thrown [s\src\hotspot\share\prims\jni.cpp, line 1108]
Event: 1098.709 Thread 0x0000025a0fca5f90 Exception <a 'java/lang/NoSuchMethodError'{0x000000070e3205f0}: static Lcom/android/buildanalyzer/common/AndroidGradlePluginAttributionData$TaskCategoryInfo;.<clinit>()V> (0x000000070e3205f0) 
thrown [s\src\hotspot\share\prims\jni.cpp, line 1108]
Event: 1099.417 Thread 0x0000025a0fca6e00 Exception <a 'sun/nio/fs/WindowsException'{0x00000007109695e0}> (0x00000007109695e0) 
thrown [s\src\hotspot\share\prims\jni.cpp, line 517]
Event: 1099.417 Thread 0x0000025a0fca6e00 Exception <a 'sun/nio/fs/WindowsException'{0x0000000710969940}> (0x0000000710969940) 
thrown [s\src\hotspot\share\prims\jni.cpp, line 517]
Event: 1099.500 Thread 0x0000025a18967260 Exception <a 'java/lang/NoSuchMethodError'{0x0000000710762098}: static [Ljava/lang/Object;.<clinit>()V> (0x0000000710762098) 
thrown [s\src\hotspot\share\prims\jni.cpp, line 1108]
Event: 1100.846 Thread 0x0000025a0fca6e00 Implicit null exception at 0x0000025a081a0967 to 0x0000025a081a0b44
Event: 1101.106 Thread 0x0000025a0fca6e00 Exception <a 'java/lang/NoSuchMethodError'{0x000000070fe34278}: static Lcom/android/ide/common/resources/CompileResourceRequest;.<clinit>()V> (0x000000070fe34278) 
thrown [s\src\hotspot\share\prims\jni.cpp, line 1108]
Event: 1101.119 Thread 0x0000025a0fca6e00 Exception <a 'java/lang/NoSuchMethodError'{0x000000070fea80f0}: static Lkotlin/InitializedLazyImpl;.<clinit>()V> (0x000000070fea80f0) 
thrown [s\src\hotspot\share\prims\jni.cpp, line 1108]
Event: 1101.195 Thread 0x0000025a0fca72d0 Implicit null exception at 0x0000025a081812fe to 0x0000025a08182f58
Event: 1101.231 Thread 0x0000025a0fca72d0 Exception <a 'sun/nio/fs/WindowsException'{0x000000070fb4b6a8}> (0x000000070fb4b6a8) 
thrown [s\src\hotspot\share\prims\jni.cpp, line 517]
Event: 1101.300 Thread 0x0000025a0fca72d0 Exception <a 'sun/nio/fs/WindowsException'{0x000000070f95a9b0}> (0x000000070f95a9b0) 
thrown [s\src\hotspot\share\prims\jni.cpp, line 517]
Event: 1101.718 Thread 0x0000025a0fca7c70 Exception <a 'sun/nio/fs/WindowsException'{0x0000000714117470}> (0x0000000714117470) 
thrown [s\src\hotspot\share\prims\jni.cpp, line 517]
Event: 1101.718 Thread 0x0000025a0fca7c70 Exception <a 'sun/nio/fs/WindowsException'{0x0000000714117890}> (0x0000000714117890) 
thrown [s\src\hotspot\share\prims\jni.cpp, line 517]
Event: 1101.727 Thread 0x0000025a0fca7c70 Exception <a 'sun/nio/fs/WindowsException'{0x000000071412f0a8}> (0x000000071412f0a8) 
thrown [s\src\hotspot\share\prims\jni.cpp, line 517]
Event: 1101.728 Thread 0x0000025a0fca7c70 Exception <a 'sun/nio/fs/WindowsException'{0x000000071412f428}> (0x000000071412f428) 
thrown [s\src\hotspot\share\prims\jni.cpp, line 517]
Event: 1101.746 Thread 0x0000025a0fca7c70 Exception <a 'sun/nio/fs/WindowsException'{0x0000000714131340}> (0x0000000714131340) 
thrown [s\src\hotspot\share\prims\jni.cpp, line 517]
Event: 1101.746 Thread 0x0000025a0fca7c70 Exception <a 'sun/nio/fs/WindowsException'{0x0000000714131680}> (0x0000000714131680) 
thrown [s\src\hotspot\share\prims\jni.cpp, line 517]

VM Operations (20 events):
Event: 1100.417 Executing VM operation: HandshakeAllThreads
Event: 1100.418 Executing VM operation: HandshakeAllThreads done
Event: 1100.494 Executing VM operation: ICBufferFull
Event: 1100.494 Executing VM operation: ICBufferFull done
Event: 1100.590 Executing VM operation: HandshakeAllThreads
Event: 1100.590 Executing VM operation: HandshakeAllThreads done
Event: 1100.596 Executing VM operation: G1CollectForAllocation
Event: 1100.653 Executing VM operation: G1CollectForAllocation done
Event: 1101.426 Executing VM operation: ICBufferFull
Event: 1101.426 Executing VM operation: ICBufferFull done
Event: 1101.548 Executing VM operation: G1CollectForAllocation
Event: 1101.571 Executing VM operation: G1CollectForAllocation done
Event: 1101.714 Executing VM operation: HandshakeAllThreads
Event: 1101.714 Executing VM operation: HandshakeAllThreads done
Event: 1101.804 Executing VM operation: HandshakeAllThreads
Event: 1101.805 Executing VM operation: HandshakeAllThreads done
Event: 1102.286 Executing VM operation: G1Concurrent
Event: 1102.513 Executing VM operation: G1Concurrent done
Event: 1102.745 Executing VM operation: HandshakeAllThreads
Event: 1102.748 Executing VM operation: HandshakeAllThreads done

Events (20 events):
Event: 1102.185 loading class org/w3c/dom/ls/LSParser
Event: 1102.185 loading class org/w3c/dom/ls/LSParser done
Event: 1102.185 loading class org/w3c/dom/ls/LSInput
Event: 1102.185 loading class org/w3c/dom/ls/LSInput done
Event: 1102.185 loading class org/w3c/dom/ls/LSOutput
Event: 1102.185 loading class org/w3c/dom/ls/LSOutput done
Event: 1102.783 loading class java/util/TreeMap$DescendingSubMap
Event: 1102.789 loading class java/util/TreeMap$NavigableSubMap
Event: 1102.790 loading class java/util/TreeMap$NavigableSubMap done
Event: 1102.790 loading class java/util/TreeMap$DescendingSubMap done
Event: 1102.791 loading class java/util/Collections$ReverseComparator
Event: 1102.791 loading class java/util/Collections$ReverseComparator done
Event: 1102.791 loading class java/util/TreeMap$DescendingSubMap$DescendingEntrySetView
Event: 1102.791 loading class java/util/TreeMap$NavigableSubMap$EntrySetView
Event: 1102.792 loading class java/util/TreeMap$NavigableSubMap$EntrySetView done
Event: 1102.792 loading class java/util/TreeMap$DescendingSubMap$DescendingEntrySetView done
Event: 1102.792 loading class java/util/TreeMap$NavigableSubMap$DescendingSubMapEntryIterator
Event: 1102.792 loading class java/util/TreeMap$NavigableSubMap$SubMapIterator
Event: 1102.792 loading class java/util/TreeMap$NavigableSubMap$SubMapIterator done
Event: 1102.792 loading class java/util/TreeMap$NavigableSubMap$DescendingSubMapEntryIterator done


Dynamic libraries:
0x00007ff6f2240000 - 0x00007ff6f224a000 	E:\Apk Kuliah\Andro\jbr\bin\java.exe
0x00007ffd17550000 - 0x00007ffd17748000 	C:\WINDOWS\SYSTEM32\ntdll.dll
0x00007ffd16990000 - 0x00007ffd16a4d000 	C:\WINDOWS\System32\KERNEL32.DLL
0x00007ffd15160000 - 0x00007ffd15456000 	C:\WINDOWS\System32\KERNELBASE.dll
0x00007ffd14c30000 - 0x00007ffd14d30000 	C:\WINDOWS\System32\ucrtbase.dll
0x00007ffcf3490000 - 0x00007ffcf34a7000 	E:\Apk Kuliah\Andro\jbr\bin\jli.dll
0x00007ffd15bd0000 - 0x00007ffd15d6e000 	C:\WINDOWS\System32\USER32.dll
0x00007ffd14e30000 - 0x00007ffd14e52000 	C:\WINDOWS\System32\win32u.dll
0x00007ffd17310000 - 0x00007ffd1733c000 	C:\WINDOWS\System32\GDI32.dll
0x00007ffd15490000 - 0x00007ffd155aa000 	C:\WINDOWS\System32\gdi32full.dll
0x00007ffd150c0000 - 0x00007ffd1515d000 	C:\WINDOWS\System32\msvcp_win.dll
0x00007ffd057b0000 - 0x00007ffd05a4a000 	C:\WINDOWS\WinSxS\amd64_microsoft.windows.common-controls_6595b64144ccf1df_6.0.19041.3636_none_60b6a03d71f818d5\COMCTL32.dll
0x00007ffd15dd0000 - 0x00007ffd15e6e000 	C:\WINDOWS\System32\msvcrt.dll
0x00007ffd105f0000 - 0x00007ffd1060b000 	E:\Apk Kuliah\Andro\jbr\bin\VCRUNTIME140.dll
0x00007ffd17280000 - 0x00007ffd172b0000 	C:\WINDOWS\System32\IMM32.DLL
0x00007ffd106f0000 - 0x00007ffd106fc000 	E:\Apk Kuliah\Andro\jbr\bin\vcruntime140_1.dll
0x00007ffceb2a0000 - 0x00007ffceb32d000 	E:\Apk Kuliah\Andro\jbr\bin\msvcp140.dll
0x00007ffcf1390000 - 0x00007ffcf1ffe000 	E:\Apk Kuliah\Andro\jbr\bin\server\jvm.dll
0x00007ffd17340000 - 0x00007ffd173ef000 	C:\WINDOWS\System32\ADVAPI32.dll
0x00007ffd17160000 - 0x00007ffd171fc000 	C:\WINDOWS\System32\sechost.dll
0x00007ffd16ed0000 - 0x00007ffd16ff6000 	C:\WINDOWS\System32\RPCRT4.dll
0x00007ffd0c840000 - 0x00007ffd0c867000 	C:\WINDOWS\SYSTEM32\WINMM.dll
0x00007ffd0c870000 - 0x00007ffd0c87a000 	C:\WINDOWS\SYSTEM32\VERSION.dll
0x00007ffd106c0000 - 0x00007ffd106c9000 	C:\WINDOWS\SYSTEM32\WSOCK32.dll
0x00007ffd17210000 - 0x00007ffd1727b000 	C:\WINDOWS\System32\WS2_32.dll
0x00007ffd12af0000 - 0x00007ffd12b02000 	C:\WINDOWS\SYSTEM32\kernel.appcore.dll
0x00007ffd105e0000 - 0x00007ffd105ea000 	E:\Apk Kuliah\Andro\jbr\bin\jimage.dll
0x00007ffd0b410000 - 0x00007ffd0b5f4000 	C:\WINDOWS\SYSTEM32\DBGHELP.DLL
0x00007ffd005b0000 - 0x00007ffd005e4000 	C:\WINDOWS\SYSTEM32\dbgcore.DLL
0x00007ffd14da0000 - 0x00007ffd14e22000 	C:\WINDOWS\System32\bcryptPrimitives.dll
0x00007ffcf3f50000 - 0x00007ffcf3f75000 	E:\Apk Kuliah\Andro\jbr\bin\java.dll
0x00007ffcfd860000 - 0x00007ffcfd878000 	E:\Apk Kuliah\Andro\jbr\bin\zip.dll
0x00007ffd161d0000 - 0x00007ffd16915000 	C:\WINDOWS\System32\SHELL32.dll
0x00007ffd12cf0000 - 0x00007ffd1348b000 	C:\WINDOWS\SYSTEM32\windows.storage.dll
0x00007ffd15e70000 - 0x00007ffd161c4000 	C:\WINDOWS\System32\combase.dll
0x00007ffd145a0000 - 0x00007ffd145cd000 	C:\WINDOWS\SYSTEM32\Wldp.dll
0x00007ffd170b0000 - 0x00007ffd1715d000 	C:\WINDOWS\System32\SHCORE.dll
0x00007ffd156a0000 - 0x00007ffd156f5000 	C:\WINDOWS\System32\shlwapi.dll
0x00007ffd14b60000 - 0x00007ffd14b85000 	C:\WINDOWS\SYSTEM32\profapi.dll
0x00007ffcf7510000 - 0x00007ffcf7529000 	E:\Apk Kuliah\Andro\jbr\bin\net.dll
0x00007ffd0ad70000 - 0x00007ffd0ae7a000 	C:\WINDOWS\SYSTEM32\WINHTTP.dll
0x00007ffd14300000 - 0x00007ffd1436a000 	C:\WINDOWS\system32\mswsock.dll
0x00007ffcf7190000 - 0x00007ffcf71a6000 	E:\Apk Kuliah\Andro\jbr\bin\nio.dll
0x00007ffd044c0000 - 0x00007ffd044d0000 	E:\Apk Kuliah\Andro\jbr\bin\verify.dll
0x00007ffd04200000 - 0x00007ffd04227000 	E:\Apk Kuliah\Andro\jbr\native\68d5fa5c4cc2d200863cafc0d521ce42e7d3e7ee720ec0a83991735586a16f82\windows-amd64\native-platform.dll
0x00007ffce6140000 - 0x00007ffce6284000 	E:\Apk Kuliah\Andro\jbr\native\e376f236ea51e6404a007f0833ffe2c6e607c4080706a723a18a27aeea778392\windows-amd64\native-platform-file-events.dll
0x00007ffd04cd0000 - 0x00007ffd04cd9000 	E:\Apk Kuliah\Andro\jbr\bin\management.dll
0x00007ffd014d0000 - 0x00007ffd014db000 	E:\Apk Kuliah\Andro\jbr\bin\management_ext.dll
0x00007ffd16ec0000 - 0x00007ffd16ec8000 	C:\WINDOWS\System32\PSAPI.DLL
0x00007ffd144f0000 - 0x00007ffd14508000 	C:\WINDOWS\SYSTEM32\CRYPTSP.dll
0x00007ffd13c30000 - 0x00007ffd13c64000 	C:\WINDOWS\system32\rsaenh.dll
0x00007ffd15460000 - 0x00007ffd15487000 	C:\WINDOWS\System32\bcrypt.dll
0x00007ffd14b20000 - 0x00007ffd14b4e000 	C:\WINDOWS\SYSTEM32\USERENV.dll
0x00007ffd14510000 - 0x00007ffd1451c000 	C:\WINDOWS\SYSTEM32\CRYPTBASE.dll
0x00007ffd13ff0000 - 0x00007ffd1402b000 	C:\WINDOWS\SYSTEM32\IPHLPAPI.DLL
0x00007ffd17200000 - 0x00007ffd17208000 	C:\WINDOWS\System32\NSI.dll
0x00007ffd0bdf0000 - 0x00007ffd0be07000 	C:\WINDOWS\SYSTEM32\dhcpcsvc6.DLL
0x00007ffd0bf90000 - 0x00007ffd0bfad000 	C:\WINDOWS\SYSTEM32\dhcpcsvc.DLL
0x00007ffd14030000 - 0x00007ffd140fa000 	C:\WINDOWS\SYSTEM32\DNSAPI.dll
0x00007ffd01180000 - 0x00007ffd01187000 	C:\WINDOWS\system32\wshunix.dll
0x00007ffd13d50000 - 0x00007ffd13d83000 	C:\WINDOWS\SYSTEM32\ntmarta.dll

dbghelp: loaded successfully - version: 4.0.5 - missing functions: none
symbol engine: initialized successfully - sym options: 0x614 - pdb path: .;E:\Apk Kuliah\Andro\jbr\bin;C:\WINDOWS\SYSTEM32;C:\WINDOWS\WinSxS\amd64_microsoft.windows.common-controls_6595b64144ccf1df_6.0.19041.3636_none_60b6a03d71f818d5;E:\Apk Kuliah\Andro\jbr\bin\server;E:\Apk Kuliah\Andro\jbr\native\68d5fa5c4cc2d200863cafc0d521ce42e7d3e7ee720ec0a83991735586a16f82\windows-amd64;E:\Apk Kuliah\Andro\jbr\native\e376f236ea51e6404a007f0833ffe2c6e607c4080706a723a18a27aeea778392\windows-amd64

VM Arguments:
jvm_args: --add-opens=java.base/java.util=ALL-UNNAMED --add-opens=java.base/java.lang=ALL-UNNAMED --add-opens=java.base/java.lang.invoke=ALL-UNNAMED --add-opens=java.prefs/java.util.prefs=ALL-UNNAMED --add-opens=java.base/java.nio.charset=ALL-UNNAMED --add-opens=java.base/java.net=ALL-UNNAMED --add-opens=java.base/java.util.concurrent.atomic=ALL-UNNAMED -Xmx4096m -Dfile.encoding=UTF-8 -Duser.country=GB -Duser.language=en -Duser.variant 
java_command: org.gradle.launcher.daemon.bootstrap.GradleDaemon 8.0
java_class_path (initial): E:\Apk Kuliah\Andro\jbr\wrapper\dists\gradle-8.0-bin\ca5e32bp14vu59qr306oxotwh\gradle-8.0\lib\gradle-launcher-8.0.jar
Launcher Type: SUN_STANDARD

[Global flags]
     intx CICompilerCount                          = 3                                         {product} {ergonomic}
     uint ConcGCThreads                            = 1                                         {product} {ergonomic}
     uint G1ConcRefinementThreads                  = 4                                         {product} {ergonomic}
   size_t G1HeapRegionSize                         = 2097152                                   {product} {ergonomic}
    uintx GCDrainStackTargetSize                   = 64                                        {product} {ergonomic}
   size_t InitialHeapSize                          = 100663296                                 {product} {ergonomic}
   size_t MarkStackSize                            = 4194304                                   {product} {ergonomic}
   size_t MaxHeapSize                              = 4294967296                                {product} {command line}
   size_t MaxNewSize                               = 2575302656                                {product} {ergonomic}
   size_t MinHeapDeltaBytes                        = 2097152                                   {product} {ergonomic}
   size_t MinHeapSize                              = 8388608                                   {product} {ergonomic}
    uintx NonNMethodCodeHeapSize                   = 5832780                                {pd product} {ergonomic}
    uintx NonProfiledCodeHeapSize                  = 122912730                              {pd product} {ergonomic}
    uintx ProfiledCodeHeapSize                     = 122912730                              {pd product} {ergonomic}
    uintx ReservedCodeCacheSize                    = 251658240                              {pd product} {ergonomic}
     bool SegmentedCodeCache                       = true                                      {product} {ergonomic}
   size_t SoftMaxHeapSize                          = 4294967296                             {manageable} {ergonomic}
     bool UseCompressedClassPointers               = true                           {product lp64_product} {ergonomic}
     bool UseCompressedOops                        = true                           {product lp64_product} {ergonomic}
     bool UseG1GC                                  = true                                      {product} {ergonomic}
     bool UseLargePagesIndividualAllocation        = false                                  {pd product} {ergonomic}

Logging:
Log output configuration:
 #0: stdout all=warning uptime,level,tags
 #1: stderr all=off uptime,level,tags

Environment Variables:
PATH=C:\ProgramData\Oracle\Java\javapath;C:\WINDOWS\system32;C:\WINDOWS;C:\WINDOWS\System32\Wbem;C:\WINDOWS\System32\WindowsPowerShell\v1.0\;C:\WINDOWS\System32\OpenSSH\;C:\Program Files\dotnet\;C:\Program Files\Git\cmd;C:\Program Files\GitHub CLI\;C:\Program Files\Java\jdk1.8.0_111\bin;C:\Users\LENOVO\AppData\Local\Programs\Python\Python310\Scripts\;C:\Users\LENOVO\AppData\Local\Programs\Python\Python310\;C:\Users\LENOVO\AppData\Local\Microsoft\WindowsApps;C:\Users\LENOVO\AppData\Local\Programs\Microsoft VS Code\bin;C:\Users\LENOVO\.dotnet\tools;C:\Users\LENOVO\AppData\Local\GitHubDesktop\bin
USERNAME=YEOVIL
OS=Windows_NT
PROCESSOR_IDENTIFIER=AMD64 Family 23 Model 24 Stepping 1, AuthenticAMD
TMP=C:\Users\LENOVO\AppData\Local\Temp
TEMP=C:\Users\LENOVO\AppData\Local\Temp


JNI global refs:
JNI global refs: 25, weak refs: 1

JNI global refs memory usage: 843, weak refs: 841


---------------  S Y S T E M  ---------------

OS:
 Windows 10 , 64 bit Build 19041 (10.0.19041.3636)
OS uptime: 0 days 4:23 hours

CPU: total 4 (initial active 4) (4 cores per cpu, 2 threads per core) family 23 model 24 stepping 1 microcode 0x0, cx8, cmov, fxsr, ht, mmx, 3dnowpref, sse, sse2, sse3, ssse3, sse4a, sse4.1, sse4.2, popcnt, lzcnt, tsc, tscinvbit, avx, avx2, aes, clmul, bmi1, bmi2, adx, sha, fma, vzeroupper, clflush, clflushopt

Memory: 4k page, system-wide physical 6020M (300M free)
TotalPageFile size 14212M (AvailPageFile size 0M)
current process WorkingSet (physical memory assigned to process): 329M, peak: 440M
current process commit charge ("private bytes"): 653M, peak: 654M

vm_info: OpenJDK 64-Bit Server VM (17.0.6+0-b2043.56-10027231) for windows-amd64 JRE (17.0.6+0-b2043.56-10027231), built on Apr 28 2023 00:43:19 by "androidbuild" with MS VC++ 16.10 / 16.11 (VS2019)

END.
