JvmtiExport can_access_local_variables 0
JvmtiExport can_hotswap_or_post_breakpoint 0
JvmtiExport can_post_on_exceptions 0
# 345 ciObject found
ciInstanceKlass java/util/zip/ZipFile$Source$Key 1 1 84 10 7 12 1 1 1 9 7 12 1 1 1 9 12 1 1 10 7 12 1 1 1 9 12 1 1 100 1 5 0 11 7 12 1 1 1 10 7 12 1 1 1 10 7 12 1 1 1 10 12 1 1 11 12 1 1 10 10 1 1 1 1 1 1 1 1 1 1 1 1 1 1 1 1 1 1 100 1 1 100 1 1 1
ciInstanceKlass java/lang/StringUTF16 1 1 598 100 1 7 1 10 100 12 1 1 1 100 1 10 7 1 3 100 1 100 1 10 8 1 10 12 1 1 10 12 1 8 1 10 12 1 1 10 12 1 9 12 1 1 10 12 1 1 100 1 8 1 10 12 1 9 12 1 1 9 12 1 10 10 12 1 1 10 12 1 1 10 100 12 1 1 1 10 12 1 10 12 1 1 10 12 1 1 10 12 1 1 10 12 1 1 10 12 1 10 12 1 1 10 12 1 1 10 12 1 1 10 12 1 1 10 12 1 10 12 1 10 12 1 1 10 12 1 100 1 10 12 1 10 10 12 1 1 10 12 1 10 12 1 1 10 12 1 10 7 12 1 1 1 10 100 12 1 1 1 10 12 10 12 1 1 10 12 1 10 12 1 1 10 12 1 1 10 12 1 10 12 1 10 12 1 3 10 12 1 1 10 12 1 10 12 1 10 12 1 10 12 1 10 12 1 10 12 1 1 9 12 1 10 12 1 10 12 1 10 12 1 10 12 1 10 12 1 10 10 12 10 12 10 10 100 12 1 1 1 10 7 12 1 1 1 10 12 1 10 12 1 100 1 8 1 8 1 10 12 1 1 100 1 10 10 100 12 1 1 1 10 100 12 1 1 8 1 8 1 8 1 10 12 1 1 10 12 1 1 10 12 10 12 1 10 100 12 1 1 10 12 1 1 10 12 1 1 10 12 1 10 12 10 12 10 12 1 10 12 10 12 1 10 12 1 10 12 1 10 12 1 10 12 1 10 100 12 1 1 1 10 100 12 1 1 1 10 12 1 1 10 12 1 1 11 100 12 1 1 10 12 1 10 12 1 10 12 1 1 9 12 1 1 9 12 1 5 0 5 0 10 12 1 10 12 10 12 10 7 12 1 1 1 10 12 1 1 1 1 1 1 1 1 1 1 1 1 1 1 1 1 1 1 1 1 1 1 1 1 1 1 1 1 1 1 1 100 1 1 1 1 1 1 1 1 1 1 1 1 1 1 1 1 1 1 1 1 1 1 1 1 1 1 1 1 1 1 1 1 1 1 1 1 1 1 1 1 1 1 1 1 1 1 1 1 1 1 1 1 1 1 1 1 1 1 1 1 1 1 1 1 1 1 1 1 1 1 1 1 1 1 1 1 1 1 1 1 1 1 100 1 1 1 1 1 1 1 1 1 1 1 1 1 1 1 1 1 100 1 1 1 1 1 1 1 1 1 1 1 1 1 1 1 1 1 1 1 1 1 1 1 1 1 1 1 1 1 1 1 1 1 1 1 1 1 1 1 1 1 1 1 1 1 1 1 1 1 1 1 1 1 1 1 1 1 1 1 1 1 100 1 100 1 1 1 1 1
staticfield java/lang/StringUTF16 HI_BYTE_SHIFT I 0
staticfield java/lang/StringUTF16 LO_BYTE_SHIFT I 8
staticfield java/lang/StringUTF16 $assertionsDisabled Z 1
instanceKlass jdk/internal/misc/ScopedMemoryAccess$Scope$Handle
instanceKlass org/gradle/api/internal/artifacts/ivyservice/resolutionstrategy/DefaultCachePolicy$1
instanceKlass jdk/internal/math/FormattedFloatingDecimal$2
instanceKlass jdk/internal/math/FormattedFloatingDecimal
instanceKlass org/gradle/internal/remote/internal/inet/SocketConnection$1
instanceKlass java/util/Locale$1
instanceKlass org/gradle/internal/work/DefaultWorkerLeaseService$1
instanceKlass org/gradle/cache/internal/DefaultCleanupProgressMonitor
instanceKlass org/gradle/cache/internal/VersionSpecificCacheCleanupAction
instanceKlass org/gradle/launcher/exec/BuildActionResult
instanceKlass org/gradle/tooling/internal/provider/serialization/SerializedPayload
instanceKlass org/gradle/api/internal/cache/DefaultCacheConfigurations$MustBeConfiguredCleanupFrequency
instanceKlass org/gradle/execution/PassThruCancellableOperationManager
instanceKlass org/gradle/internal/watch/vfs/impl/WatchingVirtualFileSystem$2$1
instanceKlass org/gradle/internal/watch/vfs/BuildFinishedFileSystemWatchingBuildOperationType$Result
instanceKlass org/gradle/internal/watch/vfs/impl/DefaultFileSystemWatchingStatistics$VirtualFileSystemStatistics
instanceKlass org/gradle/internal/watch/vfs/impl/DefaultFileSystemWatchingStatistics
instanceKlass org/gradle/internal/snapshot/SnapshotHierarchy$NodeDiffListener$1
instanceKlass org/gradle/internal/watch/registry/impl/WatchableHierarchies$RemoveUnwatchedFiles
instanceKlass org/gradle/internal/watch/registry/impl/DefaultFileWatcherRegistry$2
instanceKlass org/gradle/internal/watch/vfs/BuildFinishedFileSystemWatchingBuildOperationType$Details$1
instanceKlass org/gradle/internal/watch/vfs/BuildFinishedFileSystemWatchingBuildOperationType$Details
instanceKlass org/gradle/internal/watch/vfs/impl/WatchingVirtualFileSystem$2
instanceKlass org/gradle/api/internal/tasks/execution/statistics/TaskExecutionStatistics
instanceKlass org/gradle/internal/buildevents/TaskExecutionStatisticsReporter
instanceKlass org/gradle/internal/logging/text/AbstractStyledTextOutput$StyleOverrideTextOutput
instanceKlass com/google/common/io/Closeables
instanceKlass com/android/builder/internal/aapt/v2/Aapt2DaemonImpl$AllowShutdown
instanceKlass com/android/build/gradle/internal/attribution/BuildAnalyzerPartialResult$Companion
instanceKlass com/android/build/gradle/internal/attribution/BuildAnalyzerPartialResult
instanceKlass com/android/build/gradle/internal/attribution/BuildAnalyzerService$Companion$saveAttributionData$1
instanceKlass com/android/builder/utils/ExceptionFunction
instanceKlass com/google/common/reflect/Types$ClassOwnership$1LocalClass
instanceKlass com/google/common/reflect/Types$ParameterizedTypeImpl
instanceKlass com/google/common/reflect/Reflection
instanceKlass com/google/common/reflect/Types$TypeVariableInvocationHandler
instanceKlass com/google/common/reflect/Types$TypeVariableImpl
instanceKlass com/google/common/reflect/Types
instanceKlass com/google/common/reflect/Types$NativeTypeVariableEquals
instanceKlass com/google/common/reflect/TypeResolver$TypeVariableKey
instanceKlass com/google/common/reflect/TypeResolver$TypeTable
instanceKlass com/google/common/reflect/TypeResolver
instanceKlass com/android/utils/JvmWideVariable$ValueWrapper
instanceKlass com/android/utils/JvmWideVariable$ValueWrapperMBean
instanceKlass com/android/utils/JvmWideVariable
instanceKlass com/google/common/reflect/Invokable
instanceKlass com/android/utils/concurrency/ReadWriteProcessLock$WriteLock
instanceKlass com/android/utils/concurrency/ReadWriteProcessLock$ReadLock
instanceKlass com/google/common/reflect/TypeCapture
instanceKlass com/android/utils/concurrency/ReadWriteProcessLock$Lock
instanceKlass com/android/utils/concurrency/ReadWriteProcessLock
instanceKlass com/android/builder/utils/SynchronizedFile
instanceKlass com/android/buildanalyzer/common/AndroidGradlePluginAttributionData$Companion
instanceKlass com/android/buildanalyzer/common/AndroidGradlePluginAttributionData
instanceKlass com/google/common/cache/LocalCache$WriteThroughEntry
instanceKlass com/google/common/cache/LocalCache$HashIterator
instanceKlass com/google/common/io/CharSource
instanceKlass java/util/stream/DistinctOps
instanceKlass com/android/signflinger/ApkSigningBlock
instanceKlass com/android/signflinger/SigningBlockUtils
instanceKlass com/android/apksig/DefaultApkSignerEngine$OutputApkSigningBlockRequestImpl
instanceKlass sun/security/rsa/RSACore$BlindingRandomPair
instanceKlass sun/security/jca/JCAUtil$CachedSecureRandomHolder
instanceKlass sun/security/jca/JCAUtil
instanceKlass sun/security/rsa/RSACore$BlindingParameters
instanceKlass com/android/apksig/internal/apk/ApkSigningBlockUtilsLite
instanceKlass com/android/apksig/internal/apk/v2/V2SchemeSigner$V2SignatureSchemeBlock$Signer
instanceKlass com/android/apksig/internal/apk/v2/V2SchemeSigner$V2SignatureSchemeBlock$SignedData
instanceKlass com/android/apksig/internal/util/ByteBufferUtils
instanceKlass com/android/apksig/internal/x509/RSAPublicKey
instanceKlass com/android/apksig/internal/asn1/Asn1OpaqueObject
instanceKlass com/android/apksig/internal/asn1/Asn1BerParser$BerToJavaConverter
instanceKlass com/android/apksig/internal/asn1/Asn1BerParser$AnnotatedField
instanceKlass com/android/apksig/internal/asn1/Asn1Field
instanceKlass com/android/apksig/internal/pkcs7/AlgorithmIdentifier
instanceKlass com/android/apksig/internal/asn1/ber/BerEncoding$1
instanceKlass com/android/apksig/internal/asn1/Asn1BerParser$1
instanceKlass com/android/apksig/internal/asn1/Asn1Class
instanceKlass com/android/apksig/internal/asn1/ber/BerDataValue
instanceKlass com/android/apksig/internal/asn1/ber/BerEncoding
instanceKlass com/android/apksig/internal/asn1/ber/ByteBufferBerDataValueReader
instanceKlass com/android/apksig/internal/asn1/ber/BerDataValueReader
instanceKlass com/android/apksig/internal/asn1/Asn1BerParser
instanceKlass com/android/apksig/internal/x509/SubjectPublicKeyInfo
instanceKlass com/android/apksig/internal/apk/ApkSigningBlockUtils$SigningSchemeBlockAndDigests
instanceKlass com/android/apksig/internal/apk/ApkSigningBlockUtils$ChunkSupplier$Chunk
instanceKlass com/android/apksig/internal/util/MessageDigestSink
instanceKlass com/android/apksig/util/ReadableDataSink
instanceKlass com/android/apksig/util/DataSink
instanceKlass com/android/apksig/util/DataSinks
instanceKlass com/android/apksig/internal/apk/ApkSigningBlockUtils$ChunkDigester
instanceKlass com/android/apksig/internal/apk/ApkSigningBlockUtils$ChunkSupplier
instanceKlass com/android/apksig/internal/apk/ApkSigningBlockUtils$ChunkDigests
instanceKlass java/security/spec/MGF1ParameterSpec
instanceKlass com/android/apksig/internal/apk/v2/V2SchemeSigner
instanceKlass com/android/apksig/internal/apk/ApkSigningBlockUtils$SignerConfig
instanceKlass com/android/apksig/internal/util/ByteBufferDataSource
instanceKlass com/android/apksig/internal/zip/ZipUtils
instanceKlass com/android/apksig/internal/util/Pair
instanceKlass com/android/apksig/zip/ZipSections
instanceKlass com/android/apksig/internal/apk/ApkSigningBlockUtils
instanceKlass com/android/apksig/internal/util/FileChannelDataSource
instanceKlass com/android/apksig/util/DataSources
instanceKlass com/google/common/collect/HashBiMap$Itr
instanceKlass sun/nio/ch/Util$4
instanceKlass sun/nio/ch/FileChannelImpl$Unmapper
instanceKlass jdk/internal/access/foreign/UnmapperProxy
instanceKlass jdk/internal/misc/ExtendedMapMode
instanceKlass java/nio/channels/FileChannel$MapMode
instanceKlass com/android/zipflinger/ZipSource
instanceKlass com/android/zipflinger/Compressor
instanceKlass com/android/zipflinger/Crc32
instanceKlass java/util/concurrent/ForkJoinPool$DefaultCommonPoolForkJoinWorkerThreadFactory$1
instanceKlass java/util/concurrent/ForkJoinTask$Aux
instanceKlass com/android/builder/internal/packaging/ApkFlinger$writeFile$1
instanceKlass com/android/zipflinger/SynchronizedArchive
instanceKlass com/android/apksig/util/RunnablesExecutor$1
instanceKlass com/android/apksig/ApkSignerEngine$OutputApkSigningBlockRequest2
instanceKlass com/android/apksig/ApkSignerEngine$OutputJarSignatureRequest
instanceKlass com/android/apksig/ApkSignerEngine$OutputApkSigningBlockRequest
instanceKlass com/android/apksig/ApkSignerEngine$InspectJarEntryRequest
instanceKlass com/android/apksig/DefaultApkSignerEngine
instanceKlass com/android/apksig/DefaultApkSignerEngine$Builder
instanceKlass com/android/apksig/DefaultApkSignerEngine$SignerConfig
instanceKlass com/android/apksig/DefaultApkSignerEngine$SignerConfig$Builder
instanceKlass com/android/zipflinger/Entry
instanceKlass com/android/zipflinger/Zip64Locator
instanceKlass com/android/zipflinger/ZipMap
instanceKlass com/android/apksig/ApkSignerEngine
instanceKlass com/android/apksig/util/DataSource
instanceKlass com/android/signflinger/SignedApk
instanceKlass com/android/signflinger/SignedApkOptions
instanceKlass com/android/signflinger/SignedApkOptions$Builder
instanceKlass com/android/builder/internal/packaging/ApkFlinger$3
instanceKlass com/android/builder/internal/packaging/ApkFlinger$2
instanceKlass com/android/builder/internal/packaging/ApkFlinger$WhenMappings
instanceKlass com/android/builder/internal/packaging/ApkFlinger$Companion
instanceKlass com/android/builder/internal/packaging/ApkFlinger
instanceKlass com/android/builder/internal/packaging/PackagedFileUpdates
instanceKlass com/google/common/base/Predicates$CompositionPredicate
instanceKlass com/google/common/base/Predicates
instanceKlass com/android/builder/internal/packaging/DexIncrementalRenameManager$1
instanceKlass com/android/builder/internal/packaging/PackagedFileUpdate
instanceKlass com/android/builder/internal/packaging/DexIncrementalRenameManager$Bucket
instanceKlass com/google/common/base/Verify
instanceKlass com/android/builder/packaging/DexFileNameSupplier
instanceKlass com/android/builder/internal/packaging/DexIncrementalRenameManager$DexFileComparator
instanceKlass com/android/builder/files/NativeLibraryAbiPredicate
instanceKlass com/android/builder/internal/packaging/DexIncrementalRenameManager
instanceKlass com/android/tools/build/apkzlib/zfile/ApkZFileCreatorFactory
instanceKlass com/android/tools/build/apkzlib/zip/VerifyLog
instanceKlass com/android/tools/build/apkzlib/zip/VerifyLogs
instanceKlass com/android/tools/build/apkzlib/zip/AlignmentRules
instanceKlass com/android/tools/build/apkzlib/zip/AlignmentRule
instanceKlass com/android/tools/build/apkzlib/zip/compress/ExecutorCompressor
instanceKlass com/android/tools/build/apkzlib/bytestorage/TemporaryDirectory
instanceKlass com/android/tools/build/apkzlib/bytestorage/TemporaryDirectoryFactory
instanceKlass com/android/tools/build/apkzlib/bytestorage/OverflowToDiskByteStorageFactory
instanceKlass com/android/tools/build/apkzlib/bytestorage/ByteStorage
instanceKlass com/android/tools/build/apkzlib/bytestorage/ChunkBasedByteStorageFactory
instanceKlass com/android/tools/build/apkzlib/zip/Compressor
instanceKlass com/android/tools/build/apkzlib/bytestorage/ByteStorageFactory
instanceKlass com/android/tools/build/apkzlib/zip/ZFileOptions
instanceKlass com/android/build/gradle/internal/packaging/ApkCreatorFactories
instanceKlass com/android/tools/build/apkzlib/zfile/ApkCreator
instanceKlass com/android/builder/internal/packaging/IncrementalPackager
instanceKlass com/android/apksig/util/RunnablesProvider
instanceKlass com/android/apksig/util/RunnablesExecutor
instanceKlass com/android/build/gradle/internal/packaging/IncrementalPackagerBuilder$1
instanceKlass com/android/tools/build/apkzlib/sign/SigningOptions$Builder
instanceKlass com/android/tools/build/apkzlib/sign/SigningOptions
instanceKlass com/android/ide/common/signing/CertificateInfo
instanceKlass java/security/KeyStore$PrivateKeyEntry
instanceKlass java/security/KeyStore$Entry
instanceKlass sun/security/pkcs/EncryptedPrivateKeyInfo
instanceKlass sun/security/provider/KeyProtector
instanceKlass sun/security/provider/JavaKeyStore$TrustedCertEntry
instanceKlass java/security/KeyStore$PasswordProtection
instanceKlass sun/security/provider/JavaKeyStore$KeyEntry
instanceKlass java/security/KeyStoreSpi
instanceKlass com/android/build/gradle/internal/signing/SigningConfigVersions$Companion
instanceKlass com/android/build/gradle/internal/signing/SigningConfigVersions
instanceKlass com/android/tools/build/apkzlib/zfile/ApkCreatorFactory
instanceKlass com/android/tools/build/apkzlib/zfile/ApkCreatorFactory$CreationData$Builder
instanceKlass com/android/tools/build/apkzlib/zfile/ApkCreatorFactory$CreationData
instanceKlass com/android/build/gradle/internal/packaging/IncrementalPackagerBuilder
instanceKlass com/android/build/gradle/internal/manifest/ManifestData$AndroidTarget
instanceKlass com/android/build/gradle/internal/manifest/ManifestDataKt
instanceKlass com/android/tools/build/apkzlib/utils/IOExceptionRunnable
instanceKlass com/android/builder/files/DirectoryEntry
instanceKlass com/android/builder/files/ZipCentralDirectoryKt
instanceKlass com/android/builder/files/ZipCentralDirectory$CdrInfo
instanceKlass com/android/builder/files/IncrementalRelativeFileSets
instanceKlass com/android/builder/files/ZipCentralDirectory
instanceKlass com/android/builder/files/IncrementalChanges
instanceKlass kotlin/jvm/JvmDefault
instanceKlass com/android/build/api/artifact/impl/ArtifactTransformationRequestImpl$submit$4
instanceKlass com/android/build/gradle/internal/signing/SigningConfigProviderParams$Companion
instanceKlass com/android/build/api/artifact/impl/ArtifactTransformationRequestImpl$submit$2$1
instanceKlass com/android/build/gradle/tasks/PackageAndroidArtifact$IncrementalSplitterRunnable
instanceKlass com/android/build/gradle/internal/workeractions/WorkActionAdapter
instanceKlass org/gradle/internal/snapshot/DirectorySnapshot$1
instanceKlass com/android/builder/packaging/PackagingUtils
instanceKlass com/android/manifmerger/PlaceholderHandler
instanceKlass com/sun/org/apache/xerces/internal/util/URI
instanceKlass com/android/builder/core/DefaultManifestParser
instanceKlass com/android/tools/r8/dex/code/C1
instanceKlass com/android/tools/r8/dex/code/a
instanceKlass com/android/tools/r8/dex/code/O
instanceKlass com/android/tools/r8/dex/z
instanceKlass com/android/tools/r8/dex/A
instanceKlass com/android/tools/r8/dex/y
instanceKlass com/android/tools/r8/internal/Yt
instanceKlass com/android/tools/r8/internal/Ut
instanceKlass com/android/tools/r8/dex/D
instanceKlass com/android/tools/r8/graph/f5
instanceKlass com/android/tools/r8/dex/B
instanceKlass com/android/tools/r8/internal/Fs
instanceKlass com/android/tools/r8/internal/V5
instanceKlass com/android/tools/r8/utils/W2
instanceKlass com/android/tools/r8/naming/u
instanceKlass com/android/tools/r8/shaking/f3
instanceKlass com/android/tools/r8/shaking/B2$a
instanceKlass com/android/tools/r8/shaking/P2
instanceKlass com/android/tools/r8/shaking/M2
instanceKlass com/android/tools/r8/shaking/C3
instanceKlass com/android/tools/r8/shaking/A3
instanceKlass com/android/tools/r8/shaking/E3
instanceKlass com/android/tools/r8/shaking/y3
instanceKlass com/android/tools/r8/shaking/z3
instanceKlass com/android/tools/r8/shaking/x2$a
instanceKlass com/android/tools/r8/shaking/x2
instanceKlass com/android/tools/r8/shaking/L2$a
instanceKlass com/android/tools/r8/shaking/L2
instanceKlass com/android/tools/r8/shaking/Q2$a
instanceKlass com/android/tools/r8/shaking/Q2
instanceKlass com/android/tools/r8/shaking/W2
instanceKlass com/android/tools/r8/shaking/T2
instanceKlass com/android/builder/dexing/D8DexArchiveMerger
instanceKlass com/android/builder/dexing/DexArchiveMerger
instanceKlass com/android/builder/dexing/NonIncrementalJarDexArchive
instanceKlass com/android/builder/dexing/DirDexArchive
instanceKlass com/android/builder/dexing/DexArchive
instanceKlass com/android/builder/dexing/DexArchives
instanceKlass com/android/builder/dexing/DexArchiveEntry
instanceKlass com/android/builder/dexing/DexEntryBucket$getDexEntriesWithContents$1$1$contents$openedJar$1
instanceKlass com/android/build/gradle/internal/tasks/DexMergingTaskDelegate$run$1$1
instanceKlass com/android/builder/dexing/DexEntryBucket$Companion
instanceKlass com/android/builder/dexing/DexEntryBucket
instanceKlass com/android/builder/dexing/DexEntry$Companion
instanceKlass com/android/builder/dexing/DexEntry
instanceKlass com/android/builder/dexing/DexUtilsKt$getSortedFilesInDir$2$2
instanceKlass kotlin/streams/jdk8/StreamsKt
instanceKlass com/android/builder/dexing/DexUtilsKt$getSortedFilesInDir$2$1
instanceKlass com/android/build/gradle/internal/tasks/DexMergingTaskDelegate$Companion
instanceKlass com/android/builder/files/SerializableFileChanges$Companion
instanceKlass com/android/build/gradle/internal/tasks/DexMergingTask$doTaskAction$1
instanceKlass java/util/Vector$Itr
instanceKlass java/util/zip/ZipOutputStream$XEntry
instanceKlass com/android/tools/r8/internal/b2
instanceKlass java/util/zip/Deflater$DeflaterZStreamRef
instanceKlass java/util/zip/Deflater
instanceKlass com/android/tools/r8/utils/F0
instanceKlass org/gradle/execution/plan/DefaultPlanExecutor$ExecutorState$HealthState
instanceKlass com/android/tools/r8/ir/regalloc/g
instanceKlass com/android/tools/r8/ir/regalloc/h
instanceKlass com/android/tools/r8/ir/regalloc/m
instanceKlass com/android/tools/r8/naming/K
instanceKlass com/android/tools/r8/internal/vt
instanceKlass com/android/tools/r8/internal/rt
instanceKlass com/android/tools/r8/dex/p0
instanceKlass com/android/tools/r8/dex/n0
instanceKlass com/android/tools/r8/dex/o0
instanceKlass com/android/tools/r8/naming/b
instanceKlass com/android/tools/r8/startup/diagnostic/MissingStartupProfileItemsDiagnostic$a
instanceKlass com/android/tools/r8/utils/K1
instanceKlass com/android/tools/r8/internal/fb
instanceKlass com/android/tools/r8/internal/gb
instanceKlass com/android/tools/r8/internal/hb
instanceKlass com/android/tools/r8/ByteDataView
instanceKlass com/android/tools/r8/dex/F
instanceKlass java/util/zip/Adler32
instanceKlass com/android/tools/r8/dex/H
instanceKlass com/android/tools/r8/utils/P0
instanceKlass com/android/tools/r8/internal/CI
instanceKlass com/android/tools/r8/internal/s2
instanceKlass com/android/tools/r8/utils/Q1
instanceKlass com/android/tools/r8/dex/u
instanceKlass com/android/tools/r8/naming/Q
instanceKlass com/android/tools/r8/naming/P
instanceKlass com/android/tools/r8/internal/AN
instanceKlass com/android/tools/r8/dex/G
instanceKlass com/android/tools/r8/dex/E
instanceKlass com/android/tools/r8/internal/zR
instanceKlass com/android/tools/r8/internal/RI
instanceKlass com/android/tools/r8/internal/GI
instanceKlass com/android/tools/r8/dex/s
instanceKlass com/android/tools/r8/dex/x
instanceKlass com/android/tools/r8/graph/j5
instanceKlass com/android/tools/r8/dex/K
instanceKlass com/android/tools/r8/internal/Zd
instanceKlass com/android/tools/r8/graph/d5
instanceKlass com/android/tools/r8/internal/BS
instanceKlass com/android/tools/r8/internal/PR
instanceKlass com/android/tools/r8/graph/e5
instanceKlass com/android/tools/r8/internal/YI
instanceKlass com/android/tools/r8/internal/aJ
instanceKlass com/android/tools/r8/internal/SI
instanceKlass com/android/tools/r8/internal/TI
instanceKlass com/android/tools/r8/internal/N0
instanceKlass com/android/tools/r8/dex/n
instanceKlass com/android/tools/r8/internal/VC
instanceKlass com/android/tools/r8/internal/RR
instanceKlass com/android/tools/r8/internal/p1
instanceKlass com/android/tools/r8/internal/Vj
instanceKlass com/android/tools/r8/synthesis/e
instanceKlass com/android/tools/r8/dex/k0
instanceKlass com/android/tools/r8/internal/lB
instanceKlass com/android/tools/r8/dex/l0
instanceKlass com/android/tools/r8/dex/q0
instanceKlass com/android/tools/r8/internal/rW
instanceKlass com/android/tools/r8/graph/A3
instanceKlass com/android/tools/r8/utils/u2
instanceKlass com/android/tools/r8/internal/g00
instanceKlass com/android/tools/r8/internal/j00
instanceKlass com/android/tools/r8/internal/b00
instanceKlass com/android/tools/r8/internal/l00
instanceKlass com/android/tools/r8/internal/Xt
instanceKlass com/android/tools/r8/internal/i00
instanceKlass com/android/tools/r8/internal/h00
instanceKlass com/android/tools/r8/internal/HZ
instanceKlass com/android/tools/r8/internal/GZ
instanceKlass com/android/tools/r8/internal/u00
instanceKlass com/android/tools/r8/internal/du
instanceKlass com/android/tools/r8/internal/IB
instanceKlass com/android/tools/r8/dex/r
instanceKlass com/android/tools/r8/SourceFileEnvironment
instanceKlass com/android/tools/r8/utils/w1
instanceKlass com/android/tools/r8/dex/g0
instanceKlass com/android/tools/r8/dex/V
instanceKlass com/android/tools/r8/dex/k
instanceKlass com/android/tools/r8/internal/jN
instanceKlass com/android/tools/r8/internal/u2
instanceKlass com/android/tools/r8/internal/v2
instanceKlass com/android/tools/r8/internal/t2
instanceKlass com/android/tools/r8/internal/sW
instanceKlass com/android/tools/r8/internal/Yz
instanceKlass com/android/tools/r8/graph/G3
instanceKlass com/android/tools/r8/internal/Pj
instanceKlass com/android/tools/r8/internal/ql
instanceKlass com/android/tools/r8/internal/Fk
instanceKlass com/android/tools/r8/graph/t5
instanceKlass com/android/tools/r8/synthesis/r
instanceKlass com/android/tools/r8/synthesis/q
instanceKlass com/android/tools/r8/internal/kt
instanceKlass com/android/tools/r8/internal/vZ
instanceKlass com/android/tools/r8/utils/I1
instanceKlass com/android/tools/r8/synthesis/p
instanceKlass com/android/tools/r8/graph/H5
instanceKlass com/android/tools/r8/internal/kG
instanceKlass com/android/tools/r8/internal/K4
instanceKlass com/android/tools/r8/internal/jG
instanceKlass com/android/tools/r8/synthesis/t
instanceKlass com/android/tools/r8/internal/a
instanceKlass com/android/tools/r8/internal/JB
instanceKlass com/android/tools/r8/internal/DB
instanceKlass com/android/tools/r8/internal/Pt
instanceKlass com/android/tools/r8/dex/U
instanceKlass com/android/tools/r8/graph/u5
instanceKlass com/android/tools/r8/internal/pd
instanceKlass com/android/tools/r8/internal/qd
instanceKlass com/android/tools/r8/internal/Ee
instanceKlass com/android/tools/r8/internal/l8
instanceKlass com/android/tools/r8/internal/o8
instanceKlass com/android/tools/r8/internal/Te
instanceKlass com/android/tools/r8/internal/js
instanceKlass com/android/tools/r8/internal/Me
instanceKlass com/android/tools/r8/internal/ye
instanceKlass com/android/tools/r8/internal/rN
instanceKlass com/android/tools/r8/internal/Cd
instanceKlass com/android/tools/r8/internal/uG
instanceKlass com/android/tools/r8/internal/P9
instanceKlass com/android/tools/r8/internal/s4
instanceKlass com/android/tools/r8/internal/HA
instanceKlass com/android/tools/r8/internal/IA
instanceKlass com/android/tools/r8/internal/Ys
instanceKlass com/android/tools/r8/dex/code/W
instanceKlass com/android/tools/r8/utils/v2
instanceKlass com/android/tools/r8/internal/Ze
instanceKlass java/util/AbstractList$SubList$1
instanceKlass com/android/tools/r8/utils/T1
instanceKlass com/android/tools/r8/utils/x2
instanceKlass com/android/tools/r8/utils/H
instanceKlass com/android/tools/r8/internal/n7
instanceKlass com/android/tools/r8/internal/A00
instanceKlass com/android/tools/r8/internal/SD
instanceKlass com/android/tools/r8/internal/E0
instanceKlass com/android/tools/r8/internal/WF
instanceKlass com/android/tools/r8/utils/n1
instanceKlass com/android/tools/r8/internal/bf
instanceKlass com/android/tools/r8/internal/bE
instanceKlass com/android/tools/r8/ir/optimize/A
instanceKlass com/android/tools/r8/internal/AB
instanceKlass com/android/tools/r8/ir/optimize/z
instanceKlass com/android/tools/r8/internal/Zp
instanceKlass com/android/tools/r8/internal/hJ
instanceKlass com/android/tools/r8/internal/jJ
instanceKlass java/util/stream/SliceOps
instanceKlass com/android/tools/r8/internal/mJ
instanceKlass com/android/tools/r8/internal/Z10
instanceKlass com/android/tools/r8/internal/oV
instanceKlass com/android/tools/r8/ProgramResource$FileResource
instanceKlass com/android/tools/r8/internal/D20
instanceKlass com/android/tools/r8/internal/D8
instanceKlass com/android/tools/r8/graph/V0
instanceKlass com/android/tools/r8/ir/optimize/c0
instanceKlass com/android/tools/r8/graph/I0
instanceKlass com/android/tools/r8/ir/optimize/V
instanceKlass com/android/tools/r8/graph/M0
instanceKlass com/android/tools/r8/graph/K2
instanceKlass com/android/tools/r8/internal/Iq
instanceKlass com/android/tools/r8/graph/H0
instanceKlass com/android/tools/r8/internal/f6
instanceKlass com/android/tools/r8/internal/ff
instanceKlass com/android/tools/r8/internal/kf
instanceKlass com/android/tools/r8/ir/optimize/k0
instanceKlass com/android/tools/r8/internal/wo
instanceKlass com/android/tools/r8/ir/optimize/q0
instanceKlass com/android/tools/r8/ir/regalloc/a
instanceKlass com/android/tools/r8/ir/regalloc/n
instanceKlass com/android/tools/r8/ir/regalloc/d
instanceKlass com/android/tools/r8/internal/kl
instanceKlass com/android/tools/r8/ir/regalloc/e
instanceKlass com/android/tools/r8/ir/regalloc/c
instanceKlass com/android/tools/r8/internal/z4
instanceKlass com/android/tools/r8/ir/regalloc/j
instanceKlass com/android/tools/r8/internal/bG
instanceKlass com/android/tools/r8/ir/regalloc/b
instanceKlass com/android/tools/r8/ir/optimize/E0
instanceKlass com/android/tools/r8/ir/regalloc/f
instanceKlass com/android/tools/r8/internal/ul
instanceKlass com/android/tools/r8/internal/h6$a
instanceKlass com/android/tools/r8/internal/h6
instanceKlass com/android/tools/r8/ir/optimize/S
instanceKlass com/android/tools/r8/synthesis/C
instanceKlass com/android/tools/r8/shaking/U1
instanceKlass com/android/tools/r8/internal/La
instanceKlass com/android/tools/r8/internal/Bf
instanceKlass com/android/tools/r8/internal/u4
instanceKlass com/android/tools/r8/ir/optimize/G
instanceKlass com/android/tools/r8/internal/GJ
instanceKlass com/android/tools/r8/internal/P0
instanceKlass com/android/tools/r8/internal/nJ
instanceKlass com/android/tools/r8/ir/optimize/x0
instanceKlass com/android/tools/r8/ir/optimize/y0
instanceKlass com/android/tools/r8/internal/ae
instanceKlass com/android/tools/r8/ir/optimize/H
instanceKlass com/android/tools/r8/internal/ko
instanceKlass com/android/tools/r8/ir/optimize/L
instanceKlass com/android/tools/r8/ir/optimize/v0
instanceKlass com/android/tools/r8/internal/b20
instanceKlass com/android/tools/r8/ir/optimize/w0
instanceKlass com/android/tools/r8/ir/optimize/t
instanceKlass com/android/tools/r8/ir/optimize/z0
instanceKlass com/android/tools/r8/ir/optimize/B0
instanceKlass com/android/tools/r8/ir/optimize/y
instanceKlass com/android/tools/r8/internal/y4
instanceKlass com/android/tools/r8/internal/XD
instanceKlass com/android/tools/r8/internal/OV
instanceKlass com/android/tools/r8/ir/optimize/q
instanceKlass com/android/tools/r8/utils/O3
instanceKlass com/android/tools/r8/internal/Mj
instanceKlass com/android/tools/r8/internal/Bj
instanceKlass com/android/tools/r8/ir/optimize/s
instanceKlass com/android/tools/r8/internal/bR
instanceKlass com/android/tools/r8/internal/e5
instanceKlass com/android/tools/r8/internal/nl
instanceKlass com/android/tools/r8/internal/ml
instanceKlass com/android/tools/r8/internal/jl
instanceKlass com/android/tools/r8/internal/v00
instanceKlass com/android/tools/r8/internal/B4
instanceKlass com/android/tools/r8/utils/s0
instanceKlass com/android/tools/r8/internal/ll
instanceKlass com/android/tools/r8/internal/sl
instanceKlass com/android/tools/r8/internal/md
instanceKlass com/android/tools/r8/internal/no
instanceKlass com/android/tools/r8/internal/V0
instanceKlass com/android/tools/r8/internal/A4
instanceKlass com/android/tools/r8/internal/jK
instanceKlass com/android/tools/r8/internal/tK
instanceKlass com/android/tools/r8/dex/code/B1
instanceKlass com/android/tools/r8/internal/g20
instanceKlass com/android/tools/r8/internal/Nq
instanceKlass com/android/tools/r8/internal/gl
instanceKlass com/android/tools/r8/internal/Pq
instanceKlass com/android/tools/r8/graph/proto/b
instanceKlass com/android/tools/r8/internal/Ep
instanceKlass com/android/tools/r8/internal/TA
instanceKlass com/android/tools/r8/internal/Zy
instanceKlass com/android/tools/r8/internal/p
instanceKlass com/android/tools/r8/internal/S10
instanceKlass com/android/tools/r8/internal/I1
instanceKlass com/android/tools/r8/internal/fR
instanceKlass com/android/tools/r8/internal/Yr
instanceKlass com/android/tools/r8/internal/YH
instanceKlass com/android/tools/r8/internal/I8
instanceKlass com/android/tools/r8/internal/nr
instanceKlass com/android/tools/r8/internal/z8
instanceKlass com/android/tools/r8/internal/A8
instanceKlass com/android/tools/r8/internal/sr
instanceKlass com/android/tools/r8/internal/t6
instanceKlass com/android/tools/r8/internal/x4
instanceKlass com/android/tools/r8/internal/cl
instanceKlass com/android/tools/r8/internal/vl
instanceKlass com/android/tools/r8/internal/oq
instanceKlass com/android/tools/r8/internal/F
instanceKlass com/android/tools/r8/internal/Eq
instanceKlass com/android/tools/r8/internal/iI
instanceKlass com/android/tools/r8/internal/Tp
instanceKlass com/android/tools/r8/graph/proto/e
instanceKlass com/android/tools/r8/graph/proto/c
instanceKlass com/android/tools/r8/graph/proto/k
instanceKlass com/android/tools/r8/internal/hl
instanceKlass com/android/tools/r8/utils/structural/o
instanceKlass com/android/tools/r8/internal/q6
instanceKlass com/android/tools/r8/internal/L8
instanceKlass com/android/tools/r8/internal/O8
instanceKlass com/android/tools/r8/internal/xS
instanceKlass com/android/tools/r8/internal/DR
instanceKlass com/android/tools/r8/internal/M8
instanceKlass com/android/tools/r8/internal/lr
instanceKlass com/android/tools/r8/internal/B8
instanceKlass com/android/tools/r8/utils/e1
instanceKlass com/android/tools/r8/internal/Uo
instanceKlass com/android/tools/r8/internal/e20
instanceKlass com/android/tools/r8/internal/E20
instanceKlass com/android/tools/r8/internal/E6
instanceKlass com/android/tools/r8/internal/H6
instanceKlass com/android/tools/r8/internal/p7
instanceKlass com/android/tools/r8/internal/u6
instanceKlass com/android/tools/r8/internal/m7
instanceKlass com/android/tools/r8/internal/o7
instanceKlass com/android/tools/r8/graph/t
instanceKlass com/android/tools/r8/b
instanceKlass com/android/tools/r8/internal/qe
instanceKlass com/android/tools/r8/references/ClassReference
instanceKlass com/android/tools/r8/references/PrimitiveReference
instanceKlass com/android/tools/r8/references/Reference
instanceKlass com/android/tools/r8/position/MethodPosition
instanceKlass com/android/tools/r8/utils/B0
instanceKlass com/android/tools/r8/utils/h3
instanceKlass com/android/tools/r8/internal/l7
instanceKlass com/android/tools/r8/internal/jp
instanceKlass com/android/tools/r8/internal/yr
instanceKlass com/android/tool